Log file open, 06/16/17 16:49:09
LogInit:Display: Running engine for game: Enviro_2
LogPlatformFile: Not using cached read wrapper
LogInit:Display: RandInit(1017490235) SRandInit(1017490235).
LogTaskGraph: Started task graph with 5 named threads and 8 total threads with 1 sets of task threads.
LogStats: Stats thread started at 0.078880
LogInit: Using libcurl 7.47.1
LogInit:  - built for x86_64-pc-win32
LogInit:  - supports SSL with OpenSSL/1.0.2g
LogInit:  - supports HTTP deflate (compression) using libz 1.2.8
LogInit:  - other features:
LogInit:      CURL_VERSION_SSL
LogInit:      CURL_VERSION_LIBZ
LogInit:      CURL_VERSION_IPV6
LogInit:      CURL_VERSION_ASYNCHDNS
LogInit:      CURL_VERSION_LARGEFILE
LogInit:      CURL_VERSION_IDN
LogInit:  CurlRequestOptions (configurable via config and command line):
LogInit:  - bVerifyPeer = false  - Libcurl will NOT verify peer certificate
LogInit:  - bUseHttpProxy = false  - Libcurl will NOT use HTTP proxy
LogInit:  - bDontReuseConnections = false  - Libcurl will reuse connections
LogInit:  - CertBundlePath = nullptr  - Libcurl will use whatever was configured at build time.
LogInit: Build: ++UE4+Release-4.16-CL-3466753
LogInit: Engine Version: 4.16.1-3466753+++UE4+Release-4.16
LogInit: Compatible Engine Version: 4.16.0-3452394+++UE4+Release-4.16
LogInit: Net CL: 3452394
LogDevObjectVersion: Number of dev versions registered: 16
LogDevObjectVersion:   Dev-Blueprints (B0D832E4-1F89-4F0D-ACCF-7EB736FD4AA2): 9
LogDevObjectVersion:   Dev-Build (E1C64328-A22C-4D53-A36C-8E866417BD8C): 0
LogDevObjectVersion:   Dev-Core (375EC13C-06E4-48FB-B500-84F0262A717E): 2
LogDevObjectVersion:   Dev-Editor (E4B068ED-F494-42E9-A231-DA0B2E46BB41): 17
LogDevObjectVersion:   Dev-Framework (CFFC743F-43B0-4480-9391-14DF171D2073): 23
LogDevObjectVersion:   Dev-Mobile (B02B49B5-BB20-44E9-A304-32B752E40360): 0
LogDevObjectVersion:   Dev-Networking (A4E4105C-59A1-49B5-A7C5-40C4547EDFEE): 0
LogDevObjectVersion:   Dev-Online (39C831C9-5AE6-47DC-9A44-9C173E1C8E7C): 0
LogDevObjectVersion:   Dev-Physics (78F01B33-EBEA-4F98-B9B4-84EACCB95AA2): 0
LogDevObjectVersion:   Dev-Platform (6631380F-2D4D-43E0-8009-CF276956A95A): 0
LogDevObjectVersion:   Dev-Rendering (12F88B9F-8875-4AFC-A67C-D90C383ABD29): 15
LogDevObjectVersion:   Dev-Sequencer (7B5AE74C-D270-4C10-A958-57980B212A5A): 4
LogDevObjectVersion:   Dev-VR (D7296918-1DD6-4BDD-9DE2-64A83CC13884): 0
LogDevObjectVersion:   Dev-LoadTimes (C2A15278-BFE7-4AFE-6C17-90FF531DF755): 1
LogDevObjectVersion:   Private-Geometry (6EACA3D4-40EC-4CC1-B786-8BED09428FC5): 1
LogDevObjectVersion:   Dev-AnimPhys (29E575DD-E0A3-4627-9D10-D276232CDCEA): 3
LogInit: Compiled (64-bit): May 31 2017 02:03:30
LogInit: Compiled with Visual C++: 19.00.24215.01
LogInit: Build Configuration: Development
LogInit: Branch Name: ++UE4+Release-4.16
LogInit: Command line:  
LogInit: Base directory: C:/Program Files/Epic Games/UE_4.16/Engine/Binaries/Win64/
LogInit: Installed Engine Build: 1
LogInit: Presizing for max 8388607 objects, including 0 objects not considered by GC, pre-allocating 0 bytes for permanent pool.
LogInit: Object subsystem initialized
[2017.06.16-22.49.09:883][  0]LogInit: Selected Device Profile: [Windows]
[2017.06.16-22.49.09:883][  0]LogInit: Applying CVar settings loaded from the selected device profile: [Windows]
[2017.06.16-22.49.09:894][  0]LogInit: Computer: AZUREPCINTEL
[2017.06.16-22.49.09:894][  0]LogInit: User: AzurePCIntel
[2017.06.16-22.49.09:894][  0]LogInit: CPU Page size=4096, Cores=4
[2017.06.16-22.49.09:894][  0]LogInit: High frequency timer resolution =3.914065 MHz
[2017.06.16-22.49.09:894][  0]LogMemory: Memory total: Physical=16.0GB (16GB approx)
[2017.06.16-22.49.09:894][  0]LogMemory: Platform Memory Stats for Windows
[2017.06.16-22.49.09:894][  0]LogMemory: Process Physical Memory: 273.41 MB used, 273.41 MB peak
[2017.06.16-22.49.09:894][  0]LogMemory: Process Virtual Memory: 260.67 MB used, 260.67 MB peak
[2017.06.16-22.49.09:894][  0]LogMemory: Physical Memory: 5468.24 MB used,  10875.43 MB free, 16343.68 MB total
[2017.06.16-22.49.09:894][  0]LogMemory: Virtual Memory: 638.16 MB used,  10875.43 MB free, 134217728.00 MB total
[2017.06.16-22.49.09:947][  0]LogInit: Using OS detected language (en-US).
[2017.06.16-22.49.09:947][  0]LogInit: Using OS detected locale (en-US).
[2017.06.16-22.49.09:949][  0]LogTextLocalizationManager: No specific localization for 'en-US' exists, so the 'en' localization will be used.
[2017.06.16-22.49.10:663][  0]LogD3D11RHI: D3D11 adapters:
[2017.06.16-22.49.10:675][  0]LogD3D11RHI:    0. 'AMD Radeon (TM) R9 390 Series' (Feature Level 11_0)
[2017.06.16-22.49.10:675][  0]LogD3D11RHI:       8169/0/8171 MB DedicatedVideo/DedicatedSystem/SharedSystem, Outputs:2, VendorId:0x1002
[2017.06.16-22.49.10:676][  0]LogD3D11RHI:    1. 'Microsoft Basic Render Driver' (Feature Level 11_0)
[2017.06.16-22.49.10:676][  0]LogD3D11RHI:       0/0/8171 MB DedicatedVideo/DedicatedSystem/SharedSystem, Outputs:0, VendorId:0x1414
[2017.06.16-22.49.10:676][  0]LogD3D11RHI: Chosen D3D11 Adapter: 0
[2017.06.16-22.49.10:680][  0]LogD3D11RHI: Creating new Direct3DDevice
[2017.06.16-22.49.10:680][  0]LogD3D11RHI:     GPU DeviceId: 0x67b1 (for the marketing name, search the web for "GPU Device Id")
[2017.06.16-22.49.10:680][  0]LogWindows: EnumDisplayDevices:
[2017.06.16-22.49.10:680][  0]LogWindows:    0. 'AMD Radeon (TM) R9 390 Series' (P:1 D:1)
[2017.06.16-22.49.10:680][  0]LogWindows:    1. 'AMD Radeon (TM) R9 390 Series' (P:0 D:1)
[2017.06.16-22.49.10:680][  0]LogWindows:    2. 'AMD Radeon (TM) R9 390 Series' (P:0 D:0)
[2017.06.16-22.49.10:681][  0]LogWindows:    3. 'AMD Radeon (TM) R9 390 Series' (P:0 D:0)
[2017.06.16-22.49.10:681][  0]LogWindows:    4. 'AMD Radeon (TM) R9 390 Series' (P:0 D:0)
[2017.06.16-22.49.10:681][  0]LogWindows:    5. 'AMD Radeon (TM) R9 390 Series' (P:0 D:0)
[2017.06.16-22.49.10:681][  0]LogWindows: DebugString: FoundDriverCount:6 
[2017.06.16-22.49.10:681][  0]LogD3D11RHI:     Adapter Name: AMD Radeon (TM) R9 390 Series
[2017.06.16-22.49.10:681][  0]LogD3D11RHI:   Driver Version: Crimson ReLive 17.1.1 (internal:22.19.162.4, unified:22.19.162.4)
[2017.06.16-22.49.10:681][  0]LogD3D11RHI:      Driver Date: 4-24-2017
[2017.06.16-22.49.10:681][  0]LogRHI: Texture pool is 1361 MB (70% of 1945 MB)
[2017.06.16-22.49.10:711][  0]LogD3D11RHI: Async texture creation enabled
[2017.06.16-22.49.10:721][  0]LogD3D11RHI: GPU Timing Frequency: 27.000000 (Debug: 2 1)
[2017.06.16-22.49.10:721][  0]LogShaderCompilers: Guid format shader working directory is -17 characters bigger than the processId version (../../../../../../Users/AzurePC Intel/Documents/GitHub/Enviro_2/Enviro_2/Intermediate/Shaders/WorkingDirectory/964/).
[2017.06.16-22.49.10:721][  0]LogShaderCompilers: Cleaned the shader compiler working directory 'C:/Users/AzurePC Intel/AppData/Local/Temp/UnrealShaderWorkingDir/B560CD504085DBA5428CAAB5FE21BACE/'.
[2017.06.16-22.49.10:721][  0]LogShaderCompilers:Display: Using Local Shader Compiler.
[2017.06.16-22.49.11:523][  0]LogTemp:Display: Loaded TP AllDesktopTargetPlatform
[2017.06.16-22.49.11:568][  0]LogTemp:Display: Loaded TP MacClientTargetPlatform
[2017.06.16-22.49.11:614][  0]LogTemp:Display: Loaded TP MacNoEditorTargetPlatform
[2017.06.16-22.49.11:653][  0]LogTemp:Display: Loaded TP MacServerTargetPlatform
[2017.06.16-22.49.11:689][  0]LogTemp:Display: Loaded TP MacTargetPlatform
[2017.06.16-22.49.11:730][  0]LogTemp:Display: Loaded TP WindowsClientTargetPlatform
[2017.06.16-22.49.11:766][  0]LogTemp:Display: Loaded TP WindowsNoEditorTargetPlatform
[2017.06.16-22.49.11:802][  0]LogTemp:Display: Loaded TP WindowsServerTargetPlatform
[2017.06.16-22.49.11:835][  0]LogTemp:Display: Loaded TP WindowsTargetPlatform
[2017.06.16-22.49.11:871][  0]LogTemp:Display: Loaded TP AndroidTargetPlatform
[2017.06.16-22.49.11:908][  0]LogTemp:Display: Loaded TP Android_ASTCTargetPlatform
[2017.06.16-22.49.11:943][  0]LogTemp:Display: Loaded TP Android_ATCTargetPlatform
[2017.06.16-22.49.11:980][  0]LogTemp:Display: Loaded TP Android_DXTTargetPlatform
[2017.06.16-22.49.12:019][  0]LogTemp:Display: Loaded TP Android_ETC1TargetPlatform
[2017.06.16-22.49.12:057][  0]LogTemp:Display: Loaded TP Android_ETC2TargetPlatform
[2017.06.16-22.49.12:130][  0]LogTemp:Display: Loaded TP Android_MultiTargetPlatform
[2017.06.16-22.49.12:130][  0]LogTemp:Display: Loaded TP Android_PVRTCTargetPlatform
[2017.06.16-22.49.12:158][  0]LogTemp:Display: Loaded TP HTML5TargetPlatform
[2017.06.16-22.49.12:233][  0]LogTemp:Display: Loaded TP IOSTargetPlatform
[2017.06.16-22.49.12:255][  0]LogTemp:Display: Loaded TP TVOSTargetPlatform
[2017.06.16-22.49.12:292][  0]LogTemp:Display: Loaded TP LinuxClientTargetPlatform
[2017.06.16-22.49.12:330][  0]LogTemp:Display: Loaded TP LinuxNoEditorTargetPlatform
[2017.06.16-22.49.12:367][  0]LogTemp:Display: Loaded TP LinuxServerTargetPlatform
[2017.06.16-22.49.12:404][  0]LogTemp:Display: Loaded TP LinuxTargetPlatform
[2017.06.16-22.49.12:404][  0]LogTargetPlatformManager:Display: Building Assets For Windows
[2017.06.16-22.49.12:770][  0]LogDerivedDataCache:Display: Max Cache Size: 512 MB
[2017.06.16-22.49.12:847][  0]LogDerivedDataCache: Loaded boot cache 0.08s 90MB C:/Users/AzurePC Intel/AppData/Local/UnrealEngine/4.16/DerivedDataCache/Boot.ddc.
[2017.06.16-22.49.12:847][  0]LogDerivedDataCache:Display: Loaded Boot cache: C:/Users/AzurePC Intel/AppData/Local/UnrealEngine/4.16/DerivedDataCache/Boot.ddc
[2017.06.16-22.49.12:847][  0]LogDerivedDataCache: FDerivedDataBackendGraph:  Pak pak cache file ../../../../../../Users/AzurePC Intel/Documents/GitHub/Enviro_2/Enviro_2/DerivedDataCache/DDC.ddp not found, will not use a pak cache.
[2017.06.16-22.49.12:847][  0]LogDerivedDataCache: Unable to find inner node Pak for hierarchical cache Hierarchy.
[2017.06.16-22.49.12:847][  0]LogDerivedDataCache: FDerivedDataBackendGraph:  CompressedPak pak cache file ../../../../../../Users/AzurePC Intel/Documents/GitHub/Enviro_2/Enviro_2/DerivedDataCache/Compressed.ddp not found, will not use a pak cache.
[2017.06.16-22.49.12:847][  0]LogDerivedDataCache: Unable to find inner node CompressedPak for hierarchical cache Hierarchy.
[2017.06.16-22.49.12:862][  0]LogDerivedDataCache:Display: Pak cache opened for reading ../../../Engine/DerivedDataCache/Compressed.ddp.
[2017.06.16-22.49.12:874][  0]LogDerivedDataCache: Using Local data cache path C:/Users/AzurePC Intel/AppData/Local/UnrealEngine/Common/DerivedDataCache: Writable
[2017.06.16-22.49.12:881][  0]LogMaterial: Verifying Global Shaders for PCD3D_SM5
[2017.06.16-22.49.12:881][  0]LogSlate: Using Freetype 2.6.0
[2017.06.16-22.49.12:882][  0]LogSlate: SlateFontCache - WITH_FREETYPE: 1, WITH_HARFBUZZ: 1
[2017.06.16-22.49.12:882][  0]LogSlate: SlateFontCache - WITH_FREETYPE: 1, WITH_HARFBUZZ: 1
[2017.06.16-22.49.13:139][  0]LogInit: Selected Device Profile: [Windows]
[2017.06.16-22.49.13:216][  0]LogContentStreaming: Texture pool size is 0.00 MB
[2017.06.16-22.49.13:336][  0]LogMeshUtilities: Using QuadricMeshReduction for automatic static mesh reduction
[2017.06.16-22.49.13:373][  0]LogSimplygon: Simplygon DLL not present - disabling.
[2017.06.16-22.49.13:407][  0]LogMeshUtilities: Using SimplygonSwarm for distributed automatic mesh merging
[2017.06.16-22.49.13:407][  0]LogMeshUtilities: No automatic skeletal mesh reduction module available
[2017.06.16-22.49.13:407][  0]LogMeshUtilities: No automatic mesh merging module available
[2017.06.16-22.49.13:833][  0]LogNetVersion: Enviro_2 , NetCL: 3452394, EngineNetVer: 2, GameNetVer: 0 (Checksum: 303638927)
[2017.06.16-22.49.13:884][  0]LogAssetRegistry: FAssetRegistry took 0.0250 seconds to start up
[2017.06.16-22.49.13:942][  0]LogPackageLocalizationCache: Processed 4 localized package path(s) for 2 prioritized culture(s) in 0.034630 seconds
[2017.06.16-22.49.13:948][  0]LogUObjectArray: 34194 objects as part of root set at end of initial load.
[2017.06.16-22.49.13:948][  0]LogUObjectAllocator: 7260416 out of 0 bytes used by permanent object pool.
[2017.06.16-22.49.13:948][  0]LogUObjectArray: CloseDisregardForGC: 0/0 objects in disregard for GC pool
[2017.06.16-22.49.14:006][  0]LogInit: WinSock: version 1.1 (2.2), MaxSocks=32767, MaxUdp=65467
[2017.06.16-22.49.15:912][  0]LogSubstanceCoreModule: Substance [CPU] Engine Loaded, Max Texture Size = 2048
[2017.06.16-22.49.15:933][  0]LogTcpMessaging: Initializing TcpMessaging bridge
[2017.06.16-22.49.15:966][  0]LogUdpMessaging: Initializing bridge on interface 0.0.0.0:0 to multicast group 230.0.0.1:6666.
[2017.06.16-22.49.16:372][  0]LogMaterial: Uniform references updated for custom material expression Custom.
[2017.06.16-22.49.16:658][  0]SourceControl: Info Source control is disabled
[2017.06.16-22.49.16:658][  0]SourceControl: Info Source control is disabled
[2017.06.16-22.49.16:692][  0]SourceControl: Info Source control is disabled
[2017.06.16-22.49.16:724][  0]SourceControl: Info Source control is disabled
[2017.06.16-22.49.17:206][  0]LogAndroidPermission: UAndroidPermissionCallbackProxy::GetInstance
[2017.06.16-22.49.17:676][  0]LogEngine: Initializing Engine...
[2017.06.16-22.49.17:676][  0]LogHMD: Failed to initialize OpenVR with code 110
[2017.06.16-22.49.17:840][  0]LogStats: UGameplayTagsManager::ConstructGameplayTagTree: Construct from data asset -  0.000 s
[2017.06.16-22.49.17:840][  0]LogStats: UGameplayTagsManager::ConstructGameplayTagTree: GameplayTagTreeChangedEvent.Broadcast -  0.000 s
[2017.06.16-22.49.17:935][  0]LogAIModule: Creating AISystem for world Untitled
[2017.06.16-22.49.17:943][  0]LogInit: XAudio2 using 'SPDIF Interface (2- FiiO USB DAC-E10)' : 2 channels at 48 kHz using 16 bits per sample (channel mask 0x3)
[2017.06.16-22.49.17:954][  0]LogInit: FAudioDevice initialized.
[2017.06.16-22.49.17:990][  0]LogDerivedDataCache: Saved boot cache 0.03s 90MB C:/Users/AzurePC Intel/AppData/Local/UnrealEngine/4.16/DerivedDataCache/Boot.ddc.
[2017.06.16-22.49.18:003][  0]LogInit: Texture streaming: Enabled
[2017.06.16-22.49.18:075][  0]LogEngineSessionManager: EngineSessionManager initialized
[2017.06.16-22.49.18:238][  0]LogInit: Transaction tracking system initialized
[2017.06.16-22.49.18:477][  0]BlueprintLog: New page: Editor Load
[2017.06.16-22.49.19:189][  0]LocalizationService: Info Localization service is disabled
[2017.06.16-22.49.19:696][  0]LogConsoleResponse:Display: 
[2017.06.16-22.49.19:810][  0]LogCook:Display: Max memory allowance for cook 16384mb min free memory 0mb
[2017.06.16-22.49.19:810][  0]LogCook:Display: Mobile HDR setting 1
[2017.06.16-22.49.20:499][  0]LogFileCache: Scanning file cache for directory 'C:/Users/AzurePC Intel/Documents/GitHub/Enviro_2/Enviro_2/Content/' took 0.02s
[2017.06.16-22.49.20:533][  0]SourceControl: Info Source control is disabled
[2017.06.16-22.49.20:533][  0]Cmd: MAP LOAD FILE="../../../../../../Users/AzurePC Intel/Documents/GitHub/Enviro_2/Enviro_2/Content/StarterContent/Maps/Minimal_Default.umap" TEMPLATE=0 SHOWPROGRESS=1 FEATURELEVEL=3
[2017.06.16-22.49.20:533][  0]LightingResults: New page: Lighting Build
[2017.06.16-22.49.20:563][  0]MapCheck: New page: Map Check
[2017.06.16-22.49.20:563][  0]LightingResults: New page: Lighting Build
[2017.06.16-22.49.20:669][  0]LogAIModule: Creating AISystem for world Minimal_Default
[2017.06.16-22.49.20:674][  0]LogEditorServer: Finished looking for orphan Actors (0.000 secs)
[2017.06.16-22.49.20:687][  0]Cmd: MAP CHECKDEP NOCLEARLOG
[2017.06.16-22.49.20:720][  0]MapCheck: Info Map check complete: 0 Error(s), 0 Warning(s), took 33.013ms to complete.
[2017.06.16-22.49.20:720][  0]LogFileHelpers: Loading map 'Minimal_Default' took 0.187
[2017.06.16-22.49.20:859][  0]LogCollectionManager: Loaded 0 collections in 0.001230 seconds
[2017.06.16-22.49.20:933][  0]LogFileCache: Scanning file cache for directory 'C:/Users/AzurePC Intel/Documents/GitHub/Enviro_2/Enviro_2/Saved/Collections/' took 0.01s
[2017.06.16-22.49.20:933][  0]LogFileCache: Scanning file cache for directory 'C:/Users/AzurePC Intel/Documents/GitHub/Enviro_2/Enviro_2/Content/Developers/AzurePCIntel/Collections/' took 0.01s
[2017.06.16-22.49.20:933][  0]LogFileCache: Scanning file cache for directory 'C:/Users/AzurePC Intel/Documents/GitHub/Enviro_2/Enviro_2/Content/Collections/' took 0.01s
[2017.06.16-22.49.20:933][  0]LogCollectionManager: Rebuilt the GUID cache for 0 collections in 0.000002 seconds
[2017.06.16-22.49.20:940][  0]LogContentBrowser: Native class hierarchy populated in 0.0068 seconds. Added 2343 classes and 497 folders.
[2017.06.16-22.49.20:988][  0]LogContentBrowser: Native class hierarchy updated for 'WidgetCarousel' in 0.0004 seconds. Added 0 classes and 0 folders.
[2017.06.16-22.49.21:013][  0]LogContentBrowser: Native class hierarchy updated for 'AddContentDialog' in 0.0004 seconds. Added 0 classes and 0 folders.
[2017.06.16-22.49.21:043][  0]LogContentBrowser: Native class hierarchy updated for 'SceneOutliner' in 0.0004 seconds. Added 1 classes and 2 folders.
[2017.06.16-22.49.21:071][  0]LogCrashTracker: Crashtracker disabled due to settings.
[2017.06.16-22.49.21:074][  0]LogSlate: Took 0.000143 seconds to synchronously load lazily loaded font '../../../Engine/Content/Slate/Fonts/Roboto-Regular.ttf' (155K)
[2017.06.16-22.49.21:076][  0]LogSlate: Took 0.000122 seconds to synchronously load lazily loaded font '../../../Engine/Content/Slate/Fonts/Roboto-Bold.ttf' (160K)
[2017.06.16-22.49.21:079][  0]LogSlate: Took 0.000161 seconds to synchronously load lazily loaded font '../../../Engine/Content/Editor/Slate/Fonts/FontAwesome.ttf' (139K)
[2017.06.16-22.49.21:145][  0]LogRenderer: Reallocating scene render targets to support 1192x588 NumSamples 1 (Frame:1).
[2017.06.16-22.49.21:260][  0]LogUObjectGlobals:Warning: Failed to find object 'Class None.'
[2017.06.16-22.49.21:313][  0]LogContentBrowser: Native class hierarchy updated for 'HierarchicalLODOutliner' in 0.0004 seconds. Added 1 classes and 2 folders.
[2017.06.16-22.49.21:313][  0]LogLoad: (Engine Initialization) Total time: 12.61 seconds
[2017.06.16-22.49.21:313][  0]LogLoad: (Engine Initialization) Total Blueprint compile time: 0.03 seconds
[2017.06.16-22.49.21:313][  0]LogExternalProfiler: No external profilers were discovered.  External profiling features will not be available.
[2017.06.16-22.49.21:325][  0]LogWindowsTextInputMethodSystem:Display: IME system now deactivated.
[2017.06.16-22.49.21:325][  0]LogOcInput: OculusInput pre-init called
[2017.06.16-22.49.21:326][  0]LogHMD: Starting GearVRController plugin
[2017.06.16-22.49.21:341][  0]LogAssetRegistry: Asset discovery search completed in 7.4787 seconds
[2017.06.16-22.49.21:343][  0]LogCollectionManager: Rebuilt the object cache for 0 collections in 0.000001 seconds (found 0 objects)
[2017.06.16-22.49.21:343][  0]LogCollectionManager: Fixed up redirectors for 0 collections in 0.000020 seconds (updated 0 objects)
[2017.06.16-22.49.21:343][  0]LogContentStreaming: Texture pool size now 1000 MB
[2017.06.16-22.49.21:361][  0]LogSlate: Took 0.000092 seconds to synchronously load lazily loaded font '../../../Engine/Content/Slate/Fonts/Roboto-Light.ttf' (159K)
[2017.06.16-22.49.48:395][349]LogSlate: Took 0.000114 seconds to synchronously load lazily loaded font '../../../Engine/Content/Slate/Fonts/Roboto-Light.ttf' (159K)
[2017.06.16-22.49.48:959][349]LogAIModule: Creating AISystem for world DOOM_FanArt_Reactor_01
[2017.06.16-22.49.48:971][349]Cmd: MAP LOAD FILE="../../../../../../Users/AzurePC Intel/Documents/GitHub/Enviro_2/Enviro_2/Content/Maps/DOOM_FanArt_Reactor_01.umap" TEMPLATE=0 SHOWPROGRESS=1 FEATURELEVEL=3
[2017.06.16-22.49.48:971][349]LightingResults: New page: Lighting Build
[2017.06.16-22.49.48:971][349]LoadErrors: New page: Loading map: DOOM_FanArt_Reactor_01.umap
[2017.06.16-22.49.48:972][349]MapCheck: New page: Map Check
[2017.06.16-22.49.48:972][349]LightingResults: New page: Lighting Build
[2017.06.16-22.49.48:989][349]LogEditorServer: Finished looking for orphan Actors (0.000 secs)
[2017.06.16-22.49.49:014][349]Cmd: MAP CHECKDEP NOCLEARLOG
[2017.06.16-22.49.49:049][349]MapCheck: Info Map check complete: 0 Error(s), 0 Warning(s), took 35.5ms to complete.
[2017.06.16-22.49.49:049][349]LogFileHelpers: Loading map 'DOOM_FanArt_Reactor_01' took 0.079
[2017.06.16-22.50.52:395][209]LogFactory: FactoryCreateFile: StaticMesh with FbxFactory (0 0 H:\Box Sync\Environment Challenges\Enviro_2\Pre Production\Models & Textures\OBJ\Lv1.obj)
[2017.06.16-22.50.52:405][209]LogFbx: Loading FBX Scene from H:\Box Sync\Environment Challenges\Enviro_2\Pre Production\Models & Textures\OBJ\Lv1.obj
[2017.06.16-22.50.52:408][209]LogFbx: FBX Scene Loaded Succesfully
[2017.06.16-22.50.56:584][209]LogFbx: Loading FBX Scene from H:\Box Sync\Environment Challenges\Enviro_2\Pre Production\Models & Textures\OBJ\Lv1.obj
[2017.06.16-22.50.56:586][209]LogFbx: FBX Scene Loaded Succesfully
[2017.06.16-22.50.56:587][209]LogFbx:Warning: Triangulating static mesh lv1
[2017.06.16-22.50.56:599][209]LogStaticMesh: Building static mesh Lv1...
[2017.06.16-22.50.56:600][209]LogStaticMesh: Built static mesh [0.00s] /Game/Meshes/test/Lv1.Lv1
[2017.06.16-22.50.56:627][209]LogFactory: FactoryCreateFile: StaticMesh with FbxFactory (0 0 H:\Box Sync\Environment Challenges\Enviro_2\Pre Production\Models & Textures\OBJ\Lv2.obj)
[2017.06.16-22.50.56:633][209]LogFbx: Loading FBX Scene from H:\Box Sync\Environment Challenges\Enviro_2\Pre Production\Models & Textures\OBJ\Lv2.obj
[2017.06.16-22.50.56:635][209]LogFbx: FBX Scene Loaded Succesfully
[2017.06.16-22.50.56:637][209]LogFbx:Warning: Triangulating static mesh lv2
[2017.06.16-22.50.56:652][209]LogStaticMesh: Building static mesh Lv2...
[2017.06.16-22.50.56:653][209]LogStaticMesh: Built static mesh [0.00s] /Game/Meshes/test/Lv2.Lv2
[2017.06.16-22.50.56:654][209]FBXImport:Warning: Warning No smoothing group information was found in this FBX scene.  Please make sure to enable the 'Export Smoothing Groups' option in the FBX Exporter plug-in before exporting the file.  Even for tools that don't support smoothing groups, the FBX Exporter will generate appropriate smoothing data at export-time so that correct vertex normals can be inferred while importing. 
[2017.06.16-22.50.56:696][209]LogFactory: FactoryCreateFile: StaticMesh with FbxFactory (0 0 H:\Box Sync\Environment Challenges\Enviro_2\Pre Production\Models & Textures\OBJ\Lv3.obj)
[2017.06.16-22.50.56:704][209]LogFbx: Loading FBX Scene from H:\Box Sync\Environment Challenges\Enviro_2\Pre Production\Models & Textures\OBJ\Lv3.obj
[2017.06.16-22.50.56:705][209]LogFbx: FBX Scene Loaded Succesfully
[2017.06.16-22.50.56:707][209]LogFbx:Warning: Triangulating static mesh lv3
[2017.06.16-22.50.56:722][209]LogStaticMesh: Building static mesh Lv3...
[2017.06.16-22.50.56:724][209]LogStaticMesh: Built static mesh [0.00s] /Game/Meshes/test/Lv3.Lv3
[2017.06.16-22.50.59:361][209]LogFactory: FactoryCreateFile: StaticMesh with FbxFactory (0 0 H:\Box Sync\Environment Challenges\Enviro_2\Pre Production\Models & Textures\OBJ\Stair.obj)
[2017.06.16-22.50.59:434][209]LogFbx: Loading FBX Scene from H:\Box Sync\Environment Challenges\Enviro_2\Pre Production\Models & Textures\OBJ\Stair.obj
[2017.06.16-22.51.01:327][209]LogFbx: FBX Scene Loaded Succesfully
[2017.06.16-22.51.01:330][209]LogFbx:Warning: Triangulating static mesh Stair
[2017.06.16-22.51.04:047][209]LogStaticMesh: Building static mesh Stair...
[2017.06.16-22.51.04:373][209]LogMeshUtilities: Invalid vertex normals found for mesh. Forcing recomputation of vertex normals for MikkTSpace. Fix mesh or disable "Use MikkTSpace Tangent Space" to avoid forced recomputation of normals.
[2017.06.16-22.51.06:817][209]LogStaticMesh: Built static mesh [2.77s] /Game/Meshes/test/Stair.Stair
[2017.06.16-22.51.07:660][209]LogStaticMesh:Warning: Stair has degenerate tangent bases which will result in incorrect shading.  MikkTSpace relies on tangent bases and may result in mesh corruption, consider disabling this option.
[2017.06.16-22.51.07:661][209]LogSlate: Took 0.000113 seconds to synchronously load lazily loaded font '../../../Engine/Content/Slate/Fonts/Roboto-Regular.ttf' (155K)
[2017.06.16-22.51.07:671][209]FBXImport:Warning: Warning No smoothing group information was found in this FBX scene.  Please make sure to enable the 'Export Smoothing Groups' option in the FBX Exporter plug-in before exporting the file.  Even for tools that don't support smoothing groups, the FBX Exporter will generate appropriate smoothing data at export-time so that correct vertex normals can be inferred while importing. 
[2017.06.16-22.51.07:671][209]FBXImport:Warning: Warning Stair has degenerate tangent bases which will result in incorrect shading.  MikkTSpace relies on tangent bases and may result in mesh corruption, consider disabling this option. 
[2017.06.16-22.51.26:218][485]LogActorFactory: Actor Factory created Lv3
[2017.06.16-22.51.29:956][814]LogActorFactory: Actor Factory created Lv3
[2017.06.16-22.51.56:932][711]Cmd: CAMERA ALIGN ACTIVEVIEWPORTONLY
[2017.06.16-22.52.00:936][180]Cmd: DELETE
[2017.06.16-22.52.00:936][180]Cmd: ACTOR DELETE
[2017.06.16-22.52.00:937][180]LogEditorActor: Deleted Actor: StaticMeshActor
[2017.06.16-22.52.00:943][180]LogEditorActor: Deleted 1 Actors (0.006 secs)
[2017.06.16-22.52.19:293][391]LogFactory: FactoryCreateFile: StaticMesh with FbxFactory (0 0 H:\Box Sync\Environment Challenges\Enviro_2\Pre Production\Models & Textures\OBJ\Lv1.obj)
[2017.06.16-22.52.19:298][391]LogFbx: Loading FBX Scene from H:\Box Sync\Environment Challenges\Enviro_2\Pre Production\Models & Textures\OBJ\Lv1.obj
[2017.06.16-22.52.19:300][391]LogFbx: FBX Scene Loaded Succesfully
[2017.06.16-22.53.03:071][815]LogFactory: FactoryCreateFile: StaticMesh with FbxFactory (0 0 H:\Box Sync\Environment Challenges\Enviro_2\Pre Production\Models & Textures\OBJ\Lv1.obj)
[2017.06.16-22.53.03:076][815]LogFbx: Loading FBX Scene from H:\Box Sync\Environment Challenges\Enviro_2\Pre Production\Models & Textures\OBJ\Lv1.obj
[2017.06.16-22.53.03:078][815]LogFbx: FBX Scene Loaded Succesfully
[2017.06.16-22.54.56:951][752]LogFactory: FactoryCreateFile: StaticMesh with FbxFactory (0 0 H:\Box Sync\Environment Challenges\Enviro_2\Pre Production\Models & Textures\OBJ\Lv1.obj)
[2017.06.16-22.54.56:956][752]LogFbx: Loading FBX Scene from H:\Box Sync\Environment Challenges\Enviro_2\Pre Production\Models & Textures\OBJ\Lv1.obj
[2017.06.16-22.54.56:958][752]LogFbx: FBX Scene Loaded Succesfully
[2017.06.16-22.54.58:091][752]LogFbx: Loading FBX Scene from H:\Box Sync\Environment Challenges\Enviro_2\Pre Production\Models & Textures\OBJ\Lv1.obj
[2017.06.16-22.54.58:092][752]LogFbx: FBX Scene Loaded Succesfully
[2017.06.16-22.54.58:094][752]LogFbx:Warning: Triangulating static mesh lv1
[2017.06.16-22.54.58:104][752]LogStaticMesh: Building static mesh Lv1...
[2017.06.16-22.54.58:106][752]LogStaticMesh: Built static mesh [0.00s] /Game/Meshes/test/Lv1.Lv1
[2017.06.16-23.00.00:941][902]LogFactory: FactoryCreateFile: StaticMesh with FbxFactory (0 0 H:\Box Sync\Environment Challenges\Enviro_2\Pre Production\Models & Textures\test\Stair.fbx)
[2017.06.16-23.00.00:948][902]LogFbx: ItemName: GlobalSettings, ItemCount : 1
[2017.06.16-23.00.00:948][902]LogFbx: ItemName: AnimationStack, ItemCount : 1
[2017.06.16-23.00.00:948][902]LogFbx: ItemName: AnimationLayer, ItemCount : 1
[2017.06.16-23.00.00:948][902]LogFbx: ItemName: Model, ItemCount : 1
[2017.06.16-23.00.00:948][902]LogFbx: ItemName: Geometry, ItemCount : 1
[2017.06.16-23.00.00:948][902]LogFbx: ItemName: Material, ItemCount : 4
[2017.06.16-23.00.00:948][902]LogFbx: ItemName: CollectionExclusive, ItemCount : 2
[2017.06.16-23.00.00:951][902]LogFbx: Loading FBX Scene from H:\Box Sync\Environment Challenges\Enviro_2\Pre Production\Models & Textures\test\Stair.fbx
[2017.06.16-23.00.00:980][902]LogFbx: FBX Scene Loaded Succesfully
[2017.06.16-23.00.03:568][902]LogFbx: Loading FBX Scene from H:\Box Sync\Environment Challenges\Enviro_2\Pre Production\Models & Textures\test\Stair.fbx
[2017.06.16-23.00.03:596][902]LogFbx: FBX Scene Loaded Succesfully
[2017.06.16-23.00.03:653][902]LogStaticMesh: Building static mesh Stair...
[2017.06.16-23.00.03:709][902]LogMeshUtilities: Invalid vertex normals found for mesh. Forcing recomputation of vertex normals for MikkTSpace. Fix mesh or disable "Use MikkTSpace Tangent Space" to avoid forced recomputation of normals.
[2017.06.16-23.00.04:847][902]LogStaticMesh: Built static mesh [1.19s] /Game/Meshes/test/Stair.Stair
[2017.06.16-23.00.04:948][902]LogStaticMesh:Warning: Stair has degenerate tangent bases which will result in incorrect shading.  MikkTSpace relies on tangent bases and may result in mesh corruption, consider disabling this option.
[2017.06.16-23.00.04:952][902]FBXImport:Warning: Warning No smoothing group information was found in this FBX scene.  Please make sure to enable the 'Export Smoothing Groups' option in the FBX Exporter plug-in before exporting the file.  Even for tools that don't support smoothing groups, the FBX Exporter will generate appropriate smoothing data at export-time so that correct vertex normals can be inferred while importing. 
[2017.06.16-23.00.04:952][902]FBXImport:Warning: Warning Stair has degenerate tangent bases which will result in incorrect shading.  MikkTSpace relies on tangent bases and may result in mesh corruption, consider disabling this option. 
[2017.06.16-23.00.05:083][902]LogFactory: FactoryCreateFile: StaticMesh with FbxFactory (0 0 H:\Box Sync\Environment Challenges\Enviro_2\Pre Production\Models & Textures\test\lv1.fbx)
[2017.06.16-23.00.05:091][902]LogFbx: Loading FBX Scene from H:\Box Sync\Environment Challenges\Enviro_2\Pre Production\Models & Textures\test\lv1.fbx
[2017.06.16-23.00.05:096][902]LogFbx: FBX Scene Loaded Succesfully
[2017.06.16-23.00.05:097][902]LogFbx:Warning: Triangulating static mesh lv1
[2017.06.16-23.00.05:109][902]LogStaticMesh: Building static mesh lv1...
[2017.06.16-23.00.05:110][902]LogStaticMesh: Built static mesh [0.00s] /Game/Meshes/test/lv1.lv1
[2017.06.16-23.00.05:110][902]LogStaticMesh:Warning: lv1 has degenerate tangent bases which will result in incorrect shading.  MikkTSpace relies on tangent bases and may result in mesh corruption, consider disabling this option.
[2017.06.16-23.00.05:111][902]FBXImport:Warning: Warning No smoothing group information was found in this FBX scene.  Please make sure to enable the 'Export Smoothing Groups' option in the FBX Exporter plug-in before exporting the file.  Even for tools that don't support smoothing groups, the FBX Exporter will generate appropriate smoothing data at export-time so that correct vertex normals can be inferred while importing. 
[2017.06.16-23.00.05:111][902]FBXImport:Warning: Warning lv1 has degenerate tangent bases which will result in incorrect shading.  MikkTSpace relies on tangent bases and may result in mesh corruption, consider disabling this option. 
[2017.06.16-23.00.05:114][902]LogFactory: FactoryCreateFile: StaticMesh with FbxFactory (0 0 H:\Box Sync\Environment Challenges\Enviro_2\Pre Production\Models & Textures\test\lv2.fbx)
[2017.06.16-23.00.05:120][902]LogFbx: Loading FBX Scene from H:\Box Sync\Environment Challenges\Enviro_2\Pre Production\Models & Textures\test\lv2.fbx
[2017.06.16-23.00.05:125][902]LogFbx: FBX Scene Loaded Succesfully
[2017.06.16-23.00.05:127][902]LogFbx:Warning: Triangulating static mesh lv2
[2017.06.16-23.00.05:142][902]LogStaticMesh: Building static mesh lv2...
[2017.06.16-23.00.05:143][902]LogStaticMesh: Built static mesh [0.00s] /Game/Meshes/test/lv2.lv2
[2017.06.16-23.00.05:144][902]LogStaticMesh:Warning: lv2 has degenerate tangent bases which will result in incorrect shading.  MikkTSpace relies on tangent bases and may result in mesh corruption, consider disabling this option.
[2017.06.16-23.00.05:145][902]FBXImport:Warning: Warning No smoothing group information was found in this FBX scene.  Please make sure to enable the 'Export Smoothing Groups' option in the FBX Exporter plug-in before exporting the file.  Even for tools that don't support smoothing groups, the FBX Exporter will generate appropriate smoothing data at export-time so that correct vertex normals can be inferred while importing. 
[2017.06.16-23.00.05:145][902]FBXImport:Warning: Warning lv2 has degenerate tangent bases which will result in incorrect shading.  MikkTSpace relies on tangent bases and may result in mesh corruption, consider disabling this option. 
[2017.06.16-23.00.05:148][902]LogFactory: FactoryCreateFile: StaticMesh with FbxFactory (0 0 H:\Box Sync\Environment Challenges\Enviro_2\Pre Production\Models & Textures\test\lv3.fbx)
[2017.06.16-23.00.05:155][902]LogFbx: Loading FBX Scene from H:\Box Sync\Environment Challenges\Enviro_2\Pre Production\Models & Textures\test\lv3.fbx
[2017.06.16-23.00.05:159][902]LogFbx: FBX Scene Loaded Succesfully
[2017.06.16-23.00.05:161][902]LogFbx:Warning: Triangulating static mesh lv3
[2017.06.16-23.00.05:176][902]LogStaticMesh: Building static mesh lv3...
[2017.06.16-23.00.05:177][902]LogStaticMesh: Built static mesh [0.00s] /Game/Meshes/test/lv3.lv3
[2017.06.16-23.00.05:178][902]LogStaticMesh:Warning: lv3 has degenerate tangent bases which will result in incorrect shading.  MikkTSpace relies on tangent bases and may result in mesh corruption, consider disabling this option.
[2017.06.16-23.00.05:179][902]FBXImport:Warning: Warning No smoothing group information was found in this FBX scene.  Please make sure to enable the 'Export Smoothing Groups' option in the FBX Exporter plug-in before exporting the file.  Even for tools that don't support smoothing groups, the FBX Exporter will generate appropriate smoothing data at export-time so that correct vertex normals can be inferred while importing. 
[2017.06.16-23.00.05:179][902]FBXImport:Warning: Warning lv3 has degenerate tangent bases which will result in incorrect shading.  MikkTSpace relies on tangent bases and may result in mesh corruption, consider disabling this option. 
[2017.06.16-23.00.15:610][131]LogEditorViewport: Clicking on Actor (LMB): StaticMeshActor (WB_abyss)
[2017.06.16-23.00.19:283][524]LogActorFactory: Actor Factory created lv1
[2017.06.16-23.00.19:284][524]LogActorFactory: Actor Factory created lv2
[2017.06.16-23.00.19:284][524]LogActorFactory: Actor Factory created lv3
[2017.06.16-23.00.19:284][524]LogActorFactory: Actor Factory created Stair
[2017.06.16-23.00.19:844][577]LogActorFactory: Actor Factory created lv1
[2017.06.16-23.00.19:857][577]LogActorFactory: Actor Factory created lv2
[2017.06.16-23.00.19:869][577]LogActorFactory: Actor Factory created lv3
[2017.06.16-23.00.19:881][577]LogActorFactory: Actor Factory created Stair
[2017.06.16-23.00.23:612][ 13]Cmd: DELETE
[2017.06.16-23.00.23:612][ 13]Cmd: ACTOR DELETE
[2017.06.16-23.00.23:612][ 13]LogEditorActor: Deleted Actor: StaticMeshActor
[2017.06.16-23.00.23:612][ 13]LogEditorActor: Deleted Actor: StaticMeshActor
[2017.06.16-23.00.23:612][ 13]LogEditorActor: Deleted Actor: StaticMeshActor
[2017.06.16-23.00.23:613][ 13]LogEditorActor: Deleted Actor: StaticMeshActor
[2017.06.16-23.00.23:619][ 13]LogEditorActor: Deleted 4 Actors (0.007 secs)
[2017.06.16-23.00.25:795][272]LogActorFactory: Actor Factory created lv1
[2017.06.16-23.00.26:109][299]LogActorFactory: Actor Factory created lv1
[2017.06.16-23.00.27:618][475]Cmd: DELETE
[2017.06.16-23.00.27:618][475]Cmd: ACTOR DELETE
[2017.06.16-23.00.27:618][475]LogEditorActor: Deleted Actor: StaticMeshActor
[2017.06.16-23.00.27:625][475]LogEditorActor: Deleted 1 Actors (0.007 secs)
[2017.06.16-23.00.28:958][633]LogActorFactory: Actor Factory created lv2
[2017.06.16-23.00.30:129][737]LogActorFactory: Actor Factory created lv2
[2017.06.16-23.00.47:605][765]LogActorFactory: Actor Factory created lv3
[2017.06.16-23.00.48:012][800]LogActorFactory: Actor Factory created lv3
[2017.06.16-23.04.00:012][757]LogEditorViewport: Clicking on Actor (LMB): StaticMeshActor (lv3)
[2017.06.16-23.04.02:629][ 16]LogEditorViewport: Clicking on Actor (LMB): Emitter (P_Mist_Lit_Still6)
[2017.06.16-23.04.24:230][493]LogSavePackage: Save=91.97ms
[2017.06.16-23.04.24:230][493]LogSavePackage: Moving '../../../../../../Users/AzurePC Intel/Documents/GitHub/Enviro_2/Enviro_2/Saved/DOOM_FanArt_Reactor_010642BE8E42CD152CF485B6A98DD9C06F.tmp' to '../../../../../../Users/AzurePC Intel/Documents/GitHub/Enviro_2/Enviro_2/Content/Maps/DOOM_FanArt_Reactor_01.umap'
[2017.06.16-23.04.24:233][493]LogSavePackage:Display: Finished SavePackage ../../../../../../Users/AzurePC Intel/Documents/GitHub/Enviro_2/Enviro_2/Content/Maps/DOOM_FanArt_Reactor_01.umap
[2017.06.16-23.04.24:259][493]LogFileHelpers: Saving map 'DOOM_FanArt_Reactor_01' took 0.178
[2017.06.16-23.04.24:272][493]Cmd: OBJ SAVEPACKAGE PACKAGE="/Game/Meshes/test/Stair" FILE="../../../../../../Users/AzurePC Intel/Documents/GitHub/Enviro_2/Enviro_2/Content/Meshes/test/Stair.uasset" SILENT=true
[2017.06.16-23.04.24:285][493]LogSavePackage: Save=11.73ms
[2017.06.16-23.04.24:285][493]LogSavePackage: Moving '../../../../../../Users/AzurePC Intel/Documents/GitHub/Enviro_2/Enviro_2/Saved/Stair174DE9A340611368D6BCD1BF170BBD74.tmp' to '../../../../../../Users/AzurePC Intel/Documents/GitHub/Enviro_2/Enviro_2/Content/Meshes/test/Stair.uasset'
[2017.06.16-23.04.24:286][493]LogSavePackage:Display: Finished SavePackage ../../../../../../Users/AzurePC Intel/Documents/GitHub/Enviro_2/Enviro_2/Content/Meshes/test/Stair.uasset
[2017.06.16-23.04.24:299][493]Cmd: OBJ SAVEPACKAGE PACKAGE="/Game/Meshes/test/lv1" FILE="../../../../../../Users/AzurePC Intel/Documents/GitHub/Enviro_2/Enviro_2/Content/Meshes/test/lv1.uasset" SILENT=true
[2017.06.16-23.04.24:311][493]LogSavePackage: Save=10.53ms
[2017.06.16-23.04.24:311][493]LogSavePackage: Moving '../../../../../../Users/AzurePC Intel/Documents/GitHub/Enviro_2/Enviro_2/Saved/lv1BC171D414048A90559BEB6916218AF5E.tmp' to '../../../../../../Users/AzurePC Intel/Documents/GitHub/Enviro_2/Enviro_2/Content/Meshes/test/lv1.uasset'
[2017.06.16-23.04.24:313][493]LogSavePackage:Display: Finished SavePackage ../../../../../../Users/AzurePC Intel/Documents/GitHub/Enviro_2/Enviro_2/Content/Meshes/test/lv1.uasset
[2017.06.16-23.04.24:328][493]Cmd: OBJ SAVEPACKAGE PACKAGE="/Game/Meshes/test/lv2" FILE="../../../../../../Users/AzurePC Intel/Documents/GitHub/Enviro_2/Enviro_2/Content/Meshes/test/lv2.uasset" SILENT=true
[2017.06.16-23.04.24:340][493]LogSavePackage: Save=10.46ms
[2017.06.16-23.04.24:340][493]LogSavePackage: Moving '../../../../../../Users/AzurePC Intel/Documents/GitHub/Enviro_2/Enviro_2/Saved/lv25E974B8E439A04492E6CFBA5E96C1590.tmp' to '../../../../../../Users/AzurePC Intel/Documents/GitHub/Enviro_2/Enviro_2/Content/Meshes/test/lv2.uasset'
[2017.06.16-23.04.24:341][493]LogSavePackage:Display: Finished SavePackage ../../../../../../Users/AzurePC Intel/Documents/GitHub/Enviro_2/Enviro_2/Content/Meshes/test/lv2.uasset
[2017.06.16-23.04.24:354][493]Cmd: OBJ SAVEPACKAGE PACKAGE="/Game/Meshes/test/lv3" FILE="../../../../../../Users/AzurePC Intel/Documents/GitHub/Enviro_2/Enviro_2/Content/Meshes/test/lv3.uasset" SILENT=true
[2017.06.16-23.04.24:366][493]LogSavePackage: Save=10.18ms
[2017.06.16-23.04.24:366][493]LogSavePackage: Moving '../../../../../../Users/AzurePC Intel/Documents/GitHub/Enviro_2/Enviro_2/Saved/lv3672ED821462057B9DECBB996215CB833.tmp' to '../../../../../../Users/AzurePC Intel/Documents/GitHub/Enviro_2/Enviro_2/Content/Meshes/test/lv3.uasset'
[2017.06.16-23.04.24:368][493]LogSavePackage:Display: Finished SavePackage ../../../../../../Users/AzurePC Intel/Documents/GitHub/Enviro_2/Enviro_2/Content/Meshes/test/lv3.uasset
[2017.06.16-23.04.27:325][605]LogRenderer: Reallocating scene render targets to support 1228x588 NumSamples 1 (Frame:8217).
[2017.06.16-23.14.26:864][687]LogEditorViewport: Clicking on Actor (LMB): StaticMeshActor (ST_Stairs-platform)
[2017.06.16-23.14.35:417][662]LogActorFactory: Actor Factory created ST_Stairs-platform
[2017.06.16-23.14.36:692][790]LogActorFactory: Actor Factory created ST_Stairs-platform
[2017.06.16-23.15.00:213][379]Cmd: DELETE
[2017.06.16-23.15.00:213][379]Cmd: ACTOR DELETE
[2017.06.16-23.15.00:214][379]LogEditorActor: Deleted Actor: StaticMeshActor
[2017.06.16-23.15.00:221][379]LogEditorActor: Deleted 1 Actors (0.007 secs)
[2017.06.16-23.15.03:514][767]LogActorFactory: Actor Factory created Stair
[2017.06.16-23.15.04:614][864]LogActorFactory: Actor Factory created Stair
[2017.06.16-23.15.24:004][848]LogRenderer: Reallocating scene render targets to support 1228x760 NumSamples 1 (Frame:1).
[2017.06.16-23.16.13:862][798]LogEditorViewport: Clicking on Actor (LMB): StaticMeshActor (ST_Stairs-platform)
[2017.06.16-23.16.18:035][248]LogEditorViewport: Clicking on Actor (LMB): StaticMeshActor (lv2)
[2017.06.16-23.16.20:078][454]LogEditorViewport: Clicking on Actor (LMB): StaticMeshActor (lv3)
[2017.06.16-23.16.22:805][715]LogEditorViewport: Clicking on Actor (LMB): StaticMeshActor (lv2)
[2017.06.16-23.16.24:579][892]LogEditorViewport: Clicking on Actor (LMB): StaticMeshActor (ST_Stairs-platform)
[2017.06.16-23.16.26:099][ 69]Cmd: DELETE
[2017.06.16-23.16.26:099][ 69]Cmd: ACTOR DELETE
[2017.06.16-23.16.26:100][ 69]LogEditorActor: Deleted Actor: StaticMeshActor
[2017.06.16-23.16.26:107][ 69]LogEditorActor: Deleted 1 Actors (0.007 secs)
[2017.06.16-23.16.52:790][652]LogEditorViewport: Clicking on Actor (LMB): StaticMeshActor (Stair)
[2017.06.16-23.17.33:707][448]LogEditorViewport: Clicking on Actor (LMB): StaticMeshActor (lv3)
[2017.06.16-23.17.44:732][667]LogEditorViewport: Clicking on Actor (LMB): StaticMeshActor (Stair)
[2017.06.16-23.18.02:626][677]LogRenderer: Reallocating scene render targets to support 1316x760 NumSamples 1 (Frame:24793).
[2017.06.16-23.18.02:699][678]LogRenderer: Reallocating scene render targets to support 1920x1080 NumSamples 1 (Frame:24795).
[2017.06.16-23.18.05:233][897]LogEditorViewport: Clicking on Actor (LMB): Emitter (P_Mist_Lit_Still)
[2017.06.16-23.18.24:368][593]LogTemp: Repeting last play command: Selected Viewport
[2017.06.16-23.18.24:426][593]LogBlueprintUserMessages: Early PlayInEditor Detection: Level '/Game/Maps/DOOM_FanArt_Reactor_01.DOOM_FanArt_Reactor_01:PersistentLevel' has LevelScriptBlueprint '/Game/Maps/DOOM_FanArt_Reactor_01.DOOM_FanArt_Reactor_01:PersistentLevel.DOOM_FanArt_Reactor_01' with GeneratedClass '/Game/Maps/DOOM_FanArt_Reactor_01.DOOM_FanArt_Reactor_01_C' with ClassGeneratedBy '/Game/Maps/DOOM_FanArt_Reactor_01.DOOM_FanArt_Reactor_01:PersistentLevel.DOOM_FanArt_Reactor_01'
[2017.06.16-23.18.24:426][593]LogPlayLevel: PlayLevel: No blueprints needed recompiling
[2017.06.16-23.18.24:426][593]PIE: New page: PIE session: DOOM_FanArt_Reactor_01 (Jun 16, 2017, 11:18:24 AM)
[2017.06.16-23.18.24:427][593]LogPlayLevel: Creating play world package: /Game/Maps/UEDPIE_0_DOOM_FanArt_Reactor_01
[2017.06.16-23.18.24:429][593]LogPlayLevel: PIE: StaticDuplicateObject took: (0.002261s)
[2017.06.16-23.18.24:429][593]LogAIModule: Creating AISystem for world DOOM_FanArt_Reactor_01
[2017.06.16-23.18.24:429][593]LogPlayLevel: PIE: World Init took: (0.000523s)
[2017.06.16-23.18.24:429][593]LogPlayLevel: PIE: Created PIE world by copying editor world from /Game/Maps/DOOM_FanArt_Reactor_01.DOOM_FanArt_Reactor_01 to /Game/Maps/UEDPIE_0_DOOM_FanArt_Reactor_01.DOOM_FanArt_Reactor_01 (0.003171s)
[2017.06.16-23.18.24:445][593]LogInit: XAudio2 using 'SPDIF Interface (2- FiiO USB DAC-E10)' : 2 channels at 48 kHz using 16 bits per sample (channel mask 0x3)
[2017.06.16-23.18.24:449][593]LogInit: FAudioDevice initialized.
[2017.06.16-23.18.24:496][593]LogLoad: Game class is 'GameModeBase'
[2017.06.16-23.18.24:499][593]LogWorld: Bringing World /Game/Maps/UEDPIE_0_DOOM_FanArt_Reactor_01.DOOM_FanArt_Reactor_01 up for play (max tick rate 0) at 2017.06.16-17.18.24
[2017.06.16-23.18.24:502][593]LogWorld: Bringing up level for play took: 0.004849
[2017.06.16-23.18.24:534][593]LogContentBrowser: Native class hierarchy updated for 'MovieSceneCapture' in 0.0007 seconds. Added 11 classes and 0 folders.
[2017.06.16-23.18.24:535][593]PIE: Info Play in editor start time for /Game/Maps/UEDPIE_0_DOOM_FanArt_Reactor_01 0.732
[2017.06.16-23.18.24:535][593]LogBlueprintUserMessages: Late PlayInEditor Detection: Level '/Game/Maps/DOOM_FanArt_Reactor_01.DOOM_FanArt_Reactor_01:PersistentLevel' has LevelScriptBlueprint '/Game/Maps/DOOM_FanArt_Reactor_01.DOOM_FanArt_Reactor_01:PersistentLevel.DOOM_FanArt_Reactor_01' with GeneratedClass '/Game/Maps/DOOM_FanArt_Reactor_01.DOOM_FanArt_Reactor_01_C' with ClassGeneratedBy '/Game/Maps/DOOM_FanArt_Reactor_01.DOOM_FanArt_Reactor_01:PersistentLevel.DOOM_FanArt_Reactor_01'
[2017.06.16-23.18.25:247][675]Cmd: LevelEditor.ToggleImmersive
[2017.06.16-23.18.25:788][712]Cmd: LevelEditor.ToggleImmersive
[2017.06.16-23.18.27:262][868]LogBlueprintUserMessages: Early EndPlayMap Detection: Level '/Game/Maps/DOOM_FanArt_Reactor_01.DOOM_FanArt_Reactor_01:PersistentLevel' has LevelScriptBlueprint '/Game/Maps/DOOM_FanArt_Reactor_01.DOOM_FanArt_Reactor_01:PersistentLevel.DOOM_FanArt_Reactor_01' with GeneratedClass '/Game/Maps/DOOM_FanArt_Reactor_01.DOOM_FanArt_Reactor_01_C' with ClassGeneratedBy '/Game/Maps/DOOM_FanArt_Reactor_01.DOOM_FanArt_Reactor_01:PersistentLevel.DOOM_FanArt_Reactor_01'
[2017.06.16-23.18.27:296][868]LogBlueprintUserMessages: Late EndPlayMap Detection: Level '/Game/Maps/DOOM_FanArt_Reactor_01.DOOM_FanArt_Reactor_01:PersistentLevel' has LevelScriptBlueprint '/Game/Maps/DOOM_FanArt_Reactor_01.DOOM_FanArt_Reactor_01:PersistentLevel.DOOM_FanArt_Reactor_01' with GeneratedClass '/Game/Maps/DOOM_FanArt_Reactor_01.DOOM_FanArt_Reactor_01_C' with ClassGeneratedBy '/Game/Maps/DOOM_FanArt_Reactor_01.DOOM_FanArt_Reactor_01:PersistentLevel.DOOM_FanArt_Reactor_01'
[2017.06.16-23.18.31:680][390]LogTemp: Repeting last play command: Selected Viewport
[2017.06.16-23.18.31:694][390]LogBlueprintUserMessages: Early PlayInEditor Detection: Level '/Game/Maps/DOOM_FanArt_Reactor_01.DOOM_FanArt_Reactor_01:PersistentLevel' has LevelScriptBlueprint '/Game/Maps/DOOM_FanArt_Reactor_01.DOOM_FanArt_Reactor_01:PersistentLevel.DOOM_FanArt_Reactor_01' with GeneratedClass '/Game/Maps/DOOM_FanArt_Reactor_01.DOOM_FanArt_Reactor_01_C' with ClassGeneratedBy '/Game/Maps/DOOM_FanArt_Reactor_01.DOOM_FanArt_Reactor_01:PersistentLevel.DOOM_FanArt_Reactor_01'
[2017.06.16-23.18.31:694][390]LogPlayLevel: PlayLevel: No blueprints needed recompiling
[2017.06.16-23.18.31:694][390]PIE: New page: PIE session: DOOM_FanArt_Reactor_01 (Jun 16, 2017, 11:18:31 AM)
[2017.06.16-23.18.31:694][390]LogPlayLevel: Creating play world package: /Game/Maps/UEDPIE_0_DOOM_FanArt_Reactor_01
[2017.06.16-23.18.31:697][390]LogPlayLevel: PIE: StaticDuplicateObject took: (0.002338s)
[2017.06.16-23.18.31:697][390]LogAIModule: Creating AISystem for world DOOM_FanArt_Reactor_01
[2017.06.16-23.18.31:697][390]LogPlayLevel: PIE: World Init took: (0.000431s)
[2017.06.16-23.18.31:697][390]LogPlayLevel: PIE: Created PIE world by copying editor world from /Game/Maps/DOOM_FanArt_Reactor_01.DOOM_FanArt_Reactor_01 to /Game/Maps/UEDPIE_0_DOOM_FanArt_Reactor_01.DOOM_FanArt_Reactor_01 (0.002919s)
[2017.06.16-23.18.31:708][390]LogInit: XAudio2 using 'SPDIF Interface (2- FiiO USB DAC-E10)' : 2 channels at 48 kHz using 16 bits per sample (channel mask 0x3)
[2017.06.16-23.18.31:711][390]LogInit: FAudioDevice initialized.
[2017.06.16-23.18.31:742][390]LogLoad: Game class is 'GameModeBase'
[2017.06.16-23.18.31:743][390]LogWorld: Bringing World /Game/Maps/UEDPIE_0_DOOM_FanArt_Reactor_01.DOOM_FanArt_Reactor_01 up for play (max tick rate 0) at 2017.06.16-17.18.31
[2017.06.16-23.18.31:747][390]LogWorld: Bringing up level for play took: 0.004220
[2017.06.16-23.18.31:748][390]PIE: Info Play in editor start time for /Game/Maps/UEDPIE_0_DOOM_FanArt_Reactor_01 -0.056
[2017.06.16-23.18.31:748][390]LogBlueprintUserMessages: Late PlayInEditor Detection: Level '/Game/Maps/DOOM_FanArt_Reactor_01.DOOM_FanArt_Reactor_01:PersistentLevel' has LevelScriptBlueprint '/Game/Maps/DOOM_FanArt_Reactor_01.DOOM_FanArt_Reactor_01:PersistentLevel.DOOM_FanArt_Reactor_01' with GeneratedClass '/Game/Maps/DOOM_FanArt_Reactor_01.DOOM_FanArt_Reactor_01_C' with ClassGeneratedBy '/Game/Maps/DOOM_FanArt_Reactor_01.DOOM_FanArt_Reactor_01:PersistentLevel.DOOM_FanArt_Reactor_01'
[2017.06.16-23.18.33:237][568]Cmd: LevelEditor.ToggleImmersive
[2017.06.16-23.18.59:468][212]LogBlueprintUserMessages: Early EndPlayMap Detection: Level '/Game/Maps/DOOM_FanArt_Reactor_01.DOOM_FanArt_Reactor_01:PersistentLevel' has LevelScriptBlueprint '/Game/Maps/DOOM_FanArt_Reactor_01.DOOM_FanArt_Reactor_01:PersistentLevel.DOOM_FanArt_Reactor_01' with GeneratedClass '/Game/Maps/DOOM_FanArt_Reactor_01.DOOM_FanArt_Reactor_01_C' with ClassGeneratedBy '/Game/Maps/DOOM_FanArt_Reactor_01.DOOM_FanArt_Reactor_01:PersistentLevel.DOOM_FanArt_Reactor_01'
[2017.06.16-23.18.59:544][212]LogBlueprintUserMessages: Late EndPlayMap Detection: Level '/Game/Maps/DOOM_FanArt_Reactor_01.DOOM_FanArt_Reactor_01:PersistentLevel' has LevelScriptBlueprint '/Game/Maps/DOOM_FanArt_Reactor_01.DOOM_FanArt_Reactor_01:PersistentLevel.DOOM_FanArt_Reactor_01' with GeneratedClass '/Game/Maps/DOOM_FanArt_Reactor_01.DOOM_FanArt_Reactor_01_C' with ClassGeneratedBy '/Game/Maps/DOOM_FanArt_Reactor_01.DOOM_FanArt_Reactor_01:PersistentLevel.DOOM_FanArt_Reactor_01'
[2017.06.16-23.20.36:423][588]LogFactory: FactoryCreateFile: StaticMesh with FbxFactory (0 0 H:\Box Sync\Environment Challenges\Enviro_2\Pre Production\Models & Textures\ST_Wall-support.fbx)
[2017.06.16-23.20.36:428][588]LogFbx: ItemName: GlobalSettings, ItemCount : 1
[2017.06.16-23.20.36:429][588]LogFbx: ItemName: AnimationStack, ItemCount : 1
[2017.06.16-23.20.36:429][588]LogFbx: ItemName: AnimationLayer, ItemCount : 1
[2017.06.16-23.20.36:429][588]LogFbx: ItemName: Geometry, ItemCount : 1
[2017.06.16-23.20.36:429][588]LogFbx: ItemName: Material, ItemCount : 1
[2017.06.16-23.20.36:429][588]LogFbx: ItemName: Model, ItemCount : 1
[2017.06.16-23.20.36:429][588]LogFbx: ItemName: CollectionExclusive, ItemCount : 1
[2017.06.16-23.20.36:432][588]LogFbx: Loading FBX Scene from H:\Box Sync\Environment Challenges\Enviro_2\Pre Production\Models & Textures\ST_Wall-support.fbx
[2017.06.16-23.20.36:437][588]LogFbx: FBX Scene Loaded Succesfully
[2017.06.16-23.20.39:619][588]LogFbx: Loading FBX Scene from H:\Box Sync\Environment Challenges\Enviro_2\Pre Production\Models & Textures\ST_Wall-support.fbx
[2017.06.16-23.20.39:624][588]LogFbx: FBX Scene Loaded Succesfully
[2017.06.16-23.20.39:626][588]LogFbx:Warning: Triangulating static mesh pPlane2
[2017.06.16-23.20.39:652][588]LogStaticMesh: Building static mesh ST_Wall-support...
[2017.06.16-23.20.39:657][588]LogStaticMesh: Built static mesh [0.01s] /Game/Meshes/test/ST_Wall-support.ST_Wall-support
[2017.06.16-23.20.39:658][588]LogStaticMesh:Warning: ST_Wall-support has degenerate tangent bases which will result in incorrect shading.  MikkTSpace relies on tangent bases and may result in mesh corruption, consider disabling this option.
[2017.06.16-23.20.39:659][588]FBXImport:Warning: Warning No smoothing group information was found in this FBX scene.  Please make sure to enable the 'Export Smoothing Groups' option in the FBX Exporter plug-in before exporting the file.  Even for tools that don't support smoothing groups, the FBX Exporter will generate appropriate smoothing data at export-time so that correct vertex normals can be inferred while importing. 
[2017.06.16-23.20.39:659][588]FBXImport:Warning: Warning ST_Wall-support has degenerate tangent bases which will result in incorrect shading.  MikkTSpace relies on tangent bases and may result in mesh corruption, consider disabling this option. 
[2017.06.16-23.20.42:220][849]LogActorFactory: Actor Factory created ST_Wall-support
[2017.06.16-23.20.42:748][902]LogActorFactory: Actor Factory created ST_Wall-support
[2017.06.16-23.20.50:665][768]Cmd: DELETE
[2017.06.16-23.20.50:665][768]Cmd: ACTOR DELETE
[2017.06.16-23.20.50:665][768]LogEditorActor: Deleted Actor: StaticMeshActor
[2017.06.16-23.20.50:673][768]LogEditorActor: Deleted 1 Actors (0.009 secs)
[2017.06.16-23.21.15:817][864]LogFactory: FactoryCreateFile: StaticMesh with FbxFactory (0 0 H:\Box Sync\Environment Challenges\Enviro_2\Pre Production\Models & Textures\crate.fbx)
[2017.06.16-23.21.15:820][864]LogFbx: ItemName: GlobalSettings, ItemCount : 1
[2017.06.16-23.21.15:820][864]LogFbx: ItemName: AnimationStack, ItemCount : 1
[2017.06.16-23.21.15:821][864]LogFbx: ItemName: AnimationLayer, ItemCount : 1
[2017.06.16-23.21.15:821][864]LogFbx: ItemName: NodeAttribute, ItemCount : 34
[2017.06.16-23.21.15:821][864]LogFbx: ItemName: Model, ItemCount : 35
[2017.06.16-23.21.15:821][864]LogFbx: ItemName: Geometry, ItemCount : 1
[2017.06.16-23.21.15:821][864]LogFbx: ItemName: Material, ItemCount : 1
[2017.06.16-23.21.15:824][864]LogFbx: Loading FBX Scene from H:\Box Sync\Environment Challenges\Enviro_2\Pre Production\Models & Textures\crate.fbx
[2017.06.16-23.21.15:834][864]LogFbx: FBX Scene Loaded Succesfully
[2017.06.16-23.21.17:192][864]LogFbx: Loading FBX Scene from H:\Box Sync\Environment Challenges\Enviro_2\Pre Production\Models & Textures\crate.fbx
[2017.06.16-23.21.17:202][864]LogFbx: FBX Scene Loaded Succesfully
[2017.06.16-23.21.17:204][864]LogFbx:Warning: Triangulating static mesh pCube22
[2017.06.16-23.21.17:249][864]LogStaticMesh: Building static mesh crate...
[2017.06.16-23.21.17:260][864]LogStaticMesh: Built static mesh [0.01s] /Game/Meshes/test/crate.crate
[2017.06.16-23.21.17:262][864]LogStaticMesh:Warning: crate has degenerate tangent bases which will result in incorrect shading.  MikkTSpace relies on tangent bases and may result in mesh corruption, consider disabling this option.
[2017.06.16-23.21.17:263][864]FBXImport:Warning: Warning No smoothing group information was found in this FBX scene.  Please make sure to enable the 'Export Smoothing Groups' option in the FBX Exporter plug-in before exporting the file.  Even for tools that don't support smoothing groups, the FBX Exporter will generate appropriate smoothing data at export-time so that correct vertex normals can be inferred while importing. 
[2017.06.16-23.21.17:263][864]FBXImport:Warning: Warning Warning: The imported mesh is very small. This is most likely an issue with the units used when exporting to FBX. 
[2017.06.16-23.21.17:263][864]FBXImport:Warning: Warning crate has degenerate tangent bases which will result in incorrect shading.  MikkTSpace relies on tangent bases and may result in mesh corruption, consider disabling this option. 
[2017.06.16-23.21.20:634][229]LogActorFactory: Actor Factory created crate
[2017.06.16-23.21.20:901][256]LogActorFactory: Actor Factory created crate
[2017.06.16-23.21.23:497][508]Cmd: CAMERA ALIGN ACTIVEVIEWPORTONLY
[2017.06.16-23.21.25:284][691]Cmd: CAMERA ALIGN ACTIVEVIEWPORTONLY
[2017.06.16-23.22.05:054][ 21]Cmd: DELETE
[2017.06.16-23.22.05:054][ 21]Cmd: ACTOR DELETE
[2017.06.16-23.22.05:054][ 21]LogEditorActor: Deleted Actor: StaticMeshActor
[2017.06.16-23.22.05:062][ 21]LogEditorActor: Deleted 1 Actors (0.007 secs)
[2017.06.16-23.22.10:669][541]LogActorFactory: Actor Factory created crate
[2017.06.16-23.22.11:640][652]LogActorFactory: Actor Factory created crate
[2017.06.16-23.22.11:991][690]Cmd: CAMERA ALIGN ACTIVEVIEWPORTONLY
[2017.06.16-23.22.15:219][ 26]Cmd: CAMERA ALIGN ACTIVEVIEWPORTONLY
[2017.06.16-23.23.05:107][946]Cmd: DELETE
[2017.06.16-23.23.05:107][946]Cmd: ACTOR DELETE
[2017.06.16-23.23.05:108][946]LogEditorActor: Deleted Actor: StaticMeshActor
[2017.06.16-23.23.05:114][946]LogEditorActor: Deleted 1 Actors (0.007 secs)
[2017.06.16-23.27.48:046][ 55]LogEditorViewport: Clicking on Actor (LMB): StaticMeshActor (ST_lv2)
[2017.06.16-23.55.25:037][306]LogSavePackage: Save=94.76ms
[2017.06.16-23.55.25:037][306]LogSavePackage: Moving '../../../../../../Users/AzurePC Intel/Documents/GitHub/Enviro_2/Enviro_2/Saved/DOOM_FanArt_Reactor_01E300CB464BE5692E2A8AE4A345FD1B2B.tmp' to '../../../../../../Users/AzurePC Intel/Documents/GitHub/Enviro_2/Enviro_2/Content/Maps/DOOM_FanArt_Reactor_01.umap'
[2017.06.16-23.55.25:041][306]LogSavePackage:Display: Finished SavePackage ../../../../../../Users/AzurePC Intel/Documents/GitHub/Enviro_2/Enviro_2/Content/Maps/DOOM_FanArt_Reactor_01.umap
[2017.06.16-23.55.25:068][306]LogFileHelpers: Saving map 'DOOM_FanArt_Reactor_01' took 0.188
[2017.06.16-23.55.25:081][306]Cmd: OBJ SAVEPACKAGE PACKAGE="/Game/Meshes/test/crate" FILE="../../../../../../Users/AzurePC Intel/Documents/GitHub/Enviro_2/Enviro_2/Content/Meshes/test/crate.uasset" SILENT=true
[2017.06.16-23.55.25:092][306]LogSavePackage: Save=10.12ms
[2017.06.16-23.55.25:092][306]LogSavePackage: Moving '../../../../../../Users/AzurePC Intel/Documents/GitHub/Enviro_2/Enviro_2/Saved/crateA02B101E48CAFAD9F4DC169736F1769D.tmp' to '../../../../../../Users/AzurePC Intel/Documents/GitHub/Enviro_2/Enviro_2/Content/Meshes/test/crate.uasset'
[2017.06.16-23.55.25:093][306]LogSavePackage:Display: Finished SavePackage ../../../../../../Users/AzurePC Intel/Documents/GitHub/Enviro_2/Enviro_2/Content/Meshes/test/crate.uasset
[2017.06.16-23.55.28:836][604]Cmd: QUIT_EDITOR
[2017.06.16-23.55.29:380][604]LogWindowsTextInputMethodSystem:Display: IME system now deactivated.
[2017.06.16-23.55.29:395][604]LogExit: Preparing to exit.
[2017.06.16-23.55.30:361][604]LogDirectoryWatcher: A directory notification for 'C:/Users/AzurePC Intel/Documents/GitHub/Enviro_2/Enviro_2/Content/' was aborted.
[2017.06.16-23.55.30:414][604]LogExit: Editor shut down
[2017.06.16-23.55.30:435][604]LogExit: Transaction tracking system shut down
[2017.06.16-23.55.30:983][604]LogObj: Freed 0b from 0 cluster array pools.
[2017.06.16-23.55.30:983][604]LogExit: Object subsystem successfully closed.
[2017.06.16-23.55.31:067][604]LogD3D11RHI: Shutdown
[2017.06.16-23.55.31:067][604]LogD3D11RHI: CleanupD3DDevice
[2017.06.16-23.55.31:173][604]LogD3D11RHI: ~FD3D11DynamicRHI
[2017.06.16-23.55.31:186][604]LogModuleManager: Shutting down and abandoning module MovieSceneCapture (534)
[2017.06.16-23.55.31:186][604]LogModuleManager: Shutting down and abandoning module StaticMeshEditor (532)
[2017.06.16-23.55.31:186][604]LogModuleManager: Shutting down and abandoning module HierarchicalLODUtilities (530)
[2017.06.16-23.55.31:186][604]LogModuleManager: Shutting down and abandoning module HierarchicalLODOutliner (528)
[2017.06.16-23.55.31:186][604]LogModuleManager: Shutting down and abandoning module CrashTracker (526)
[2017.06.16-23.55.31:186][604]LogModuleManager: Shutting down and abandoning module SceneOutliner (524)
[2017.06.16-23.55.31:186][604]LogModuleManager: Shutting down and abandoning module AddContentDialog (522)
[2017.06.16-23.55.31:186][604]LogDirectoryWatcher: A directory notification for 'C:/Program Files/Epic Games/UE_4.16/FeaturePacks/' was aborted.
[2017.06.16-23.55.31:191][604]LogModuleManager: Shutting down and abandoning module WidgetCarousel (521)
[2017.06.16-23.55.31:191][604]LogModuleManager: Shutting down and abandoning module EditorWidgets (518)
[2017.06.16-23.55.31:191][604]LogModuleManager: Shutting down and abandoning module CollectionManager (516)
[2017.06.16-23.55.31:191][604]LogDirectoryWatcher: A directory notification for 'C:/Users/AzurePC Intel/Documents/GitHub/Enviro_2/Enviro_2/Content/Collections/' was aborted.
[2017.06.16-23.55.31:191][604]LogDirectoryWatcher: A directory notification for 'C:/Users/AzurePC Intel/Documents/GitHub/Enviro_2/Enviro_2/Content/Developers/AzurePCIntel/Collections/' was aborted.
[2017.06.16-23.55.31:191][604]LogDirectoryWatcher: A directory notification for 'C:/Users/AzurePC Intel/Documents/GitHub/Enviro_2/Enviro_2/Saved/Collections/' was aborted.
[2017.06.16-23.55.31:191][604]LogModuleManager: Shutting down and abandoning module StatsViewer (514)
[2017.06.16-23.55.31:191][604]LogModuleManager: Shutting down and abandoning module FoliageEdit (512)
[2017.06.16-23.55.31:191][604]LogModuleManager: Shutting down and abandoning module LandscapeEditor (510)
[2017.06.16-23.55.31:192][604]LogModuleManager: Shutting down and abandoning module MeshPaintMode (508)
[2017.06.16-23.55.31:192][604]LogModuleManager: Shutting down and abandoning module SceneDepthPickerMode (506)
[2017.06.16-23.55.31:192][604]LogModuleManager: Shutting down and abandoning module ActorPickerMode (504)
[2017.06.16-23.55.31:192][604]LogModuleManager: Shutting down and abandoning module GeometryMode (502)
[2017.06.16-23.55.31:192][604]LogModuleManager: Shutting down and abandoning module TextureAlignMode (500)
[2017.06.16-23.55.31:192][604]LogModuleManager: Shutting down and abandoning module BspMode (498)
[2017.06.16-23.55.31:192][604]LogModuleManager: Shutting down and abandoning module HardwareSurvey (496)
[2017.06.16-23.55.31:192][604]LogModuleManager: Shutting down and abandoning module SequenceRecorderSections (494)
[2017.06.16-23.55.31:192][604]LogModuleManager: Shutting down and abandoning module AutomationWorker (492)
[2017.06.16-23.55.31:192][604]LogModuleManager: Shutting down and abandoning module MatineeToLevelSequence (490)
[2017.06.16-23.55.31:192][604]LogModuleManager: Shutting down and abandoning module LevelSequenceEditor (488)
[2017.06.16-23.55.31:192][604]LogModuleManager: Shutting down and abandoning module PlacementMode (487)
[2017.06.16-23.55.31:192][604]LogModuleManager: Shutting down and abandoning module WmfMediaFactory (484)
[2017.06.16-23.55.31:192][604]LogModuleManager: Shutting down and abandoning module WmfMediaEditor (482)
[2017.06.16-23.55.31:192][604]LogModuleManager: Shutting down and abandoning module AvfMediaFactory (480)
[2017.06.16-23.55.31:192][604]LogModuleManager: Shutting down and abandoning module AvfMediaEditor (478)
[2017.06.16-23.55.31:192][604]LogModuleManager: Shutting down and abandoning module AndroidMediaFactory (476)
[2017.06.16-23.55.31:192][604]LogModuleManager: Shutting down and abandoning module Media (475)
[2017.06.16-23.55.31:192][604]LogModuleManager: Shutting down and abandoning module AndroidMediaEditor (472)
[2017.06.16-23.55.31:192][604]LogModuleManager: Shutting down and abandoning module CharacterAI (470)
[2017.06.16-23.55.31:192][604]LogModuleManager: Shutting down and abandoning module AudioCapture (468)
[2017.06.16-23.55.31:192][604]LogModuleManager: Shutting down and abandoning module SequenceRecorder (467)
[2017.06.16-23.55.31:192][604]LogModuleManager: Shutting down and abandoning module SmartSnapping (464)
[2017.06.16-23.55.31:192][604]LogModuleManager: Shutting down and abandoning module SessionServices (462)
[2017.06.16-23.55.31:192][604]LogModuleManager: Shutting down and abandoning module ViewportSnapping (460)
[2017.06.16-23.55.31:192][604]LogModuleManager: Shutting down and abandoning module ViewportInteraction (458)
[2017.06.16-23.55.31:192][604]LogModuleManager: Shutting down and abandoning module ClothPainter (456)
[2017.06.16-23.55.31:192][604]LogModuleManager: Shutting down and abandoning module LogVisualizer (454)
[2017.06.16-23.55.31:192][604]LogModuleManager: Shutting down and abandoning module IntroTutorials (452)
[2017.06.16-23.55.31:192][604]LogModuleManager: Shutting down and abandoning module GameProjectGeneration (451)
[2017.06.16-23.55.31:192][604]LogModuleManager: Shutting down and abandoning module EditorLiveStreaming (448)
[2017.06.16-23.55.31:192][604]LogModuleManager: Shutting down and abandoning module IOSPlatformEditor (446)
[2017.06.16-23.55.31:192][604]LogModuleManager: Shutting down and abandoning module HTML5PlatformEditor (444)
[2017.06.16-23.55.31:192][604]LogModuleManager: Shutting down and abandoning module AndroidPlatformEditor (442)
[2017.06.16-23.55.31:192][604]LogModuleManager: Shutting down and abandoning module AndroidDeviceDetection (441)
[2017.06.16-23.55.31:937][604]LogModuleManager: Shutting down and abandoning module IOSRuntimeSettings (438)
[2017.06.16-23.55.31:937][604]LogModuleManager: Shutting down and abandoning module AndroidRuntimeSettings (436)
[2017.06.16-23.55.31:937][604]LogModuleManager: Shutting down and abandoning module InputBindingEditor (434)
[2017.06.16-23.55.31:937][604]LogModuleManager: Shutting down and abandoning module MergeActors (432)
[2017.06.16-23.55.31:937][604]LogModuleManager: Shutting down and abandoning module SizeMap (430)
[2017.06.16-23.55.31:937][604]LogModuleManager: Shutting down and abandoning module TreeMap (428)
[2017.06.16-23.55.31:937][604]LogModuleManager: Shutting down and abandoning module ReferenceViewer (426)
[2017.06.16-23.55.31:937][604]LogModuleManager: Shutting down and abandoning module LocalizationDashboard (424)
[2017.06.16-23.55.31:937][604]LogModuleManager: Shutting down and abandoning module LocalizationService (423)
[2017.06.16-23.55.31:937][604]LogModuleManager: Shutting down and abandoning module HardwareTargeting (420)
[2017.06.16-23.55.31:937][604]LogModuleManager: Shutting down and abandoning module DeviceProfileEditor (418)
[2017.06.16-23.55.31:937][604]LogModuleManager: Shutting down and abandoning module UndoHistory (416)
[2017.06.16-23.55.31:937][604]LogModuleManager: Shutting down and abandoning module UserFeedback (414)
[2017.06.16-23.55.31:937][604]LogModuleManager: Shutting down and abandoning module XmlParser (412)
[2017.06.16-23.55.31:937][604]LogModuleManager: Shutting down and abandoning module Blutility (410)
[2017.06.16-23.55.31:937][604]LogModuleManager: Shutting down and abandoning module ProjectSettingsViewer (408)
[2017.06.16-23.55.31:937][604]LogModuleManager: Shutting down and abandoning module ProjectTargetPlatformEditor (407)
[2017.06.16-23.55.31:938][604]LogModuleManager: Shutting down and abandoning module EditorSettingsViewer (404)
[2017.06.16-23.55.31:938][604]LogModuleManager: Shutting down and abandoning module SettingsEditor (402)
[2017.06.16-23.55.31:938][604]LogModuleManager: Shutting down and abandoning module ProjectLauncher (400)
[2017.06.16-23.55.31:938][604]LogModuleManager: Shutting down and abandoning module SessionFrontend (398)
[2017.06.16-23.55.31:938][604]LogModuleManager: Shutting down and abandoning module ProfilerClient (396)
[2017.06.16-23.55.31:938][604]LogModuleManager: Shutting down and abandoning module DeviceManager (394)
[2017.06.16-23.55.31:938][604]LogModuleManager: Shutting down and abandoning module TargetDeviceServices (393)
[2017.06.16-23.55.32:000][604]LogModuleManager: Shutting down and abandoning module AutomationController (390)
[2017.06.16-23.55.32:000][604]LogModuleManager: Shutting down and abandoning module AutomationWindow (388)
[2017.06.16-23.55.32:000][604]LogModuleManager: Shutting down and abandoning module Layers (386)
[2017.06.16-23.55.32:000][604]LogModuleManager: Shutting down and abandoning module ComponentVisualizers (384)
[2017.06.16-23.55.32:000][604]LogModuleManager: Shutting down and abandoning module DetailCustomizations (382)
[2017.06.16-23.55.32:000][604]LogModuleManager: Shutting down and abandoning module PackagesDialog (380)
[2017.06.16-23.55.32:000][604]LogModuleManager: Shutting down and abandoning module Persona (378)
[2017.06.16-23.55.32:000][604]LogModuleManager: Shutting down and abandoning module AdvancedPreviewScene (377)
[2017.06.16-23.55.32:000][604]LogModuleManager: Shutting down and abandoning module AnimGraph (375)
[2017.06.16-23.55.32:000][604]LogModuleManager: Shutting down and abandoning module Kismet (372)
[2017.06.16-23.55.32:000][604]LogModuleManager: Shutting down and abandoning module ClassViewer (370)
[2017.06.16-23.55.32:000][604]LogModuleManager: Shutting down and abandoning module Toolbox (368)
[2017.06.16-23.55.32:000][604]LogModuleManager: Shutting down and abandoning module ModuleUI (366)
[2017.06.16-23.55.32:000][604]LogModuleManager: Shutting down and abandoning module MovieSceneTools (364)
[2017.06.16-23.55.32:000][604]LogModuleManager: Shutting down and abandoning module OutputLog (362)
[2017.06.16-23.55.32:000][604]LogModuleManager: Shutting down and abandoning module GammaUI (360)
[2017.06.16-23.55.32:000][604]LogModuleManager: Shutting down and abandoning module Documentation (358)
[2017.06.16-23.55.32:000][604]LogModuleManager: Shutting down and abandoning module MovieSceneTracks (356)
[2017.06.16-23.55.32:000][604]LogModuleManager: Shutting down and abandoning module MovieScene (354)
[2017.06.16-23.55.32:000][604]LogModuleManager: Shutting down and abandoning module Niagara (352)
[2017.06.16-23.55.32:000][604]LogModuleManager: Shutting down and abandoning module NiagaraEditor (351)
[2017.06.16-23.55.32:000][604]LogModuleManager: Shutting down and abandoning module StreamingPauseRendering (348)
[2017.06.16-23.55.32:000][604]LogModuleManager: Shutting down and abandoning module AnalyticsET (346)
[2017.06.16-23.55.32:000][604]LogModuleManager: Shutting down and abandoning module PortalServices (344)
[2017.06.16-23.55.32:000][604]LogModuleManager: Shutting down and abandoning module PortalRpc (342)
[2017.06.16-23.55.32:000][604]LogModuleManager: Shutting down and abandoning module MessagingRpc (340)
[2017.06.16-23.55.32:000][604]LogModuleManager: Shutting down and abandoning module AIModule (338)
[2017.06.16-23.55.32:000][604]LogModuleManager: Shutting down and abandoning module GameplayDebugger (337)
[2017.06.16-23.55.32:000][604]LogModuleManager: Shutting down and abandoning module AITestSuite (335)
[2017.06.16-23.55.32:000][604]LogModuleManager: Shutting down and abandoning module ProfilerService (332)
[2017.06.16-23.55.32:085][604]LogModuleManager: Shutting down and abandoning module TaskGraph (330)
[2017.06.16-23.55.32:085][604]LogModuleManager: Shutting down and abandoning module SubstanceEditor (328)
[2017.06.16-23.55.32:085][604]LogModuleManager: Shutting down and abandoning module SteamVRController (326)
[2017.06.16-23.55.32:085][604]LogModuleManager: Shutting down and abandoning module SteamVR (324)
[2017.06.16-23.55.32:085][604]LogModuleManager: Shutting down and abandoning module ProceduralMeshComponentEditor (322)
[2017.06.16-23.55.32:085][604]LogModuleManager: Shutting down and abandoning module ProceduralMeshComponent (320)
[2017.06.16-23.55.32:085][604]LogModuleManager: Shutting down and abandoning module OculusLibrary (318)
[2017.06.16-23.55.32:085][604]LogModuleManager: Shutting down and abandoning module OculusInput (316)
[2017.06.16-23.55.32:085][604]LogModuleManager: Shutting down and abandoning module MobilePatchingUtils (314)
[2017.06.16-23.55.32:085][604]LogModuleManager: Shutting down and abandoning module CustomMeshComponent (312)
[2017.06.16-23.55.32:085][604]LogModuleManager: Shutting down and abandoning module CableComponent (310)
[2017.06.16-23.55.32:085][604]LogModuleManager: Shutting down and abandoning module ArchVisCharacter (308)
[2017.06.16-23.55.32:085][604]LogModuleManager: Shutting down and abandoning module AndroidPermission (306)
[2017.06.16-23.55.32:085][604]LogModuleManager: Shutting down and abandoning module MediaPlayerEditor (302)
[2017.06.16-23.55.32:085][604]LogModuleManager: Shutting down and abandoning module HTML5Networking (300)
[2017.06.16-23.55.32:085][604]LogModuleManager: Shutting down and abandoning module AlembicImporter (298)
[2017.06.16-23.55.32:085][604]LogModuleManager: Shutting down and abandoning module AlembicLibrary (297)
[2017.06.16-23.55.32:085][604]LogModuleManager: Shutting down and abandoning module GeometryCache (296)
[2017.06.16-23.55.32:085][604]LogModuleManager: Shutting down and abandoning module GeometryCacheEd (295)
[2017.06.16-23.55.32:085][604]LogModuleManager: Shutting down and abandoning module SuperSearchEditor (290)
[2017.06.16-23.55.32:085][604]LogModuleManager: Shutting down and abandoning module SuperSearch (289)
[2017.06.16-23.55.32:085][604]LogModuleManager: Shutting down and abandoning module SpeedTreeImporter (286)
[2017.06.16-23.55.32:085][604]LogModuleManager: Shutting down and abandoning module PluginBrowser (284)
[2017.06.16-23.55.32:085][604]LogModuleManager: Shutting down and abandoning module MobileLauncherProfileWizard (282)
[2017.06.16-23.55.32:085][604]LogModuleManager: Shutting down and abandoning module VisualStudioSourceCodeAccess (280)
[2017.06.16-23.55.32:085][604]LogModuleManager: Shutting down and abandoning module DesktopPlatform (279)
[2017.06.16-23.55.32:085][604]LogModuleManager: Shutting down and abandoning module UObjectPlugin (276)
[2017.06.16-23.55.32:085][604]LogModuleManager: Shutting down and abandoning module SubversionSourceControl (274)
[2017.06.16-23.55.32:085][604]LogModuleManager: Shutting down and abandoning module PerforceSourceControl (272)
[2017.06.16-23.55.32:085][604]LogModuleManager: Shutting down and abandoning module GitSourceControl (270)
[2017.06.16-23.55.32:085][604]LogModuleManager: Shutting down and abandoning module SourceControl (269)
[2017.06.16-23.55.32:085][604]LogModuleManager: Shutting down and abandoning module LightPropagationVolumeEditor (266)
[2017.06.16-23.55.32:085][604]LogModuleManager: Shutting down and abandoning module PaperTiledImporter (264)
[2017.06.16-23.55.32:085][604]LogModuleManager: Shutting down and abandoning module PaperSpriteSheetImporter (262)
[2017.06.16-23.55.32:085][604]LogModuleManager: Shutting down and abandoning module Paper2DEditor (260)
[2017.06.16-23.55.32:086][604]LogModuleManager: Shutting down and abandoning module MeshPaint (259)
[2017.06.16-23.55.32:086][604]LogModuleManager: Shutting down and abandoning module LevelEditor (257)
[2017.06.16-23.55.32:086][604]LogModuleManager: Shutting down and abandoning module PixelInspectorModule (256)
[2017.06.16-23.55.32:086][604]LogModuleManager: Shutting down and abandoning module MainFrame (254)
[2017.06.16-23.55.32:086][604]LogModuleManager: Shutting down and abandoning module HotReload (253)
[2017.06.16-23.55.32:086][604]LogModuleManager: Shutting down and abandoning module PhysXVehiclesEditor (248)
[2017.06.16-23.55.32:086][604]LogModuleManager: Shutting down and abandoning module PhysXVehicles (246)
[2017.06.16-23.55.32:086][604]LogModuleManager: Shutting down and abandoning module LocationServicesBPLibrary (244)
[2017.06.16-23.55.32:086][604]LogModuleManager: Shutting down and abandoning module ImmediatePhysicsEditor (242)
[2017.06.16-23.55.32:086][604]LogModuleManager: Shutting down and abandoning module ImmediatePhysics (240)
[2017.06.16-23.55.32:086][604]LogModuleManager: Shutting down and abandoning module UdpMessaging (238)
[2017.06.16-23.55.32:188][604]LogModuleManager: Shutting down and abandoning module TcpMessaging (236)
[2017.06.16-23.55.32:289][604]LogModuleManager: Shutting down and abandoning module SubstanceCore (234)
[2017.06.16-23.55.32:289][604]LogModuleManager: Shutting down and abandoning module GameplayTagsEditor (232)
[2017.06.16-23.55.32:289][604]LogModuleManager: Shutting down and abandoning module FacialAnimationEditor (230)
[2017.06.16-23.55.32:289][604]LogModuleManager: Shutting down and abandoning module FacialAnimation (228)
[2017.06.16-23.55.32:289][604]LogModuleManager: Shutting down and abandoning module AssetManagerEditor (226)
[2017.06.16-23.55.32:289][604]LogModuleManager: Shutting down and abandoning module GraphEditor (225)
[2017.06.16-23.55.32:289][604]LogModuleManager: Shutting down and abandoning module ContentBrowser (223)
[2017.06.16-23.55.32:289][604]LogModuleManager: Shutting down and abandoning module LightPropagationVolumeRuntime (220)
[2017.06.16-23.55.32:289][604]LogModuleManager: Shutting down and abandoning module Paper2D (218)
[2017.06.16-23.55.32:289][604]LogModuleManager: Shutting down and abandoning module WindowsMoviePlayer (216)
[2017.06.16-23.55.32:289][604]LogModuleManager: Shutting down and abandoning module WmfMedia (214)
[2017.06.16-23.55.32:289][604]LogModuleManager: Shutting down and abandoning module ClothingSystemEditor (212)
[2017.06.16-23.55.32:289][604]LogModuleManager: Shutting down and abandoning module ClothingSystemRuntime (210)
[2017.06.16-23.55.32:289][604]LogModuleManager: Shutting down and abandoning module MediaAssets (208)
[2017.06.16-23.55.32:289][604]LogModuleManager: Shutting down and abandoning module GameLiveStreaming (206)
[2017.06.16-23.55.32:289][604]LogModuleManager: Shutting down and abandoning module VREditor (204)
[2017.06.16-23.55.32:289][604]LogModuleManager: Shutting down and abandoning module StringTableEditor (202)
[2017.06.16-23.55.32:289][604]LogModuleManager: Shutting down and abandoning module GameplayTasksEditor (200)
[2017.06.16-23.55.32:289][604]LogModuleManager: Shutting down and abandoning module BehaviorTreeEditor (198)
[2017.06.16-23.55.32:289][604]LogModuleManager: Shutting down and abandoning module FunctionalTesting (196)
[2017.06.16-23.55.32:289][604]LogModuleManager: Shutting down and abandoning module CollisionAnalyzer (194)
[2017.06.16-23.55.32:289][604]LogModuleManager: Shutting down and abandoning module UMG (192)
[2017.06.16-23.55.32:289][604]LogModuleManager: Shutting down and abandoning module UMGEditor (191)
[2017.06.16-23.55.32:289][604]LogModuleManager: Shutting down and abandoning module Sequencer (190)
[2017.06.16-23.55.32:289][604]LogModuleManager: Shutting down and abandoning module AssetTools (188)
[2017.06.16-23.55.32:289][604]LogModuleManager: Shutting down and abandoning module MessageLog (187)
[2017.06.16-23.55.32:289][604]LogModuleManager: Shutting down and abandoning module WorkspaceMenuStructure (186)
[2017.06.16-23.55.32:290][604]LogModuleManager: Shutting down and abandoning module SlateReflector (180)
[2017.06.16-23.55.32:290][604]LogModuleManager: Shutting down and abandoning module Slate (178)
[2017.06.16-23.55.32:290][604]LogModuleManager: Shutting down and abandoning module EditorStyle (176)
[2017.06.16-23.55.32:293][604]LogModuleManager: Shutting down and abandoning module SourceCodeAccess (174)
[2017.06.16-23.55.32:293][604]LogModuleManager: Shutting down and abandoning module HeadMountedDisplay (172)
[2017.06.16-23.55.32:293][604]LogModuleManager: Shutting down and abandoning module XAudio2 (170)
[2017.06.16-23.55.32:293][604]LogModuleManager: Shutting down and abandoning module Networking (168)
[2017.06.16-23.55.32:293][604]LogModuleManager: Shutting down and abandoning module Core (164)
[2017.06.16-23.55.32:293][604]LogModuleManager: Shutting down and abandoning module AssetRegistry (162)
[2017.06.16-23.55.32:425][604]LogDirectoryWatcher: A directory notification for '../../../Engine/Content/' was aborted.
[2017.06.16-23.55.32:425][604]LogDirectoryWatcher: A directory notification for '../../../../../../Users/AzurePC Intel/Documents/GitHub/Enviro_2/Enviro_2/Content/' was aborted.
[2017.06.16-23.55.32:425][604]LogDirectoryWatcher: A directory notification for '../../../Engine/Plugins/2D/Paper2D/Content/' was aborted.
[2017.06.16-23.55.32:425][604]LogDirectoryWatcher: A directory notification for '../../../Engine/Plugins/Runtime/GearVR/Content/' was aborted.
[2017.06.16-23.55.32:429][604]LogModuleManager: Shutting down and abandoning module DirectoryWatcher (161)
[2017.06.16-23.55.32:433][604]LogModuleManager: Shutting down and abandoning module KismetCompiler (158)
[2017.06.16-23.55.32:433][604]LogModuleManager: Shutting down and abandoning module LevelSequence (156)
[2017.06.16-23.55.32:433][604]LogModuleManager: Shutting down and abandoning module PhysXFormats (154)
[2017.06.16-23.55.32:433][604]LogModuleManager: Shutting down and abandoning module MeshUtilities (152)
[2017.06.16-23.55.32:433][604]LogModuleManager: Shutting down and abandoning module SimplygonSwarm (151)
[2017.06.16-23.55.32:433][604]LogModuleManager: Shutting down and abandoning module SimplygonMeshReduction (149)
[2017.06.16-23.55.32:433][604]LogModuleManager: Shutting down and abandoning module QuadricMeshReduction (147)
[2017.06.16-23.55.32:433][604]LogModuleManager: Shutting down and abandoning module DerivedDataCache (144)
[2017.06.16-23.55.32:476][604]LogDerivedDataCache: Shutdown
[2017.06.16-23.55.32:476][604]LogModuleManager: Shutting down and abandoning module TargetPlatform (142)
[2017.06.16-23.55.32:476][604]LogModuleManager: Shutting down and abandoning module VulkanShaderFormat (141)
[2017.06.16-23.55.32:476][604]LogModuleManager: Shutting down and abandoning module ShaderFormatVectorVM (139)
[2017.06.16-23.55.32:476][604]LogModuleManager: Shutting down and abandoning module ShaderFormatOpenGL (137)
[2017.06.16-23.55.32:476][604]LogModuleManager: Shutting down and abandoning module ShaderFormatD3D (135)
[2017.06.16-23.55.32:476][604]LogModuleManager: Shutting down and abandoning module MetalShaderFormat (133)
[2017.06.16-23.55.32:476][604]LogModuleManager: Shutting down and abandoning module TextureFormatUncompressed (131)
[2017.06.16-23.55.32:476][604]LogModuleManager: Shutting down and abandoning module TextureFormatPVR (129)
[2017.06.16-23.55.32:476][604]LogModuleManager: Shutting down and abandoning module TextureFormatDXT (127)
[2017.06.16-23.55.32:476][604]LogModuleManager: Shutting down and abandoning module TextureFormatIntelISPCTexComp (125)
[2017.06.16-23.55.32:477][604]LogModuleManager: Shutting down and abandoning module TextureFormatASTC (123)
[2017.06.16-23.55.32:477][604]LogModuleManager: Shutting down and abandoning module ImageWrapper (122)
[2017.06.16-23.55.32:477][604]LogModuleManager: Shutting down and abandoning module TextureFormatAndroid (119)
[2017.06.16-23.55.32:477][604]LogModuleManager: Shutting down and abandoning module AudioFormatOpus (117)
[2017.06.16-23.55.32:477][604]LogModuleManager: Shutting down and abandoning module AudioFormatOgg (115)
[2017.06.16-23.55.32:477][604]LogModuleManager: Shutting down and abandoning module AudioFormatADPCM (113)
[2017.06.16-23.55.32:477][604]LogModuleManager: Shutting down and abandoning module LinuxTargetPlatform (111)
[2017.06.16-23.55.32:477][604]LogModuleManager: Shutting down and abandoning module LinuxServerTargetPlatform (109)
[2017.06.16-23.55.32:477][604]LogModuleManager: Shutting down and abandoning module LinuxNoEditorTargetPlatform (107)
[2017.06.16-23.55.32:477][604]LogModuleManager: Shutting down and abandoning module LinuxClientTargetPlatform (105)
[2017.06.16-23.55.32:477][604]LogModuleManager: Shutting down and abandoning module TVOSTargetPlatform (103)
[2017.06.16-23.55.32:477][604]LogModuleManager: Shutting down and abandoning module Messaging (101)
[2017.06.16-23.55.32:477][604]LogModuleManager: Shutting down and abandoning module IOSTargetPlatform (99)
[2017.06.16-23.55.32:477][604]LogModuleManager: Shutting down and abandoning module HTML5TargetPlatform (97)
[2017.06.16-23.55.32:477][604]LogModuleManager: Shutting down and abandoning module Android_PVRTCTargetPlatform (95)
[2017.06.16-23.55.32:477][604]LogModuleManager: Shutting down and abandoning module Android_MultiTargetPlatform (93)
[2017.06.16-23.55.32:477][604]LogModuleManager: Shutting down and abandoning module Android_ETC2TargetPlatform (91)
[2017.06.16-23.55.32:477][604]LogModuleManager: Shutting down and abandoning module Android_ETC1TargetPlatform (89)
[2017.06.16-23.55.32:477][604]LogModuleManager: Shutting down and abandoning module Android_DXTTargetPlatform (87)
[2017.06.16-23.55.32:477][604]LogModuleManager: Shutting down and abandoning module Android_ATCTargetPlatform (85)
[2017.06.16-23.55.32:477][604]LogModuleManager: Shutting down and abandoning module Android_ASTCTargetPlatform (83)
[2017.06.16-23.55.32:477][604]LogModuleManager: Shutting down and abandoning module AndroidTargetPlatform (81)
[2017.06.16-23.55.32:477][604]LogModuleManager: Shutting down and abandoning module WindowsTargetPlatform (79)
[2017.06.16-23.55.32:477][604]LogModuleManager: Shutting down and abandoning module WindowsServerTargetPlatform (77)
[2017.06.16-23.55.32:477][604]LogModuleManager: Shutting down and abandoning module WindowsNoEditorTargetPlatform (75)
[2017.06.16-23.55.32:477][604]LogModuleManager: Shutting down and abandoning module WindowsClientTargetPlatform (73)
[2017.06.16-23.55.32:477][604]LogModuleManager: Shutting down and abandoning module MacTargetPlatform (71)
[2017.06.16-23.55.32:477][604]LogModuleManager: Shutting down and abandoning module MacServerTargetPlatform (69)
[2017.06.16-23.55.32:477][604]LogModuleManager: Shutting down and abandoning module MacNoEditorTargetPlatform (67)
[2017.06.16-23.55.32:477][604]LogModuleManager: Shutting down and abandoning module MacClientTargetPlatform (65)
[2017.06.16-23.55.32:477][604]LogModuleManager: Shutting down and abandoning module AllDesktopTargetPlatform (63)
[2017.06.16-23.55.32:477][604]LogModuleManager: Shutting down and abandoning module InputCore (60)
[2017.06.16-23.55.32:477][604]LogModuleManager: Shutting down and abandoning module Settings (58)
[2017.06.16-23.55.32:477][604]LogModuleManager: Shutting down and abandoning module OculusRift (56)
[2017.06.16-23.55.32:477][604]LogModuleManager: Shutting down and abandoning module GearVRController (54)
[2017.06.16-23.55.32:477][604]LogModuleManager: Shutting down and abandoning module GearVR (52)
[2017.06.16-23.55.32:477][604]LogModuleManager: Shutting down and abandoning module ExampleDeviceProfileSelector (50)
[2017.06.16-23.55.32:477][604]LogModuleManager: Shutting down and abandoning module OnlineBlueprintSupport (48)
[2017.06.16-23.55.32:477][604]LogModuleManager: Shutting down and abandoning module OnlineSubsystem (44)
[2017.06.16-23.55.32:477][604]LogOnline:Display: Unloading online subsystem: NULL
[2017.06.16-23.55.32:477][604]LogModuleManager: Shutting down and abandoning module XMPP (43)
[2017.06.16-23.55.32:477][604]LogModuleManager: Shutting down and abandoning module HTTP (41)
[2017.06.16-23.55.32:477][604]LogHttp:Display: Http module shutting down, but needs to wait on 1 outstanding Http requests:
[2017.06.16-23.55.32:477][604]LogHttp:Display: 	verb=[POST] url=[https://datarouter.ol.epicgames.com/datarouter/api/v1/public/data?SessionID=%7BD52A2B3D-42F3-098B-246A-239201645944%7D&AppID=UEEditor.Rocket.Release&AppVersion=4.16.1-3466753%2B%2B%2BUE4%2BRelease-4.16&UserID=da2c64f64af90778841cdbb7a9e7271c%7C4e59904afcc6489195f8095de720415d%7Ce6cec269-2a62-4e13-9f24-3ef9e02a4e7c&AppEnvironment=datacollector-binary&UploadType=eteventstream] status=Processing
[2017.06.16-23.55.32:495][604]LogModuleManager: Shutting down and abandoning module SSL (40)
[2017.06.16-23.55.32:496][604]LogModuleManager: Shutting down and abandoning module HTTPChunkInstaller (36)
[2017.06.16-23.55.32:496][604]LogModuleManager: Shutting down and abandoning module AnimationModifiers (34)
[2017.06.16-23.55.32:496][604]LogModuleManager: Shutting down and abandoning module PropertyEditor (33)
[2017.06.16-23.55.32:496][604]LogModuleManager: Shutting down and abandoning module AudioEditor (30)
[2017.06.16-23.55.32:496][604]LogModuleManager: Shutting down and abandoning module TextureCompressor (28)
[2017.06.16-23.55.32:496][604]LogModuleManager: Shutting down and abandoning module ShaderCore (26)
[2017.06.16-23.55.32:496][604]LogModuleManager: Shutting down and abandoning module Landscape (24)
[2017.06.16-23.55.32:496][604]LogModuleManager: Shutting down and abandoning module SlateRHIRenderer (22)
[2017.06.16-23.55.32:499][604]LogModuleManager: Shutting down and abandoning module OpenGLDrv (20)
[2017.06.16-23.55.32:499][604]LogModuleManager: Shutting down and abandoning module D3D11RHI (18)
[2017.06.16-23.55.32:499][604]LogModuleManager: Shutting down and abandoning module AnimGraphRuntime (16)
[2017.06.16-23.55.32:499][604]LogModuleManager: Shutting down and abandoning module Renderer (14)
[2017.06.16-23.55.32:499][604]LogModuleManager: Shutting down and abandoning module Engine (12)
[2017.06.16-23.55.32:499][604]LogModuleManager: Shutting down and abandoning module CoreUObject (10)
[2017.06.16-23.55.32:499][604]LogModuleManager: Shutting down and abandoning module NetworkFile (8)
[2017.06.16-23.55.32:499][604]LogModuleManager: Shutting down and abandoning module StreamingFile (6)
[2017.06.16-23.55.32:499][604]LogModuleManager: Shutting down and abandoning module SandboxFile (4)
[2017.06.16-23.55.32:499][604]LogModuleManager: Shutting down and abandoning module PakFile (2)
[2017.06.16-23.55.32:500][604]LogExit: Exiting.
[2017.06.16-23.55.32:513][604]Log file closed, 06/16/17 17:55:32
