Log file open, 06/08/17 02:03:53
LogInit:Display: Running engine for game: Enviro_2
LogPlatformFile: Not using cached read wrapper
LogInit:Display: RandInit(-217727963) SRandInit(-217727963).
LogTaskGraph: Started task graph with 5 named threads and 8 total threads with 1 sets of task threads.
LogStats: Stats thread started at 0.081458
LogInit: Using libcurl 7.47.1
LogInit:  - built for x86_64-pc-win32
LogInit:  - supports SSL with OpenSSL/1.0.2g
LogInit:  - supports HTTP deflate (compression) using libz 1.2.8
LogInit:  - other features:
LogInit:      CURL_VERSION_SSL
LogInit:      CURL_VERSION_LIBZ
LogInit:      CURL_VERSION_IPV6
LogInit:      CURL_VERSION_ASYNCHDNS
LogInit:      CURL_VERSION_LARGEFILE
LogInit:      CURL_VERSION_IDN
LogInit:  CurlRequestOptions (configurable via config and command line):
LogInit:  - bVerifyPeer = false  - Libcurl will NOT verify peer certificate
LogInit:  - bUseHttpProxy = false  - Libcurl will NOT use HTTP proxy
LogInit:  - bDontReuseConnections = false  - Libcurl will reuse connections
LogInit:  - CertBundlePath = nullptr  - Libcurl will use whatever was configured at build time.
LogInit: Build: ++UE4+Release-4.16-CL-3466753
LogInit: Engine Version: 4.16.1-3466753+++UE4+Release-4.16
LogInit: Compatible Engine Version: 4.16.0-3452394+++UE4+Release-4.16
LogInit: Net CL: 3452394
LogDevObjectVersion: Number of dev versions registered: 16
LogDevObjectVersion:   Dev-Blueprints (B0D832E4-1F89-4F0D-ACCF-7EB736FD4AA2): 9
LogDevObjectVersion:   Dev-Build (E1C64328-A22C-4D53-A36C-8E866417BD8C): 0
LogDevObjectVersion:   Dev-Core (375EC13C-06E4-48FB-B500-84F0262A717E): 2
LogDevObjectVersion:   Dev-Editor (E4B068ED-F494-42E9-A231-DA0B2E46BB41): 17
LogDevObjectVersion:   Dev-Framework (CFFC743F-43B0-4480-9391-14DF171D2073): 23
LogDevObjectVersion:   Dev-Mobile (B02B49B5-BB20-44E9-A304-32B752E40360): 0
LogDevObjectVersion:   Dev-Networking (A4E4105C-59A1-49B5-A7C5-40C4547EDFEE): 0
LogDevObjectVersion:   Dev-Online (39C831C9-5AE6-47DC-9A44-9C173E1C8E7C): 0
LogDevObjectVersion:   Dev-Physics (78F01B33-EBEA-4F98-B9B4-84EACCB95AA2): 0
LogDevObjectVersion:   Dev-Platform (6631380F-2D4D-43E0-8009-CF276956A95A): 0
LogDevObjectVersion:   Dev-Rendering (12F88B9F-8875-4AFC-A67C-D90C383ABD29): 15
LogDevObjectVersion:   Dev-Sequencer (7B5AE74C-D270-4C10-A958-57980B212A5A): 4
LogDevObjectVersion:   Dev-VR (D7296918-1DD6-4BDD-9DE2-64A83CC13884): 0
LogDevObjectVersion:   Dev-LoadTimes (C2A15278-BFE7-4AFE-6C17-90FF531DF755): 1
LogDevObjectVersion:   Private-Geometry (6EACA3D4-40EC-4CC1-B786-8BED09428FC5): 1
LogDevObjectVersion:   Dev-AnimPhys (29E575DD-E0A3-4627-9D10-D276232CDCEA): 3
LogInit: Compiled (64-bit): May 31 2017 02:03:30
LogInit: Compiled with Visual C++: 19.00.24215.01
LogInit: Build Configuration: Development
LogInit: Branch Name: ++UE4+Release-4.16
LogInit: Command line:  
LogInit: Base directory: C:/Program Files/Epic Games/UE_4.16/Engine/Binaries/Win64/
LogInit: Installed Engine Build: 1
LogInit: Presizing for max 8388607 objects, including 0 objects not considered by GC, pre-allocating 0 bytes for permanent pool.
LogInit: Object subsystem initialized
[2017.06.08-08.03.54:188][  0]LogInit: Selected Device Profile: [Windows]
[2017.06.08-08.03.54:188][  0]LogInit: Applying CVar settings loaded from the selected device profile: [Windows]
[2017.06.08-08.03.54:199][  0]LogInit: Computer: AZUREPCINTEL
[2017.06.08-08.03.54:199][  0]LogInit: User: AzurePCIntel
[2017.06.08-08.03.54:199][  0]LogInit: CPU Page size=4096, Cores=4
[2017.06.08-08.03.54:199][  0]LogInit: High frequency timer resolution =3.914063 MHz
[2017.06.08-08.03.54:199][  0]LogMemory: Memory total: Physical=16.0GB (16GB approx)
[2017.06.08-08.03.54:199][  0]LogMemory: Platform Memory Stats for Windows
[2017.06.08-08.03.54:199][  0]LogMemory: Process Physical Memory: 273.04 MB used, 273.04 MB peak
[2017.06.08-08.03.54:199][  0]LogMemory: Process Virtual Memory: 260.72 MB used, 260.72 MB peak
[2017.06.08-08.03.54:199][  0]LogMemory: Physical Memory: 8513.58 MB used,  7830.09 MB free, 16343.68 MB total
[2017.06.08-08.03.54:199][  0]LogMemory: Virtual Memory: 638.16 MB used,  7830.09 MB free, 134217728.00 MB total
[2017.06.08-08.03.54:254][  0]LogInit: Using OS detected language (en-US).
[2017.06.08-08.03.54:254][  0]LogInit: Using OS detected locale (en-US).
[2017.06.08-08.03.54:257][  0]LogTextLocalizationManager: No specific localization for 'en-US' exists, so the 'en' localization will be used.
[2017.06.08-08.03.54:968][  0]LogD3D11RHI: D3D11 adapters:
[2017.06.08-08.03.54:982][  0]LogD3D11RHI:    0. 'AMD Radeon (TM) R9 390 Series' (Feature Level 11_0)
[2017.06.08-08.03.54:982][  0]LogD3D11RHI:       8169/0/8171 MB DedicatedVideo/DedicatedSystem/SharedSystem, Outputs:2, VendorId:0x1002
[2017.06.08-08.03.54:983][  0]LogD3D11RHI:    1. 'Microsoft Basic Render Driver' (Feature Level 11_0)
[2017.06.08-08.03.54:983][  0]LogD3D11RHI:       0/0/8171 MB DedicatedVideo/DedicatedSystem/SharedSystem, Outputs:0, VendorId:0x1414
[2017.06.08-08.03.54:983][  0]LogD3D11RHI: Chosen D3D11 Adapter: 0
[2017.06.08-08.03.54:986][  0]LogD3D11RHI: Creating new Direct3DDevice
[2017.06.08-08.03.54:986][  0]LogD3D11RHI:     GPU DeviceId: 0x67b1 (for the marketing name, search the web for "GPU Device Id")
[2017.06.08-08.03.54:986][  0]LogWindows: EnumDisplayDevices:
[2017.06.08-08.03.54:987][  0]LogWindows:    0. 'AMD Radeon (TM) R9 390 Series' (P:1 D:1)
[2017.06.08-08.03.54:987][  0]LogWindows:    1. 'AMD Radeon (TM) R9 390 Series' (P:0 D:1)
[2017.06.08-08.03.54:987][  0]LogWindows:    2. 'AMD Radeon (TM) R9 390 Series' (P:0 D:0)
[2017.06.08-08.03.54:987][  0]LogWindows:    3. 'AMD Radeon (TM) R9 390 Series' (P:0 D:0)
[2017.06.08-08.03.54:987][  0]LogWindows:    4. 'AMD Radeon (TM) R9 390 Series' (P:0 D:0)
[2017.06.08-08.03.54:987][  0]LogWindows:    5. 'AMD Radeon (TM) R9 390 Series' (P:0 D:0)
[2017.06.08-08.03.54:987][  0]LogWindows: DebugString: FoundDriverCount:6 
[2017.06.08-08.03.54:987][  0]LogD3D11RHI:     Adapter Name: AMD Radeon (TM) R9 390 Series
[2017.06.08-08.03.54:987][  0]LogD3D11RHI:   Driver Version: Crimson ReLive 17.1.1 (internal:22.19.162.4, unified:22.19.162.4)
[2017.06.08-08.03.54:987][  0]LogD3D11RHI:      Driver Date: 4-24-2017
[2017.06.08-08.03.54:987][  0]LogRHI: Texture pool is 1361 MB (70% of 1945 MB)
[2017.06.08-08.03.55:018][  0]LogD3D11RHI: Async texture creation enabled
[2017.06.08-08.03.55:027][  0]LogD3D11RHI: GPU Timing Frequency: 27.000000 (Debug: 2 1)
[2017.06.08-08.03.55:027][  0]LogShaderCompilers: Guid format shader working directory is -18 characters bigger than the processId version (../../../../../../Users/AzurePC Intel/Documents/GitHub/Enviro_2/Enviro_2/Intermediate/Shaders/WorkingDirectory/9596/).
[2017.06.08-08.03.55:027][  0]LogShaderCompilers: Cleaned the shader compiler working directory 'C:/Users/AzurePC Intel/AppData/Local/Temp/UnrealShaderWorkingDir/9DA26DC64937AD78F5C5DA9AE4F27F36/'.
[2017.06.08-08.03.55:027][  0]LogShaderCompilers:Display: Using Local Shader Compiler.
[2017.06.08-08.03.55:786][  0]LogTemp:Display: Loaded TP AllDesktopTargetPlatform
[2017.06.08-08.03.55:826][  0]LogTemp:Display: Loaded TP MacClientTargetPlatform
[2017.06.08-08.03.55:865][  0]LogTemp:Display: Loaded TP MacNoEditorTargetPlatform
[2017.06.08-08.03.55:904][  0]LogTemp:Display: Loaded TP MacServerTargetPlatform
[2017.06.08-08.03.55:953][  0]LogTemp:Display: Loaded TP MacTargetPlatform
[2017.06.08-08.03.55:995][  0]LogTemp:Display: Loaded TP WindowsClientTargetPlatform
[2017.06.08-08.03.56:037][  0]LogTemp:Display: Loaded TP WindowsNoEditorTargetPlatform
[2017.06.08-08.03.56:075][  0]LogTemp:Display: Loaded TP WindowsServerTargetPlatform
[2017.06.08-08.03.56:110][  0]LogTemp:Display: Loaded TP WindowsTargetPlatform
[2017.06.08-08.03.56:148][  0]LogTemp:Display: Loaded TP AndroidTargetPlatform
[2017.06.08-08.03.56:185][  0]LogTemp:Display: Loaded TP Android_ASTCTargetPlatform
[2017.06.08-08.03.56:222][  0]LogTemp:Display: Loaded TP Android_ATCTargetPlatform
[2017.06.08-08.03.56:259][  0]LogTemp:Display: Loaded TP Android_DXTTargetPlatform
[2017.06.08-08.03.56:296][  0]LogTemp:Display: Loaded TP Android_ETC1TargetPlatform
[2017.06.08-08.03.56:332][  0]LogTemp:Display: Loaded TP Android_ETC2TargetPlatform
[2017.06.08-08.03.56:406][  0]LogTemp:Display: Loaded TP Android_MultiTargetPlatform
[2017.06.08-08.03.56:406][  0]LogTemp:Display: Loaded TP Android_PVRTCTargetPlatform
[2017.06.08-08.03.56:437][  0]LogTemp:Display: Loaded TP HTML5TargetPlatform
[2017.06.08-08.03.56:514][  0]LogTemp:Display: Loaded TP IOSTargetPlatform
[2017.06.08-08.03.56:537][  0]LogTemp:Display: Loaded TP TVOSTargetPlatform
[2017.06.08-08.03.56:574][  0]LogTemp:Display: Loaded TP LinuxClientTargetPlatform
[2017.06.08-08.03.56:610][  0]LogTemp:Display: Loaded TP LinuxNoEditorTargetPlatform
[2017.06.08-08.03.56:647][  0]LogTemp:Display: Loaded TP LinuxServerTargetPlatform
[2017.06.08-08.03.56:684][  0]LogTemp:Display: Loaded TP LinuxTargetPlatform
[2017.06.08-08.03.56:684][  0]LogTargetPlatformManager:Display: Building Assets For Windows
[2017.06.08-08.03.57:074][  0]LogDerivedDataCache:Display: Max Cache Size: 512 MB
[2017.06.08-08.03.57:147][  0]LogDerivedDataCache: Loaded boot cache 0.07s 90MB C:/Users/AzurePC Intel/AppData/Local/UnrealEngine/4.16/DerivedDataCache/Boot.ddc.
[2017.06.08-08.03.57:147][  0]LogDerivedDataCache:Display: Loaded Boot cache: C:/Users/AzurePC Intel/AppData/Local/UnrealEngine/4.16/DerivedDataCache/Boot.ddc
[2017.06.08-08.03.57:147][  0]LogDerivedDataCache: FDerivedDataBackendGraph:  Pak pak cache file ../../../../../../Users/AzurePC Intel/Documents/GitHub/Enviro_2/Enviro_2/DerivedDataCache/DDC.ddp not found, will not use a pak cache.
[2017.06.08-08.03.57:147][  0]LogDerivedDataCache: Unable to find inner node Pak for hierarchical cache Hierarchy.
[2017.06.08-08.03.57:147][  0]LogDerivedDataCache: FDerivedDataBackendGraph:  CompressedPak pak cache file ../../../../../../Users/AzurePC Intel/Documents/GitHub/Enviro_2/Enviro_2/DerivedDataCache/Compressed.ddp not found, will not use a pak cache.
[2017.06.08-08.03.57:147][  0]LogDerivedDataCache: Unable to find inner node CompressedPak for hierarchical cache Hierarchy.
[2017.06.08-08.03.57:159][  0]LogDerivedDataCache:Display: Pak cache opened for reading ../../../Engine/DerivedDataCache/Compressed.ddp.
[2017.06.08-08.03.57:171][  0]LogDerivedDataCache: Using Local data cache path C:/Users/AzurePC Intel/AppData/Local/UnrealEngine/Common/DerivedDataCache: Writable
[2017.06.08-08.03.57:178][  0]LogMaterial: Verifying Global Shaders for PCD3D_SM5
[2017.06.08-08.03.57:178][  0]LogSlate: Using Freetype 2.6.0
[2017.06.08-08.03.57:179][  0]LogSlate: SlateFontCache - WITH_FREETYPE: 1, WITH_HARFBUZZ: 1
[2017.06.08-08.03.57:179][  0]LogSlate: SlateFontCache - WITH_FREETYPE: 1, WITH_HARFBUZZ: 1
[2017.06.08-08.03.57:409][  0]LogInit: Selected Device Profile: [Windows]
[2017.06.08-08.03.57:480][  0]LogContentStreaming: Texture pool size is 0.00 MB
[2017.06.08-08.03.57:596][  0]LogMeshUtilities: Using QuadricMeshReduction for automatic static mesh reduction
[2017.06.08-08.03.57:630][  0]LogSimplygon: Simplygon DLL not present - disabling.
[2017.06.08-08.03.57:666][  0]LogMeshUtilities: Using SimplygonSwarm for distributed automatic mesh merging
[2017.06.08-08.03.57:666][  0]LogMeshUtilities: No automatic skeletal mesh reduction module available
[2017.06.08-08.03.57:666][  0]LogMeshUtilities: No automatic mesh merging module available
[2017.06.08-08.03.58:086][  0]LogNetVersion: Enviro_2 , NetCL: 3452394, EngineNetVer: 2, GameNetVer: 0 (Checksum: 303638927)
[2017.06.08-08.03.58:138][  0]LogAssetRegistry: FAssetRegistry took 0.0248 seconds to start up
[2017.06.08-08.03.58:182][  0]LogPackageLocalizationCache: Processed 4 localized package path(s) for 2 prioritized culture(s) in 0.025684 seconds
[2017.06.08-08.03.58:186][  0]LogUObjectArray: 34194 objects as part of root set at end of initial load.
[2017.06.08-08.03.58:186][  0]LogUObjectAllocator: 7260424 out of 0 bytes used by permanent object pool.
[2017.06.08-08.03.58:186][  0]LogUObjectArray: CloseDisregardForGC: 0/0 objects in disregard for GC pool
[2017.06.08-08.03.58:238][  0]LogInit: WinSock: version 1.1 (2.2), MaxSocks=32767, MaxUdp=65467
[2017.06.08-08.04.00:022][  0]LogSubstanceCoreModule: Substance [CPU] Engine Loaded, Max Texture Size = 2048
[2017.06.08-08.04.00:045][  0]LogTcpMessaging: Initializing TcpMessaging bridge
[2017.06.08-08.04.00:078][  0]LogUdpMessaging: Initializing bridge on interface 0.0.0.0:0 to multicast group 230.0.0.1:6666.
[2017.06.08-08.04.00:478][  0]LogMaterial: Uniform references updated for custom material expression Custom.
[2017.06.08-08.04.00:779][  0]SourceControl: Info Source control is disabled
[2017.06.08-08.04.00:780][  0]SourceControl: Info Source control is disabled
[2017.06.08-08.04.00:816][  0]SourceControl: Info Source control is disabled
[2017.06.08-08.04.00:855][  0]SourceControl: Info Source control is disabled
[2017.06.08-08.04.01:349][  0]LogAndroidPermission: UAndroidPermissionCallbackProxy::GetInstance
[2017.06.08-08.04.01:818][  0]LogEngine: Initializing Engine...
[2017.06.08-08.04.01:819][  0]LogHMD: Failed to initialize OpenVR with code 110
[2017.06.08-08.04.01:984][  0]LogStats: UGameplayTagsManager::ConstructGameplayTagTree: Construct from data asset -  0.000 s
[2017.06.08-08.04.01:984][  0]LogStats: UGameplayTagsManager::ConstructGameplayTagTree: GameplayTagTreeChangedEvent.Broadcast -  0.000 s
[2017.06.08-08.04.02:087][  0]LogAIModule: Creating AISystem for world Untitled
[2017.06.08-08.04.02:095][  0]LogInit: XAudio2 using 'SPDIF Interface (2- FiiO USB DAC-E10)' : 2 channels at 48 kHz using 16 bits per sample (channel mask 0x3)
[2017.06.08-08.04.02:106][  0]LogInit: FAudioDevice initialized.
[2017.06.08-08.04.02:143][  0]LogDerivedDataCache: Saved boot cache 0.04s 90MB C:/Users/AzurePC Intel/AppData/Local/UnrealEngine/4.16/DerivedDataCache/Boot.ddc.
[2017.06.08-08.04.02:157][  0]LogInit: Texture streaming: Enabled
[2017.06.08-08.04.02:231][  0]LogEngineSessionManager: EngineSessionManager initialized
[2017.06.08-08.04.02:391][  0]LogInit: Transaction tracking system initialized
[2017.06.08-08.04.02:620][  0]BlueprintLog: New page: Editor Load
[2017.06.08-08.04.03:312][  0]LocalizationService: Info Localization service is disabled
[2017.06.08-08.04.03:833][  0]LogConsoleResponse:Display: 
[2017.06.08-08.04.03:942][  0]LogCook:Display: Max memory allowance for cook 16384mb min free memory 0mb
[2017.06.08-08.04.03:942][  0]LogCook:Display: Mobile HDR setting 1
[2017.06.08-08.04.04:173][  0]LogFileCache: Scanning file cache for directory 'C:/Users/AzurePC Intel/Documents/GitHub/Enviro_2/Enviro_2/Content/' took 0.01s
[2017.06.08-08.04.04:690][  0]SourceControl: Info Source control is disabled
[2017.06.08-08.04.04:690][  0]Cmd: MAP LOAD FILE="../../../../../../Users/AzurePC Intel/Documents/GitHub/Enviro_2/Enviro_2/Content/StarterContent/Maps/Minimal_Default.umap" TEMPLATE=0 SHOWPROGRESS=1 FEATURELEVEL=3
[2017.06.08-08.04.04:690][  0]LightingResults: New page: Lighting Build
[2017.06.08-08.04.04:724][  0]MapCheck: New page: Map Check
[2017.06.08-08.04.04:724][  0]LightingResults: New page: Lighting Build
[2017.06.08-08.04.04:966][  0]LogAIModule: Creating AISystem for world Minimal_Default
[2017.06.08-08.04.04:971][  0]LogEditorServer: Finished looking for orphan Actors (0.000 secs)
[2017.06.08-08.04.04:979][  0]Cmd: MAP CHECKDEP NOCLEARLOG
[2017.06.08-08.04.05:013][  0]MapCheck: Info Map check complete: 0 Error(s), 0 Warning(s), took 33.784ms to complete.
[2017.06.08-08.04.05:013][  0]LogFileHelpers: Loading map 'Minimal_Default' took 0.324
[2017.06.08-08.04.05:174][  0]LogCollectionManager: Loaded 0 collections in 0.001111 seconds
[2017.06.08-08.04.05:251][  0]LogFileCache: Scanning file cache for directory 'C:/Users/AzurePC Intel/Documents/GitHub/Enviro_2/Enviro_2/Saved/Collections/' took 0.01s
[2017.06.08-08.04.05:251][  0]LogFileCache: Scanning file cache for directory 'C:/Users/AzurePC Intel/Documents/GitHub/Enviro_2/Enviro_2/Content/Developers/AzurePCIntel/Collections/' took 0.01s
[2017.06.08-08.04.05:251][  0]LogFileCache: Scanning file cache for directory 'C:/Users/AzurePC Intel/Documents/GitHub/Enviro_2/Enviro_2/Content/Collections/' took 0.01s
[2017.06.08-08.04.05:251][  0]LogCollectionManager: Rebuilt the GUID cache for 0 collections in 0.000001 seconds
[2017.06.08-08.04.05:258][  0]LogContentBrowser: Native class hierarchy populated in 0.0067 seconds. Added 2343 classes and 497 folders.
[2017.06.08-08.04.05:306][  0]LogContentBrowser: Native class hierarchy updated for 'WidgetCarousel' in 0.0004 seconds. Added 0 classes and 0 folders.
[2017.06.08-08.04.05:328][  0]LogContentBrowser: Native class hierarchy updated for 'AddContentDialog' in 0.0004 seconds. Added 0 classes and 0 folders.
[2017.06.08-08.04.05:360][  0]LogContentBrowser: Native class hierarchy updated for 'SceneOutliner' in 0.0004 seconds. Added 1 classes and 2 folders.
[2017.06.08-08.04.05:390][  0]LogCrashTracker: Crashtracker disabled due to settings.
[2017.06.08-08.04.05:406][  0]LogDirectoryWatcher:Warning: Failed to begin reading directory changes for ../../../../../../Users/AzurePC Intel/Documents/GitHub/Enviro_2/Enviro_2/Plugins/. Error: The system cannot find the file specified. (0x00000002)
[2017.06.08-08.04.05:410][  0]LogSlate: Took 0.000133 seconds to synchronously load lazily loaded font '../../../Engine/Content/Slate/Fonts/Roboto-Regular.ttf' (155K)
[2017.06.08-08.04.05:411][  0]LogSlate: Took 0.000120 seconds to synchronously load lazily loaded font '../../../Engine/Content/Slate/Fonts/Roboto-Bold.ttf' (160K)
[2017.06.08-08.04.05:414][  0]LogSlate: Took 0.000169 seconds to synchronously load lazily loaded font '../../../Engine/Content/Editor/Slate/Fonts/FontAwesome.ttf' (139K)
[2017.06.08-08.04.05:480][  0]LogRenderer: Reallocating scene render targets to support 1208x556 NumSamples 1 (Frame:1).
[2017.06.08-08.04.05:574][  0]LogUObjectGlobals:Warning: Failed to find object 'Class None.'
[2017.06.08-08.04.05:628][  0]LogContentBrowser: Native class hierarchy updated for 'HierarchicalLODOutliner' in 0.0005 seconds. Added 1 classes and 2 folders.
[2017.06.08-08.04.05:628][  0]LogLoad: (Engine Initialization) Total time: 12.67 seconds
[2017.06.08-08.04.05:628][  0]LogLoad: (Engine Initialization) Total Blueprint compile time: 0.06 seconds
[2017.06.08-08.04.05:628][  0]LogExternalProfiler: No external profilers were discovered.  External profiling features will not be available.
[2017.06.08-08.04.05:638][  0]LogWindowsTextInputMethodSystem:Display: IME system now deactivated.
[2017.06.08-08.04.05:639][  0]LogOcInput: OculusInput pre-init called
[2017.06.08-08.04.05:639][  0]LogHMD: Starting GearVRController plugin
[2017.06.08-08.04.05:650][  0]LogAssetRegistry: Asset discovery search completed in 7.5338 seconds
[2017.06.08-08.04.05:651][  0]LogCollectionManager: Rebuilt the object cache for 0 collections in 0.000001 seconds (found 0 objects)
[2017.06.08-08.04.05:651][  0]LogCollectionManager: Fixed up redirectors for 0 collections in 0.000027 seconds (updated 0 objects)
[2017.06.08-08.04.05:654][  0]LogContentStreaming: Texture pool size now 1000 MB
[2017.06.08-08.04.05:685][  0]LogSlate: Took 0.000142 seconds to synchronously load lazily loaded font '../../../Engine/Content/Slate/Fonts/Roboto-Light.ttf' (159K)
[2017.06.08-08.04.08:140][287]LogDirectoryWatcher: A directory notification for '../../../Engine/Plugins/' was aborted.
[2017.06.08-08.04.10:526][570]LogSlate: Took 0.000102 seconds to synchronously load lazily loaded font '../../../Engine/Content/Slate/Fonts/Roboto-Light.ttf' (159K)
[2017.06.08-08.04.10:537][570]LogAIModule: Creating AISystem for world DOOM_FanArt_EngineRoom_001
[2017.06.08-08.04.10:547][570]Cmd: MAP LOAD FILE="../../../../../../Users/AzurePC Intel/Documents/GitHub/Enviro_2/Enviro_2/Content/Maps/DOOM_FanArt_EngineRoom_001.umap" TEMPLATE=0 SHOWPROGRESS=1 FEATURELEVEL=3
[2017.06.08-08.04.10:547][570]LightingResults: New page: Lighting Build
[2017.06.08-08.04.10:547][570]LoadErrors: New page: Loading map: DOOM_FanArt_EngineRoom_001.umap
[2017.06.08-08.04.10:548][570]MapCheck: New page: Map Check
[2017.06.08-08.04.10:548][570]LightingResults: New page: Lighting Build
[2017.06.08-08.04.10:557][570]LogEditorServer: Finished looking for orphan Actors (0.000 secs)
[2017.06.08-08.04.10:601][570]Cmd: MAP CHECKDEP NOCLEARLOG
[2017.06.08-08.04.10:635][570]MapCheck: Info Map check complete: 0 Error(s), 0 Warning(s), took 33.925ms to complete.
[2017.06.08-08.04.10:635][570]LogFileHelpers: Loading map 'DOOM_FanArt_EngineRoom_001' took 0.088
[2017.06.08-08.04.24:350][421]LogFactory: FactoryCreateFile: StaticMesh with FbxFactory (0 0 C:\Users\AzurePC Intel\Desktop\test\test.FBX)
[2017.06.08-08.04.24:376][421]LogFbx: ItemName: GlobalSettings, ItemCount : 1
[2017.06.08-08.04.24:376][421]LogFbx: ItemName: AnimationStack, ItemCount : 1
[2017.06.08-08.04.24:376][421]LogFbx: ItemName: AnimationLayer, ItemCount : 1
[2017.06.08-08.04.24:376][421]LogFbx: ItemName: Model, ItemCount : 1
[2017.06.08-08.04.24:376][421]LogFbx: ItemName: Geometry, ItemCount : 1
[2017.06.08-08.04.24:376][421]LogFbx: ItemName: Material, ItemCount : 1
[2017.06.08-08.04.24:381][421]LogFbx: Loading FBX Scene from C:\Users\AzurePC Intel\Desktop\test\test.FBX
[2017.06.08-08.04.24:521][421]LogFbx: FBX Scene Loaded Succesfully
[2017.06.08-08.04.31:153][421]LogFbx: Loading FBX Scene from C:\Users\AzurePC Intel\Desktop\test\test.FBX
[2017.06.08-08.04.31:291][421]LogFbx: FBX Scene Loaded Succesfully
[2017.06.08-08.04.31:560][421]LogStaticMesh: Building static mesh test...
[2017.06.08-08.04.32:922][421]LogStaticMesh: Built static mesh [1.36s] /Game/Maps/test.test
[2017.06.08-08.04.33:462][421]LogSlate: Took 0.000097 seconds to synchronously load lazily loaded font '../../../Engine/Content/Slate/Fonts/Roboto-Regular.ttf' (155K)
[2017.06.08-08.04.37:085][781]LogActorFactory: Actor Factory created test
[2017.06.08-08.04.37:239][799]LogActorFactory: Actor Factory created test
[2017.06.08-08.05.06:955][247]LogEditorViewport: Clicking on Actor (context menu): StaticMeshActor (test)
[2017.06.08-08.05.23:384][179]LogEditorViewport: Clicking on Actor (LMB): StaticMeshActor (test)
[2017.06.08-08.05.25:123][379]Cmd: TRANSACTION UNDO
[2017.06.08-08.05.25:123][379]LogEditorTransaction: Undo Rotate Actors
[2017.06.08-08.05.25:151][379]LogSlate: Took 0.000147 seconds to synchronously load lazily loaded font '../../../Engine/Content/Slate/Fonts/Roboto-Light.ttf' (159K)
[2017.06.08-08.05.48:507][123]LogTemp: Repeting last play command: Selected Viewport
[2017.06.08-08.05.48:571][123]LogPlayLevel: PlayLevel: No blueprints needed recompiling
[2017.06.08-08.05.48:572][123]PIE: New page: PIE session: DOOM_FanArt_EngineRoom_001 (Jun 7, 2017, 8:05:48 PM)
[2017.06.08-08.05.48:572][123]LogPlayLevel: Creating play world package: /Game/Maps/UEDPIE_0_DOOM_FanArt_EngineRoom_001
[2017.06.08-08.05.48:573][123]LogPlayLevel: PIE: StaticDuplicateObject took: (0.001190s)
[2017.06.08-08.05.48:574][123]LogAIModule: Creating AISystem for world DOOM_FanArt_EngineRoom_001
[2017.06.08-08.05.48:574][123]LogPlayLevel: PIE: World Init took: (0.000763s)
[2017.06.08-08.05.48:574][123]LogPlayLevel: PIE: Created PIE world by copying editor world from /Game/Maps/DOOM_FanArt_EngineRoom_001.DOOM_FanArt_EngineRoom_001 to /Game/Maps/UEDPIE_0_DOOM_FanArt_EngineRoom_001.DOOM_FanArt_EngineRoom_001 (0.002146s)
[2017.06.08-08.05.48:585][123]LogInit: XAudio2 using 'SPDIF Interface (2- FiiO USB DAC-E10)' : 2 channels at 48 kHz using 16 bits per sample (channel mask 0x3)
[2017.06.08-08.05.48:588][123]LogInit: FAudioDevice initialized.
[2017.06.08-08.05.48:626][123]LogLoad: Game class is 'GameModeBase'
[2017.06.08-08.05.48:628][123]LogWorld: Bringing World /Game/Maps/UEDPIE_0_DOOM_FanArt_EngineRoom_001.DOOM_FanArt_EngineRoom_001 up for play (max tick rate 0) at 2017.06.08-02.05.48
[2017.06.08-08.05.48:628][123]LogWorld: Bringing up level for play took: 0.000885
[2017.06.08-08.05.48:661][123]LogContentBrowser: Native class hierarchy updated for 'MovieSceneCapture' in 0.0005 seconds. Added 11 classes and 0 folders.
[2017.06.08-08.05.48:662][123]PIE: Info Play in editor start time for /Game/Maps/UEDPIE_0_DOOM_FanArt_EngineRoom_001 -0.099
[2017.06.08-08.06.13:810][647]Cmd: MAP LOAD FILE="../../../../../../Users/AzurePC Intel/Documents/GitHub/Enviro_2/Enviro_2/Content/Maps/DOOM_FanArt_EngineRoom_001.umap" TEMPLATE=0 SHOWPROGRESS=1 FEATURELEVEL=3
[2017.06.08-08.06.13:811][647]LightingResults: New page: Lighting Build
[2017.06.08-08.06.13:812][647]LoadErrors: New page: Loading map: DOOM_FanArt_EngineRoom_001.umap
[2017.06.08-08.06.13:813][647]MapCheck: New page: Map Check
[2017.06.08-08.06.13:813][647]LightingResults: New page: Lighting Build
[2017.06.08-08.06.13:839][647]LogAIModule: Creating AISystem for world DOOM_FanArt_EngineRoom_001
[2017.06.08-08.06.13:841][647]LogEditorServer: Finished looking for orphan Actors (0.000 secs)
[2017.06.08-08.06.13:887][647]Cmd: MAP CHECKDEP NOCLEARLOG
[2017.06.08-08.06.13:924][647]MapCheck: Info Map check complete: 0 Error(s), 0 Warning(s), took 36.729ms to complete.
[2017.06.08-08.06.13:929][647]LogFileHelpers: Loading map 'DOOM_FanArt_EngineRoom_001' took 0.120
[2017.06.08-08.06.20:987][489]LogEditorActor: Deleted Actor: BP_Sky_Sphere_C
[2017.06.08-08.06.20:993][489]LogEditorActor: Deleted 1 Actors (0.006 secs)
[2017.06.08-08.06.21:730][578]Cmd: TRANSACTION UNDO
[2017.06.08-08.06.21:730][578]LogEditorTransaction: Undo Delete selection
[2017.06.08-08.06.25:380][ 11]LogEditorActor: Deleted Actor: PlayerStart
[2017.06.08-08.06.25:386][ 11]LogEditorActor: Deleted 1 Actors (0.006 secs)
[2017.06.08-08.06.29:927][382]LogEditorActor: Deleted 0 Actors (1.439 secs)
[2017.06.08-08.06.32:162][647]LogEditorActor: Deleted Actor: AtmosphericFog
[2017.06.08-08.06.32:169][647]LogEditorActor: Deleted 1 Actors (0.008 secs)
[2017.06.08-08.06.33:083][757]Cmd: TRANSACTION UNDO
[2017.06.08-08.06.33:083][757]LogEditorTransaction: Undo Delete selection
[2017.06.08-08.06.35:460][ 26]LogSavePackage: Save=19.79ms
[2017.06.08-08.06.35:460][ 26]LogSavePackage: Moving '../../../../../../Users/AzurePC Intel/Documents/GitHub/Enviro_2/Enviro_2/Saved/DOOM_FanArt_EngineRoom_001DDAD531B42480216005A9599DA7B287A.tmp' to '../../../../../../Users/AzurePC Intel/Documents/GitHub/Enviro_2/Enviro_2/Content/Maps/DOOM_FanArt_EngineRoom_001.umap'
[2017.06.08-08.06.35:463][ 26]LogSavePackage:Display: Finished SavePackage ../../../../../../Users/AzurePC Intel/Documents/GitHub/Enviro_2/Enviro_2/Content/Maps/DOOM_FanArt_EngineRoom_001.umap
[2017.06.08-08.06.35:499][ 26]LogFileHelpers: Saving map 'DOOM_FanArt_EngineRoom_001' took 0.107
[2017.06.08-08.06.37:686][273]LogEditorViewport: Clicking on Actor (LMB): BP_Sky_Sphere_C (Sky Sphere)
[2017.06.08-08.06.38:816][395]LogEditorViewport: Clicking on Actor (LMB): BP_Sky_Sphere_C (Sky Sphere)
[2017.06.08-08.06.39:821][505]LogEditorViewport: Clicking on Actor (LMB): BP_Sky_Sphere_C (Sky Sphere)
[2017.06.08-08.06.40:678][599]LogEditorViewport: Clicking on Actor (LMB): BP_Sky_Sphere_C (Sky Sphere)
[2017.06.08-08.06.40:824][615]LogEditorViewport: Clicking on Component (LMB): StaticMeshComponent (Sky Sphere mesh)
[2017.06.08-08.06.41:778][725]LogEditorViewport: Clicking on Component (LMB): StaticMeshComponent (Sky Sphere mesh)
[2017.06.08-08.06.46:082][847]LogFactory: FactoryCreateFile: StaticMesh with FbxFactory (0 0 C:\Users\AzurePC Intel\Desktop\test\test.FBX)
[2017.06.08-08.06.46:107][847]LogFbx: ItemName: GlobalSettings, ItemCount : 1
[2017.06.08-08.06.46:108][847]LogFbx: ItemName: AnimationStack, ItemCount : 1
[2017.06.08-08.06.46:108][847]LogFbx: ItemName: AnimationLayer, ItemCount : 1
[2017.06.08-08.06.46:108][847]LogFbx: ItemName: Model, ItemCount : 1
[2017.06.08-08.06.46:108][847]LogFbx: ItemName: Geometry, ItemCount : 1
[2017.06.08-08.06.46:108][847]LogFbx: ItemName: Material, ItemCount : 1
[2017.06.08-08.06.46:111][847]LogFbx: Loading FBX Scene from C:\Users\AzurePC Intel\Desktop\test\test.FBX
[2017.06.08-08.06.46:263][847]LogFbx: FBX Scene Loaded Succesfully
[2017.06.08-08.06.48:027][847]LogFbx: Loading FBX Scene from C:\Users\AzurePC Intel\Desktop\test\test.FBX
[2017.06.08-08.06.48:170][847]LogFbx: FBX Scene Loaded Succesfully
[2017.06.08-08.06.48:450][847]LogStaticMesh: Building static mesh test...
[2017.06.08-08.06.49:823][847]LogStaticMesh: Built static mesh [1.37s] /Game/Maps/test.test
[2017.06.08-08.06.52:396][ 18]LogActorFactory: Actor Factory created test
[2017.06.08-08.06.52:869][ 74]LogActorFactory: Actor Factory created test
[2017.06.08-08.06.59:044][719]Cmd: CAMERA ALIGN ACTIVEVIEWPORTONLY
[2017.06.08-08.07.03:948][284]LogEditorViewport: Clicking on Actor (context menu): StaticMeshActor (test)
[2017.06.08-08.07.09:868][978]LogEditorViewport: Clicking on Actor (CTRL LMB): PointLight (PointLight)
[2017.06.08-08.07.11:777][203]LogEditorViewport: Clicking on Actor (LMB): PointLight (PointLight1)
[2017.06.08-08.07.17:046][830]LogEditorViewport: Clicking on Actor (LMB): PointLight (PointLight)
[2017.06.08-08.07.28:340][104]LogEditorViewport: Clicking on Actor (LMB): StaticMeshActor (test)
[2017.06.08-08.07.28:879][164]LogEditorViewport: Clicking on Actor (LMB): PointLight (PointLight1)
[2017.06.08-08.07.42:059][696]LogEditorViewport: Clicking on Actor (context menu): StaticMeshActor (test)
[2017.06.08-08.07.54:454][145]LogEditorViewport: Clicking on Actor (LMB): StaticMeshActor (test)
[2017.06.08-08.07.56:856][426]Cmd: TRANSACTION UNDO
[2017.06.08-08.07.56:856][426]LogEditorTransaction: Undo Rotate Actors
[2017.06.08-08.07.57:600][506]LogEditorViewport: Clicking on Actor (LMB): DirectionalLight (DirectionalLight)
[2017.06.08-08.08.10:455][ 15]LogEditorViewport: Clicking on Actor (LMB): BP_Sky_Sphere_C (Sky Sphere)
[2017.06.08-08.08.10:831][ 46]LogEditorViewport: Clicking on Actor (LMB): StaticMeshActor (test)
[2017.06.08-08.08.21:383][173]LogEditorViewport: Clicking on Actor (context menu): StaticMeshActor (test)
[2017.06.08-08.10.00:664][ 83]LogRenderer: Reallocating scene render targets to support 1208x576 NumSamples 1 (Frame:1).
[2017.06.08-08.10.09:391][744]LogRenderer: Reallocating scene render targets to support 1208x580 NumSamples 1 (Frame:665).
[2017.06.08-08.10.09:549][747]LogRenderer: Reallocating scene render targets to support 1432x964 NumSamples 1 (Frame:670).
[2017.06.08-08.11.56:085][427]LogSavePackage: Save=23.49ms
[2017.06.08-08.11.56:085][427]LogSavePackage: Moving '../../../../../../Users/AzurePC Intel/Documents/GitHub/Enviro_2/Enviro_2/Saved/DOOM_FanArt_EngineRoom_001E1382DE340C2E262F46186BB7FD1B024.tmp' to '../../../../../../Users/AzurePC Intel/Documents/GitHub/Enviro_2/Enviro_2/Content/Maps/DOOM_FanArt_EngineRoom_001.umap'
[2017.06.08-08.11.56:088][427]LogSavePackage:Display: Finished SavePackage ../../../../../../Users/AzurePC Intel/Documents/GitHub/Enviro_2/Enviro_2/Content/Maps/DOOM_FanArt_EngineRoom_001.umap
[2017.06.08-08.11.56:109][427]LogFileHelpers: Saving map 'DOOM_FanArt_EngineRoom_001' took 0.096
[2017.06.08-08.11.56:121][427]Cmd: OBJ SAVEPACKAGE PACKAGE="/Game/Maps/test" FILE="../../../../../../Users/AzurePC Intel/Documents/GitHub/Enviro_2/Enviro_2/Content/Maps/test.uasset" SILENT=true
[2017.06.08-08.11.56:138][427]LogSavePackage: Save=15.61ms
[2017.06.08-08.11.56:138][427]LogSavePackage: Moving '../../../../../../Users/AzurePC Intel/Documents/GitHub/Enviro_2/Enviro_2/Saved/testFE3BAF5248DF824FC2CC90A07A989248.tmp' to '../../../../../../Users/AzurePC Intel/Documents/GitHub/Enviro_2/Enviro_2/Content/Maps/test.uasset'
[2017.06.08-08.11.56:140][427]LogSavePackage:Display: Finished SavePackage ../../../../../../Users/AzurePC Intel/Documents/GitHub/Enviro_2/Enviro_2/Content/Maps/test.uasset
[2017.06.08-08.11.59:184][788]LogEditorViewport: Clicking on Actor (context menu): StaticMeshActor (test)
[2017.06.08-08.12.27:766][ 73]LogSlate: Took 0.000180 seconds to synchronously load lazily loaded font '../../../Engine/Content/Editor/Slate/Fonts/Roboto-BoldCondensed.ttf' (158K)
[2017.06.08-08.12.35:886][968]Cmd: SELECT NONE
[2017.06.08-08.12.37:395][149]Cmd: SELECT NONE
[2017.06.08-08.12.40:343][484]LogEditorViewport: Clicking on Actor (LMB): CameraActor (CameraActor)
[2017.06.08-08.12.54:073][ 61]Cmd: TRANSACTION UNDO
[2017.06.08-08.12.54:073][ 61]LogEditorTransaction: Undo Move Actors
[2017.06.08-08.12.54:294][ 84]Cmd: TRANSACTION UNDO
[2017.06.08-08.12.54:294][ 84]LogEditorTransaction: Undo Move Actors
[2017.06.08-08.13.05:776][ 22]LogEditorViewport: Clicking on Actor (LMB): StaticMeshActor (test)
[2017.06.08-08.13.06:663][122]Cmd: TRANSACTION UNDO
[2017.06.08-08.13.06:663][122]LogEditorTransaction: Undo Clicking on Actors
[2017.06.08-08.13.19:213][597]LogSavePackage: Save=23.42ms
[2017.06.08-08.13.19:213][597]LogSavePackage: Moving '../../../../../../Users/AzurePC Intel/Documents/GitHub/Enviro_2/Enviro_2/Saved/DOOM_FanArt_EngineRoom_0012EEB180E417CF3C69A229E8F2720526D.tmp' to '../../../../../../Users/AzurePC Intel/Documents/GitHub/Enviro_2/Enviro_2/Content/Maps/DOOM_FanArt_EngineRoom_001.umap'
[2017.06.08-08.13.19:215][597]LogSavePackage:Display: Finished SavePackage ../../../../../../Users/AzurePC Intel/Documents/GitHub/Enviro_2/Enviro_2/Content/Maps/DOOM_FanArt_EngineRoom_001.umap
[2017.06.08-08.13.19:240][597]LogFileHelpers: Saving map 'DOOM_FanArt_EngineRoom_001' took 0.096
[2017.06.08-08.13.41:580][276]Cmd: SELECT NONE
[2017.06.08-08.13.49:471][172]Cmd: SELECT NONE
[2017.06.08-08.13.50:208][258]Cmd: SELECT NONE
[2017.06.08-08.13.52:535][532]Cmd: TRANSACTION UNDO
[2017.06.08-08.13.52:535][532]LogEditorTransaction: Undo Select None
[2017.06.08-08.13.53:137][576]Cmd: TRANSACTION UNDO
[2017.06.08-08.13.53:137][576]LogEditorTransaction: Undo Select None
[2017.06.08-08.13.53:537][624]Cmd: TRANSACTION UNDO
[2017.06.08-08.13.53:537][624]LogEditorTransaction: Undo Select None
[2017.06.08-08.13.56:885][ 15]LogEditorViewport: Clicking on Actor (LMB): StaticMeshActor (test)
[2017.06.08-08.13.57:201][ 44]Cmd: TRANSACTION UNDO
[2017.06.08-08.13.57:201][ 44]LogEditorTransaction: Undo Clicking on Actors
[2017.06.08-08.14.00:464][424]LogEditorViewport: Clicking on Actor (LMB): CameraActor (CameraActor)
[2017.06.08-08.14.00:735][454]Cmd: TRANSACTION UNDO
[2017.06.08-08.14.00:735][454]LogEditorTransaction: Undo Clicking on Actors
[2017.06.08-08.14.20:859][849]LogSavePackage: Save=23.87ms
[2017.06.08-08.14.20:859][849]LogSavePackage: Moving '../../../../../../Users/AzurePC Intel/Documents/GitHub/Enviro_2/Enviro_2/Saved/DOOM_FanArt_EngineRoom_001C1F890AC48D73E10C6D387BE38CD7EAA.tmp' to '../../../../../../Users/AzurePC Intel/Documents/GitHub/Enviro_2/Enviro_2/Content/Maps/DOOM_FanArt_EngineRoom_001.umap'
[2017.06.08-08.14.20:861][849]LogSavePackage:Display: Finished SavePackage ../../../../../../Users/AzurePC Intel/Documents/GitHub/Enviro_2/Enviro_2/Content/Maps/DOOM_FanArt_EngineRoom_001.umap
[2017.06.08-08.14.20:878][849]LogFileHelpers: Saving map 'DOOM_FanArt_EngineRoom_001' took 0.088
[2017.06.08-08.14.22:211][  1]LogSavePackage: Save=22.97ms
[2017.06.08-08.14.22:211][  1]LogSavePackage: Moving '../../../../../../Users/AzurePC Intel/Documents/GitHub/Enviro_2/Enviro_2/Saved/DOOM_FanArt_EngineRoom_001F0E608F646ACC5224B05D2936F23F488.tmp' to '../../../../../../Users/AzurePC Intel/Documents/GitHub/Enviro_2/Enviro_2/Content/Maps/DOOM_FanArt_EngineRoom_001.umap'
[2017.06.08-08.14.22:212][  1]LogSavePackage:Display: Finished SavePackage ../../../../../../Users/AzurePC Intel/Documents/GitHub/Enviro_2/Enviro_2/Content/Maps/DOOM_FanArt_EngineRoom_001.umap
[2017.06.08-08.14.22:464][ 21]LogSavePackage: Save=23.58ms
[2017.06.08-08.14.22:464][ 21]LogSavePackage: Moving '../../../../../../Users/AzurePC Intel/Documents/GitHub/Enviro_2/Enviro_2/Saved/DOOM_FanArt_EngineRoom_001743B6398447E0A3B69B8269185A4D4F9.tmp' to '../../../../../../Users/AzurePC Intel/Documents/GitHub/Enviro_2/Enviro_2/Content/Maps/DOOM_FanArt_EngineRoom_001.umap'
[2017.06.08-08.14.22:465][ 21]LogSavePackage:Display: Finished SavePackage ../../../../../../Users/AzurePC Intel/Documents/GitHub/Enviro_2/Enviro_2/Content/Maps/DOOM_FanArt_EngineRoom_001.umap
[2017.06.08-08.14.22:667][ 36]LogSavePackage: Save=23.28ms
[2017.06.08-08.14.22:667][ 36]LogSavePackage: Moving '../../../../../../Users/AzurePC Intel/Documents/GitHub/Enviro_2/Enviro_2/Saved/DOOM_FanArt_EngineRoom_0019E485AC246B79E15F6139291E69E9622.tmp' to '../../../../../../Users/AzurePC Intel/Documents/GitHub/Enviro_2/Enviro_2/Content/Maps/DOOM_FanArt_EngineRoom_001.umap'
[2017.06.08-08.14.22:668][ 36]LogSavePackage:Display: Finished SavePackage ../../../../../../Users/AzurePC Intel/Documents/GitHub/Enviro_2/Enviro_2/Content/Maps/DOOM_FanArt_EngineRoom_001.umap
[2017.06.08-08.14.22:869][ 51]LogSavePackage: Save=23.28ms
[2017.06.08-08.14.22:869][ 51]LogSavePackage: Moving '../../../../../../Users/AzurePC Intel/Documents/GitHub/Enviro_2/Enviro_2/Saved/DOOM_FanArt_EngineRoom_001EC4E23BD49822018066348BC50A5F3B1.tmp' to '../../../../../../Users/AzurePC Intel/Documents/GitHub/Enviro_2/Enviro_2/Content/Maps/DOOM_FanArt_EngineRoom_001.umap'
[2017.06.08-08.14.22:870][ 51]LogSavePackage:Display: Finished SavePackage ../../../../../../Users/AzurePC Intel/Documents/GitHub/Enviro_2/Enviro_2/Content/Maps/DOOM_FanArt_EngineRoom_001.umap
[2017.06.08-08.14.23:224][ 84]LogSavePackage: Save=23.63ms
[2017.06.08-08.14.23:225][ 84]LogSavePackage: Moving '../../../../../../Users/AzurePC Intel/Documents/GitHub/Enviro_2/Enviro_2/Saved/DOOM_FanArt_EngineRoom_001266851F94E9BB329651AE2BF6F11D69A.tmp' to '../../../../../../Users/AzurePC Intel/Documents/GitHub/Enviro_2/Enviro_2/Content/Maps/DOOM_FanArt_EngineRoom_001.umap'
[2017.06.08-08.14.23:225][ 84]LogSavePackage:Display: Finished SavePackage ../../../../../../Users/AzurePC Intel/Documents/GitHub/Enviro_2/Enviro_2/Content/Maps/DOOM_FanArt_EngineRoom_001.umap
[2017.06.08-08.14.32:202][110]LogEditorViewport: Clicking on Actor (LMB): StaticMeshActor (test)
[2017.06.08-08.14.47:721][437]Cmd: TRANSACTION UNDO
[2017.06.08-08.14.47:721][437]LogEditorTransaction: Undo Move Actors
[2017.06.08-08.14.49:477][637]Cmd: TRANSACTION UNDO
[2017.06.08-08.14.49:477][637]LogEditorTransaction: Undo Move Actors
[2017.06.08-08.15.07:154][693]LogSlate: Took 0.000157 seconds to synchronously load lazily loaded font '../../../Engine/Content/Editor/Slate/Fonts/Roboto-Italic.ttf' (157K)
[2017.06.08-08.15.16:659][824]Cmd: SELECT NONE
[2017.06.08-08.15.20:104][219]LogEditorViewport: Clicking on Actor (LMB): CameraActor (CameraActor)
[2017.06.08-08.15.26:128][895]LogSavePackage: Save=24.99ms
[2017.06.08-08.15.26:128][895]LogSavePackage: Moving '../../../../../../Users/AzurePC Intel/Documents/GitHub/Enviro_2/Enviro_2/Saved/DOOM_FanArt_EngineRoom_0019D7BBFDD4B83C1C3CA0CA7BB13186DEA.tmp' to '../../../../../../Users/AzurePC Intel/Documents/GitHub/Enviro_2/Enviro_2/Content/Maps/DOOM_FanArt_EngineRoom_001.umap'
[2017.06.08-08.15.26:130][895]LogSavePackage:Display: Finished SavePackage ../../../../../../Users/AzurePC Intel/Documents/GitHub/Enviro_2/Enviro_2/Content/Maps/DOOM_FanArt_EngineRoom_001.umap
[2017.06.08-08.15.26:147][895]LogFileHelpers: Saving map 'DOOM_FanArt_EngineRoom_001' took 0.091
[2017.06.08-08.15.38:095][259]Cmd: TRANSACTION UNDO
[2017.06.08-08.15.38:095][259]LogEditorTransaction: Undo Move Actors
[2017.06.08-08.15.55:933][349]LogSavePackage: Save=23.22ms
[2017.06.08-08.15.55:933][349]LogSavePackage: Moving '../../../../../../Users/AzurePC Intel/Documents/GitHub/Enviro_2/Enviro_2/Saved/DOOM_FanArt_EngineRoom_001C6522BC84BAC4D1FB6A62C9F64B0804B.tmp' to '../../../../../../Users/AzurePC Intel/Documents/GitHub/Enviro_2/Enviro_2/Content/Maps/DOOM_FanArt_EngineRoom_001.umap'
[2017.06.08-08.15.55:936][349]LogSavePackage:Display: Finished SavePackage ../../../../../../Users/AzurePC Intel/Documents/GitHub/Enviro_2/Enviro_2/Content/Maps/DOOM_FanArt_EngineRoom_001.umap
[2017.06.08-08.15.55:953][349]LogFileHelpers: Saving map 'DOOM_FanArt_EngineRoom_001' took 0.087
[2017.06.08-08.16.30:875][420]LogContentBrowser: Native class hierarchy updated for 'BlueprintGraph' in 0.0007 seconds. Added 112 classes and 0 folders.
[2017.06.08-08.19.19:347][291]LogSavePackage: Save=94.17ms
[2017.06.08-08.19.19:347][291]LogSavePackage: Moving '../../../../../../Users/AzurePC Intel/Documents/GitHub/Enviro_2/Enviro_2/Saved/DOOM_FanArt_EngineRoom_0018BDEA777406663EBCF0A999851CED38D.tmp' to '../../../../../../Users/AzurePC Intel/Documents/GitHub/Enviro_2/Enviro_2/Content/Maps/DOOM_FanArt_EngineRoom_001.umap'
[2017.06.08-08.19.19:350][291]LogSavePackage:Display: Finished SavePackage ../../../../../../Users/AzurePC Intel/Documents/GitHub/Enviro_2/Enviro_2/Content/Maps/DOOM_FanArt_EngineRoom_001.umap
[2017.06.08-08.19.19:376][291]LogFileHelpers: Saving map 'DOOM_FanArt_EngineRoom_001' took 0.186
[2017.06.08-08.19.20:023][368]BlueprintLog: New page: Compile DOOM_FanArt_EngineRoom_001
[2017.06.08-08.19.25:036][958]LogTemp: Repeting last play command: Selected Viewport
[2017.06.08-08.19.25:056][958]LogBlueprintUserMessages: Early PlayInEditor Detection: Level '/Game/Maps/DOOM_FanArt_EngineRoom_001.DOOM_FanArt_EngineRoom_001:PersistentLevel' has LevelScriptBlueprint '/Game/Maps/DOOM_FanArt_EngineRoom_001.DOOM_FanArt_EngineRoom_001:PersistentLevel.DOOM_FanArt_EngineRoom_001' with GeneratedClass '/Game/Maps/DOOM_FanArt_EngineRoom_001.DOOM_FanArt_EngineRoom_001_C' with ClassGeneratedBy '/Game/Maps/DOOM_FanArt_EngineRoom_001.DOOM_FanArt_EngineRoom_001:PersistentLevel.DOOM_FanArt_EngineRoom_001'
[2017.06.08-08.19.25:056][958]LogPlayLevel: PlayLevel: No blueprints needed recompiling
[2017.06.08-08.19.25:056][958]PIE: New page: PIE session: DOOM_FanArt_EngineRoom_001 (Jun 7, 2017, 8:19:25 PM)
[2017.06.08-08.19.25:056][958]LogPlayLevel: Creating play world package: /Game/Maps/UEDPIE_0_DOOM_FanArt_EngineRoom_001
[2017.06.08-08.19.25:057][958]LogPlayLevel: PIE: StaticDuplicateObject took: (0.001426s)
[2017.06.08-08.19.25:058][958]LogAIModule: Creating AISystem for world DOOM_FanArt_EngineRoom_001
[2017.06.08-08.19.25:058][958]LogPlayLevel: PIE: World Init took: (0.000538s)
[2017.06.08-08.19.25:058][958]LogPlayLevel: PIE: Created PIE world by copying editor world from /Game/Maps/DOOM_FanArt_EngineRoom_001.DOOM_FanArt_EngineRoom_001 to /Game/Maps/UEDPIE_0_DOOM_FanArt_EngineRoom_001.DOOM_FanArt_EngineRoom_001 (0.002133s)
[2017.06.08-08.19.25:102][958]LogInit: XAudio2 using 'SPDIF Interface (2- FiiO USB DAC-E10)' : 2 channels at 48 kHz using 16 bits per sample (channel mask 0x3)
[2017.06.08-08.19.25:106][958]LogInit: FAudioDevice initialized.
[2017.06.08-08.19.25:133][958]LogLoad: Game class is 'GameModeBase'
[2017.06.08-08.19.25:135][958]LogWorld: Bringing World /Game/Maps/UEDPIE_0_DOOM_FanArt_EngineRoom_001.DOOM_FanArt_EngineRoom_001 up for play (max tick rate 0) at 2017.06.08-02.19.25
[2017.06.08-08.19.25:135][958]LogWorld: Bringing up level for play took: 0.001326
[2017.06.08-08.19.25:136][958]PIE: Info Play in editor start time for /Game/Maps/UEDPIE_0_DOOM_FanArt_EngineRoom_001 0.376
[2017.06.08-08.19.25:136][958]LogBlueprintUserMessages: Late PlayInEditor Detection: Level '/Game/Maps/DOOM_FanArt_EngineRoom_001.DOOM_FanArt_EngineRoom_001:PersistentLevel' has LevelScriptBlueprint '/Game/Maps/DOOM_FanArt_EngineRoom_001.DOOM_FanArt_EngineRoom_001:PersistentLevel.DOOM_FanArt_EngineRoom_001' with GeneratedClass '/Game/Maps/DOOM_FanArt_EngineRoom_001.DOOM_FanArt_EngineRoom_001_C' with ClassGeneratedBy '/Game/Maps/DOOM_FanArt_EngineRoom_001.DOOM_FanArt_EngineRoom_001:PersistentLevel.DOOM_FanArt_EngineRoom_001'
[2017.06.08-08.19.26:525][124]LogBlueprintUserMessages: Early EndPlayMap Detection: Level '/Game/Maps/DOOM_FanArt_EngineRoom_001.DOOM_FanArt_EngineRoom_001:PersistentLevel' has LevelScriptBlueprint '/Game/Maps/DOOM_FanArt_EngineRoom_001.DOOM_FanArt_EngineRoom_001:PersistentLevel.DOOM_FanArt_EngineRoom_001' with GeneratedClass '/Game/Maps/DOOM_FanArt_EngineRoom_001.DOOM_FanArt_EngineRoom_001_C' with ClassGeneratedBy '/Game/Maps/DOOM_FanArt_EngineRoom_001.DOOM_FanArt_EngineRoom_001:PersistentLevel.DOOM_FanArt_EngineRoom_001'
[2017.06.08-08.19.26:588][124]LogBlueprintUserMessages: Late EndPlayMap Detection: Level '/Game/Maps/DOOM_FanArt_EngineRoom_001.DOOM_FanArt_EngineRoom_001:PersistentLevel' has LevelScriptBlueprint '/Game/Maps/DOOM_FanArt_EngineRoom_001.DOOM_FanArt_EngineRoom_001:PersistentLevel.DOOM_FanArt_EngineRoom_001' with GeneratedClass '/Game/Maps/DOOM_FanArt_EngineRoom_001.DOOM_FanArt_EngineRoom_001_C' with ClassGeneratedBy '/Game/Maps/DOOM_FanArt_EngineRoom_001.DOOM_FanArt_EngineRoom_001:PersistentLevel.DOOM_FanArt_EngineRoom_001'
[2017.06.08-08.19.39:372][221]LogSavePackage: Save=90.46ms
[2017.06.08-08.19.39:372][221]LogSavePackage: Moving '../../../../../../Users/AzurePC Intel/Documents/GitHub/Enviro_2/Enviro_2/Saved/DOOM_FanArt_EngineRoom_0012F578B7645C6DD883B53C1BA3010A59A.tmp' to '../../../../../../Users/AzurePC Intel/Documents/GitHub/Enviro_2/Enviro_2/Content/Maps/DOOM_FanArt_EngineRoom_001.umap'
[2017.06.08-08.19.39:374][221]LogSavePackage:Display: Finished SavePackage ../../../../../../Users/AzurePC Intel/Documents/GitHub/Enviro_2/Enviro_2/Content/Maps/DOOM_FanArt_EngineRoom_001.umap
[2017.06.08-08.19.39:392][221]LogFileHelpers: Saving map 'DOOM_FanArt_EngineRoom_001' took 0.161
[2017.06.08-08.19.42:348][573]LogTemp: Repeting last play command: Selected Viewport
[2017.06.08-08.19.42:360][573]LogBlueprintUserMessages: Early PlayInEditor Detection: Level '/Game/Maps/DOOM_FanArt_EngineRoom_001.DOOM_FanArt_EngineRoom_001:PersistentLevel' has LevelScriptBlueprint '/Game/Maps/DOOM_FanArt_EngineRoom_001.DOOM_FanArt_EngineRoom_001:PersistentLevel.DOOM_FanArt_EngineRoom_001' with GeneratedClass '/Game/Maps/DOOM_FanArt_EngineRoom_001.DOOM_FanArt_EngineRoom_001_C' with ClassGeneratedBy '/Game/Maps/DOOM_FanArt_EngineRoom_001.DOOM_FanArt_EngineRoom_001:PersistentLevel.DOOM_FanArt_EngineRoom_001'
[2017.06.08-08.19.42:360][573]LogPlayLevel: PlayLevel: No blueprints needed recompiling
[2017.06.08-08.19.42:360][573]PIE: New page: PIE session: DOOM_FanArt_EngineRoom_001 (Jun 7, 2017, 8:19:42 PM)
[2017.06.08-08.19.42:360][573]LogPlayLevel: Creating play world package: /Game/Maps/UEDPIE_0_DOOM_FanArt_EngineRoom_001
[2017.06.08-08.19.42:361][573]LogPlayLevel: PIE: StaticDuplicateObject took: (0.001510s)
[2017.06.08-08.19.42:362][573]LogAIModule: Creating AISystem for world DOOM_FanArt_EngineRoom_001
[2017.06.08-08.19.42:362][573]LogPlayLevel: PIE: World Init took: (0.000677s)
[2017.06.08-08.19.42:362][573]LogPlayLevel: PIE: Created PIE world by copying editor world from /Game/Maps/DOOM_FanArt_EngineRoom_001.DOOM_FanArt_EngineRoom_001 to /Game/Maps/UEDPIE_0_DOOM_FanArt_EngineRoom_001.DOOM_FanArt_EngineRoom_001 (0.002321s)
[2017.06.08-08.19.42:404][573]LogInit: XAudio2 using 'SPDIF Interface (2- FiiO USB DAC-E10)' : 2 channels at 48 kHz using 16 bits per sample (channel mask 0x3)
[2017.06.08-08.19.42:406][573]LogInit: FAudioDevice initialized.
[2017.06.08-08.19.42:434][573]LogLoad: Game class is 'GameModeBase'
[2017.06.08-08.19.42:436][573]LogWorld: Bringing World /Game/Maps/UEDPIE_0_DOOM_FanArt_EngineRoom_001.DOOM_FanArt_EngineRoom_001 up for play (max tick rate 0) at 2017.06.08-02.19.42
[2017.06.08-08.19.42:436][573]LogWorld: Bringing up level for play took: 0.000862
[2017.06.08-08.19.42:437][573]PIE: Info Play in editor start time for /Game/Maps/UEDPIE_0_DOOM_FanArt_EngineRoom_001 -0.324
[2017.06.08-08.19.42:437][573]LogBlueprintUserMessages: Late PlayInEditor Detection: Level '/Game/Maps/DOOM_FanArt_EngineRoom_001.DOOM_FanArt_EngineRoom_001:PersistentLevel' has LevelScriptBlueprint '/Game/Maps/DOOM_FanArt_EngineRoom_001.DOOM_FanArt_EngineRoom_001:PersistentLevel.DOOM_FanArt_EngineRoom_001' with GeneratedClass '/Game/Maps/DOOM_FanArt_EngineRoom_001.DOOM_FanArt_EngineRoom_001_C' with ClassGeneratedBy '/Game/Maps/DOOM_FanArt_EngineRoom_001.DOOM_FanArt_EngineRoom_001:PersistentLevel.DOOM_FanArt_EngineRoom_001'
[2017.06.08-08.19.45:558][947]LogBlueprintUserMessages: Early EndPlayMap Detection: Level '/Game/Maps/DOOM_FanArt_EngineRoom_001.DOOM_FanArt_EngineRoom_001:PersistentLevel' has LevelScriptBlueprint '/Game/Maps/DOOM_FanArt_EngineRoom_001.DOOM_FanArt_EngineRoom_001:PersistentLevel.DOOM_FanArt_EngineRoom_001' with GeneratedClass '/Game/Maps/DOOM_FanArt_EngineRoom_001.DOOM_FanArt_EngineRoom_001_C' with ClassGeneratedBy '/Game/Maps/DOOM_FanArt_EngineRoom_001.DOOM_FanArt_EngineRoom_001:PersistentLevel.DOOM_FanArt_EngineRoom_001'
[2017.06.08-08.19.45:620][947]LogBlueprintUserMessages: Late EndPlayMap Detection: Level '/Game/Maps/DOOM_FanArt_EngineRoom_001.DOOM_FanArt_EngineRoom_001:PersistentLevel' has LevelScriptBlueprint '/Game/Maps/DOOM_FanArt_EngineRoom_001.DOOM_FanArt_EngineRoom_001:PersistentLevel.DOOM_FanArt_EngineRoom_001' with GeneratedClass '/Game/Maps/DOOM_FanArt_EngineRoom_001.DOOM_FanArt_EngineRoom_001_C' with ClassGeneratedBy '/Game/Maps/DOOM_FanArt_EngineRoom_001.DOOM_FanArt_EngineRoom_001:PersistentLevel.DOOM_FanArt_EngineRoom_001'
[2017.06.08-08.19.50:409][480]LogSavePackage: Save=88.71ms
[2017.06.08-08.19.50:409][480]LogSavePackage: Moving '../../../../../../Users/AzurePC Intel/Documents/GitHub/Enviro_2/Enviro_2/Saved/DOOM_FanArt_EngineRoom_0015AFA2B124AC4C00DD0BD7FAB7F1E0BC6.tmp' to '../../../../../../Users/AzurePC Intel/Documents/GitHub/Enviro_2/Enviro_2/Content/Maps/DOOM_FanArt_EngineRoom_001.umap'
[2017.06.08-08.19.50:410][480]LogSavePackage:Display: Finished SavePackage ../../../../../../Users/AzurePC Intel/Documents/GitHub/Enviro_2/Enviro_2/Content/Maps/DOOM_FanArt_EngineRoom_001.umap
[2017.06.08-08.19.55:477][ 38]Cmd: QUIT_EDITOR
[2017.06.08-08.19.56:217][ 38]LogWindowsTextInputMethodSystem:Display: IME system now deactivated.
[2017.06.08-08.19.56:228][ 38]LogExit: Preparing to exit.
[2017.06.08-08.19.56:382][ 38]LogDirectoryWatcher: A directory notification for 'C:/Users/AzurePC Intel/Documents/GitHub/Enviro_2/Enviro_2/Content/' was aborted.
[2017.06.08-08.19.56:401][ 38]LogExit: Editor shut down
[2017.06.08-08.19.56:409][ 38]LogExit: Transaction tracking system shut down
[2017.06.08-08.19.56:502][ 38]LogObj: Freed 0b from 0 cluster array pools.
[2017.06.08-08.19.56:502][ 38]LogExit: Object subsystem successfully closed.
[2017.06.08-08.19.56:518][ 38]LogD3D11RHI: Shutdown
[2017.06.08-08.19.56:518][ 38]LogD3D11RHI: CleanupD3DDevice
[2017.06.08-08.19.56:611][ 38]LogD3D11RHI: ~FD3D11DynamicRHI
[2017.06.08-08.19.56:621][ 38]LogModuleManager: Shutting down and abandoning module BlueprintGraph (538)
[2017.06.08-08.19.56:621][ 38]LogModuleManager: Shutting down and abandoning module BlueprintProfiler (536)
[2017.06.08-08.19.56:621][ 38]LogModuleManager: Shutting down and abandoning module StaticMeshEditor (534)
[2017.06.08-08.19.56:621][ 38]LogModuleManager: Shutting down and abandoning module HierarchicalLODUtilities (532)
[2017.06.08-08.19.56:621][ 38]LogModuleManager: Shutting down and abandoning module MovieSceneCapture (530)
[2017.06.08-08.19.56:621][ 38]LogModuleManager: Shutting down and abandoning module HierarchicalLODOutliner (528)
[2017.06.08-08.19.56:621][ 38]LogModuleManager: Shutting down and abandoning module CrashTracker (526)
[2017.06.08-08.19.56:621][ 38]LogModuleManager: Shutting down and abandoning module SceneOutliner (524)
[2017.06.08-08.19.56:621][ 38]LogModuleManager: Shutting down and abandoning module AddContentDialog (522)
[2017.06.08-08.19.56:621][ 38]LogDirectoryWatcher: A directory notification for 'C:/Program Files/Epic Games/UE_4.16/FeaturePacks/' was aborted.
[2017.06.08-08.19.56:622][ 38]LogModuleManager: Shutting down and abandoning module WidgetCarousel (521)
[2017.06.08-08.19.56:622][ 38]LogModuleManager: Shutting down and abandoning module EditorWidgets (518)
[2017.06.08-08.19.56:622][ 38]LogModuleManager: Shutting down and abandoning module CollectionManager (516)
[2017.06.08-08.19.56:622][ 38]LogDirectoryWatcher: A directory notification for 'C:/Users/AzurePC Intel/Documents/GitHub/Enviro_2/Enviro_2/Content/Collections/' was aborted.
[2017.06.08-08.19.56:622][ 38]LogDirectoryWatcher: A directory notification for 'C:/Users/AzurePC Intel/Documents/GitHub/Enviro_2/Enviro_2/Content/Developers/AzurePCIntel/Collections/' was aborted.
[2017.06.08-08.19.56:622][ 38]LogDirectoryWatcher: A directory notification for 'C:/Users/AzurePC Intel/Documents/GitHub/Enviro_2/Enviro_2/Saved/Collections/' was aborted.
[2017.06.08-08.19.56:622][ 38]LogModuleManager: Shutting down and abandoning module StatsViewer (514)
[2017.06.08-08.19.56:622][ 38]LogModuleManager: Shutting down and abandoning module FoliageEdit (512)
[2017.06.08-08.19.56:622][ 38]LogModuleManager: Shutting down and abandoning module LandscapeEditor (510)
[2017.06.08-08.19.56:622][ 38]LogModuleManager: Shutting down and abandoning module MeshPaintMode (508)
[2017.06.08-08.19.56:622][ 38]LogModuleManager: Shutting down and abandoning module SceneDepthPickerMode (506)
[2017.06.08-08.19.56:622][ 38]LogModuleManager: Shutting down and abandoning module ActorPickerMode (504)
[2017.06.08-08.19.56:622][ 38]LogModuleManager: Shutting down and abandoning module GeometryMode (502)
[2017.06.08-08.19.56:622][ 38]LogModuleManager: Shutting down and abandoning module TextureAlignMode (500)
[2017.06.08-08.19.56:622][ 38]LogModuleManager: Shutting down and abandoning module BspMode (498)
[2017.06.08-08.19.56:622][ 38]LogModuleManager: Shutting down and abandoning module HardwareSurvey (496)
[2017.06.08-08.19.56:622][ 38]LogModuleManager: Shutting down and abandoning module SequenceRecorderSections (494)
[2017.06.08-08.19.56:622][ 38]LogModuleManager: Shutting down and abandoning module AutomationWorker (492)
[2017.06.08-08.19.56:622][ 38]LogModuleManager: Shutting down and abandoning module MatineeToLevelSequence (490)
[2017.06.08-08.19.56:622][ 38]LogModuleManager: Shutting down and abandoning module LevelSequenceEditor (488)
[2017.06.08-08.19.56:622][ 38]LogModuleManager: Shutting down and abandoning module PlacementMode (487)
[2017.06.08-08.19.56:622][ 38]LogModuleManager: Shutting down and abandoning module WmfMediaFactory (484)
[2017.06.08-08.19.56:622][ 38]LogModuleManager: Shutting down and abandoning module WmfMediaEditor (482)
[2017.06.08-08.19.56:622][ 38]LogModuleManager: Shutting down and abandoning module AvfMediaFactory (480)
[2017.06.08-08.19.56:622][ 38]LogModuleManager: Shutting down and abandoning module AvfMediaEditor (478)
[2017.06.08-08.19.56:622][ 38]LogModuleManager: Shutting down and abandoning module AndroidMediaFactory (476)
[2017.06.08-08.19.56:622][ 38]LogModuleManager: Shutting down and abandoning module Media (475)
[2017.06.08-08.19.56:622][ 38]LogModuleManager: Shutting down and abandoning module AndroidMediaEditor (472)
[2017.06.08-08.19.56:622][ 38]LogModuleManager: Shutting down and abandoning module CharacterAI (470)
[2017.06.08-08.19.56:622][ 38]LogModuleManager: Shutting down and abandoning module AudioCapture (468)
[2017.06.08-08.19.56:622][ 38]LogModuleManager: Shutting down and abandoning module SequenceRecorder (467)
[2017.06.08-08.19.56:622][ 38]LogModuleManager: Shutting down and abandoning module SmartSnapping (464)
[2017.06.08-08.19.56:622][ 38]LogModuleManager: Shutting down and abandoning module SessionServices (462)
[2017.06.08-08.19.56:622][ 38]LogModuleManager: Shutting down and abandoning module ViewportSnapping (460)
[2017.06.08-08.19.56:622][ 38]LogModuleManager: Shutting down and abandoning module ViewportInteraction (458)
[2017.06.08-08.19.56:622][ 38]LogModuleManager: Shutting down and abandoning module ClothPainter (456)
[2017.06.08-08.19.56:622][ 38]LogModuleManager: Shutting down and abandoning module LogVisualizer (454)
[2017.06.08-08.19.56:622][ 38]LogModuleManager: Shutting down and abandoning module IntroTutorials (452)
[2017.06.08-08.19.56:622][ 38]LogModuleManager: Shutting down and abandoning module GameProjectGeneration (451)
[2017.06.08-08.19.56:622][ 38]LogModuleManager: Shutting down and abandoning module EditorLiveStreaming (448)
[2017.06.08-08.19.56:623][ 38]LogModuleManager: Shutting down and abandoning module IOSPlatformEditor (446)
[2017.06.08-08.19.56:623][ 38]LogModuleManager: Shutting down and abandoning module HTML5PlatformEditor (444)
[2017.06.08-08.19.56:623][ 38]LogModuleManager: Shutting down and abandoning module AndroidPlatformEditor (442)
[2017.06.08-08.19.56:623][ 38]LogModuleManager: Shutting down and abandoning module AndroidDeviceDetection (441)
[2017.06.08-08.19.56:890][ 38]LogModuleManager: Shutting down and abandoning module IOSRuntimeSettings (438)
[2017.06.08-08.19.56:890][ 38]LogModuleManager: Shutting down and abandoning module AndroidRuntimeSettings (436)
[2017.06.08-08.19.56:890][ 38]LogModuleManager: Shutting down and abandoning module InputBindingEditor (434)
[2017.06.08-08.19.56:890][ 38]LogModuleManager: Shutting down and abandoning module MergeActors (432)
[2017.06.08-08.19.56:890][ 38]LogModuleManager: Shutting down and abandoning module SizeMap (430)
[2017.06.08-08.19.56:890][ 38]LogModuleManager: Shutting down and abandoning module TreeMap (428)
[2017.06.08-08.19.56:890][ 38]LogModuleManager: Shutting down and abandoning module ReferenceViewer (426)
[2017.06.08-08.19.56:890][ 38]LogModuleManager: Shutting down and abandoning module LocalizationDashboard (424)
[2017.06.08-08.19.56:890][ 38]LogModuleManager: Shutting down and abandoning module LocalizationService (423)
[2017.06.08-08.19.56:890][ 38]LogModuleManager: Shutting down and abandoning module HardwareTargeting (420)
[2017.06.08-08.19.56:890][ 38]LogModuleManager: Shutting down and abandoning module DeviceProfileEditor (418)
[2017.06.08-08.19.56:890][ 38]LogModuleManager: Shutting down and abandoning module UndoHistory (416)
[2017.06.08-08.19.56:890][ 38]LogModuleManager: Shutting down and abandoning module UserFeedback (414)
[2017.06.08-08.19.56:890][ 38]LogModuleManager: Shutting down and abandoning module XmlParser (412)
[2017.06.08-08.19.56:890][ 38]LogModuleManager: Shutting down and abandoning module Blutility (410)
[2017.06.08-08.19.56:890][ 38]LogModuleManager: Shutting down and abandoning module ProjectSettingsViewer (408)
[2017.06.08-08.19.56:890][ 38]LogModuleManager: Shutting down and abandoning module ProjectTargetPlatformEditor (407)
[2017.06.08-08.19.56:890][ 38]LogModuleManager: Shutting down and abandoning module EditorSettingsViewer (404)
[2017.06.08-08.19.56:890][ 38]LogModuleManager: Shutting down and abandoning module SettingsEditor (402)
[2017.06.08-08.19.56:890][ 38]LogModuleManager: Shutting down and abandoning module ProjectLauncher (400)
[2017.06.08-08.19.56:890][ 38]LogModuleManager: Shutting down and abandoning module SessionFrontend (398)
[2017.06.08-08.19.56:890][ 38]LogModuleManager: Shutting down and abandoning module ProfilerClient (396)
[2017.06.08-08.19.56:890][ 38]LogModuleManager: Shutting down and abandoning module DeviceManager (394)
[2017.06.08-08.19.56:890][ 38]LogModuleManager: Shutting down and abandoning module TargetDeviceServices (393)
[2017.06.08-08.19.56:956][ 38]LogModuleManager: Shutting down and abandoning module AutomationController (390)
[2017.06.08-08.19.56:956][ 38]LogModuleManager: Shutting down and abandoning module AutomationWindow (388)
[2017.06.08-08.19.56:956][ 38]LogModuleManager: Shutting down and abandoning module Layers (386)
[2017.06.08-08.19.56:956][ 38]LogModuleManager: Shutting down and abandoning module ComponentVisualizers (384)
[2017.06.08-08.19.56:956][ 38]LogModuleManager: Shutting down and abandoning module DetailCustomizations (382)
[2017.06.08-08.19.56:956][ 38]LogModuleManager: Shutting down and abandoning module PackagesDialog (380)
[2017.06.08-08.19.56:956][ 38]LogModuleManager: Shutting down and abandoning module Persona (378)
[2017.06.08-08.19.56:956][ 38]LogModuleManager: Shutting down and abandoning module AdvancedPreviewScene (377)
[2017.06.08-08.19.56:956][ 38]LogModuleManager: Shutting down and abandoning module AnimGraph (375)
[2017.06.08-08.19.56:956][ 38]LogModuleManager: Shutting down and abandoning module Kismet (372)
[2017.06.08-08.19.56:960][ 38]LogModuleManager: Shutting down and abandoning module ClassViewer (370)
[2017.06.08-08.19.56:960][ 38]LogModuleManager: Shutting down and abandoning module Toolbox (368)
[2017.06.08-08.19.56:960][ 38]LogModuleManager: Shutting down and abandoning module ModuleUI (366)
[2017.06.08-08.19.56:960][ 38]LogModuleManager: Shutting down and abandoning module MovieSceneTools (364)
[2017.06.08-08.19.56:960][ 38]LogModuleManager: Shutting down and abandoning module OutputLog (362)
[2017.06.08-08.19.56:960][ 38]LogModuleManager: Shutting down and abandoning module GammaUI (360)
[2017.06.08-08.19.56:960][ 38]LogModuleManager: Shutting down and abandoning module Documentation (358)
[2017.06.08-08.19.56:960][ 38]LogModuleManager: Shutting down and abandoning module MovieSceneTracks (356)
[2017.06.08-08.19.56:960][ 38]LogModuleManager: Shutting down and abandoning module MovieScene (354)
[2017.06.08-08.19.56:960][ 38]LogModuleManager: Shutting down and abandoning module Niagara (352)
[2017.06.08-08.19.56:960][ 38]LogModuleManager: Shutting down and abandoning module NiagaraEditor (351)
[2017.06.08-08.19.56:960][ 38]LogModuleManager: Shutting down and abandoning module StreamingPauseRendering (348)
[2017.06.08-08.19.56:960][ 38]LogModuleManager: Shutting down and abandoning module AnalyticsET (346)
[2017.06.08-08.19.56:960][ 38]LogModuleManager: Shutting down and abandoning module PortalServices (344)
[2017.06.08-08.19.56:960][ 38]LogModuleManager: Shutting down and abandoning module PortalRpc (342)
[2017.06.08-08.19.56:960][ 38]LogModuleManager: Shutting down and abandoning module MessagingRpc (340)
[2017.06.08-08.19.56:960][ 38]LogModuleManager: Shutting down and abandoning module AIModule (338)
[2017.06.08-08.19.56:960][ 38]LogModuleManager: Shutting down and abandoning module GameplayDebugger (337)
[2017.06.08-08.19.56:960][ 38]LogModuleManager: Shutting down and abandoning module AITestSuite (335)
[2017.06.08-08.19.56:960][ 38]LogModuleManager: Shutting down and abandoning module ProfilerService (332)
[2017.06.08-08.19.57:149][ 38]LogModuleManager: Shutting down and abandoning module TaskGraph (330)
[2017.06.08-08.19.57:149][ 38]LogModuleManager: Shutting down and abandoning module SubstanceEditor (328)
[2017.06.08-08.19.57:149][ 38]LogModuleManager: Shutting down and abandoning module SteamVRController (326)
[2017.06.08-08.19.57:149][ 38]LogModuleManager: Shutting down and abandoning module SteamVR (324)
[2017.06.08-08.19.57:149][ 38]LogModuleManager: Shutting down and abandoning module ProceduralMeshComponentEditor (322)
[2017.06.08-08.19.57:149][ 38]LogModuleManager: Shutting down and abandoning module ProceduralMeshComponent (320)
[2017.06.08-08.19.57:149][ 38]LogModuleManager: Shutting down and abandoning module OculusLibrary (318)
[2017.06.08-08.19.57:149][ 38]LogModuleManager: Shutting down and abandoning module OculusInput (316)
[2017.06.08-08.19.57:149][ 38]LogModuleManager: Shutting down and abandoning module MobilePatchingUtils (314)
[2017.06.08-08.19.57:149][ 38]LogModuleManager: Shutting down and abandoning module CustomMeshComponent (312)
[2017.06.08-08.19.57:149][ 38]LogModuleManager: Shutting down and abandoning module CableComponent (310)
[2017.06.08-08.19.57:149][ 38]LogModuleManager: Shutting down and abandoning module ArchVisCharacter (308)
[2017.06.08-08.19.57:149][ 38]LogModuleManager: Shutting down and abandoning module AndroidPermission (306)
[2017.06.08-08.19.57:149][ 38]LogModuleManager: Shutting down and abandoning module MediaPlayerEditor (302)
[2017.06.08-08.19.57:149][ 38]LogModuleManager: Shutting down and abandoning module HTML5Networking (300)
[2017.06.08-08.19.57:149][ 38]LogModuleManager: Shutting down and abandoning module AlembicImporter (298)
[2017.06.08-08.19.57:149][ 38]LogModuleManager: Shutting down and abandoning module AlembicLibrary (297)
[2017.06.08-08.19.57:149][ 38]LogModuleManager: Shutting down and abandoning module GeometryCache (296)
[2017.06.08-08.19.57:149][ 38]LogModuleManager: Shutting down and abandoning module GeometryCacheEd (295)
[2017.06.08-08.19.57:149][ 38]LogModuleManager: Shutting down and abandoning module SuperSearchEditor (290)
[2017.06.08-08.19.57:149][ 38]LogModuleManager: Shutting down and abandoning module SuperSearch (289)
[2017.06.08-08.19.57:149][ 38]LogModuleManager: Shutting down and abandoning module SpeedTreeImporter (286)
[2017.06.08-08.19.57:149][ 38]LogModuleManager: Shutting down and abandoning module PluginBrowser (284)
[2017.06.08-08.19.57:149][ 38]LogModuleManager: Shutting down and abandoning module MobileLauncherProfileWizard (282)
[2017.06.08-08.19.57:149][ 38]LogModuleManager: Shutting down and abandoning module VisualStudioSourceCodeAccess (280)
[2017.06.08-08.19.57:149][ 38]LogModuleManager: Shutting down and abandoning module DesktopPlatform (279)
[2017.06.08-08.19.57:149][ 38]LogModuleManager: Shutting down and abandoning module UObjectPlugin (276)
[2017.06.08-08.19.57:149][ 38]LogModuleManager: Shutting down and abandoning module SubversionSourceControl (274)
[2017.06.08-08.19.57:149][ 38]LogModuleManager: Shutting down and abandoning module PerforceSourceControl (272)
[2017.06.08-08.19.57:149][ 38]LogModuleManager: Shutting down and abandoning module GitSourceControl (270)
[2017.06.08-08.19.57:149][ 38]LogModuleManager: Shutting down and abandoning module SourceControl (269)
[2017.06.08-08.19.57:149][ 38]LogModuleManager: Shutting down and abandoning module LightPropagationVolumeEditor (266)
[2017.06.08-08.19.57:149][ 38]LogModuleManager: Shutting down and abandoning module PaperTiledImporter (264)
[2017.06.08-08.19.57:149][ 38]LogModuleManager: Shutting down and abandoning module PaperSpriteSheetImporter (262)
[2017.06.08-08.19.57:149][ 38]LogModuleManager: Shutting down and abandoning module Paper2DEditor (260)
[2017.06.08-08.19.57:149][ 38]LogModuleManager: Shutting down and abandoning module MeshPaint (259)
[2017.06.08-08.19.57:149][ 38]LogModuleManager: Shutting down and abandoning module LevelEditor (257)
[2017.06.08-08.19.57:150][ 38]LogModuleManager: Shutting down and abandoning module PixelInspectorModule (256)
[2017.06.08-08.19.57:150][ 38]LogModuleManager: Shutting down and abandoning module MainFrame (254)
[2017.06.08-08.19.57:150][ 38]LogModuleManager: Shutting down and abandoning module HotReload (253)
[2017.06.08-08.19.57:150][ 38]LogModuleManager: Shutting down and abandoning module PhysXVehiclesEditor (248)
[2017.06.08-08.19.57:150][ 38]LogModuleManager: Shutting down and abandoning module PhysXVehicles (246)
[2017.06.08-08.19.57:150][ 38]LogModuleManager: Shutting down and abandoning module LocationServicesBPLibrary (244)
[2017.06.08-08.19.57:150][ 38]LogModuleManager: Shutting down and abandoning module ImmediatePhysicsEditor (242)
[2017.06.08-08.19.57:150][ 38]LogModuleManager: Shutting down and abandoning module ImmediatePhysics (240)
[2017.06.08-08.19.57:150][ 38]LogModuleManager: Shutting down and abandoning module UdpMessaging (238)
[2017.06.08-08.19.57:251][ 38]LogModuleManager: Shutting down and abandoning module TcpMessaging (236)
[2017.06.08-08.19.57:368][ 38]LogModuleManager: Shutting down and abandoning module SubstanceCore (234)
[2017.06.08-08.19.57:368][ 38]LogModuleManager: Shutting down and abandoning module GameplayTagsEditor (232)
[2017.06.08-08.19.57:368][ 38]LogModuleManager: Shutting down and abandoning module FacialAnimationEditor (230)
[2017.06.08-08.19.57:368][ 38]LogModuleManager: Shutting down and abandoning module FacialAnimation (228)
[2017.06.08-08.19.57:368][ 38]LogModuleManager: Shutting down and abandoning module AssetManagerEditor (226)
[2017.06.08-08.19.57:368][ 38]LogModuleManager: Shutting down and abandoning module GraphEditor (225)
[2017.06.08-08.19.57:368][ 38]LogModuleManager: Shutting down and abandoning module ContentBrowser (223)
[2017.06.08-08.19.57:369][ 38]LogModuleManager: Shutting down and abandoning module LightPropagationVolumeRuntime (220)
[2017.06.08-08.19.57:369][ 38]LogModuleManager: Shutting down and abandoning module Paper2D (218)
[2017.06.08-08.19.57:369][ 38]LogModuleManager: Shutting down and abandoning module WindowsMoviePlayer (216)
[2017.06.08-08.19.57:369][ 38]LogModuleManager: Shutting down and abandoning module WmfMedia (214)
[2017.06.08-08.19.57:369][ 38]LogModuleManager: Shutting down and abandoning module ClothingSystemEditor (212)
[2017.06.08-08.19.57:369][ 38]LogModuleManager: Shutting down and abandoning module ClothingSystemRuntime (210)
[2017.06.08-08.19.57:369][ 38]LogModuleManager: Shutting down and abandoning module MediaAssets (208)
[2017.06.08-08.19.57:369][ 38]LogModuleManager: Shutting down and abandoning module GameLiveStreaming (206)
[2017.06.08-08.19.57:369][ 38]LogModuleManager: Shutting down and abandoning module VREditor (204)
[2017.06.08-08.19.57:369][ 38]LogModuleManager: Shutting down and abandoning module StringTableEditor (202)
[2017.06.08-08.19.57:369][ 38]LogModuleManager: Shutting down and abandoning module GameplayTasksEditor (200)
[2017.06.08-08.19.57:369][ 38]LogModuleManager: Shutting down and abandoning module BehaviorTreeEditor (198)
[2017.06.08-08.19.57:369][ 38]LogModuleManager: Shutting down and abandoning module FunctionalTesting (196)
[2017.06.08-08.19.57:369][ 38]LogModuleManager: Shutting down and abandoning module CollisionAnalyzer (194)
[2017.06.08-08.19.57:369][ 38]LogModuleManager: Shutting down and abandoning module UMG (192)
[2017.06.08-08.19.57:369][ 38]LogModuleManager: Shutting down and abandoning module UMGEditor (191)
[2017.06.08-08.19.57:369][ 38]LogModuleManager: Shutting down and abandoning module Sequencer (190)
[2017.06.08-08.19.57:369][ 38]LogModuleManager: Shutting down and abandoning module AssetTools (188)
[2017.06.08-08.19.57:369][ 38]LogModuleManager: Shutting down and abandoning module MessageLog (187)
[2017.06.08-08.19.57:369][ 38]LogModuleManager: Shutting down and abandoning module WorkspaceMenuStructure (186)
[2017.06.08-08.19.57:369][ 38]LogModuleManager: Shutting down and abandoning module SlateReflector (180)
[2017.06.08-08.19.57:369][ 38]LogModuleManager: Shutting down and abandoning module Slate (178)
[2017.06.08-08.19.57:369][ 38]LogModuleManager: Shutting down and abandoning module EditorStyle (176)
[2017.06.08-08.19.57:371][ 38]LogModuleManager: Shutting down and abandoning module SourceCodeAccess (174)
[2017.06.08-08.19.57:371][ 38]LogModuleManager: Shutting down and abandoning module HeadMountedDisplay (172)
[2017.06.08-08.19.57:371][ 38]LogModuleManager: Shutting down and abandoning module XAudio2 (170)
[2017.06.08-08.19.57:371][ 38]LogModuleManager: Shutting down and abandoning module Networking (168)
[2017.06.08-08.19.57:371][ 38]LogModuleManager: Shutting down and abandoning module Core (164)
[2017.06.08-08.19.57:371][ 38]LogModuleManager: Shutting down and abandoning module AssetRegistry (162)
[2017.06.08-08.19.57:466][ 38]LogDirectoryWatcher: A directory notification for '../../../Engine/Content/' was aborted.
[2017.06.08-08.19.57:466][ 38]LogDirectoryWatcher: A directory notification for '../../../../../../Users/AzurePC Intel/Documents/GitHub/Enviro_2/Enviro_2/Content/' was aborted.
[2017.06.08-08.19.57:466][ 38]LogDirectoryWatcher: A directory notification for '../../../Engine/Plugins/2D/Paper2D/Content/' was aborted.
[2017.06.08-08.19.57:466][ 38]LogDirectoryWatcher: A directory notification for '../../../Engine/Plugins/Runtime/GearVR/Content/' was aborted.
[2017.06.08-08.19.57:468][ 38]LogModuleManager: Shutting down and abandoning module DirectoryWatcher (161)
[2017.06.08-08.19.57:469][ 38]LogModuleManager: Shutting down and abandoning module KismetCompiler (158)
[2017.06.08-08.19.57:469][ 38]LogModuleManager: Shutting down and abandoning module LevelSequence (156)
[2017.06.08-08.19.57:469][ 38]LogModuleManager: Shutting down and abandoning module PhysXFormats (154)
[2017.06.08-08.19.57:469][ 38]LogModuleManager: Shutting down and abandoning module MeshUtilities (152)
[2017.06.08-08.19.57:469][ 38]LogModuleManager: Shutting down and abandoning module SimplygonSwarm (151)
[2017.06.08-08.19.57:469][ 38]LogModuleManager: Shutting down and abandoning module SimplygonMeshReduction (149)
[2017.06.08-08.19.57:469][ 38]LogModuleManager: Shutting down and abandoning module QuadricMeshReduction (147)
[2017.06.08-08.19.57:469][ 38]LogModuleManager: Shutting down and abandoning module DerivedDataCache (144)
[2017.06.08-08.19.57:481][ 38]LogDerivedDataCache: Shutdown
[2017.06.08-08.19.57:481][ 38]LogModuleManager: Shutting down and abandoning module TargetPlatform (142)
[2017.06.08-08.19.57:481][ 38]LogModuleManager: Shutting down and abandoning module VulkanShaderFormat (141)
[2017.06.08-08.19.57:481][ 38]LogModuleManager: Shutting down and abandoning module ShaderFormatVectorVM (139)
[2017.06.08-08.19.57:481][ 38]LogModuleManager: Shutting down and abandoning module ShaderFormatOpenGL (137)
[2017.06.08-08.19.57:481][ 38]LogModuleManager: Shutting down and abandoning module ShaderFormatD3D (135)
[2017.06.08-08.19.57:481][ 38]LogModuleManager: Shutting down and abandoning module MetalShaderFormat (133)
[2017.06.08-08.19.57:481][ 38]LogModuleManager: Shutting down and abandoning module TextureFormatUncompressed (131)
[2017.06.08-08.19.57:481][ 38]LogModuleManager: Shutting down and abandoning module TextureFormatPVR (129)
[2017.06.08-08.19.57:481][ 38]LogModuleManager: Shutting down and abandoning module TextureFormatDXT (127)
[2017.06.08-08.19.57:481][ 38]LogModuleManager: Shutting down and abandoning module TextureFormatIntelISPCTexComp (125)
[2017.06.08-08.19.57:481][ 38]LogModuleManager: Shutting down and abandoning module TextureFormatASTC (123)
[2017.06.08-08.19.57:481][ 38]LogModuleManager: Shutting down and abandoning module ImageWrapper (122)
[2017.06.08-08.19.57:481][ 38]LogModuleManager: Shutting down and abandoning module TextureFormatAndroid (119)
[2017.06.08-08.19.57:481][ 38]LogModuleManager: Shutting down and abandoning module AudioFormatOpus (117)
[2017.06.08-08.19.57:481][ 38]LogModuleManager: Shutting down and abandoning module AudioFormatOgg (115)
[2017.06.08-08.19.57:481][ 38]LogModuleManager: Shutting down and abandoning module AudioFormatADPCM (113)
[2017.06.08-08.19.57:481][ 38]LogModuleManager: Shutting down and abandoning module LinuxTargetPlatform (111)
[2017.06.08-08.19.57:481][ 38]LogModuleManager: Shutting down and abandoning module LinuxServerTargetPlatform (109)
[2017.06.08-08.19.57:481][ 38]LogModuleManager: Shutting down and abandoning module LinuxNoEditorTargetPlatform (107)
[2017.06.08-08.19.57:481][ 38]LogModuleManager: Shutting down and abandoning module LinuxClientTargetPlatform (105)
[2017.06.08-08.19.57:481][ 38]LogModuleManager: Shutting down and abandoning module TVOSTargetPlatform (103)
[2017.06.08-08.19.57:481][ 38]LogModuleManager: Shutting down and abandoning module Messaging (101)
[2017.06.08-08.19.57:481][ 38]LogModuleManager: Shutting down and abandoning module IOSTargetPlatform (99)
[2017.06.08-08.19.57:481][ 38]LogModuleManager: Shutting down and abandoning module HTML5TargetPlatform (97)
[2017.06.08-08.19.57:481][ 38]LogModuleManager: Shutting down and abandoning module Android_PVRTCTargetPlatform (95)
[2017.06.08-08.19.57:481][ 38]LogModuleManager: Shutting down and abandoning module Android_MultiTargetPlatform (93)
[2017.06.08-08.19.57:481][ 38]LogModuleManager: Shutting down and abandoning module Android_ETC2TargetPlatform (91)
[2017.06.08-08.19.57:481][ 38]LogModuleManager: Shutting down and abandoning module Android_ETC1TargetPlatform (89)
[2017.06.08-08.19.57:481][ 38]LogModuleManager: Shutting down and abandoning module Android_DXTTargetPlatform (87)
[2017.06.08-08.19.57:481][ 38]LogModuleManager: Shutting down and abandoning module Android_ATCTargetPlatform (85)
[2017.06.08-08.19.57:481][ 38]LogModuleManager: Shutting down and abandoning module Android_ASTCTargetPlatform (83)
[2017.06.08-08.19.57:481][ 38]LogModuleManager: Shutting down and abandoning module AndroidTargetPlatform (81)
[2017.06.08-08.19.57:481][ 38]LogModuleManager: Shutting down and abandoning module WindowsTargetPlatform (79)
[2017.06.08-08.19.57:481][ 38]LogModuleManager: Shutting down and abandoning module WindowsServerTargetPlatform (77)
[2017.06.08-08.19.57:481][ 38]LogModuleManager: Shutting down and abandoning module WindowsNoEditorTargetPlatform (75)
[2017.06.08-08.19.57:481][ 38]LogModuleManager: Shutting down and abandoning module WindowsClientTargetPlatform (73)
[2017.06.08-08.19.57:481][ 38]LogModuleManager: Shutting down and abandoning module MacTargetPlatform (71)
[2017.06.08-08.19.57:481][ 38]LogModuleManager: Shutting down and abandoning module MacServerTargetPlatform (69)
[2017.06.08-08.19.57:481][ 38]LogModuleManager: Shutting down and abandoning module MacNoEditorTargetPlatform (67)
[2017.06.08-08.19.57:481][ 38]LogModuleManager: Shutting down and abandoning module MacClientTargetPlatform (65)
[2017.06.08-08.19.57:481][ 38]LogModuleManager: Shutting down and abandoning module AllDesktopTargetPlatform (63)
[2017.06.08-08.19.57:481][ 38]LogModuleManager: Shutting down and abandoning module InputCore (60)
[2017.06.08-08.19.57:481][ 38]LogModuleManager: Shutting down and abandoning module Settings (58)
[2017.06.08-08.19.57:481][ 38]LogModuleManager: Shutting down and abandoning module OculusRift (56)
[2017.06.08-08.19.57:481][ 38]LogModuleManager: Shutting down and abandoning module GearVRController (54)
[2017.06.08-08.19.57:481][ 38]LogModuleManager: Shutting down and abandoning module GearVR (52)
[2017.06.08-08.19.57:481][ 38]LogModuleManager: Shutting down and abandoning module ExampleDeviceProfileSelector (50)
[2017.06.08-08.19.57:481][ 38]LogModuleManager: Shutting down and abandoning module OnlineBlueprintSupport (48)
[2017.06.08-08.19.57:481][ 38]LogModuleManager: Shutting down and abandoning module OnlineSubsystem (44)
[2017.06.08-08.19.57:481][ 38]LogOnline:Display: Unloading online subsystem: NULL
[2017.06.08-08.19.57:482][ 38]LogModuleManager: Shutting down and abandoning module XMPP (43)
[2017.06.08-08.19.57:482][ 38]LogModuleManager: Shutting down and abandoning module HTTP (41)
[2017.06.08-08.19.57:482][ 38]LogHttp:Display: Http module shutting down, but needs to wait on 1 outstanding Http requests:
[2017.06.08-08.19.57:482][ 38]LogHttp:Display: 	verb=[POST] url=[https://datarouter.ol.epicgames.com/datarouter/api/v1/public/data?SessionID=%7BC7E42520-4971-392C-B99F-DA9B8C739AC7%7D&AppID=UEEditor.Rocket.Release&AppVersion=4.16.1-3466753%2B%2B%2BUE4%2BRelease-4.16&UserID=da2c64f64af90778841cdbb7a9e7271c%7C4e59904afcc6489195f8095de720415d%7Ce6cec269-2a62-4e13-9f24-3ef9e02a4e7c&AppEnvironment=datacollector-binary&UploadType=eteventstream] status=Processing
[2017.06.08-08.19.57:485][ 38]LogModuleManager: Shutting down and abandoning module SSL (40)
[2017.06.08-08.19.57:486][ 38]LogModuleManager: Shutting down and abandoning module HTTPChunkInstaller (36)
[2017.06.08-08.19.57:486][ 38]LogModuleManager: Shutting down and abandoning module AnimationModifiers (34)
[2017.06.08-08.19.57:486][ 38]LogModuleManager: Shutting down and abandoning module PropertyEditor (33)
[2017.06.08-08.19.57:486][ 38]LogModuleManager: Shutting down and abandoning module AudioEditor (30)
[2017.06.08-08.19.57:486][ 38]LogModuleManager: Shutting down and abandoning module TextureCompressor (28)
[2017.06.08-08.19.57:486][ 38]LogModuleManager: Shutting down and abandoning module ShaderCore (26)
[2017.06.08-08.19.57:486][ 38]LogModuleManager: Shutting down and abandoning module Landscape (24)
[2017.06.08-08.19.57:486][ 38]LogModuleManager: Shutting down and abandoning module SlateRHIRenderer (22)
[2017.06.08-08.19.57:487][ 38]LogModuleManager: Shutting down and abandoning module OpenGLDrv (20)
[2017.06.08-08.19.57:487][ 38]LogModuleManager: Shutting down and abandoning module D3D11RHI (18)
[2017.06.08-08.19.57:487][ 38]LogModuleManager: Shutting down and abandoning module AnimGraphRuntime (16)
[2017.06.08-08.19.57:487][ 38]LogModuleManager: Shutting down and abandoning module Renderer (14)
[2017.06.08-08.19.57:487][ 38]LogModuleManager: Shutting down and abandoning module Engine (12)
[2017.06.08-08.19.57:487][ 38]LogModuleManager: Shutting down and abandoning module CoreUObject (10)
[2017.06.08-08.19.57:487][ 38]LogModuleManager: Shutting down and abandoning module NetworkFile (8)
[2017.06.08-08.19.57:487][ 38]LogModuleManager: Shutting down and abandoning module StreamingFile (6)
[2017.06.08-08.19.57:487][ 38]LogModuleManager: Shutting down and abandoning module SandboxFile (4)
[2017.06.08-08.19.57:487][ 38]LogModuleManager: Shutting down and abandoning module PakFile (2)
[2017.06.08-08.19.57:489][ 38]LogExit: Exiting.
[2017.06.08-08.19.57:498][ 38]Log file closed, 06/08/17 02:19:57
