Log file open, 06/08/17 18:32:10
LogInit:Display: Running engine for game: Enviro_2
LogPlatformFile: Not using cached read wrapper
LogInit:Display: RandInit(-910263468) SRandInit(-910263468).
LogTaskGraph: Started task graph with 5 named threads and 8 total threads with 1 sets of task threads.
LogStats: Stats thread started at 0.077183
LogInit: Using libcurl 7.47.1
LogInit:  - built for x86_64-pc-win32
LogInit:  - supports SSL with OpenSSL/1.0.2g
LogInit:  - supports HTTP deflate (compression) using libz 1.2.8
LogInit:  - other features:
LogInit:      CURL_VERSION_SSL
LogInit:      CURL_VERSION_LIBZ
LogInit:      CURL_VERSION_IPV6
LogInit:      CURL_VERSION_ASYNCHDNS
LogInit:      CURL_VERSION_LARGEFILE
LogInit:      CURL_VERSION_IDN
LogInit:  CurlRequestOptions (configurable via config and command line):
LogInit:  - bVerifyPeer = false  - Libcurl will NOT verify peer certificate
LogInit:  - bUseHttpProxy = false  - Libcurl will NOT use HTTP proxy
LogInit:  - bDontReuseConnections = false  - Libcurl will reuse connections
LogInit:  - CertBundlePath = nullptr  - Libcurl will use whatever was configured at build time.
LogInit: Build: ++UE4+Release-4.16-CL-3466753
LogInit: Engine Version: 4.16.1-3466753+++UE4+Release-4.16
LogInit: Compatible Engine Version: 4.16.0-3452394+++UE4+Release-4.16
LogInit: Net CL: 3452394
LogDevObjectVersion: Number of dev versions registered: 16
LogDevObjectVersion:   Dev-Blueprints (B0D832E4-1F89-4F0D-ACCF-7EB736FD4AA2): 9
LogDevObjectVersion:   Dev-Build (E1C64328-A22C-4D53-A36C-8E866417BD8C): 0
LogDevObjectVersion:   Dev-Core (375EC13C-06E4-48FB-B500-84F0262A717E): 2
LogDevObjectVersion:   Dev-Editor (E4B068ED-F494-42E9-A231-DA0B2E46BB41): 17
LogDevObjectVersion:   Dev-Framework (CFFC743F-43B0-4480-9391-14DF171D2073): 23
LogDevObjectVersion:   Dev-Mobile (B02B49B5-BB20-44E9-A304-32B752E40360): 0
LogDevObjectVersion:   Dev-Networking (A4E4105C-59A1-49B5-A7C5-40C4547EDFEE): 0
LogDevObjectVersion:   Dev-Online (39C831C9-5AE6-47DC-9A44-9C173E1C8E7C): 0
LogDevObjectVersion:   Dev-Physics (78F01B33-EBEA-4F98-B9B4-84EACCB95AA2): 0
LogDevObjectVersion:   Dev-Platform (6631380F-2D4D-43E0-8009-CF276956A95A): 0
LogDevObjectVersion:   Dev-Rendering (12F88B9F-8875-4AFC-A67C-D90C383ABD29): 15
LogDevObjectVersion:   Dev-Sequencer (7B5AE74C-D270-4C10-A958-57980B212A5A): 4
LogDevObjectVersion:   Dev-VR (D7296918-1DD6-4BDD-9DE2-64A83CC13884): 0
LogDevObjectVersion:   Dev-LoadTimes (C2A15278-BFE7-4AFE-6C17-90FF531DF755): 1
LogDevObjectVersion:   Private-Geometry (6EACA3D4-40EC-4CC1-B786-8BED09428FC5): 1
LogDevObjectVersion:   Dev-AnimPhys (29E575DD-E0A3-4627-9D10-D276232CDCEA): 3
LogInit: Compiled (64-bit): May 31 2017 02:03:30
LogInit: Compiled with Visual C++: 19.00.24215.01
LogInit: Build Configuration: Development
LogInit: Branch Name: ++UE4+Release-4.16
LogInit: Command line:  
LogInit: Base directory: C:/Program Files/Epic Games/UE_4.16/Engine/Binaries/Win64/
LogInit: Installed Engine Build: 1
LogInit: Presizing for max 8388607 objects, including 0 objects not considered by GC, pre-allocating 0 bytes for permanent pool.
LogInit: Object subsystem initialized
[2017.06.09-00.32.10:990][  0]LogInit: Selected Device Profile: [Windows]
[2017.06.09-00.32.10:990][  0]LogInit: Applying CVar settings loaded from the selected device profile: [Windows]
[2017.06.09-00.32.11:046][  0]LogInit: Computer: BRADTHEDAD
[2017.06.09-00.32.11:046][  0]LogInit: User: DadPC
[2017.06.09-00.32.11:046][  0]LogInit: CPU Page size=4096, Cores=4
[2017.06.09-00.32.11:047][  0]LogInit: High frequency timer resolution =4.101569 MHz
[2017.06.09-00.32.11:047][  0]LogMemory: Memory total: Physical=15.9GB (16GB approx)
[2017.06.09-00.32.11:047][  0]LogMemory: Platform Memory Stats for Windows
[2017.06.09-00.32.11:047][  0]LogMemory: Process Physical Memory: 273.16 MB used, 273.16 MB peak
[2017.06.09-00.32.11:047][  0]LogMemory: Process Virtual Memory: 261.03 MB used, 261.03 MB peak
[2017.06.09-00.32.11:047][  0]LogMemory: Physical Memory: 4320.71 MB used,  12002.07 MB free, 16322.79 MB total
[2017.06.09-00.32.11:047][  0]LogMemory: Virtual Memory: 638.32 MB used,  12002.07 MB free, 134217728.00 MB total
[2017.06.09-00.32.11:107][  0]LogInit: Using OS detected language (en-US).
[2017.06.09-00.32.11:107][  0]LogInit: Using OS detected locale (en-US).
[2017.06.09-00.32.11:109][  0]LogTextLocalizationManager: No specific localization for 'en-US' exists, so the 'en' localization will be used.
[2017.06.09-00.32.11:769][  0]LogD3D11RHI: D3D11 adapters:
[2017.06.09-00.32.11:802][  0]LogD3D11RHI:    0. 'AMD Radeon (TM) R9 390 Series' (Feature Level 11_0)
[2017.06.09-00.32.11:802][  0]LogD3D11RHI:       8169/0/8161 MB DedicatedVideo/DedicatedSystem/SharedSystem, Outputs:2, VendorId:0x1002
[2017.06.09-00.32.11:803][  0]LogD3D11RHI:    1. 'Microsoft Basic Render Driver' (Feature Level 11_0)
[2017.06.09-00.32.11:803][  0]LogD3D11RHI:       0/0/8161 MB DedicatedVideo/DedicatedSystem/SharedSystem, Outputs:0, VendorId:0x1414
[2017.06.09-00.32.11:803][  0]LogD3D11RHI: Chosen D3D11 Adapter: 0
[2017.06.09-00.32.11:806][  0]LogD3D11RHI: Creating new Direct3DDevice
[2017.06.09-00.32.11:806][  0]LogD3D11RHI:     GPU DeviceId: 0x67b1 (for the marketing name, search the web for "GPU Device Id")
[2017.06.09-00.32.11:806][  0]LogWindows: EnumDisplayDevices:
[2017.06.09-00.32.11:806][  0]LogWindows:    0. 'AMD Radeon (TM) R9 390 Series' (P:1 D:1)
[2017.06.09-00.32.11:806][  0]LogWindows:    1. 'AMD Radeon (TM) R9 390 Series' (P:0 D:1)
[2017.06.09-00.32.11:806][  0]LogWindows:    2. 'AMD Radeon (TM) R9 390 Series' (P:0 D:0)
[2017.06.09-00.32.11:807][  0]LogWindows:    3. 'AMD Radeon (TM) R9 390 Series' (P:0 D:0)
[2017.06.09-00.32.11:807][  0]LogWindows:    4. 'AMD Radeon (TM) R9 390 Series' (P:0 D:0)
[2017.06.09-00.32.11:807][  0]LogWindows:    5. 'AMD Radeon (TM) R9 390 Series' (P:0 D:0)
[2017.06.09-00.32.11:807][  0]LogWindows: DebugString: FoundDriverCount:6 
[2017.06.09-00.32.11:807][  0]LogD3D11RHI:     Adapter Name: AMD Radeon (TM) R9 390 Series
[2017.06.09-00.32.11:807][  0]LogD3D11RHI:   Driver Version: Crimson ReLive 17.5.2 (internal:22.19.165.512, unified:22.19.165.512)
[2017.06.09-00.32.11:807][  0]LogD3D11RHI:      Driver Date: 5-17-2017
[2017.06.09-00.32.11:807][  0]LogRHI: Texture pool is 1361 MB (70% of 1945 MB)
[2017.06.09-00.32.11:838][  0]LogD3D11RHI: Async texture creation enabled
[2017.06.09-00.32.11:849][  0]LogD3D11RHI: GPU Timing Frequency: 27.000000 (Debug: 2 1)
[2017.06.09-00.32.11:849][  0]LogShaderCompilers: Guid format shader working directory is -20 characters bigger than the processId version (F:/Projects/Environment Challenge/DOOM/Repository/Enviro_2/Enviro_2/Intermediate/Shaders/WorkingDirectory/2988/).
[2017.06.09-00.32.11:849][  0]LogShaderCompilers: Cleaned the shader compiler working directory 'C:/Users/Dad PC/AppData/Local/Temp/UnrealShaderWorkingDir/38E0717A4B3901AF0B0246A90ED4B10D/'.
[2017.06.09-00.32.11:849][  0]LogShaderCompilers:Display: Using Local Shader Compiler.
[2017.06.09-00.32.12:555][  0]LogTemp:Display: Loaded TP AllDesktopTargetPlatform
[2017.06.09-00.32.12:590][  0]LogTemp:Display: Loaded TP MacClientTargetPlatform
[2017.06.09-00.32.12:624][  0]LogTemp:Display: Loaded TP MacNoEditorTargetPlatform
[2017.06.09-00.32.12:657][  0]LogTemp:Display: Loaded TP MacServerTargetPlatform
[2017.06.09-00.32.12:691][  0]LogTemp:Display: Loaded TP MacTargetPlatform
[2017.06.09-00.32.12:725][  0]LogTemp:Display: Loaded TP WindowsClientTargetPlatform
[2017.06.09-00.32.12:758][  0]LogTemp:Display: Loaded TP WindowsNoEditorTargetPlatform
[2017.06.09-00.32.12:792][  0]LogTemp:Display: Loaded TP WindowsServerTargetPlatform
[2017.06.09-00.32.12:822][  0]LogTemp:Display: Loaded TP WindowsTargetPlatform
[2017.06.09-00.32.12:854][  0]LogTemp:Display: Loaded TP AndroidTargetPlatform
[2017.06.09-00.32.12:887][  0]LogTemp:Display: Loaded TP Android_ASTCTargetPlatform
[2017.06.09-00.32.12:920][  0]LogTemp:Display: Loaded TP Android_ATCTargetPlatform
[2017.06.09-00.32.12:954][  0]LogTemp:Display: Loaded TP Android_DXTTargetPlatform
[2017.06.09-00.32.12:987][  0]LogTemp:Display: Loaded TP Android_ETC1TargetPlatform
[2017.06.09-00.32.13:019][  0]LogTemp:Display: Loaded TP Android_ETC2TargetPlatform
[2017.06.09-00.32.13:085][  0]LogTemp:Display: Loaded TP Android_MultiTargetPlatform
[2017.06.09-00.32.13:085][  0]LogTemp:Display: Loaded TP Android_PVRTCTargetPlatform
[2017.06.09-00.32.13:111][  0]LogTemp:Display: Loaded TP HTML5TargetPlatform
[2017.06.09-00.32.13:180][  0]LogTemp:Display: Loaded TP IOSTargetPlatform
[2017.06.09-00.32.13:200][  0]LogTemp:Display: Loaded TP TVOSTargetPlatform
[2017.06.09-00.32.13:233][  0]LogTemp:Display: Loaded TP LinuxClientTargetPlatform
[2017.06.09-00.32.13:267][  0]LogTemp:Display: Loaded TP LinuxNoEditorTargetPlatform
[2017.06.09-00.32.13:299][  0]LogTemp:Display: Loaded TP LinuxServerTargetPlatform
[2017.06.09-00.32.13:334][  0]LogTemp:Display: Loaded TP LinuxTargetPlatform
[2017.06.09-00.32.13:334][  0]LogTargetPlatformManager:Display: Building Assets For Windows
[2017.06.09-00.32.13:658][  0]LogDerivedDataCache:Display: Max Cache Size: 512 MB
[2017.06.09-00.32.13:741][  0]LogDerivedDataCache: Loaded boot cache 0.08s 90MB C:/Users/Dad PC/AppData/Local/UnrealEngine/4.16/DerivedDataCache/Boot.ddc.
[2017.06.09-00.32.13:741][  0]LogDerivedDataCache:Display: Loaded Boot cache: C:/Users/Dad PC/AppData/Local/UnrealEngine/4.16/DerivedDataCache/Boot.ddc
[2017.06.09-00.32.13:741][  0]LogDerivedDataCache: FDerivedDataBackendGraph:  Pak pak cache file F:/Projects/Environment Challenge/DOOM/Repository/Enviro_2/Enviro_2/DerivedDataCache/DDC.ddp not found, will not use a pak cache.
[2017.06.09-00.32.13:741][  0]LogDerivedDataCache: Unable to find inner node Pak for hierarchical cache Hierarchy.
[2017.06.09-00.32.13:741][  0]LogDerivedDataCache: FDerivedDataBackendGraph:  CompressedPak pak cache file F:/Projects/Environment Challenge/DOOM/Repository/Enviro_2/Enviro_2/DerivedDataCache/Compressed.ddp not found, will not use a pak cache.
[2017.06.09-00.32.13:741][  0]LogDerivedDataCache: Unable to find inner node CompressedPak for hierarchical cache Hierarchy.
[2017.06.09-00.32.13:753][  0]LogDerivedDataCache:Display: Pak cache opened for reading ../../../Engine/DerivedDataCache/Compressed.ddp.
[2017.06.09-00.32.13:765][  0]LogDerivedDataCache: Using Local data cache path C:/Users/Dad PC/AppData/Local/UnrealEngine/Common/DerivedDataCache: Writable
[2017.06.09-00.32.13:772][  0]LogMaterial: Verifying Global Shaders for PCD3D_SM5
[2017.06.09-00.32.13:772][  0]LogSlate: Using Freetype 2.6.0
[2017.06.09-00.32.13:772][  0]LogSlate: SlateFontCache - WITH_FREETYPE: 1, WITH_HARFBUZZ: 1
[2017.06.09-00.32.13:772][  0]LogSlate: SlateFontCache - WITH_FREETYPE: 1, WITH_HARFBUZZ: 1
[2017.06.09-00.32.13:992][  0]LogInit: Selected Device Profile: [Windows]
[2017.06.09-00.32.14:108][  0]LogContentStreaming: Texture pool size is 0.00 MB
[2017.06.09-00.32.14:216][  0]LogMeshUtilities: Using QuadricMeshReduction for automatic static mesh reduction
[2017.06.09-00.32.14:245][  0]LogSimplygon: Simplygon DLL not present - disabling.
[2017.06.09-00.32.14:276][  0]LogMeshUtilities: Using SimplygonSwarm for distributed automatic mesh merging
[2017.06.09-00.32.14:276][  0]LogMeshUtilities: No automatic skeletal mesh reduction module available
[2017.06.09-00.32.14:276][  0]LogMeshUtilities: No automatic mesh merging module available
[2017.06.09-00.32.14:652][  0]LogNetVersion: Enviro_2 , NetCL: 3452394, EngineNetVer: 2, GameNetVer: 0 (Checksum: 303638927)
[2017.06.09-00.32.14:701][  0]LogAssetRegistry: FAssetRegistry took 0.0243 seconds to start up
[2017.06.09-00.32.15:830][  0]LogPackageLocalizationCache: Processed 4 localized package path(s) for 2 prioritized culture(s) in 1.113648 seconds
[2017.06.09-00.32.15:843][  0]LogUObjectArray: 34194 objects as part of root set at end of initial load.
[2017.06.09-00.32.15:843][  0]LogUObjectAllocator: 7260416 out of 0 bytes used by permanent object pool.
[2017.06.09-00.32.15:843][  0]LogUObjectArray: CloseDisregardForGC: 0/0 objects in disregard for GC pool
[2017.06.09-00.32.15:899][  0]LogInit: WinSock: version 1.1 (2.2), MaxSocks=32767, MaxUdp=65467
[2017.06.09-00.32.17:524][  0]LogSubstanceCoreModule: Substance [CPU] Engine Loaded, Max Texture Size = 2048
[2017.06.09-00.32.17:543][  0]LogTcpMessaging: Initializing TcpMessaging bridge
[2017.06.09-00.32.17:573][  0]LogUdpMessaging: Initializing bridge on interface 0.0.0.0:0 to multicast group 230.0.0.1:6666.
[2017.06.09-00.32.17:937][  0]LogMaterial: Uniform references updated for custom material expression Custom.
[2017.06.09-00.32.18:197][  0]SourceControl: Info Source control is disabled
[2017.06.09-00.32.18:217][  0]SourceControl: Info Source control is disabled
[2017.06.09-00.32.18:250][  0]SourceControl: Info Source control is disabled
[2017.06.09-00.32.18:279][  0]SourceControl: Info Source control is disabled
[2017.06.09-00.32.18:715][  0]LogAndroidPermission: UAndroidPermissionCallbackProxy::GetInstance
[2017.06.09-00.32.19:136][  0]LogEngine: Initializing Engine...
[2017.06.09-00.32.19:136][  0]LogHMD: Failed to initialize OpenVR with code 110
[2017.06.09-00.32.19:287][  0]LogStats: UGameplayTagsManager::ConstructGameplayTagTree: Construct from data asset -  0.000 s
[2017.06.09-00.32.19:287][  0]LogStats: UGameplayTagsManager::ConstructGameplayTagTree: GameplayTagTreeChangedEvent.Broadcast -  0.000 s
[2017.06.09-00.32.19:377][  0]LogAIModule: Creating AISystem for world Untitled
[2017.06.09-00.32.19:384][  0]LogInit: XAudio2 using 'Speakers (Realtek High Definition Audio)' : 2 channels at 48 kHz using 32 bits per sample (channel mask 0x3)
[2017.06.09-00.32.19:408][  0]LogInit: FAudioDevice initialized.
[2017.06.09-00.32.19:450][  0]LogDerivedDataCache: Saved boot cache 0.04s 90MB C:/Users/Dad PC/AppData/Local/UnrealEngine/4.16/DerivedDataCache/Boot.ddc.
[2017.06.09-00.32.19:464][  0]LogInit: Texture streaming: Enabled
[2017.06.09-00.32.19:529][  0]LogEngineSessionManager: EngineSessionManager initialized
[2017.06.09-00.32.19:671][  0]LogInit: Transaction tracking system initialized
[2017.06.09-00.32.19:874][  0]BlueprintLog: New page: Editor Load
[2017.06.09-00.32.20:487][  0]LocalizationService: Info Localization service is disabled
[2017.06.09-00.32.20:940][  0]LogConsoleResponse:Display: 
[2017.06.09-00.32.21:039][  0]LogCook:Display: Max memory allowance for cook 16384mb min free memory 0mb
[2017.06.09-00.32.21:039][  0]LogCook:Display: Mobile HDR setting 1
[2017.06.09-00.32.21:700][  0]LogFileCache: Scanning file cache for directory 'F:/Projects/Environment Challenge/DOOM/Repository/Enviro_2/Enviro_2/Content/' took 0.01s
[2017.06.09-00.32.21:700][  0]SourceControl: Info Source control is disabled
[2017.06.09-00.32.21:700][  0]Cmd: MAP LOAD FILE="F:/Projects/Environment Challenge/DOOM/Repository/Enviro_2/Enviro_2/Content/StarterContent/Maps/Minimal_Default.umap" TEMPLATE=0 SHOWPROGRESS=1 FEATURELEVEL=3
[2017.06.09-00.32.21:701][  0]LightingResults: New page: Lighting Build
[2017.06.09-00.32.21:728][  0]MapCheck: New page: Map Check
[2017.06.09-00.32.21:728][  0]LightingResults: New page: Lighting Build
[2017.06.09-00.32.21:810][  0]LogLinker:Warning: Can't find file '/Game/StarterContent/Maps/Minimal_Default_BuiltData'
[2017.06.09-00.32.21:810][  0]LogLinker:Warning: Can't find file for asset '/Game/StarterContent/Maps/Minimal_Default_BuiltData' while loading F:/Projects/Environment Challenge/DOOM/Repository/Enviro_2/Enviro_2/Content/StarterContent/Maps/Minimal_Default.umap.
[2017.06.09-00.32.21:810][  0]LoadErrors:Error: Error /Game/StarterContent/Maps/Minimal_Default : Can't find file for asset. /Game/StarterContent/Maps/Minimal_Default_BuiltData
[2017.06.09-00.32.21:823][  0]LogLinker:Warning: Can't find file '/Game/StarterContent/Maps/Minimal_Default_BuiltData'
[2017.06.09-00.32.21:823][  0]LogLinker:Warning: Can't find file for asset '/Game/StarterContent/Maps/Minimal_Default_BuiltData' while loading F:/Projects/Environment Challenge/DOOM/Repository/Enviro_2/Enviro_2/Content/StarterContent/Maps/Minimal_Default.umap.
[2017.06.09-00.32.21:823][  0]LoadErrors:Error: Error /Game/StarterContent/Maps/Minimal_Default : Can't find file for asset. /Game/StarterContent/Maps/Minimal_Default_BuiltData
[2017.06.09-00.32.21:828][  0]LogLinker:Warning: Can't find file '/Game/StarterContent/Maps/Minimal_Default_BuiltData'
[2017.06.09-00.32.21:828][  0]LogLinker:Warning: Can't find file for asset '/Game/StarterContent/Maps/Minimal_Default_BuiltData' while loading NULL.
[2017.06.09-00.32.21:829][  0]LogLinker:Warning: Can't find file '/Game/StarterContent/Maps/Minimal_Default_BuiltData'
[2017.06.09-00.32.21:829][  0]LogLinker:Warning: Can't find file for asset '/Game/StarterContent/Maps/Minimal_Default_BuiltData' while loading NULL.
[2017.06.09-00.32.21:832][  0]LogLinker:Warning: Can't find file '/Game/StarterContent/Maps/Minimal_Default_BuiltData'
[2017.06.09-00.32.21:832][  0]LoadErrors: Info Failed to load /Game/StarterContent/Maps/Minimal_Default_BuiltData.Minimal_Default_BuiltData Referenced by PersistentLevel
[2017.06.09-00.32.21:832][  0]LogLinker:Warning: Can't find file for asset '/Game/StarterContent/Maps/Minimal_Default_BuiltData' while loading NULL.
[2017.06.09-00.32.21:832][  0]LoadErrors: Info Failed to load /Game/StarterContent/Maps/Minimal_Default_BuiltData.Minimal_Default_BuiltData Referenced by PersistentLevel
[2017.06.09-00.32.21:950][  0]LogAIModule: Creating AISystem for world Minimal_Default
[2017.06.09-00.32.21:955][  0]LogEditorServer: Finished looking for orphan Actors (0.000 secs)
[2017.06.09-00.32.21:965][  0]Cmd: MAP CHECKDEP NOCLEARLOG
[2017.06.09-00.32.21:997][  0]MapCheck: Info Map check complete: 0 Error(s), 0 Warning(s), took 31.96ms to complete.
[2017.06.09-00.32.21:997][  0]LogFileHelpers: Loading map 'Minimal_Default' took 0.296
[2017.06.09-00.32.22:055][  0]LogWindowsTextInputMethodSystem:Display: IME system now deactivated.
[2017.06.09-00.32.22:055][  0]LogWindowsTextInputMethodSystem:Display: IME system now deactivated.
[2017.06.09-00.32.22:112][  0]LogCollectionManager: Loaded 0 collections in 0.000970 seconds
[2017.06.09-00.32.22:178][  0]LogFileCache: Scanning file cache for directory 'F:/Projects/Environment Challenge/DOOM/Repository/Enviro_2/Enviro_2/Saved/Collections/' took 0.01s
[2017.06.09-00.32.22:178][  0]LogFileCache: Scanning file cache for directory 'F:/Projects/Environment Challenge/DOOM/Repository/Enviro_2/Enviro_2/Content/Developers/DadPC/Collections/' took 0.01s
[2017.06.09-00.32.22:178][  0]LogFileCache: Scanning file cache for directory 'F:/Projects/Environment Challenge/DOOM/Repository/Enviro_2/Enviro_2/Content/Collections/' took 0.01s
[2017.06.09-00.32.22:178][  0]LogCollectionManager: Rebuilt the GUID cache for 0 collections in 0.000001 seconds
[2017.06.09-00.32.22:185][  0]LogContentBrowser: Native class hierarchy populated in 0.0065 seconds. Added 2343 classes and 497 folders.
[2017.06.09-00.32.22:228][  0]LogContentBrowser: Native class hierarchy updated for 'WidgetCarousel' in 0.0004 seconds. Added 0 classes and 0 folders.
[2017.06.09-00.32.22:250][  0]LogContentBrowser: Native class hierarchy updated for 'AddContentDialog' in 0.0004 seconds. Added 0 classes and 0 folders.
[2017.06.09-00.32.22:279][  0]LogContentBrowser: Native class hierarchy updated for 'SceneOutliner' in 0.0004 seconds. Added 1 classes and 2 folders.
[2017.06.09-00.32.22:306][  0]LogCrashTracker: Crashtracker disabled due to settings.
[2017.06.09-00.32.22:310][  0]LogSlate: Took 0.000142 seconds to synchronously load lazily loaded font '../../../Engine/Content/Slate/Fonts/Roboto-Regular.ttf' (155K)
[2017.06.09-00.32.22:311][  0]LogSlate: Took 0.000112 seconds to synchronously load lazily loaded font '../../../Engine/Content/Slate/Fonts/Roboto-Bold.ttf' (160K)
[2017.06.09-00.32.22:314][  0]LogSlate: Took 0.000136 seconds to synchronously load lazily loaded font '../../../Engine/Content/Editor/Slate/Fonts/FontAwesome.ttf' (139K)
[2017.06.09-00.32.22:376][  0]LogRenderer: Reallocating scene render targets to support 1256x660 NumSamples 1 (Frame:1).
[2017.06.09-00.32.22:540][  0]LogContentBrowser: Native class hierarchy updated for 'HierarchicalLODOutliner' in 0.0004 seconds. Added 1 classes and 2 folders.
[2017.06.09-00.32.22:540][  0]LogLoad: (Engine Initialization) Total time: 13.18 seconds
[2017.06.09-00.32.22:540][  0]LogLoad: (Engine Initialization) Total Blueprint compile time: 0.06 seconds
[2017.06.09-00.32.22:540][  0]LogExternalProfiler: No external profilers were discovered.  External profiling features will not be available.
[2017.06.09-00.32.22:549][  0]LogOcInput: OculusInput pre-init called
[2017.06.09-00.32.22:549][  0]LogHMD: Starting GearVRController plugin
[2017.06.09-00.32.22:560][  0]LogAssetRegistry: Asset discovery search completed in 7.8808 seconds
[2017.06.09-00.32.22:562][  0]LogCollectionManager: Rebuilt the object cache for 0 collections in 0.000000 seconds (found 0 objects)
[2017.06.09-00.32.22:562][  0]LogCollectionManager: Fixed up redirectors for 0 collections in 0.000019 seconds (updated 0 objects)
[2017.06.09-00.32.22:565][  0]LogContentStreaming: Texture pool size now 1000 MB
[2017.06.09-00.32.22:618][  0]LogSlate: Took 0.000143 seconds to synchronously load lazily loaded font '../../../Engine/Content/Slate/Fonts/Roboto-Light.ttf' (159K)
[2017.06.09-00.32.26:702][482]LogSlate: Took 0.000109 seconds to synchronously load lazily loaded font '../../../Engine/Content/Slate/Fonts/Roboto-Light.ttf' (159K)
[2017.06.09-00.32.26:774][482]LogAIModule: Creating AISystem for world DOOM_FanArt_EngineRoom_001
[2017.06.09-00.32.26:788][482]Cmd: MAP LOAD FILE="F:/Projects/Environment Challenge/DOOM/Repository/Enviro_2/Enviro_2/Content/Maps/DOOM_FanArt_EngineRoom_001.umap" TEMPLATE=0 SHOWPROGRESS=1 FEATURELEVEL=3
[2017.06.09-00.32.26:788][482]LightingResults: New page: Lighting Build
[2017.06.09-00.32.26:788][482]LoadErrors: New page: Loading map: DOOM_FanArt_EngineRoom_001.umap
[2017.06.09-00.32.26:789][482]MapCheck: New page: Map Check
[2017.06.09-00.32.26:789][482]LightingResults: New page: Lighting Build
[2017.06.09-00.32.26:797][482]LogEditorServer: Finished looking for orphan Actors (0.000 secs)
[2017.06.09-00.32.26:821][482]Cmd: MAP CHECKDEP NOCLEARLOG
[2017.06.09-00.32.26:854][482]MapCheck: Info Map check complete: 0 Error(s), 0 Warning(s), took 33.439ms to complete.
[2017.06.09-00.32.26:854][482]LogFileHelpers: Loading map 'DOOM_FanArt_EngineRoom_001' took 0.066
[2017.06.09-00.32.33:091][221]LogEditorViewport: Clicking on Actor (LMB): StaticMeshActor (WB_abyss)
[2017.06.09-00.32.41:997][278]LogEditorViewport: Clicking on Actor (LMB): StaticMeshActor (WB_CenterBase)
[2017.06.09-00.32.43:307][430]LogEditorViewport: Clicking on Actor (LMB): StaticMeshActor (WB_abyss)
[2017.06.09-00.32.48:399][ 34]LogTemp: Repeting last play command: Selected Viewport
[2017.06.09-00.32.48:432][ 34]LogBlueprintUserMessages: Early PlayInEditor Detection: Level '/Game/Maps/DOOM_FanArt_EngineRoom_001.DOOM_FanArt_EngineRoom_001:PersistentLevel' has LevelScriptBlueprint '/Game/Maps/DOOM_FanArt_EngineRoom_001.DOOM_FanArt_EngineRoom_001:PersistentLevel.DOOM_FanArt_EngineRoom_001' with GeneratedClass '/Game/Maps/DOOM_FanArt_EngineRoom_001.DOOM_FanArt_EngineRoom_001_C' with ClassGeneratedBy '/Game/Maps/DOOM_FanArt_EngineRoom_001.DOOM_FanArt_EngineRoom_001:PersistentLevel.DOOM_FanArt_EngineRoom_001'
[2017.06.09-00.32.48:432][ 34]LogPlayLevel: PlayLevel: No blueprints needed recompiling
[2017.06.09-00.32.48:432][ 34]PIE: New page: PIE session: DOOM_FanArt_EngineRoom_001 (Jun 8, 2017, 12:32:48 PM)
[2017.06.09-00.32.48:432][ 34]LogPlayLevel: Creating play world package: /Game/Maps/UEDPIE_0_DOOM_FanArt_EngineRoom_001
[2017.06.09-00.32.48:434][ 34]LogPlayLevel: PIE: StaticDuplicateObject took: (0.001593s)
[2017.06.09-00.32.48:434][ 34]LogAIModule: Creating AISystem for world DOOM_FanArt_EngineRoom_001
[2017.06.09-00.32.48:434][ 34]LogPlayLevel: PIE: World Init took: (0.000529s)
[2017.06.09-00.32.48:434][ 34]LogPlayLevel: PIE: Created PIE world by copying editor world from /Game/Maps/DOOM_FanArt_EngineRoom_001.DOOM_FanArt_EngineRoom_001 to /Game/Maps/UEDPIE_0_DOOM_FanArt_EngineRoom_001.DOOM_FanArt_EngineRoom_001 (0.002272s)
[2017.06.09-00.32.48:446][ 34]LogInit: XAudio2 using 'Speakers (Realtek High Definition Audio)' : 2 channels at 48 kHz using 32 bits per sample (channel mask 0x3)
[2017.06.09-00.32.48:451][ 34]LogInit: FAudioDevice initialized.
[2017.06.09-00.32.48:494][ 34]LogLoad: Game class is 'GameModeBase'
[2017.06.09-00.32.48:496][ 34]LogWorld: Bringing World /Game/Maps/UEDPIE_0_DOOM_FanArt_EngineRoom_001.DOOM_FanArt_EngineRoom_001 up for play (max tick rate 0) at 2017.06.08-18.32.48
[2017.06.09-00.32.48:496][ 34]LogWorld: Bringing up level for play took: 0.001174
[2017.06.09-00.32.48:530][ 34]LogContentBrowser: Native class hierarchy updated for 'MovieSceneCapture' in 0.0004 seconds. Added 11 classes and 0 folders.
[2017.06.09-00.32.48:531][ 34]PIE: Info Play in editor start time for /Game/Maps/UEDPIE_0_DOOM_FanArt_EngineRoom_001 -0.596
[2017.06.09-00.32.48:531][ 34]LogBlueprintUserMessages: Late PlayInEditor Detection: Level '/Game/Maps/DOOM_FanArt_EngineRoom_001.DOOM_FanArt_EngineRoom_001:PersistentLevel' has LevelScriptBlueprint '/Game/Maps/DOOM_FanArt_EngineRoom_001.DOOM_FanArt_EngineRoom_001:PersistentLevel.DOOM_FanArt_EngineRoom_001' with GeneratedClass '/Game/Maps/DOOM_FanArt_EngineRoom_001.DOOM_FanArt_EngineRoom_001_C' with ClassGeneratedBy '/Game/Maps/DOOM_FanArt_EngineRoom_001.DOOM_FanArt_EngineRoom_001:PersistentLevel.DOOM_FanArt_EngineRoom_001'
[2017.06.09-00.33.35:853][419]LogBlueprintUserMessages: Early EndPlayMap Detection: Level '/Game/Maps/DOOM_FanArt_EngineRoom_001.DOOM_FanArt_EngineRoom_001:PersistentLevel' has LevelScriptBlueprint '/Game/Maps/DOOM_FanArt_EngineRoom_001.DOOM_FanArt_EngineRoom_001:PersistentLevel.DOOM_FanArt_EngineRoom_001' with GeneratedClass '/Game/Maps/DOOM_FanArt_EngineRoom_001.DOOM_FanArt_EngineRoom_001_C' with ClassGeneratedBy '/Game/Maps/DOOM_FanArt_EngineRoom_001.DOOM_FanArt_EngineRoom_001:PersistentLevel.DOOM_FanArt_EngineRoom_001'
[2017.06.09-00.33.35:895][419]LogBlueprintUserMessages: Late EndPlayMap Detection: Level '/Game/Maps/DOOM_FanArt_EngineRoom_001.DOOM_FanArt_EngineRoom_001:PersistentLevel' has LevelScriptBlueprint '/Game/Maps/DOOM_FanArt_EngineRoom_001.DOOM_FanArt_EngineRoom_001:PersistentLevel.DOOM_FanArt_EngineRoom_001' with GeneratedClass '/Game/Maps/DOOM_FanArt_EngineRoom_001.DOOM_FanArt_EngineRoom_001_C' with ClassGeneratedBy '/Game/Maps/DOOM_FanArt_EngineRoom_001.DOOM_FanArt_EngineRoom_001:PersistentLevel.DOOM_FanArt_EngineRoom_001'
[2017.06.09-00.33.37:931][660]LogEditorViewport: Clicking on Actor (LMB): StaticMeshActor (WB_abyss)
[2017.06.09-00.33.43:594][333]LogEditorViewport: Clicking on Actor (LMB): StaticMeshActor (WB_abyss)
[2017.06.09-00.34.19:965][403]LogEditorViewport: Clicking on Actor (LMB): StaticMeshActor (WB_abyss)
[2017.06.09-00.34.45:640][431]LogEditorViewport: Clicking on Actor (LMB): StaticMeshActor (WB_abyss)
[2017.06.09-00.34.52:323][167]LogSavePackage: Save=78.35ms
[2017.06.09-00.34.52:323][167]LogSavePackage: Moving 'F:/Projects/Environment Challenge/DOOM/Repository/Enviro_2/Enviro_2/Saved/DOOM_FanArt_EngineRoom_001B5D10A6046C94124E6FF34ABE4C97AE3.tmp' to 'F:/Projects/Environment Challenge/DOOM/Repository/Enviro_2/Enviro_2/Content/Maps/DOOM_FanArt_EngineRoom_001.umap'
[2017.06.09-00.34.52:410][167]LogSavePackage:Display: Finished SavePackage F:/Projects/Environment Challenge/DOOM/Repository/Enviro_2/Enviro_2/Content/Maps/DOOM_FanArt_EngineRoom_001.umap
[2017.06.09-00.34.52:659][167]LogSavePackage: Save=92.64ms
[2017.06.09-00.34.52:659][167]LogSavePackage: Moving 'F:/Projects/Environment Challenge/DOOM/Repository/Enviro_2/Enviro_2/Saved/DOOM_FanArt_EngineRoom_001_BuiltData92FDAD55468852323771A6A24300AEF4.tmp' to 'F:/Projects/Environment Challenge/DOOM/Repository/Enviro_2/Enviro_2/Content/Maps/DOOM_FanArt_EngineRoom_001_BuiltData.uasset'
[2017.06.09-00.34.52:661][167]LogSavePackage:Display: Finished SavePackage F:/Projects/Environment Challenge/DOOM/Repository/Enviro_2/Enviro_2/Content/Maps/DOOM_FanArt_EngineRoom_001_BuiltData.uasset
[2017.06.09-00.35.00:761][119]LogWindowsTextInputMethodSystem:Display: IME system now deactivated.
[2017.06.09-00.35.00:761][119]LogWindowsTextInputMethodSystem:Display: IME system now deactivated.
[2017.06.09-00.35.01:040][120]Cmd: QUIT_EDITOR
[2017.06.09-00.35.01:935][120]LogExit: Preparing to exit.
[2017.06.09-00.35.03:220][120]LogExit: Editor shut down
[2017.06.09-00.35.03:225][120]LogExit: Transaction tracking system shut down
[2017.06.09-00.35.03:265][120]LogObj: Freed 0b from 0 cluster array pools.
[2017.06.09-00.35.03:265][120]LogExit: Object subsystem successfully closed.
[2017.06.09-00.35.03:276][120]LogD3D11RHI: Shutdown
[2017.06.09-00.35.03:276][120]LogD3D11RHI: CleanupD3DDevice
[2017.06.09-00.35.03:395][120]LogD3D11RHI: ~FD3D11DynamicRHI
[2017.06.09-00.35.03:404][120]LogModuleManager: Shutting down and abandoning module MovieSceneCapture (530)
[2017.06.09-00.35.03:404][120]LogModuleManager: Shutting down and abandoning module HierarchicalLODOutliner (528)
[2017.06.09-00.35.03:404][120]LogModuleManager: Shutting down and abandoning module CrashTracker (526)
[2017.06.09-00.35.03:404][120]LogModuleManager: Shutting down and abandoning module SceneOutliner (524)
[2017.06.09-00.35.03:404][120]LogModuleManager: Shutting down and abandoning module AddContentDialog (522)
[2017.06.09-00.35.03:404][120]LogDirectoryWatcher: A directory notification for 'C:/Program Files/Epic Games/UE_4.16/FeaturePacks/' was aborted.
[2017.06.09-00.35.03:405][120]LogModuleManager: Shutting down and abandoning module WidgetCarousel (521)
[2017.06.09-00.35.03:405][120]LogModuleManager: Shutting down and abandoning module EditorWidgets (518)
[2017.06.09-00.35.03:405][120]LogModuleManager: Shutting down and abandoning module CollectionManager (516)
[2017.06.09-00.35.03:405][120]LogDirectoryWatcher: A directory notification for 'F:/Projects/Environment Challenge/DOOM/Repository/Enviro_2/Enviro_2/Content/Collections/' was aborted.
[2017.06.09-00.35.03:405][120]LogDirectoryWatcher: A directory notification for 'F:/Projects/Environment Challenge/DOOM/Repository/Enviro_2/Enviro_2/Content/Developers/DadPC/Collections/' was aborted.
[2017.06.09-00.35.03:405][120]LogDirectoryWatcher: A directory notification for 'F:/Projects/Environment Challenge/DOOM/Repository/Enviro_2/Enviro_2/Saved/Collections/' was aborted.
[2017.06.09-00.35.03:405][120]LogModuleManager: Shutting down and abandoning module StatsViewer (514)
[2017.06.09-00.35.03:405][120]LogModuleManager: Shutting down and abandoning module FoliageEdit (512)
[2017.06.09-00.35.03:405][120]LogModuleManager: Shutting down and abandoning module LandscapeEditor (510)
[2017.06.09-00.35.03:405][120]LogModuleManager: Shutting down and abandoning module MeshPaintMode (508)
[2017.06.09-00.35.03:405][120]LogModuleManager: Shutting down and abandoning module SceneDepthPickerMode (506)
[2017.06.09-00.35.03:405][120]LogModuleManager: Shutting down and abandoning module ActorPickerMode (504)
[2017.06.09-00.35.03:405][120]LogModuleManager: Shutting down and abandoning module GeometryMode (502)
[2017.06.09-00.35.03:405][120]LogModuleManager: Shutting down and abandoning module TextureAlignMode (500)
[2017.06.09-00.35.03:405][120]LogModuleManager: Shutting down and abandoning module BspMode (498)
[2017.06.09-00.35.03:405][120]LogModuleManager: Shutting down and abandoning module HardwareSurvey (496)
[2017.06.09-00.35.03:405][120]LogModuleManager: Shutting down and abandoning module SequenceRecorderSections (494)
[2017.06.09-00.35.03:405][120]LogModuleManager: Shutting down and abandoning module AutomationWorker (492)
[2017.06.09-00.35.03:405][120]LogModuleManager: Shutting down and abandoning module MatineeToLevelSequence (490)
[2017.06.09-00.35.03:405][120]LogModuleManager: Shutting down and abandoning module LevelSequenceEditor (488)
[2017.06.09-00.35.03:405][120]LogModuleManager: Shutting down and abandoning module PlacementMode (487)
[2017.06.09-00.35.03:405][120]LogModuleManager: Shutting down and abandoning module WmfMediaFactory (484)
[2017.06.09-00.35.03:405][120]LogModuleManager: Shutting down and abandoning module WmfMediaEditor (482)
[2017.06.09-00.35.03:405][120]LogModuleManager: Shutting down and abandoning module AvfMediaFactory (480)
[2017.06.09-00.35.03:405][120]LogModuleManager: Shutting down and abandoning module AvfMediaEditor (478)
[2017.06.09-00.35.03:405][120]LogModuleManager: Shutting down and abandoning module AndroidMediaFactory (476)
[2017.06.09-00.35.03:405][120]LogModuleManager: Shutting down and abandoning module Media (475)
[2017.06.09-00.35.03:405][120]LogModuleManager: Shutting down and abandoning module AndroidMediaEditor (472)
[2017.06.09-00.35.03:405][120]LogModuleManager: Shutting down and abandoning module CharacterAI (470)
[2017.06.09-00.35.03:405][120]LogModuleManager: Shutting down and abandoning module AudioCapture (468)
[2017.06.09-00.35.03:405][120]LogModuleManager: Shutting down and abandoning module SequenceRecorder (467)
[2017.06.09-00.35.03:406][120]LogModuleManager: Shutting down and abandoning module SmartSnapping (464)
[2017.06.09-00.35.03:406][120]LogModuleManager: Shutting down and abandoning module SessionServices (462)
[2017.06.09-00.35.03:406][120]LogModuleManager: Shutting down and abandoning module ViewportSnapping (460)
[2017.06.09-00.35.03:406][120]LogModuleManager: Shutting down and abandoning module ViewportInteraction (458)
[2017.06.09-00.35.03:406][120]LogModuleManager: Shutting down and abandoning module ClothPainter (456)
[2017.06.09-00.35.03:406][120]LogModuleManager: Shutting down and abandoning module LogVisualizer (454)
[2017.06.09-00.35.03:406][120]LogModuleManager: Shutting down and abandoning module IntroTutorials (452)
[2017.06.09-00.35.03:406][120]LogModuleManager: Shutting down and abandoning module GameProjectGeneration (451)
[2017.06.09-00.35.03:406][120]LogModuleManager: Shutting down and abandoning module EditorLiveStreaming (448)
[2017.06.09-00.35.03:406][120]LogModuleManager: Shutting down and abandoning module IOSPlatformEditor (446)
[2017.06.09-00.35.03:406][120]LogModuleManager: Shutting down and abandoning module HTML5PlatformEditor (444)
[2017.06.09-00.35.03:406][120]LogModuleManager: Shutting down and abandoning module AndroidPlatformEditor (442)
[2017.06.09-00.35.03:406][120]LogModuleManager: Shutting down and abandoning module AndroidDeviceDetection (441)
[2017.06.09-00.35.03:733][120]LogModuleManager: Shutting down and abandoning module IOSRuntimeSettings (438)
[2017.06.09-00.35.03:733][120]LogModuleManager: Shutting down and abandoning module AndroidRuntimeSettings (436)
[2017.06.09-00.35.03:733][120]LogModuleManager: Shutting down and abandoning module InputBindingEditor (434)
[2017.06.09-00.35.03:733][120]LogModuleManager: Shutting down and abandoning module MergeActors (432)
[2017.06.09-00.35.03:733][120]LogModuleManager: Shutting down and abandoning module SizeMap (430)
[2017.06.09-00.35.03:733][120]LogModuleManager: Shutting down and abandoning module TreeMap (428)
[2017.06.09-00.35.03:733][120]LogModuleManager: Shutting down and abandoning module ReferenceViewer (426)
[2017.06.09-00.35.03:733][120]LogModuleManager: Shutting down and abandoning module LocalizationDashboard (424)
[2017.06.09-00.35.03:733][120]LogModuleManager: Shutting down and abandoning module LocalizationService (423)
[2017.06.09-00.35.03:733][120]LogModuleManager: Shutting down and abandoning module HardwareTargeting (420)
[2017.06.09-00.35.03:733][120]LogModuleManager: Shutting down and abandoning module DeviceProfileEditor (418)
[2017.06.09-00.35.03:733][120]LogModuleManager: Shutting down and abandoning module UndoHistory (416)
[2017.06.09-00.35.03:733][120]LogModuleManager: Shutting down and abandoning module UserFeedback (414)
[2017.06.09-00.35.03:733][120]LogModuleManager: Shutting down and abandoning module XmlParser (412)
[2017.06.09-00.35.03:733][120]LogModuleManager: Shutting down and abandoning module Blutility (410)
[2017.06.09-00.35.03:733][120]LogModuleManager: Shutting down and abandoning module ProjectSettingsViewer (408)
[2017.06.09-00.35.03:733][120]LogModuleManager: Shutting down and abandoning module ProjectTargetPlatformEditor (407)
[2017.06.09-00.35.03:733][120]LogModuleManager: Shutting down and abandoning module EditorSettingsViewer (404)
[2017.06.09-00.35.03:733][120]LogModuleManager: Shutting down and abandoning module SettingsEditor (402)
[2017.06.09-00.35.03:733][120]LogModuleManager: Shutting down and abandoning module ProjectLauncher (400)
[2017.06.09-00.35.03:733][120]LogModuleManager: Shutting down and abandoning module SessionFrontend (398)
[2017.06.09-00.35.03:733][120]LogModuleManager: Shutting down and abandoning module ProfilerClient (396)
[2017.06.09-00.35.03:733][120]LogModuleManager: Shutting down and abandoning module DeviceManager (394)
[2017.06.09-00.35.03:733][120]LogModuleManager: Shutting down and abandoning module TargetDeviceServices (393)
[2017.06.09-00.35.03:786][120]LogModuleManager: Shutting down and abandoning module AutomationController (390)
[2017.06.09-00.35.03:786][120]LogModuleManager: Shutting down and abandoning module AutomationWindow (388)
[2017.06.09-00.35.03:786][120]LogModuleManager: Shutting down and abandoning module Layers (386)
[2017.06.09-00.35.03:786][120]LogModuleManager: Shutting down and abandoning module ComponentVisualizers (384)
[2017.06.09-00.35.03:786][120]LogModuleManager: Shutting down and abandoning module DetailCustomizations (382)
[2017.06.09-00.35.03:786][120]LogModuleManager: Shutting down and abandoning module PackagesDialog (380)
[2017.06.09-00.35.03:786][120]LogModuleManager: Shutting down and abandoning module Persona (378)
[2017.06.09-00.35.03:786][120]LogModuleManager: Shutting down and abandoning module AdvancedPreviewScene (377)
[2017.06.09-00.35.03:786][120]LogModuleManager: Shutting down and abandoning module AnimGraph (375)
[2017.06.09-00.35.03:786][120]LogModuleManager: Shutting down and abandoning module Kismet (372)
[2017.06.09-00.35.03:787][120]LogModuleManager: Shutting down and abandoning module ClassViewer (370)
[2017.06.09-00.35.03:787][120]LogModuleManager: Shutting down and abandoning module Toolbox (368)
[2017.06.09-00.35.03:787][120]LogModuleManager: Shutting down and abandoning module ModuleUI (366)
[2017.06.09-00.35.03:787][120]LogModuleManager: Shutting down and abandoning module MovieSceneTools (364)
[2017.06.09-00.35.03:787][120]LogModuleManager: Shutting down and abandoning module OutputLog (362)
[2017.06.09-00.35.03:787][120]LogModuleManager: Shutting down and abandoning module GammaUI (360)
[2017.06.09-00.35.03:787][120]LogModuleManager: Shutting down and abandoning module Documentation (358)
[2017.06.09-00.35.03:787][120]LogModuleManager: Shutting down and abandoning module MovieSceneTracks (356)
[2017.06.09-00.35.03:787][120]LogModuleManager: Shutting down and abandoning module MovieScene (354)
[2017.06.09-00.35.03:787][120]LogModuleManager: Shutting down and abandoning module Niagara (352)
[2017.06.09-00.35.03:787][120]LogModuleManager: Shutting down and abandoning module NiagaraEditor (351)
[2017.06.09-00.35.03:787][120]LogModuleManager: Shutting down and abandoning module StreamingPauseRendering (348)
[2017.06.09-00.35.03:787][120]LogModuleManager: Shutting down and abandoning module AnalyticsET (346)
[2017.06.09-00.35.03:787][120]LogModuleManager: Shutting down and abandoning module PortalServices (344)
[2017.06.09-00.35.03:787][120]LogModuleManager: Shutting down and abandoning module PortalRpc (342)
[2017.06.09-00.35.03:787][120]LogModuleManager: Shutting down and abandoning module MessagingRpc (340)
[2017.06.09-00.35.03:787][120]LogModuleManager: Shutting down and abandoning module AIModule (338)
[2017.06.09-00.35.03:787][120]LogModuleManager: Shutting down and abandoning module GameplayDebugger (337)
[2017.06.09-00.35.03:787][120]LogModuleManager: Shutting down and abandoning module AITestSuite (335)
[2017.06.09-00.35.03:787][120]LogModuleManager: Shutting down and abandoning module ProfilerService (332)
[2017.06.09-00.35.03:968][120]LogModuleManager: Shutting down and abandoning module TaskGraph (330)
[2017.06.09-00.35.03:968][120]LogModuleManager: Shutting down and abandoning module SubstanceEditor (328)
[2017.06.09-00.35.03:968][120]LogModuleManager: Shutting down and abandoning module SteamVRController (326)
[2017.06.09-00.35.03:968][120]LogModuleManager: Shutting down and abandoning module SteamVR (324)
[2017.06.09-00.35.03:968][120]LogModuleManager: Shutting down and abandoning module ProceduralMeshComponentEditor (322)
[2017.06.09-00.35.03:968][120]LogModuleManager: Shutting down and abandoning module ProceduralMeshComponent (320)
[2017.06.09-00.35.03:968][120]LogModuleManager: Shutting down and abandoning module OculusLibrary (318)
[2017.06.09-00.35.03:968][120]LogModuleManager: Shutting down and abandoning module OculusInput (316)
[2017.06.09-00.35.03:968][120]LogModuleManager: Shutting down and abandoning module MobilePatchingUtils (314)
[2017.06.09-00.35.03:968][120]LogModuleManager: Shutting down and abandoning module CustomMeshComponent (312)
[2017.06.09-00.35.03:968][120]LogModuleManager: Shutting down and abandoning module CableComponent (310)
[2017.06.09-00.35.03:968][120]LogModuleManager: Shutting down and abandoning module ArchVisCharacter (308)
[2017.06.09-00.35.03:968][120]LogModuleManager: Shutting down and abandoning module AndroidPermission (306)
[2017.06.09-00.35.03:968][120]LogModuleManager: Shutting down and abandoning module MediaPlayerEditor (302)
[2017.06.09-00.35.03:968][120]LogModuleManager: Shutting down and abandoning module HTML5Networking (300)
[2017.06.09-00.35.03:968][120]LogModuleManager: Shutting down and abandoning module AlembicImporter (298)
[2017.06.09-00.35.03:968][120]LogModuleManager: Shutting down and abandoning module AlembicLibrary (297)
[2017.06.09-00.35.03:968][120]LogModuleManager: Shutting down and abandoning module GeometryCache (296)
[2017.06.09-00.35.03:968][120]LogModuleManager: Shutting down and abandoning module GeometryCacheEd (295)
[2017.06.09-00.35.03:968][120]LogModuleManager: Shutting down and abandoning module SuperSearchEditor (290)
[2017.06.09-00.35.03:968][120]LogModuleManager: Shutting down and abandoning module SuperSearch (289)
[2017.06.09-00.35.03:968][120]LogModuleManager: Shutting down and abandoning module SpeedTreeImporter (286)
[2017.06.09-00.35.03:968][120]LogModuleManager: Shutting down and abandoning module PluginBrowser (284)
[2017.06.09-00.35.03:968][120]LogModuleManager: Shutting down and abandoning module MobileLauncherProfileWizard (282)
[2017.06.09-00.35.03:968][120]LogModuleManager: Shutting down and abandoning module VisualStudioSourceCodeAccess (280)
[2017.06.09-00.35.03:968][120]LogModuleManager: Shutting down and abandoning module DesktopPlatform (279)
[2017.06.09-00.35.03:968][120]LogModuleManager: Shutting down and abandoning module UObjectPlugin (276)
[2017.06.09-00.35.03:968][120]LogModuleManager: Shutting down and abandoning module SubversionSourceControl (274)
[2017.06.09-00.35.03:968][120]LogModuleManager: Shutting down and abandoning module PerforceSourceControl (272)
[2017.06.09-00.35.03:968][120]LogModuleManager: Shutting down and abandoning module GitSourceControl (270)
[2017.06.09-00.35.03:968][120]LogModuleManager: Shutting down and abandoning module SourceControl (269)
[2017.06.09-00.35.03:968][120]LogModuleManager: Shutting down and abandoning module LightPropagationVolumeEditor (266)
[2017.06.09-00.35.03:968][120]LogModuleManager: Shutting down and abandoning module PaperTiledImporter (264)
[2017.06.09-00.35.03:968][120]LogModuleManager: Shutting down and abandoning module PaperSpriteSheetImporter (262)
[2017.06.09-00.35.03:968][120]LogModuleManager: Shutting down and abandoning module Paper2DEditor (260)
[2017.06.09-00.35.03:968][120]LogModuleManager: Shutting down and abandoning module MeshPaint (259)
[2017.06.09-00.35.03:968][120]LogModuleManager: Shutting down and abandoning module LevelEditor (257)
[2017.06.09-00.35.03:969][120]LogModuleManager: Shutting down and abandoning module PixelInspectorModule (256)
[2017.06.09-00.35.03:969][120]LogModuleManager: Shutting down and abandoning module MainFrame (254)
[2017.06.09-00.35.03:969][120]LogModuleManager: Shutting down and abandoning module HotReload (253)
[2017.06.09-00.35.03:969][120]LogModuleManager: Shutting down and abandoning module PhysXVehiclesEditor (248)
[2017.06.09-00.35.03:969][120]LogModuleManager: Shutting down and abandoning module PhysXVehicles (246)
[2017.06.09-00.35.03:969][120]LogModuleManager: Shutting down and abandoning module LocationServicesBPLibrary (244)
[2017.06.09-00.35.03:969][120]LogModuleManager: Shutting down and abandoning module ImmediatePhysicsEditor (242)
[2017.06.09-00.35.03:969][120]LogModuleManager: Shutting down and abandoning module ImmediatePhysics (240)
[2017.06.09-00.35.03:969][120]LogModuleManager: Shutting down and abandoning module UdpMessaging (238)
[2017.06.09-00.35.04:070][120]LogModuleManager: Shutting down and abandoning module TcpMessaging (236)
[2017.06.09-00.35.04:170][120]LogModuleManager: Shutting down and abandoning module SubstanceCore (234)
[2017.06.09-00.35.04:170][120]LogModuleManager: Shutting down and abandoning module GameplayTagsEditor (232)
[2017.06.09-00.35.04:170][120]LogModuleManager: Shutting down and abandoning module FacialAnimationEditor (230)
[2017.06.09-00.35.04:170][120]LogModuleManager: Shutting down and abandoning module FacialAnimation (228)
[2017.06.09-00.35.04:170][120]LogModuleManager: Shutting down and abandoning module AssetManagerEditor (226)
[2017.06.09-00.35.04:170][120]LogModuleManager: Shutting down and abandoning module GraphEditor (225)
[2017.06.09-00.35.04:170][120]LogModuleManager: Shutting down and abandoning module ContentBrowser (223)
[2017.06.09-00.35.04:170][120]LogModuleManager: Shutting down and abandoning module LightPropagationVolumeRuntime (220)
[2017.06.09-00.35.04:170][120]LogModuleManager: Shutting down and abandoning module Paper2D (218)
[2017.06.09-00.35.04:170][120]LogModuleManager: Shutting down and abandoning module WindowsMoviePlayer (216)
[2017.06.09-00.35.04:170][120]LogModuleManager: Shutting down and abandoning module WmfMedia (214)
[2017.06.09-00.35.04:170][120]LogModuleManager: Shutting down and abandoning module ClothingSystemEditor (212)
[2017.06.09-00.35.04:170][120]LogModuleManager: Shutting down and abandoning module ClothingSystemRuntime (210)
[2017.06.09-00.35.04:170][120]LogModuleManager: Shutting down and abandoning module MediaAssets (208)
[2017.06.09-00.35.04:170][120]LogModuleManager: Shutting down and abandoning module GameLiveStreaming (206)
[2017.06.09-00.35.04:170][120]LogModuleManager: Shutting down and abandoning module VREditor (204)
[2017.06.09-00.35.04:170][120]LogModuleManager: Shutting down and abandoning module StringTableEditor (202)
[2017.06.09-00.35.04:170][120]LogModuleManager: Shutting down and abandoning module GameplayTasksEditor (200)
[2017.06.09-00.35.04:170][120]LogModuleManager: Shutting down and abandoning module BehaviorTreeEditor (198)
[2017.06.09-00.35.04:170][120]LogModuleManager: Shutting down and abandoning module FunctionalTesting (196)
[2017.06.09-00.35.04:171][120]LogModuleManager: Shutting down and abandoning module CollisionAnalyzer (194)
[2017.06.09-00.35.04:171][120]LogModuleManager: Shutting down and abandoning module UMG (192)
[2017.06.09-00.35.04:171][120]LogModuleManager: Shutting down and abandoning module UMGEditor (191)
[2017.06.09-00.35.04:171][120]LogModuleManager: Shutting down and abandoning module Sequencer (190)
[2017.06.09-00.35.04:171][120]LogModuleManager: Shutting down and abandoning module AssetTools (188)
[2017.06.09-00.35.04:171][120]LogModuleManager: Shutting down and abandoning module MessageLog (187)
[2017.06.09-00.35.04:171][120]LogModuleManager: Shutting down and abandoning module WorkspaceMenuStructure (186)
[2017.06.09-00.35.04:171][120]LogModuleManager: Shutting down and abandoning module SlateReflector (180)
[2017.06.09-00.35.04:171][120]LogModuleManager: Shutting down and abandoning module Slate (178)
[2017.06.09-00.35.04:171][120]LogModuleManager: Shutting down and abandoning module EditorStyle (176)
[2017.06.09-00.35.04:172][120]LogModuleManager: Shutting down and abandoning module SourceCodeAccess (174)
[2017.06.09-00.35.04:172][120]LogModuleManager: Shutting down and abandoning module HeadMountedDisplay (172)
[2017.06.09-00.35.04:172][120]LogModuleManager: Shutting down and abandoning module XAudio2 (170)
[2017.06.09-00.35.04:172][120]LogModuleManager: Shutting down and abandoning module Networking (168)
[2017.06.09-00.35.04:172][120]LogModuleManager: Shutting down and abandoning module Core (164)
[2017.06.09-00.35.04:172][120]LogModuleManager: Shutting down and abandoning module AssetRegistry (162)
[2017.06.09-00.35.04:374][120]LogDirectoryWatcher: A directory notification for '../../../Engine/Content/' was aborted.
[2017.06.09-00.35.04:374][120]LogDirectoryWatcher: A directory notification for 'F:/Projects/Environment Challenge/DOOM/Repository/Enviro_2/Enviro_2/Content/' was aborted.
[2017.06.09-00.35.04:374][120]LogDirectoryWatcher: A directory notification for '../../../Engine/Plugins/2D/Paper2D/Content/' was aborted.
[2017.06.09-00.35.04:374][120]LogDirectoryWatcher: A directory notification for '../../../Engine/Plugins/Runtime/GearVR/Content/' was aborted.
[2017.06.09-00.35.04:376][120]LogModuleManager: Shutting down and abandoning module DirectoryWatcher (161)
[2017.06.09-00.35.04:376][120]LogModuleManager: Shutting down and abandoning module KismetCompiler (158)
[2017.06.09-00.35.04:376][120]LogModuleManager: Shutting down and abandoning module LevelSequence (156)
[2017.06.09-00.35.04:376][120]LogModuleManager: Shutting down and abandoning module PhysXFormats (154)
[2017.06.09-00.35.04:376][120]LogModuleManager: Shutting down and abandoning module MeshUtilities (152)
[2017.06.09-00.35.04:376][120]LogModuleManager: Shutting down and abandoning module SimplygonSwarm (151)
[2017.06.09-00.35.04:376][120]LogModuleManager: Shutting down and abandoning module SimplygonMeshReduction (149)
[2017.06.09-00.35.04:376][120]LogModuleManager: Shutting down and abandoning module QuadricMeshReduction (147)
[2017.06.09-00.35.04:376][120]LogModuleManager: Shutting down and abandoning module DerivedDataCache (144)
[2017.06.09-00.35.04:464][120]LogDerivedDataCache: Shutdown
[2017.06.09-00.35.04:464][120]LogModuleManager: Shutting down and abandoning module TargetPlatform (142)
[2017.06.09-00.35.04:464][120]LogModuleManager: Shutting down and abandoning module VulkanShaderFormat (141)
[2017.06.09-00.35.04:464][120]LogModuleManager: Shutting down and abandoning module ShaderFormatVectorVM (139)
[2017.06.09-00.35.04:464][120]LogModuleManager: Shutting down and abandoning module ShaderFormatOpenGL (137)
[2017.06.09-00.35.04:464][120]LogModuleManager: Shutting down and abandoning module ShaderFormatD3D (135)
[2017.06.09-00.35.04:464][120]LogModuleManager: Shutting down and abandoning module MetalShaderFormat (133)
[2017.06.09-00.35.04:464][120]LogModuleManager: Shutting down and abandoning module TextureFormatUncompressed (131)
[2017.06.09-00.35.04:464][120]LogModuleManager: Shutting down and abandoning module TextureFormatPVR (129)
[2017.06.09-00.35.04:464][120]LogModuleManager: Shutting down and abandoning module TextureFormatDXT (127)
[2017.06.09-00.35.04:464][120]LogModuleManager: Shutting down and abandoning module TextureFormatIntelISPCTexComp (125)
[2017.06.09-00.35.04:464][120]LogModuleManager: Shutting down and abandoning module TextureFormatASTC (123)
[2017.06.09-00.35.04:464][120]LogModuleManager: Shutting down and abandoning module ImageWrapper (122)
[2017.06.09-00.35.04:464][120]LogModuleManager: Shutting down and abandoning module TextureFormatAndroid (119)
[2017.06.09-00.35.04:464][120]LogModuleManager: Shutting down and abandoning module AudioFormatOpus (117)
[2017.06.09-00.35.04:464][120]LogModuleManager: Shutting down and abandoning module AudioFormatOgg (115)
[2017.06.09-00.35.04:464][120]LogModuleManager: Shutting down and abandoning module AudioFormatADPCM (113)
[2017.06.09-00.35.04:464][120]LogModuleManager: Shutting down and abandoning module LinuxTargetPlatform (111)
[2017.06.09-00.35.04:464][120]LogModuleManager: Shutting down and abandoning module LinuxServerTargetPlatform (109)
[2017.06.09-00.35.04:464][120]LogModuleManager: Shutting down and abandoning module LinuxNoEditorTargetPlatform (107)
[2017.06.09-00.35.04:464][120]LogModuleManager: Shutting down and abandoning module LinuxClientTargetPlatform (105)
[2017.06.09-00.35.04:464][120]LogModuleManager: Shutting down and abandoning module TVOSTargetPlatform (103)
[2017.06.09-00.35.04:464][120]LogModuleManager: Shutting down and abandoning module Messaging (101)
[2017.06.09-00.35.04:464][120]LogModuleManager: Shutting down and abandoning module IOSTargetPlatform (99)
[2017.06.09-00.35.04:464][120]LogModuleManager: Shutting down and abandoning module HTML5TargetPlatform (97)
[2017.06.09-00.35.04:464][120]LogModuleManager: Shutting down and abandoning module Android_PVRTCTargetPlatform (95)
[2017.06.09-00.35.04:464][120]LogModuleManager: Shutting down and abandoning module Android_MultiTargetPlatform (93)
[2017.06.09-00.35.04:464][120]LogModuleManager: Shutting down and abandoning module Android_ETC2TargetPlatform (91)
[2017.06.09-00.35.04:464][120]LogModuleManager: Shutting down and abandoning module Android_ETC1TargetPlatform (89)
[2017.06.09-00.35.04:464][120]LogModuleManager: Shutting down and abandoning module Android_DXTTargetPlatform (87)
[2017.06.09-00.35.04:464][120]LogModuleManager: Shutting down and abandoning module Android_ATCTargetPlatform (85)
[2017.06.09-00.35.04:464][120]LogModuleManager: Shutting down and abandoning module Android_ASTCTargetPlatform (83)
[2017.06.09-00.35.04:464][120]LogModuleManager: Shutting down and abandoning module AndroidTargetPlatform (81)
[2017.06.09-00.35.04:464][120]LogModuleManager: Shutting down and abandoning module WindowsTargetPlatform (79)
[2017.06.09-00.35.04:464][120]LogModuleManager: Shutting down and abandoning module WindowsServerTargetPlatform (77)
[2017.06.09-00.35.04:464][120]LogModuleManager: Shutting down and abandoning module WindowsNoEditorTargetPlatform (75)
[2017.06.09-00.35.04:464][120]LogModuleManager: Shutting down and abandoning module WindowsClientTargetPlatform (73)
[2017.06.09-00.35.04:464][120]LogModuleManager: Shutting down and abandoning module MacTargetPlatform (71)
[2017.06.09-00.35.04:464][120]LogModuleManager: Shutting down and abandoning module MacServerTargetPlatform (69)
[2017.06.09-00.35.04:464][120]LogModuleManager: Shutting down and abandoning module MacNoEditorTargetPlatform (67)
[2017.06.09-00.35.04:464][120]LogModuleManager: Shutting down and abandoning module MacClientTargetPlatform (65)
[2017.06.09-00.35.04:464][120]LogModuleManager: Shutting down and abandoning module AllDesktopTargetPlatform (63)
[2017.06.09-00.35.04:464][120]LogModuleManager: Shutting down and abandoning module InputCore (60)
[2017.06.09-00.35.04:464][120]LogModuleManager: Shutting down and abandoning module Settings (58)
[2017.06.09-00.35.04:464][120]LogModuleManager: Shutting down and abandoning module OculusRift (56)
[2017.06.09-00.35.04:464][120]LogModuleManager: Shutting down and abandoning module GearVRController (54)
[2017.06.09-00.35.04:464][120]LogModuleManager: Shutting down and abandoning module GearVR (52)
[2017.06.09-00.35.04:465][120]LogModuleManager: Shutting down and abandoning module ExampleDeviceProfileSelector (50)
[2017.06.09-00.35.04:465][120]LogModuleManager: Shutting down and abandoning module OnlineBlueprintSupport (48)
[2017.06.09-00.35.04:465][120]LogModuleManager: Shutting down and abandoning module OnlineSubsystem (44)
[2017.06.09-00.35.04:465][120]LogOnline:Display: Unloading online subsystem: NULL
[2017.06.09-00.35.04:465][120]LogModuleManager: Shutting down and abandoning module XMPP (43)
[2017.06.09-00.35.04:465][120]LogModuleManager: Shutting down and abandoning module HTTP (41)
[2017.06.09-00.35.04:465][120]LogHttp:Display: Http module shutting down, but needs to wait on 1 outstanding Http requests:
[2017.06.09-00.35.04:465][120]LogHttp:Display: 	verb=[POST] url=[https://datarouter.ol.epicgames.com/datarouter/api/v1/public/data?SessionID=%7B12C4480B-4497-75FB-341D-0B844B9AF80C%7D&AppID=UEEditor.Rocket.Release&AppVersion=4.16.1-3466753%2B%2B%2BUE4%2BRelease-4.16&UserID=76be9e0d4bf666b328e2d6a77288e11a%7Cd2e90465e53c4e38aa585c6f39e2de54%7C547c6589-7de2-45ed-b294-b3c0b54288c5&AppEnvironment=datacollector-binary&UploadType=eteventstream] status=Processing
[2017.06.09-00.35.04:491][120]LogModuleManager: Shutting down and abandoning module SSL (40)
[2017.06.09-00.35.04:492][120]LogModuleManager: Shutting down and abandoning module HTTPChunkInstaller (36)
[2017.06.09-00.35.04:492][120]LogModuleManager: Shutting down and abandoning module AnimationModifiers (34)
[2017.06.09-00.35.04:492][120]LogModuleManager: Shutting down and abandoning module PropertyEditor (33)
[2017.06.09-00.35.04:492][120]LogModuleManager: Shutting down and abandoning module AudioEditor (30)
[2017.06.09-00.35.04:492][120]LogModuleManager: Shutting down and abandoning module TextureCompressor (28)
[2017.06.09-00.35.04:492][120]LogModuleManager: Shutting down and abandoning module ShaderCore (26)
[2017.06.09-00.35.04:492][120]LogModuleManager: Shutting down and abandoning module Landscape (24)
[2017.06.09-00.35.04:492][120]LogModuleManager: Shutting down and abandoning module SlateRHIRenderer (22)
[2017.06.09-00.35.04:493][120]LogModuleManager: Shutting down and abandoning module OpenGLDrv (20)
[2017.06.09-00.35.04:493][120]LogModuleManager: Shutting down and abandoning module D3D11RHI (18)
[2017.06.09-00.35.04:493][120]LogModuleManager: Shutting down and abandoning module AnimGraphRuntime (16)
[2017.06.09-00.35.04:493][120]LogModuleManager: Shutting down and abandoning module Renderer (14)
[2017.06.09-00.35.04:493][120]LogModuleManager: Shutting down and abandoning module Engine (12)
[2017.06.09-00.35.04:493][120]LogModuleManager: Shutting down and abandoning module CoreUObject (10)
[2017.06.09-00.35.04:493][120]LogModuleManager: Shutting down and abandoning module NetworkFile (8)
[2017.06.09-00.35.04:493][120]LogModuleManager: Shutting down and abandoning module StreamingFile (6)
[2017.06.09-00.35.04:493][120]LogModuleManager: Shutting down and abandoning module SandboxFile (4)
[2017.06.09-00.35.04:493][120]LogModuleManager: Shutting down and abandoning module PakFile (2)
[2017.06.09-00.35.04:494][120]LogExit: Exiting.
[2017.06.09-00.35.04:506][120]Log file closed, 06/08/17 18:35:04
