Log file open, 06/20/17 03:13:44
LogInit:Display: Running engine for game: Enviro_2
LogPlatformFile: Not using cached read wrapper
LogInit:Display: RandInit(-1703539009) SRandInit(-1703539009).
LogTaskGraph: Started task graph with 5 named threads and 8 total threads with 1 sets of task threads.
LogStats: Stats thread started at 0.080671
LogInit: Using libcurl 7.47.1
LogInit:  - built for x86_64-pc-win32
LogInit:  - supports SSL with OpenSSL/1.0.2g
LogInit:  - supports HTTP deflate (compression) using libz 1.2.8
LogInit:  - other features:
LogInit:      CURL_VERSION_SSL
LogInit:      CURL_VERSION_LIBZ
LogInit:      CURL_VERSION_IPV6
LogInit:      CURL_VERSION_ASYNCHDNS
LogInit:      CURL_VERSION_LARGEFILE
LogInit:      CURL_VERSION_IDN
LogInit:  CurlRequestOptions (configurable via config and command line):
LogInit:  - bVerifyPeer = false  - Libcurl will NOT verify peer certificate
LogInit:  - bUseHttpProxy = false  - Libcurl will NOT use HTTP proxy
LogInit:  - bDontReuseConnections = false  - Libcurl will reuse connections
LogInit:  - CertBundlePath = nullptr  - Libcurl will use whatever was configured at build time.
LogInit: Build: ++UE4+Release-4.16-CL-3466753
LogInit: Engine Version: 4.16.1-3466753+++UE4+Release-4.16
LogInit: Compatible Engine Version: 4.16.0-3452394+++UE4+Release-4.16
LogInit: Net CL: 3452394
LogDevObjectVersion: Number of dev versions registered: 16
LogDevObjectVersion:   Dev-Blueprints (B0D832E4-1F89-4F0D-ACCF-7EB736FD4AA2): 9
LogDevObjectVersion:   Dev-Build (E1C64328-A22C-4D53-A36C-8E866417BD8C): 0
LogDevObjectVersion:   Dev-Core (375EC13C-06E4-48FB-B500-84F0262A717E): 2
LogDevObjectVersion:   Dev-Editor (E4B068ED-F494-42E9-A231-DA0B2E46BB41): 17
LogDevObjectVersion:   Dev-Framework (CFFC743F-43B0-4480-9391-14DF171D2073): 23
LogDevObjectVersion:   Dev-Mobile (B02B49B5-BB20-44E9-A304-32B752E40360): 0
LogDevObjectVersion:   Dev-Networking (A4E4105C-59A1-49B5-A7C5-40C4547EDFEE): 0
LogDevObjectVersion:   Dev-Online (39C831C9-5AE6-47DC-9A44-9C173E1C8E7C): 0
LogDevObjectVersion:   Dev-Physics (78F01B33-EBEA-4F98-B9B4-84EACCB95AA2): 0
LogDevObjectVersion:   Dev-Platform (6631380F-2D4D-43E0-8009-CF276956A95A): 0
LogDevObjectVersion:   Dev-Rendering (12F88B9F-8875-4AFC-A67C-D90C383ABD29): 15
LogDevObjectVersion:   Dev-Sequencer (7B5AE74C-D270-4C10-A958-57980B212A5A): 4
LogDevObjectVersion:   Dev-VR (D7296918-1DD6-4BDD-9DE2-64A83CC13884): 0
LogDevObjectVersion:   Dev-LoadTimes (C2A15278-BFE7-4AFE-6C17-90FF531DF755): 1
LogDevObjectVersion:   Private-Geometry (6EACA3D4-40EC-4CC1-B786-8BED09428FC5): 1
LogDevObjectVersion:   Dev-AnimPhys (29E575DD-E0A3-4627-9D10-D276232CDCEA): 3
LogInit: Compiled (64-bit): May 31 2017 02:03:30
LogInit: Compiled with Visual C++: 19.00.24215.01
LogInit: Build Configuration: Development
LogInit: Branch Name: ++UE4+Release-4.16
LogInit: Command line:  
LogInit: Base directory: C:/Program Files/Epic Games/UE_4.16/Engine/Binaries/Win64/
LogInit: Installed Engine Build: 1
LogInit: Presizing for max 8388607 objects, including 0 objects not considered by GC, pre-allocating 0 bytes for permanent pool.
LogInit: Object subsystem initialized
[2017.06.20-09.13.44:700][  0]LogInit: Selected Device Profile: [Windows]
[2017.06.20-09.13.44:700][  0]LogInit: Applying CVar settings loaded from the selected device profile: [Windows]
[2017.06.20-09.13.44:708][  0]LogInit: Computer: AZUREPCINTEL
[2017.06.20-09.13.44:708][  0]LogInit: User: AzurePCIntel
[2017.06.20-09.13.44:708][  0]LogInit: CPU Page size=4096, Cores=4
[2017.06.20-09.13.44:708][  0]LogInit: High frequency timer resolution =3.914065 MHz
[2017.06.20-09.13.44:708][  0]LogMemory: Memory total: Physical=16.0GB (16GB approx)
[2017.06.20-09.13.44:708][  0]LogMemory: Platform Memory Stats for Windows
[2017.06.20-09.13.44:708][  0]LogMemory: Process Physical Memory: 273.42 MB used, 273.42 MB peak
[2017.06.20-09.13.44:708][  0]LogMemory: Process Virtual Memory: 260.64 MB used, 260.64 MB peak
[2017.06.20-09.13.44:708][  0]LogMemory: Physical Memory: 7723.05 MB used,  8620.63 MB free, 16343.68 MB total
[2017.06.20-09.13.44:708][  0]LogMemory: Virtual Memory: 638.16 MB used,  8620.63 MB free, 134217728.00 MB total
[2017.06.20-09.13.44:760][  0]LogInit: Using OS detected language (en-US).
[2017.06.20-09.13.44:760][  0]LogInit: Using OS detected locale (en-US).
[2017.06.20-09.13.44:762][  0]LogTextLocalizationManager: No specific localization for 'en-US' exists, so the 'en' localization will be used.
[2017.06.20-09.13.45:494][  0]LogD3D11RHI: D3D11 adapters:
[2017.06.20-09.13.45:509][  0]LogD3D11RHI:    0. 'AMD Radeon (TM) R9 390 Series' (Feature Level 11_0)
[2017.06.20-09.13.45:509][  0]LogD3D11RHI:       8169/0/8171 MB DedicatedVideo/DedicatedSystem/SharedSystem, Outputs:2, VendorId:0x1002
[2017.06.20-09.13.45:510][  0]LogD3D11RHI:    1. 'Microsoft Basic Render Driver' (Feature Level 11_0)
[2017.06.20-09.13.45:510][  0]LogD3D11RHI:       0/0/8171 MB DedicatedVideo/DedicatedSystem/SharedSystem, Outputs:0, VendorId:0x1414
[2017.06.20-09.13.45:510][  0]LogD3D11RHI: Chosen D3D11 Adapter: 0
[2017.06.20-09.13.45:514][  0]LogD3D11RHI: Creating new Direct3DDevice
[2017.06.20-09.13.45:514][  0]LogD3D11RHI:     GPU DeviceId: 0x67b1 (for the marketing name, search the web for "GPU Device Id")
[2017.06.20-09.13.45:514][  0]LogWindows: EnumDisplayDevices:
[2017.06.20-09.13.45:514][  0]LogWindows:    0. 'AMD Radeon (TM) R9 390 Series' (P:1 D:1)
[2017.06.20-09.13.45:514][  0]LogWindows:    1. 'AMD Radeon (TM) R9 390 Series' (P:0 D:1)
[2017.06.20-09.13.45:514][  0]LogWindows:    2. 'AMD Radeon (TM) R9 390 Series' (P:0 D:0)
[2017.06.20-09.13.45:515][  0]LogWindows:    3. 'AMD Radeon (TM) R9 390 Series' (P:0 D:0)
[2017.06.20-09.13.45:515][  0]LogWindows:    4. 'AMD Radeon (TM) R9 390 Series' (P:0 D:0)
[2017.06.20-09.13.45:515][  0]LogWindows:    5. 'AMD Radeon (TM) R9 390 Series' (P:0 D:0)
[2017.06.20-09.13.45:515][  0]LogWindows: DebugString: FoundDriverCount:6 
[2017.06.20-09.13.45:515][  0]LogD3D11RHI:     Adapter Name: AMD Radeon (TM) R9 390 Series
[2017.06.20-09.13.45:515][  0]LogD3D11RHI:   Driver Version: Crimson ReLive 17.1.1 (internal:22.19.162.4, unified:22.19.162.4)
[2017.06.20-09.13.45:515][  0]LogD3D11RHI:      Driver Date: 4-24-2017
[2017.06.20-09.13.45:515][  0]LogRHI: Texture pool is 1361 MB (70% of 1945 MB)
[2017.06.20-09.13.45:545][  0]LogD3D11RHI: Async texture creation enabled
[2017.06.20-09.13.45:554][  0]LogD3D11RHI: GPU Timing Frequency: 27.000000 (Debug: 2 1)
[2017.06.20-09.13.45:554][  0]LogShaderCompilers: Guid format shader working directory is -19 characters bigger than the processId version (../../../../../../Users/AzurePC Intel/Documents/GitHub/Enviro_2/Enviro_2/Intermediate/Shaders/WorkingDirectory/15572/).
[2017.06.20-09.13.45:554][  0]LogShaderCompilers: Cleaned the shader compiler working directory 'C:/Users/AzurePC Intel/AppData/Local/Temp/UnrealShaderWorkingDir/6A90276A4271C5219AB979B2359D8797/'.
[2017.06.20-09.13.45:554][  0]LogShaderCompilers:Display: Using Local Shader Compiler.
[2017.06.20-09.13.46:307][  0]LogTemp:Display: Loaded TP AllDesktopTargetPlatform
[2017.06.20-09.13.46:346][  0]LogTemp:Display: Loaded TP MacClientTargetPlatform
[2017.06.20-09.13.46:382][  0]LogTemp:Display: Loaded TP MacNoEditorTargetPlatform
[2017.06.20-09.13.46:418][  0]LogTemp:Display: Loaded TP MacServerTargetPlatform
[2017.06.20-09.13.46:454][  0]LogTemp:Display: Loaded TP MacTargetPlatform
[2017.06.20-09.13.46:491][  0]LogTemp:Display: Loaded TP WindowsClientTargetPlatform
[2017.06.20-09.13.46:528][  0]LogTemp:Display: Loaded TP WindowsNoEditorTargetPlatform
[2017.06.20-09.13.46:565][  0]LogTemp:Display: Loaded TP WindowsServerTargetPlatform
[2017.06.20-09.13.46:597][  0]LogTemp:Display: Loaded TP WindowsTargetPlatform
[2017.06.20-09.13.46:632][  0]LogTemp:Display: Loaded TP AndroidTargetPlatform
[2017.06.20-09.13.46:667][  0]LogTemp:Display: Loaded TP Android_ASTCTargetPlatform
[2017.06.20-09.13.46:702][  0]LogTemp:Display: Loaded TP Android_ATCTargetPlatform
[2017.06.20-09.13.46:737][  0]LogTemp:Display: Loaded TP Android_DXTTargetPlatform
[2017.06.20-09.13.46:772][  0]LogTemp:Display: Loaded TP Android_ETC1TargetPlatform
[2017.06.20-09.13.46:807][  0]LogTemp:Display: Loaded TP Android_ETC2TargetPlatform
[2017.06.20-09.13.46:878][  0]LogTemp:Display: Loaded TP Android_MultiTargetPlatform
[2017.06.20-09.13.46:878][  0]LogTemp:Display: Loaded TP Android_PVRTCTargetPlatform
[2017.06.20-09.13.46:907][  0]LogTemp:Display: Loaded TP HTML5TargetPlatform
[2017.06.20-09.13.46:980][  0]LogTemp:Display: Loaded TP IOSTargetPlatform
[2017.06.20-09.13.47:002][  0]LogTemp:Display: Loaded TP TVOSTargetPlatform
[2017.06.20-09.13.47:037][  0]LogTemp:Display: Loaded TP LinuxClientTargetPlatform
[2017.06.20-09.13.47:072][  0]LogTemp:Display: Loaded TP LinuxNoEditorTargetPlatform
[2017.06.20-09.13.47:107][  0]LogTemp:Display: Loaded TP LinuxServerTargetPlatform
[2017.06.20-09.13.47:144][  0]LogTemp:Display: Loaded TP LinuxTargetPlatform
[2017.06.20-09.13.47:144][  0]LogTargetPlatformManager:Display: Building Assets For Windows
[2017.06.20-09.13.47:513][  0]LogDerivedDataCache:Display: Max Cache Size: 512 MB
[2017.06.20-09.13.47:592][  0]LogDerivedDataCache: Loaded boot cache 0.08s 90MB C:/Users/AzurePC Intel/AppData/Local/UnrealEngine/4.16/DerivedDataCache/Boot.ddc.
[2017.06.20-09.13.47:592][  0]LogDerivedDataCache:Display: Loaded Boot cache: C:/Users/AzurePC Intel/AppData/Local/UnrealEngine/4.16/DerivedDataCache/Boot.ddc
[2017.06.20-09.13.47:592][  0]LogDerivedDataCache: FDerivedDataBackendGraph:  Pak pak cache file ../../../../../../Users/AzurePC Intel/Documents/GitHub/Enviro_2/Enviro_2/DerivedDataCache/DDC.ddp not found, will not use a pak cache.
[2017.06.20-09.13.47:592][  0]LogDerivedDataCache: Unable to find inner node Pak for hierarchical cache Hierarchy.
[2017.06.20-09.13.47:592][  0]LogDerivedDataCache: FDerivedDataBackendGraph:  CompressedPak pak cache file ../../../../../../Users/AzurePC Intel/Documents/GitHub/Enviro_2/Enviro_2/DerivedDataCache/Compressed.ddp not found, will not use a pak cache.
[2017.06.20-09.13.47:592][  0]LogDerivedDataCache: Unable to find inner node CompressedPak for hierarchical cache Hierarchy.
[2017.06.20-09.13.47:604][  0]LogDerivedDataCache:Display: Pak cache opened for reading ../../../Engine/DerivedDataCache/Compressed.ddp.
[2017.06.20-09.13.47:616][  0]LogDerivedDataCache: Using Local data cache path C:/Users/AzurePC Intel/AppData/Local/UnrealEngine/Common/DerivedDataCache: Writable
[2017.06.20-09.13.47:624][  0]LogMaterial: Verifying Global Shaders for PCD3D_SM5
[2017.06.20-09.13.47:624][  0]LogSlate: Using Freetype 2.6.0
[2017.06.20-09.13.47:625][  0]LogSlate: SlateFontCache - WITH_FREETYPE: 1, WITH_HARFBUZZ: 1
[2017.06.20-09.13.47:625][  0]LogSlate: SlateFontCache - WITH_FREETYPE: 1, WITH_HARFBUZZ: 1
[2017.06.20-09.13.47:863][  0]LogInit: Selected Device Profile: [Windows]
[2017.06.20-09.13.47:938][  0]LogContentStreaming: Texture pool size is 0.00 MB
[2017.06.20-09.13.48:052][  0]LogMeshUtilities: Using QuadricMeshReduction for automatic static mesh reduction
[2017.06.20-09.13.48:083][  0]LogSimplygon: Simplygon DLL not present - disabling.
[2017.06.20-09.13.48:123][  0]LogMeshUtilities: Using SimplygonSwarm for distributed automatic mesh merging
[2017.06.20-09.13.48:123][  0]LogMeshUtilities: No automatic skeletal mesh reduction module available
[2017.06.20-09.13.48:123][  0]LogMeshUtilities: No automatic mesh merging module available
[2017.06.20-09.13.48:537][  0]LogNetVersion: Enviro_2 , NetCL: 3452394, EngineNetVer: 2, GameNetVer: 0 (Checksum: 303638927)
[2017.06.20-09.13.48:588][  0]LogAssetRegistry: FAssetRegistry took 0.0250 seconds to start up
[2017.06.20-09.13.48:631][  0]LogPackageLocalizationCache: Processed 4 localized package path(s) for 2 prioritized culture(s) in 0.026212 seconds
[2017.06.20-09.13.48:635][  0]LogUObjectArray: 34194 objects as part of root set at end of initial load.
[2017.06.20-09.13.48:635][  0]LogUObjectAllocator: 7260416 out of 0 bytes used by permanent object pool.
[2017.06.20-09.13.48:635][  0]LogUObjectArray: CloseDisregardForGC: 0/0 objects in disregard for GC pool
[2017.06.20-09.13.48:681][  0]LogInit: WinSock: version 1.1 (2.2), MaxSocks=32767, MaxUdp=65467
[2017.06.20-09.13.50:481][  0]LogSubstanceCoreModule: Substance [CPU] Engine Loaded, Max Texture Size = 2048
[2017.06.20-09.13.50:503][  0]LogTcpMessaging: Initializing TcpMessaging bridge
[2017.06.20-09.13.50:534][  0]LogUdpMessaging: Initializing bridge on interface 0.0.0.0:0 to multicast group 230.0.0.1:6666.
[2017.06.20-09.13.50:912][  0]LogMaterial: Uniform references updated for custom material expression Custom.
[2017.06.20-09.13.51:209][  0]SourceControl: Info Source control is disabled
[2017.06.20-09.13.51:210][  0]SourceControl: Info Source control is disabled
[2017.06.20-09.13.51:245][  0]SourceControl: Info Source control is disabled
[2017.06.20-09.13.51:282][  0]SourceControl: Info Source control is disabled
[2017.06.20-09.13.51:763][  0]LogAndroidPermission: UAndroidPermissionCallbackProxy::GetInstance
[2017.06.20-09.13.52:213][  0]LogEngine: Initializing Engine...
[2017.06.20-09.13.52:214][  0]LogHMD: Failed to initialize OpenVR with code 110
[2017.06.20-09.13.52:378][  0]LogStats: UGameplayTagsManager::ConstructGameplayTagTree: Construct from data asset -  0.000 s
[2017.06.20-09.13.52:378][  0]LogStats: UGameplayTagsManager::ConstructGameplayTagTree: GameplayTagTreeChangedEvent.Broadcast -  0.000 s
[2017.06.20-09.13.52:478][  0]LogAIModule: Creating AISystem for world Untitled
[2017.06.20-09.13.52:486][  0]LogInit: XAudio2 using 'SPDIF Interface (2- FiiO USB DAC-E10)' : 2 channels at 48 kHz using 16 bits per sample (channel mask 0x3)
[2017.06.20-09.13.52:498][  0]LogInit: FAudioDevice initialized.
[2017.06.20-09.13.52:533][  0]LogDerivedDataCache: Saved boot cache 0.04s 90MB C:/Users/AzurePC Intel/AppData/Local/UnrealEngine/4.16/DerivedDataCache/Boot.ddc.
[2017.06.20-09.13.52:545][  0]LogInit: Texture streaming: Enabled
[2017.06.20-09.13.52:614][  0]LogEngineSessionManager: EngineSessionManager initialized
[2017.06.20-09.13.52:771][  0]LogInit: Transaction tracking system initialized
[2017.06.20-09.13.52:994][  0]BlueprintLog: New page: Editor Load
[2017.06.20-09.13.53:656][  0]LocalizationService: Info Localization service is disabled
[2017.06.20-09.13.54:138][  0]LogConsoleResponse:Display: 
[2017.06.20-09.13.54:254][  0]LogCook:Display: Max memory allowance for cook 16384mb min free memory 0mb
[2017.06.20-09.13.54:254][  0]LogCook:Display: Mobile HDR setting 1
[2017.06.20-09.13.54:724][  0]LogFileCache: Scanning file cache for directory 'C:/Users/AzurePC Intel/Documents/GitHub/Enviro_2/Enviro_2/Content/' took 0.02s
[2017.06.20-09.13.54:964][  0]SourceControl: Info Source control is disabled
[2017.06.20-09.13.54:964][  0]Cmd: MAP LOAD FILE="../../../../../../Users/AzurePC Intel/Documents/GitHub/Enviro_2/Enviro_2/Content/StarterContent/Maps/Minimal_Default.umap" TEMPLATE=0 SHOWPROGRESS=1 FEATURELEVEL=3
[2017.06.20-09.13.54:964][  0]LightingResults: New page: Lighting Build
[2017.06.20-09.13.54:993][  0]MapCheck: New page: Map Check
[2017.06.20-09.13.54:993][  0]LightingResults: New page: Lighting Build
[2017.06.20-09.13.55:096][  0]LogAIModule: Creating AISystem for world Minimal_Default
[2017.06.20-09.13.55:100][  0]LogEditorServer: Finished looking for orphan Actors (0.000 secs)
[2017.06.20-09.13.55:109][  0]Cmd: MAP CHECKDEP NOCLEARLOG
[2017.06.20-09.13.55:142][  0]MapCheck: Info Map check complete: 0 Error(s), 0 Warning(s), took 33.173ms to complete.
[2017.06.20-09.13.55:143][  0]LogFileHelpers: Loading map 'Minimal_Default' took 0.178
[2017.06.20-09.13.55:291][  0]LogCollectionManager: Loaded 0 collections in 0.001107 seconds
[2017.06.20-09.13.55:367][  0]LogFileCache: Scanning file cache for directory 'C:/Users/AzurePC Intel/Documents/GitHub/Enviro_2/Enviro_2/Saved/Collections/' took 0.01s
[2017.06.20-09.13.55:367][  0]LogFileCache: Scanning file cache for directory 'C:/Users/AzurePC Intel/Documents/GitHub/Enviro_2/Enviro_2/Content/Developers/AzurePCIntel/Collections/' took 0.01s
[2017.06.20-09.13.55:367][  0]LogFileCache: Scanning file cache for directory 'C:/Users/AzurePC Intel/Documents/GitHub/Enviro_2/Enviro_2/Content/Collections/' took 0.01s
[2017.06.20-09.13.55:367][  0]LogCollectionManager: Rebuilt the GUID cache for 0 collections in 0.000001 seconds
[2017.06.20-09.13.55:374][  0]LogContentBrowser: Native class hierarchy populated in 0.0066 seconds. Added 2343 classes and 497 folders.
[2017.06.20-09.13.55:420][  0]LogContentBrowser: Native class hierarchy updated for 'WidgetCarousel' in 0.0004 seconds. Added 0 classes and 0 folders.
[2017.06.20-09.13.55:447][  0]LogContentBrowser: Native class hierarchy updated for 'AddContentDialog' in 0.0004 seconds. Added 0 classes and 0 folders.
[2017.06.20-09.13.55:478][  0]LogContentBrowser: Native class hierarchy updated for 'SceneOutliner' in 0.0005 seconds. Added 1 classes and 2 folders.
[2017.06.20-09.13.55:508][  0]LogCrashTracker: Crashtracker disabled due to settings.
[2017.06.20-09.13.55:512][  0]LogSlate: Took 0.000162 seconds to synchronously load lazily loaded font '../../../Engine/Content/Slate/Fonts/Roboto-Regular.ttf' (155K)
[2017.06.20-09.13.55:514][  0]LogSlate: Took 0.000138 seconds to synchronously load lazily loaded font '../../../Engine/Content/Slate/Fonts/Roboto-Bold.ttf' (160K)
[2017.06.20-09.13.55:517][  0]LogSlate: Took 0.000225 seconds to synchronously load lazily loaded font '../../../Engine/Content/Editor/Slate/Fonts/FontAwesome.ttf' (139K)
[2017.06.20-09.13.55:586][  0]LogRenderer: Reallocating scene render targets to support 1212x636 NumSamples 1 (Frame:1).
[2017.06.20-09.13.55:709][  0]LogUObjectGlobals:Warning: Failed to find object 'Class None.'
[2017.06.20-09.13.55:761][  0]LogContentBrowser: Native class hierarchy updated for 'HierarchicalLODOutliner' in 0.0004 seconds. Added 1 classes and 2 folders.
[2017.06.20-09.13.55:761][  0]LogLoad: (Engine Initialization) Total time: 12.24 seconds
[2017.06.20-09.13.55:761][  0]LogLoad: (Engine Initialization) Total Blueprint compile time: 0.03 seconds
[2017.06.20-09.13.55:761][  0]LogExternalProfiler: No external profilers were discovered.  External profiling features will not be available.
[2017.06.20-09.13.55:772][  0]LogWindowsTextInputMethodSystem:Display: IME system now deactivated.
[2017.06.20-09.13.55:773][  0]LogOcInput: OculusInput pre-init called
[2017.06.20-09.13.55:773][  0]LogHMD: Starting GearVRController plugin
[2017.06.20-09.13.55:789][  0]LogAssetRegistry: Asset discovery search completed in 7.2228 seconds
[2017.06.20-09.13.55:791][  0]LogCollectionManager: Rebuilt the object cache for 0 collections in 0.000000 seconds (found 0 objects)
[2017.06.20-09.13.55:791][  0]LogCollectionManager: Fixed up redirectors for 0 collections in 0.000019 seconds (updated 0 objects)
[2017.06.20-09.13.55:791][  0]LogContentStreaming: Texture pool size now 1000 MB
[2017.06.20-09.13.55:809][  0]LogSlate: Took 0.000196 seconds to synchronously load lazily loaded font '../../../Engine/Content/Slate/Fonts/Roboto-Light.ttf' (159K)
[2017.06.20-09.14.03:783][941]LogSlate: Took 0.000110 seconds to synchronously load lazily loaded font '../../../Engine/Content/Slate/Fonts/Roboto-Light.ttf' (159K)
[2017.06.20-09.14.04:411][941]LogAIModule: Creating AISystem for world DOOM_FanArt_Reactor_01
[2017.06.20-09.14.04:424][941]Cmd: MAP LOAD FILE="../../../../../../Users/AzurePC Intel/Documents/GitHub/Enviro_2/Enviro_2/Content/Maps/DOOM_FanArt_Reactor_01.umap" TEMPLATE=0 SHOWPROGRESS=1 FEATURELEVEL=3
[2017.06.20-09.14.04:424][941]LightingResults: New page: Lighting Build
[2017.06.20-09.14.04:425][941]LoadErrors: New page: Loading map: DOOM_FanArt_Reactor_01.umap
[2017.06.20-09.14.04:425][941]MapCheck: New page: Map Check
[2017.06.20-09.14.04:425][941]LightingResults: New page: Lighting Build
[2017.06.20-09.14.04:439][941]LogEditorServer: Finished looking for orphan Actors (0.000 secs)
[2017.06.20-09.14.04:465][941]Cmd: MAP CHECKDEP NOCLEARLOG
[2017.06.20-09.14.04:499][941]MapCheck: Info Map check complete: 0 Error(s), 0 Warning(s), took 34.86ms to complete.
[2017.06.20-09.14.04:499][941]LogFileHelpers: Loading map 'DOOM_FanArt_Reactor_01' took 0.076
[2017.06.20-09.14.27:303][651]LogEditorViewport: Clicking on Actor (context menu): StaticMeshActor (ST_lv1)
[2017.06.20-09.15.02:939][891]LogEditorViewport: Clicking on Actor (LMB): StaticMeshActor (ST_HeroAsset)
[2017.06.20-09.15.06:751][274]LogEditorViewport: Clicking on Actor (LMB): StaticMeshActor (ST_Stairs-platform3)
[2017.06.20-09.15.08:454][473]LogSlate: Took 0.000120 seconds to synchronously load lazily loaded font '../../../Engine/Content/Editor/Slate/Fonts/Roboto-Italic.ttf' (157K)
[2017.06.20-09.15.17:515][558]LogEditorViewport: Clicking on Actor (LMB): StaticMeshActor (ST_Stairs-platform_lv3)
[2017.06.20-09.15.18:644][689]LogEditorViewport: Clicking on Actor (CTRL LMB): StaticMeshActor (ST_Reactor_Support)
[2017.06.20-09.15.19:122][741]LogEditorViewport: Clicking on Actor (CTRL LMB): StaticMeshActor (ST_Stairs-platform3)
[2017.06.20-09.15.19:859][822]LogEditorViewport: Clicking on Actor (CTRL LMB): StaticMeshActor (lv3)
[2017.06.20-09.15.20:909][942]LogEditorViewport: Clicking on Actor (CTRL LMB): StaticMeshActor (ST_lv3_Wall-support)
[2017.06.20-09.15.23:615][260]LogEditorViewport: Clicking on Actor (CTRL LMB): StaticMeshActor (ST_lv1)
[2017.06.20-09.15.28:325][818]Cmd: CAMERA ALIGN ACTIVEVIEWPORTONLY
[2017.06.20-09.15.29:568][965]Cmd: CAMERA ALIGN ACTIVEVIEWPORTONLY
[2017.06.20-09.15.31:018][136]Cmd: CAMERA ALIGN ACTIVEVIEWPORTONLY
[2017.06.20-09.15.32:332][289]Cmd: CAMERA ALIGN ACTIVEVIEWPORTONLY
[2017.06.20-09.15.33:177][384]Cmd: CAMERA ALIGN ACTIVEVIEWPORTONLY
[2017.06.20-09.15.34:484][538]Cmd: CAMERA ALIGN ACTIVEVIEWPORTONLY
[2017.06.20-09.15.35:746][683]Cmd: CAMERA ALIGN ACTIVEVIEWPORTONLY
[2017.06.20-09.15.36:646][787]Cmd: CAMERA ALIGN ACTIVEVIEWPORTONLY
[2017.06.20-09.15.37:399][874]Cmd: CAMERA ALIGN ACTIVEVIEWPORTONLY
[2017.06.20-09.15.38:640][ 19]Cmd: CAMERA ALIGN ACTIVEVIEWPORTONLY
[2017.06.20-09.15.39:493][118]Cmd: CAMERA ALIGN ACTIVEVIEWPORTONLY
[2017.06.20-09.15.41:104][309]Cmd: CAMERA ALIGN ACTIVEVIEWPORTONLY
[2017.06.20-09.15.43:226][560]Cmd: CAMERA ALIGN ACTIVEVIEWPORTONLY
[2017.06.20-09.15.44:826][749]Cmd: CAMERA ALIGN ACTIVEVIEWPORTONLY
[2017.06.20-09.15.46:186][909]Cmd: CAMERA ALIGN ACTIVEVIEWPORTONLY
[2017.06.20-09.15.47:729][ 92]Cmd: CAMERA ALIGN ACTIVEVIEWPORTONLY
[2017.06.20-09.15.48:684][204]Cmd: CAMERA ALIGN ACTIVEVIEWPORTONLY
[2017.06.20-09.16.34:028][392]LogFbx:Warning: FBX version number for this version of the FBX SDK is 7.5.0


[2017.06.20-09.18.16:077][ 30]LogFbx:Warning: FBX version number for this version of the FBX SDK is 7.5.0


[2017.06.20-09.19.03:725][637]LogTemp: Repeting last play command: Selected Viewport
[2017.06.20-09.19.03:780][637]LogBlueprintUserMessages: Early PlayInEditor Detection: Level '/Game/Maps/DOOM_FanArt_Reactor_01.DOOM_FanArt_Reactor_01:PersistentLevel' has LevelScriptBlueprint '/Game/Maps/DOOM_FanArt_Reactor_01.DOOM_FanArt_Reactor_01:PersistentLevel.DOOM_FanArt_Reactor_01' with GeneratedClass '/Game/Maps/DOOM_FanArt_Reactor_01.DOOM_FanArt_Reactor_01_C' with ClassGeneratedBy '/Game/Maps/DOOM_FanArt_Reactor_01.DOOM_FanArt_Reactor_01:PersistentLevel.DOOM_FanArt_Reactor_01'
[2017.06.20-09.19.03:780][637]LogPlayLevel: PlayLevel: No blueprints needed recompiling
[2017.06.20-09.19.03:780][637]PIE: New page: PIE session: DOOM_FanArt_Reactor_01 (Jun 19, 2017, 9:19:03 PM)
[2017.06.20-09.19.03:780][637]LogPlayLevel: Creating play world package: /Game/Maps/UEDPIE_0_DOOM_FanArt_Reactor_01
[2017.06.20-09.19.03:782][637]LogPlayLevel: PIE: StaticDuplicateObject took: (0.002308s)
[2017.06.20-09.19.03:783][637]LogAIModule: Creating AISystem for world DOOM_FanArt_Reactor_01
[2017.06.20-09.19.03:783][637]LogPlayLevel: PIE: World Init took: (0.000529s)
[2017.06.20-09.19.03:783][637]LogPlayLevel: PIE: Created PIE world by copying editor world from /Game/Maps/DOOM_FanArt_Reactor_01.DOOM_FanArt_Reactor_01 to /Game/Maps/UEDPIE_0_DOOM_FanArt_Reactor_01.DOOM_FanArt_Reactor_01 (0.003003s)
[2017.06.20-09.19.03:795][637]LogInit: XAudio2 using 'SPDIF Interface (2- FiiO USB DAC-E10)' : 2 channels at 48 kHz using 16 bits per sample (channel mask 0x3)
[2017.06.20-09.19.03:798][637]LogInit: FAudioDevice initialized.
[2017.06.20-09.19.03:842][637]LogLoad: Game class is 'GameModeBase'
[2017.06.20-09.19.03:844][637]LogWorld: Bringing World /Game/Maps/UEDPIE_0_DOOM_FanArt_Reactor_01.DOOM_FanArt_Reactor_01 up for play (max tick rate 0) at 2017.06.20-03.19.03
[2017.06.20-09.19.03:847][637]LogWorld: Bringing up level for play took: 0.004381
[2017.06.20-09.19.03:878][637]LogContentBrowser: Native class hierarchy updated for 'MovieSceneCapture' in 0.0005 seconds. Added 11 classes and 0 folders.
[2017.06.20-09.19.03:878][637]PIE: Info Play in editor start time for /Game/Maps/UEDPIE_0_DOOM_FanArt_Reactor_01 0.777
[2017.06.20-09.19.03:879][637]LogBlueprintUserMessages: Late PlayInEditor Detection: Level '/Game/Maps/DOOM_FanArt_Reactor_01.DOOM_FanArt_Reactor_01:PersistentLevel' has LevelScriptBlueprint '/Game/Maps/DOOM_FanArt_Reactor_01.DOOM_FanArt_Reactor_01:PersistentLevel.DOOM_FanArt_Reactor_01' with GeneratedClass '/Game/Maps/DOOM_FanArt_Reactor_01.DOOM_FanArt_Reactor_01_C' with ClassGeneratedBy '/Game/Maps/DOOM_FanArt_Reactor_01.DOOM_FanArt_Reactor_01:PersistentLevel.DOOM_FanArt_Reactor_01'
[2017.06.20-09.19.05:500][829]Cmd: LevelEditor.ToggleImmersive
[2017.06.20-09.19.05:633][830]LogRenderer: Reallocating scene render targets to support 1356x728 NumSamples 1 (Frame:194).
[2017.06.20-09.19.05:692][831]LogRenderer: Reallocating scene render targets to support 1920x1080 NumSamples 1 (Frame:196).
[2017.06.20-09.19.38:783][555]LogBlueprintUserMessages: Early EndPlayMap Detection: Level '/Game/Maps/DOOM_FanArt_Reactor_01.DOOM_FanArt_Reactor_01:PersistentLevel' has LevelScriptBlueprint '/Game/Maps/DOOM_FanArt_Reactor_01.DOOM_FanArt_Reactor_01:PersistentLevel.DOOM_FanArt_Reactor_01' with GeneratedClass '/Game/Maps/DOOM_FanArt_Reactor_01.DOOM_FanArt_Reactor_01_C' with ClassGeneratedBy '/Game/Maps/DOOM_FanArt_Reactor_01.DOOM_FanArt_Reactor_01:PersistentLevel.DOOM_FanArt_Reactor_01'
[2017.06.20-09.19.38:861][555]LogBlueprintUserMessages: Late EndPlayMap Detection: Level '/Game/Maps/DOOM_FanArt_Reactor_01.DOOM_FanArt_Reactor_01:PersistentLevel' has LevelScriptBlueprint '/Game/Maps/DOOM_FanArt_Reactor_01.DOOM_FanArt_Reactor_01:PersistentLevel.DOOM_FanArt_Reactor_01' with GeneratedClass '/Game/Maps/DOOM_FanArt_Reactor_01.DOOM_FanArt_Reactor_01_C' with ClassGeneratedBy '/Game/Maps/DOOM_FanArt_Reactor_01.DOOM_FanArt_Reactor_01:PersistentLevel.DOOM_FanArt_Reactor_01'
[2017.06.20-09.19.43:211][882]Cmd: QUIT_EDITOR
[2017.06.20-09.19.43:294][882]LogWindowsTextInputMethodSystem:Display: IME system now deactivated.
[2017.06.20-09.19.43:306][882]LogExit: Preparing to exit.
[2017.06.20-09.19.43:671][882]LogDirectoryWatcher: A directory notification for 'C:/Users/AzurePC Intel/Documents/GitHub/Enviro_2/Enviro_2/Content/' was aborted.
[2017.06.20-09.19.43:686][882]LogExit: Editor shut down
[2017.06.20-09.19.43:689][882]LogExit: Transaction tracking system shut down
[2017.06.20-09.19.43:749][882]LogObj: Freed 0b from 0 cluster array pools.
[2017.06.20-09.19.43:749][882]LogExit: Object subsystem successfully closed.
[2017.06.20-09.19.43:790][882]LogD3D11RHI: Shutdown
[2017.06.20-09.19.43:790][882]LogD3D11RHI: CleanupD3DDevice
[2017.06.20-09.19.43:891][882]LogD3D11RHI: ~FD3D11DynamicRHI
[2017.06.20-09.19.43:901][882]LogModuleManager: Shutting down and abandoning module MovieSceneCapture (530)
[2017.06.20-09.19.43:901][882]LogModuleManager: Shutting down and abandoning module HierarchicalLODOutliner (528)
[2017.06.20-09.19.43:901][882]LogModuleManager: Shutting down and abandoning module CrashTracker (526)
[2017.06.20-09.19.43:901][882]LogModuleManager: Shutting down and abandoning module SceneOutliner (524)
[2017.06.20-09.19.43:901][882]LogModuleManager: Shutting down and abandoning module AddContentDialog (522)
[2017.06.20-09.19.43:901][882]LogDirectoryWatcher: A directory notification for 'C:/Program Files/Epic Games/UE_4.16/FeaturePacks/' was aborted.
[2017.06.20-09.19.43:901][882]LogModuleManager: Shutting down and abandoning module WidgetCarousel (521)
[2017.06.20-09.19.43:901][882]LogModuleManager: Shutting down and abandoning module EditorWidgets (518)
[2017.06.20-09.19.43:901][882]LogModuleManager: Shutting down and abandoning module CollectionManager (516)
[2017.06.20-09.19.43:901][882]LogDirectoryWatcher: A directory notification for 'C:/Users/AzurePC Intel/Documents/GitHub/Enviro_2/Enviro_2/Content/Collections/' was aborted.
[2017.06.20-09.19.43:901][882]LogDirectoryWatcher: A directory notification for 'C:/Users/AzurePC Intel/Documents/GitHub/Enviro_2/Enviro_2/Content/Developers/AzurePCIntel/Collections/' was aborted.
[2017.06.20-09.19.43:901][882]LogDirectoryWatcher: A directory notification for 'C:/Users/AzurePC Intel/Documents/GitHub/Enviro_2/Enviro_2/Saved/Collections/' was aborted.
[2017.06.20-09.19.43:901][882]LogModuleManager: Shutting down and abandoning module StatsViewer (514)
[2017.06.20-09.19.43:901][882]LogModuleManager: Shutting down and abandoning module FoliageEdit (512)
[2017.06.20-09.19.43:901][882]LogModuleManager: Shutting down and abandoning module LandscapeEditor (510)
[2017.06.20-09.19.43:901][882]LogModuleManager: Shutting down and abandoning module MeshPaintMode (508)
[2017.06.20-09.19.43:902][882]LogModuleManager: Shutting down and abandoning module SceneDepthPickerMode (506)
[2017.06.20-09.19.43:902][882]LogModuleManager: Shutting down and abandoning module ActorPickerMode (504)
[2017.06.20-09.19.43:902][882]LogModuleManager: Shutting down and abandoning module GeometryMode (502)
[2017.06.20-09.19.43:902][882]LogModuleManager: Shutting down and abandoning module TextureAlignMode (500)
[2017.06.20-09.19.43:902][882]LogModuleManager: Shutting down and abandoning module BspMode (498)
[2017.06.20-09.19.43:902][882]LogModuleManager: Shutting down and abandoning module HardwareSurvey (496)
[2017.06.20-09.19.43:902][882]LogModuleManager: Shutting down and abandoning module SequenceRecorderSections (494)
[2017.06.20-09.19.43:902][882]LogModuleManager: Shutting down and abandoning module AutomationWorker (492)
[2017.06.20-09.19.43:902][882]LogModuleManager: Shutting down and abandoning module MatineeToLevelSequence (490)
[2017.06.20-09.19.43:902][882]LogModuleManager: Shutting down and abandoning module LevelSequenceEditor (488)
[2017.06.20-09.19.43:902][882]LogModuleManager: Shutting down and abandoning module PlacementMode (487)
[2017.06.20-09.19.43:902][882]LogModuleManager: Shutting down and abandoning module WmfMediaFactory (484)
[2017.06.20-09.19.43:902][882]LogModuleManager: Shutting down and abandoning module WmfMediaEditor (482)
[2017.06.20-09.19.43:902][882]LogModuleManager: Shutting down and abandoning module AvfMediaFactory (480)
[2017.06.20-09.19.43:902][882]LogModuleManager: Shutting down and abandoning module AvfMediaEditor (478)
[2017.06.20-09.19.43:902][882]LogModuleManager: Shutting down and abandoning module AndroidMediaFactory (476)
[2017.06.20-09.19.43:902][882]LogModuleManager: Shutting down and abandoning module Media (475)
[2017.06.20-09.19.43:902][882]LogModuleManager: Shutting down and abandoning module AndroidMediaEditor (472)
[2017.06.20-09.19.43:902][882]LogModuleManager: Shutting down and abandoning module CharacterAI (470)
[2017.06.20-09.19.43:902][882]LogModuleManager: Shutting down and abandoning module AudioCapture (468)
[2017.06.20-09.19.43:902][882]LogModuleManager: Shutting down and abandoning module SequenceRecorder (467)
[2017.06.20-09.19.43:902][882]LogModuleManager: Shutting down and abandoning module SmartSnapping (464)
[2017.06.20-09.19.43:902][882]LogModuleManager: Shutting down and abandoning module SessionServices (462)
[2017.06.20-09.19.43:902][882]LogModuleManager: Shutting down and abandoning module ViewportSnapping (460)
[2017.06.20-09.19.43:902][882]LogModuleManager: Shutting down and abandoning module ViewportInteraction (458)
[2017.06.20-09.19.43:902][882]LogModuleManager: Shutting down and abandoning module ClothPainter (456)
[2017.06.20-09.19.43:902][882]LogModuleManager: Shutting down and abandoning module LogVisualizer (454)
[2017.06.20-09.19.43:902][882]LogModuleManager: Shutting down and abandoning module IntroTutorials (452)
[2017.06.20-09.19.43:902][882]LogModuleManager: Shutting down and abandoning module GameProjectGeneration (451)
[2017.06.20-09.19.43:902][882]LogModuleManager: Shutting down and abandoning module EditorLiveStreaming (448)
[2017.06.20-09.19.43:902][882]LogModuleManager: Shutting down and abandoning module IOSPlatformEditor (446)
[2017.06.20-09.19.43:902][882]LogModuleManager: Shutting down and abandoning module HTML5PlatformEditor (444)
[2017.06.20-09.19.43:902][882]LogModuleManager: Shutting down and abandoning module AndroidPlatformEditor (442)
[2017.06.20-09.19.43:902][882]LogModuleManager: Shutting down and abandoning module AndroidDeviceDetection (441)
[2017.06.20-09.19.44:109][882]LogModuleManager: Shutting down and abandoning module IOSRuntimeSettings (438)
[2017.06.20-09.19.44:109][882]LogModuleManager: Shutting down and abandoning module AndroidRuntimeSettings (436)
[2017.06.20-09.19.44:109][882]LogModuleManager: Shutting down and abandoning module InputBindingEditor (434)
[2017.06.20-09.19.44:109][882]LogModuleManager: Shutting down and abandoning module MergeActors (432)
[2017.06.20-09.19.44:109][882]LogModuleManager: Shutting down and abandoning module SizeMap (430)
[2017.06.20-09.19.44:109][882]LogModuleManager: Shutting down and abandoning module TreeMap (428)
[2017.06.20-09.19.44:109][882]LogModuleManager: Shutting down and abandoning module ReferenceViewer (426)
[2017.06.20-09.19.44:109][882]LogModuleManager: Shutting down and abandoning module LocalizationDashboard (424)
[2017.06.20-09.19.44:109][882]LogModuleManager: Shutting down and abandoning module LocalizationService (423)
[2017.06.20-09.19.44:109][882]LogModuleManager: Shutting down and abandoning module HardwareTargeting (420)
[2017.06.20-09.19.44:109][882]LogModuleManager: Shutting down and abandoning module DeviceProfileEditor (418)
[2017.06.20-09.19.44:109][882]LogModuleManager: Shutting down and abandoning module UndoHistory (416)
[2017.06.20-09.19.44:109][882]LogModuleManager: Shutting down and abandoning module UserFeedback (414)
[2017.06.20-09.19.44:109][882]LogModuleManager: Shutting down and abandoning module XmlParser (412)
[2017.06.20-09.19.44:109][882]LogModuleManager: Shutting down and abandoning module Blutility (410)
[2017.06.20-09.19.44:109][882]LogModuleManager: Shutting down and abandoning module ProjectSettingsViewer (408)
[2017.06.20-09.19.44:109][882]LogModuleManager: Shutting down and abandoning module ProjectTargetPlatformEditor (407)
[2017.06.20-09.19.44:109][882]LogModuleManager: Shutting down and abandoning module EditorSettingsViewer (404)
[2017.06.20-09.19.44:109][882]LogModuleManager: Shutting down and abandoning module SettingsEditor (402)
[2017.06.20-09.19.44:109][882]LogModuleManager: Shutting down and abandoning module ProjectLauncher (400)
[2017.06.20-09.19.44:109][882]LogModuleManager: Shutting down and abandoning module SessionFrontend (398)
[2017.06.20-09.19.44:109][882]LogModuleManager: Shutting down and abandoning module ProfilerClient (396)
[2017.06.20-09.19.44:109][882]LogModuleManager: Shutting down and abandoning module DeviceManager (394)
[2017.06.20-09.19.44:109][882]LogModuleManager: Shutting down and abandoning module TargetDeviceServices (393)
[2017.06.20-09.19.44:174][882]LogModuleManager: Shutting down and abandoning module AutomationController (390)
[2017.06.20-09.19.44:174][882]LogModuleManager: Shutting down and abandoning module AutomationWindow (388)
[2017.06.20-09.19.44:174][882]LogModuleManager: Shutting down and abandoning module Layers (386)
[2017.06.20-09.19.44:174][882]LogModuleManager: Shutting down and abandoning module ComponentVisualizers (384)
[2017.06.20-09.19.44:174][882]LogModuleManager: Shutting down and abandoning module DetailCustomizations (382)
[2017.06.20-09.19.44:174][882]LogModuleManager: Shutting down and abandoning module PackagesDialog (380)
[2017.06.20-09.19.44:174][882]LogModuleManager: Shutting down and abandoning module Persona (378)
[2017.06.20-09.19.44:174][882]LogModuleManager: Shutting down and abandoning module AdvancedPreviewScene (377)
[2017.06.20-09.19.44:174][882]LogModuleManager: Shutting down and abandoning module AnimGraph (375)
[2017.06.20-09.19.44:174][882]LogModuleManager: Shutting down and abandoning module Kismet (372)
[2017.06.20-09.19.44:174][882]LogModuleManager: Shutting down and abandoning module ClassViewer (370)
[2017.06.20-09.19.44:174][882]LogModuleManager: Shutting down and abandoning module Toolbox (368)
[2017.06.20-09.19.44:174][882]LogModuleManager: Shutting down and abandoning module ModuleUI (366)
[2017.06.20-09.19.44:174][882]LogModuleManager: Shutting down and abandoning module MovieSceneTools (364)
[2017.06.20-09.19.44:174][882]LogModuleManager: Shutting down and abandoning module OutputLog (362)
[2017.06.20-09.19.44:174][882]LogModuleManager: Shutting down and abandoning module GammaUI (360)
[2017.06.20-09.19.44:174][882]LogModuleManager: Shutting down and abandoning module Documentation (358)
[2017.06.20-09.19.44:174][882]LogModuleManager: Shutting down and abandoning module MovieSceneTracks (356)
[2017.06.20-09.19.44:174][882]LogModuleManager: Shutting down and abandoning module MovieScene (354)
[2017.06.20-09.19.44:174][882]LogModuleManager: Shutting down and abandoning module Niagara (352)
[2017.06.20-09.19.44:174][882]LogModuleManager: Shutting down and abandoning module NiagaraEditor (351)
[2017.06.20-09.19.44:174][882]LogModuleManager: Shutting down and abandoning module StreamingPauseRendering (348)
[2017.06.20-09.19.44:174][882]LogModuleManager: Shutting down and abandoning module AnalyticsET (346)
[2017.06.20-09.19.44:174][882]LogModuleManager: Shutting down and abandoning module PortalServices (344)
[2017.06.20-09.19.44:174][882]LogModuleManager: Shutting down and abandoning module PortalRpc (342)
[2017.06.20-09.19.44:174][882]LogModuleManager: Shutting down and abandoning module MessagingRpc (340)
[2017.06.20-09.19.44:174][882]LogModuleManager: Shutting down and abandoning module AIModule (338)
[2017.06.20-09.19.44:174][882]LogModuleManager: Shutting down and abandoning module GameplayDebugger (337)
[2017.06.20-09.19.44:174][882]LogModuleManager: Shutting down and abandoning module AITestSuite (335)
[2017.06.20-09.19.44:174][882]LogModuleManager: Shutting down and abandoning module ProfilerService (332)
[2017.06.20-09.19.44:241][882]LogModuleManager: Shutting down and abandoning module TaskGraph (330)
[2017.06.20-09.19.44:241][882]LogModuleManager: Shutting down and abandoning module SubstanceEditor (328)
[2017.06.20-09.19.44:241][882]LogModuleManager: Shutting down and abandoning module SteamVRController (326)
[2017.06.20-09.19.44:241][882]LogModuleManager: Shutting down and abandoning module SteamVR (324)
[2017.06.20-09.19.44:241][882]LogModuleManager: Shutting down and abandoning module ProceduralMeshComponentEditor (322)
[2017.06.20-09.19.44:241][882]LogModuleManager: Shutting down and abandoning module ProceduralMeshComponent (320)
[2017.06.20-09.19.44:241][882]LogModuleManager: Shutting down and abandoning module OculusLibrary (318)
[2017.06.20-09.19.44:241][882]LogModuleManager: Shutting down and abandoning module OculusInput (316)
[2017.06.20-09.19.44:241][882]LogModuleManager: Shutting down and abandoning module MobilePatchingUtils (314)
[2017.06.20-09.19.44:241][882]LogModuleManager: Shutting down and abandoning module CustomMeshComponent (312)
[2017.06.20-09.19.44:241][882]LogModuleManager: Shutting down and abandoning module CableComponent (310)
[2017.06.20-09.19.44:241][882]LogModuleManager: Shutting down and abandoning module ArchVisCharacter (308)
[2017.06.20-09.19.44:241][882]LogModuleManager: Shutting down and abandoning module AndroidPermission (306)
[2017.06.20-09.19.44:241][882]LogModuleManager: Shutting down and abandoning module MediaPlayerEditor (302)
[2017.06.20-09.19.44:241][882]LogModuleManager: Shutting down and abandoning module HTML5Networking (300)
[2017.06.20-09.19.44:241][882]LogModuleManager: Shutting down and abandoning module AlembicImporter (298)
[2017.06.20-09.19.44:241][882]LogModuleManager: Shutting down and abandoning module AlembicLibrary (297)
[2017.06.20-09.19.44:241][882]LogModuleManager: Shutting down and abandoning module GeometryCache (296)
[2017.06.20-09.19.44:241][882]LogModuleManager: Shutting down and abandoning module GeometryCacheEd (295)
[2017.06.20-09.19.44:241][882]LogModuleManager: Shutting down and abandoning module SuperSearchEditor (290)
[2017.06.20-09.19.44:241][882]LogModuleManager: Shutting down and abandoning module SuperSearch (289)
[2017.06.20-09.19.44:241][882]LogModuleManager: Shutting down and abandoning module SpeedTreeImporter (286)
[2017.06.20-09.19.44:241][882]LogModuleManager: Shutting down and abandoning module PluginBrowser (284)
[2017.06.20-09.19.44:241][882]LogModuleManager: Shutting down and abandoning module MobileLauncherProfileWizard (282)
[2017.06.20-09.19.44:241][882]LogModuleManager: Shutting down and abandoning module VisualStudioSourceCodeAccess (280)
[2017.06.20-09.19.44:241][882]LogModuleManager: Shutting down and abandoning module DesktopPlatform (279)
[2017.06.20-09.19.44:241][882]LogModuleManager: Shutting down and abandoning module UObjectPlugin (276)
[2017.06.20-09.19.44:241][882]LogModuleManager: Shutting down and abandoning module SubversionSourceControl (274)
[2017.06.20-09.19.44:241][882]LogModuleManager: Shutting down and abandoning module PerforceSourceControl (272)
[2017.06.20-09.19.44:241][882]LogModuleManager: Shutting down and abandoning module GitSourceControl (270)
[2017.06.20-09.19.44:241][882]LogModuleManager: Shutting down and abandoning module SourceControl (269)
[2017.06.20-09.19.44:241][882]LogModuleManager: Shutting down and abandoning module LightPropagationVolumeEditor (266)
[2017.06.20-09.19.44:241][882]LogModuleManager: Shutting down and abandoning module PaperTiledImporter (264)
[2017.06.20-09.19.44:241][882]LogModuleManager: Shutting down and abandoning module PaperSpriteSheetImporter (262)
[2017.06.20-09.19.44:241][882]LogModuleManager: Shutting down and abandoning module Paper2DEditor (260)
[2017.06.20-09.19.44:241][882]LogModuleManager: Shutting down and abandoning module MeshPaint (259)
[2017.06.20-09.19.44:241][882]LogModuleManager: Shutting down and abandoning module LevelEditor (257)
[2017.06.20-09.19.44:242][882]LogModuleManager: Shutting down and abandoning module PixelInspectorModule (256)
[2017.06.20-09.19.44:242][882]LogModuleManager: Shutting down and abandoning module MainFrame (254)
[2017.06.20-09.19.44:242][882]LogModuleManager: Shutting down and abandoning module HotReload (253)
[2017.06.20-09.19.44:242][882]LogModuleManager: Shutting down and abandoning module PhysXVehiclesEditor (248)
[2017.06.20-09.19.44:243][882]LogModuleManager: Shutting down and abandoning module PhysXVehicles (246)
[2017.06.20-09.19.44:243][882]LogModuleManager: Shutting down and abandoning module LocationServicesBPLibrary (244)
[2017.06.20-09.19.44:243][882]LogModuleManager: Shutting down and abandoning module ImmediatePhysicsEditor (242)
[2017.06.20-09.19.44:243][882]LogModuleManager: Shutting down and abandoning module ImmediatePhysics (240)
[2017.06.20-09.19.44:243][882]LogModuleManager: Shutting down and abandoning module UdpMessaging (238)
[2017.06.20-09.19.44:343][882]LogModuleManager: Shutting down and abandoning module TcpMessaging (236)
[2017.06.20-09.19.44:633][882]LogModuleManager: Shutting down and abandoning module SubstanceCore (234)
[2017.06.20-09.19.44:633][882]LogModuleManager: Shutting down and abandoning module GameplayTagsEditor (232)
[2017.06.20-09.19.44:633][882]LogModuleManager: Shutting down and abandoning module FacialAnimationEditor (230)
[2017.06.20-09.19.44:633][882]LogModuleManager: Shutting down and abandoning module FacialAnimation (228)
[2017.06.20-09.19.44:633][882]LogModuleManager: Shutting down and abandoning module AssetManagerEditor (226)
[2017.06.20-09.19.44:633][882]LogModuleManager: Shutting down and abandoning module GraphEditor (225)
[2017.06.20-09.19.44:633][882]LogModuleManager: Shutting down and abandoning module ContentBrowser (223)
[2017.06.20-09.19.44:634][882]LogModuleManager: Shutting down and abandoning module LightPropagationVolumeRuntime (220)
[2017.06.20-09.19.44:634][882]LogModuleManager: Shutting down and abandoning module Paper2D (218)
[2017.06.20-09.19.44:634][882]LogModuleManager: Shutting down and abandoning module WindowsMoviePlayer (216)
[2017.06.20-09.19.44:634][882]LogModuleManager: Shutting down and abandoning module WmfMedia (214)
[2017.06.20-09.19.44:634][882]LogModuleManager: Shutting down and abandoning module ClothingSystemEditor (212)
[2017.06.20-09.19.44:634][882]LogModuleManager: Shutting down and abandoning module ClothingSystemRuntime (210)
[2017.06.20-09.19.44:634][882]LogModuleManager: Shutting down and abandoning module MediaAssets (208)
[2017.06.20-09.19.44:634][882]LogModuleManager: Shutting down and abandoning module GameLiveStreaming (206)
[2017.06.20-09.19.44:634][882]LogModuleManager: Shutting down and abandoning module VREditor (204)
[2017.06.20-09.19.44:634][882]LogModuleManager: Shutting down and abandoning module StringTableEditor (202)
[2017.06.20-09.19.44:634][882]LogModuleManager: Shutting down and abandoning module GameplayTasksEditor (200)
[2017.06.20-09.19.44:634][882]LogModuleManager: Shutting down and abandoning module BehaviorTreeEditor (198)
[2017.06.20-09.19.44:634][882]LogModuleManager: Shutting down and abandoning module FunctionalTesting (196)
[2017.06.20-09.19.44:634][882]LogModuleManager: Shutting down and abandoning module CollisionAnalyzer (194)
[2017.06.20-09.19.44:634][882]LogModuleManager: Shutting down and abandoning module UMG (192)
[2017.06.20-09.19.44:634][882]LogModuleManager: Shutting down and abandoning module UMGEditor (191)
[2017.06.20-09.19.44:634][882]LogModuleManager: Shutting down and abandoning module Sequencer (190)
[2017.06.20-09.19.44:634][882]LogModuleManager: Shutting down and abandoning module AssetTools (188)
[2017.06.20-09.19.44:634][882]LogModuleManager: Shutting down and abandoning module MessageLog (187)
[2017.06.20-09.19.44:634][882]LogModuleManager: Shutting down and abandoning module WorkspaceMenuStructure (186)
[2017.06.20-09.19.44:634][882]LogModuleManager: Shutting down and abandoning module SlateReflector (180)
[2017.06.20-09.19.44:634][882]LogModuleManager: Shutting down and abandoning module Slate (178)
[2017.06.20-09.19.44:634][882]LogModuleManager: Shutting down and abandoning module EditorStyle (176)
[2017.06.20-09.19.44:636][882]LogModuleManager: Shutting down and abandoning module SourceCodeAccess (174)
[2017.06.20-09.19.44:636][882]LogModuleManager: Shutting down and abandoning module HeadMountedDisplay (172)
[2017.06.20-09.19.44:636][882]LogModuleManager: Shutting down and abandoning module XAudio2 (170)
[2017.06.20-09.19.44:636][882]LogModuleManager: Shutting down and abandoning module Networking (168)
[2017.06.20-09.19.44:636][882]LogModuleManager: Shutting down and abandoning module Core (164)
[2017.06.20-09.19.44:636][882]LogModuleManager: Shutting down and abandoning module AssetRegistry (162)
[2017.06.20-09.19.44:742][882]LogDirectoryWatcher: A directory notification for '../../../Engine/Content/' was aborted.
[2017.06.20-09.19.44:742][882]LogDirectoryWatcher: A directory notification for '../../../../../../Users/AzurePC Intel/Documents/GitHub/Enviro_2/Enviro_2/Content/' was aborted.
[2017.06.20-09.19.44:742][882]LogDirectoryWatcher: A directory notification for '../../../Engine/Plugins/2D/Paper2D/Content/' was aborted.
[2017.06.20-09.19.44:742][882]LogDirectoryWatcher: A directory notification for '../../../Engine/Plugins/Runtime/GearVR/Content/' was aborted.
[2017.06.20-09.19.44:744][882]LogModuleManager: Shutting down and abandoning module DirectoryWatcher (161)
[2017.06.20-09.19.44:746][882]LogModuleManager: Shutting down and abandoning module KismetCompiler (158)
[2017.06.20-09.19.44:746][882]LogModuleManager: Shutting down and abandoning module LevelSequence (156)
[2017.06.20-09.19.44:746][882]LogModuleManager: Shutting down and abandoning module PhysXFormats (154)
[2017.06.20-09.19.44:746][882]LogModuleManager: Shutting down and abandoning module MeshUtilities (152)
[2017.06.20-09.19.44:746][882]LogModuleManager: Shutting down and abandoning module SimplygonSwarm (151)
[2017.06.20-09.19.44:746][882]LogModuleManager: Shutting down and abandoning module SimplygonMeshReduction (149)
[2017.06.20-09.19.44:746][882]LogModuleManager: Shutting down and abandoning module QuadricMeshReduction (147)
[2017.06.20-09.19.44:746][882]LogModuleManager: Shutting down and abandoning module DerivedDataCache (144)
[2017.06.20-09.19.44:750][882]LogDerivedDataCache: Shutdown
[2017.06.20-09.19.44:750][882]LogModuleManager: Shutting down and abandoning module TargetPlatform (142)
[2017.06.20-09.19.44:750][882]LogModuleManager: Shutting down and abandoning module VulkanShaderFormat (141)
[2017.06.20-09.19.44:750][882]LogModuleManager: Shutting down and abandoning module ShaderFormatVectorVM (139)
[2017.06.20-09.19.44:750][882]LogModuleManager: Shutting down and abandoning module ShaderFormatOpenGL (137)
[2017.06.20-09.19.44:750][882]LogModuleManager: Shutting down and abandoning module ShaderFormatD3D (135)
[2017.06.20-09.19.44:750][882]LogModuleManager: Shutting down and abandoning module MetalShaderFormat (133)
[2017.06.20-09.19.44:750][882]LogModuleManager: Shutting down and abandoning module TextureFormatUncompressed (131)
[2017.06.20-09.19.44:750][882]LogModuleManager: Shutting down and abandoning module TextureFormatPVR (129)
[2017.06.20-09.19.44:750][882]LogModuleManager: Shutting down and abandoning module TextureFormatDXT (127)
[2017.06.20-09.19.44:750][882]LogModuleManager: Shutting down and abandoning module TextureFormatIntelISPCTexComp (125)
[2017.06.20-09.19.44:750][882]LogModuleManager: Shutting down and abandoning module TextureFormatASTC (123)
[2017.06.20-09.19.44:750][882]LogModuleManager: Shutting down and abandoning module ImageWrapper (122)
[2017.06.20-09.19.44:750][882]LogModuleManager: Shutting down and abandoning module TextureFormatAndroid (119)
[2017.06.20-09.19.44:750][882]LogModuleManager: Shutting down and abandoning module AudioFormatOpus (117)
[2017.06.20-09.19.44:750][882]LogModuleManager: Shutting down and abandoning module AudioFormatOgg (115)
[2017.06.20-09.19.44:750][882]LogModuleManager: Shutting down and abandoning module AudioFormatADPCM (113)
[2017.06.20-09.19.44:750][882]LogModuleManager: Shutting down and abandoning module LinuxTargetPlatform (111)
[2017.06.20-09.19.44:750][882]LogModuleManager: Shutting down and abandoning module LinuxServerTargetPlatform (109)
[2017.06.20-09.19.44:750][882]LogModuleManager: Shutting down and abandoning module LinuxNoEditorTargetPlatform (107)
[2017.06.20-09.19.44:750][882]LogModuleManager: Shutting down and abandoning module LinuxClientTargetPlatform (105)
[2017.06.20-09.19.44:750][882]LogModuleManager: Shutting down and abandoning module TVOSTargetPlatform (103)
[2017.06.20-09.19.44:750][882]LogModuleManager: Shutting down and abandoning module Messaging (101)
[2017.06.20-09.19.44:750][882]LogModuleManager: Shutting down and abandoning module IOSTargetPlatform (99)
[2017.06.20-09.19.44:750][882]LogModuleManager: Shutting down and abandoning module HTML5TargetPlatform (97)
[2017.06.20-09.19.44:750][882]LogModuleManager: Shutting down and abandoning module Android_PVRTCTargetPlatform (95)
[2017.06.20-09.19.44:750][882]LogModuleManager: Shutting down and abandoning module Android_MultiTargetPlatform (93)
[2017.06.20-09.19.44:750][882]LogModuleManager: Shutting down and abandoning module Android_ETC2TargetPlatform (91)
[2017.06.20-09.19.44:750][882]LogModuleManager: Shutting down and abandoning module Android_ETC1TargetPlatform (89)
[2017.06.20-09.19.44:750][882]LogModuleManager: Shutting down and abandoning module Android_DXTTargetPlatform (87)
[2017.06.20-09.19.44:750][882]LogModuleManager: Shutting down and abandoning module Android_ATCTargetPlatform (85)
[2017.06.20-09.19.44:750][882]LogModuleManager: Shutting down and abandoning module Android_ASTCTargetPlatform (83)
[2017.06.20-09.19.44:750][882]LogModuleManager: Shutting down and abandoning module AndroidTargetPlatform (81)
[2017.06.20-09.19.44:750][882]LogModuleManager: Shutting down and abandoning module WindowsTargetPlatform (79)
[2017.06.20-09.19.44:750][882]LogModuleManager: Shutting down and abandoning module WindowsServerTargetPlatform (77)
[2017.06.20-09.19.44:750][882]LogModuleManager: Shutting down and abandoning module WindowsNoEditorTargetPlatform (75)
[2017.06.20-09.19.44:750][882]LogModuleManager: Shutting down and abandoning module WindowsClientTargetPlatform (73)
[2017.06.20-09.19.44:750][882]LogModuleManager: Shutting down and abandoning module MacTargetPlatform (71)
[2017.06.20-09.19.44:750][882]LogModuleManager: Shutting down and abandoning module MacServerTargetPlatform (69)
[2017.06.20-09.19.44:750][882]LogModuleManager: Shutting down and abandoning module MacNoEditorTargetPlatform (67)
[2017.06.20-09.19.44:750][882]LogModuleManager: Shutting down and abandoning module MacClientTargetPlatform (65)
[2017.06.20-09.19.44:750][882]LogModuleManager: Shutting down and abandoning module AllDesktopTargetPlatform (63)
[2017.06.20-09.19.44:750][882]LogModuleManager: Shutting down and abandoning module InputCore (60)
[2017.06.20-09.19.44:750][882]LogModuleManager: Shutting down and abandoning module Settings (58)
[2017.06.20-09.19.44:750][882]LogModuleManager: Shutting down and abandoning module OculusRift (56)
[2017.06.20-09.19.44:750][882]LogModuleManager: Shutting down and abandoning module GearVRController (54)
[2017.06.20-09.19.44:750][882]LogModuleManager: Shutting down and abandoning module GearVR (52)
[2017.06.20-09.19.44:750][882]LogModuleManager: Shutting down and abandoning module ExampleDeviceProfileSelector (50)
[2017.06.20-09.19.44:751][882]LogModuleManager: Shutting down and abandoning module OnlineBlueprintSupport (48)
[2017.06.20-09.19.44:751][882]LogModuleManager: Shutting down and abandoning module OnlineSubsystem (44)
[2017.06.20-09.19.44:751][882]LogOnline:Display: Unloading online subsystem: NULL
[2017.06.20-09.19.44:751][882]LogModuleManager: Shutting down and abandoning module XMPP (43)
[2017.06.20-09.19.44:751][882]LogModuleManager: Shutting down and abandoning module HTTP (41)
[2017.06.20-09.19.44:751][882]LogHttp:Display: Http module shutting down, but needs to wait on 1 outstanding Http requests:
[2017.06.20-09.19.44:751][882]LogHttp:Display: 	verb=[POST] url=[https://datarouter.ol.epicgames.com/datarouter/api/v1/public/data?SessionID=%7B1B01361F-47D3-D4B1-ACAF-84AD82C0CC80%7D&AppID=UEEditor.Rocket.Release&AppVersion=4.16.1-3466753%2B%2B%2BUE4%2BRelease-4.16&UserID=da2c64f64af90778841cdbb7a9e7271c%7C4e59904afcc6489195f8095de720415d%7Ce6cec269-2a62-4e13-9f24-3ef9e02a4e7c&AppEnvironment=datacollector-binary&UploadType=eteventstream] status=Processing
[2017.06.20-09.19.44:780][882]LogModuleManager: Shutting down and abandoning module SSL (40)
[2017.06.20-09.19.44:781][882]LogModuleManager: Shutting down and abandoning module HTTPChunkInstaller (36)
[2017.06.20-09.19.44:781][882]LogModuleManager: Shutting down and abandoning module AnimationModifiers (34)
[2017.06.20-09.19.44:781][882]LogModuleManager: Shutting down and abandoning module PropertyEditor (33)
[2017.06.20-09.19.44:781][882]LogModuleManager: Shutting down and abandoning module AudioEditor (30)
[2017.06.20-09.19.44:781][882]LogModuleManager: Shutting down and abandoning module TextureCompressor (28)
[2017.06.20-09.19.44:781][882]LogModuleManager: Shutting down and abandoning module ShaderCore (26)
[2017.06.20-09.19.44:781][882]LogModuleManager: Shutting down and abandoning module Landscape (24)
[2017.06.20-09.19.44:781][882]LogModuleManager: Shutting down and abandoning module SlateRHIRenderer (22)
[2017.06.20-09.19.44:782][882]LogModuleManager: Shutting down and abandoning module OpenGLDrv (20)
[2017.06.20-09.19.44:782][882]LogModuleManager: Shutting down and abandoning module D3D11RHI (18)
[2017.06.20-09.19.44:782][882]LogModuleManager: Shutting down and abandoning module AnimGraphRuntime (16)
[2017.06.20-09.19.44:782][882]LogModuleManager: Shutting down and abandoning module Renderer (14)
[2017.06.20-09.19.44:782][882]LogModuleManager: Shutting down and abandoning module Engine (12)
[2017.06.20-09.19.44:782][882]LogModuleManager: Shutting down and abandoning module CoreUObject (10)
[2017.06.20-09.19.44:782][882]LogModuleManager: Shutting down and abandoning module NetworkFile (8)
[2017.06.20-09.19.44:782][882]LogModuleManager: Shutting down and abandoning module StreamingFile (6)
[2017.06.20-09.19.44:782][882]LogModuleManager: Shutting down and abandoning module SandboxFile (4)
[2017.06.20-09.19.44:782][882]LogModuleManager: Shutting down and abandoning module PakFile (2)
[2017.06.20-09.19.44:783][882]LogExit: Exiting.
[2017.06.20-09.19.44:793][882]Log file closed, 06/20/17 03:19:44
