Log file open, 06/16/17 21:14:51
LogInit:Display: Running engine for game: Enviro_2
LogPlatformFile: Not using cached read wrapper
LogInit:Display: RandInit(-1008674634) SRandInit(-1008674634).
LogTaskGraph: Started task graph with 5 named threads and 8 total threads with 1 sets of task threads.
LogStats: Stats thread started at 0.078473
LogInit: Using libcurl 7.47.1
LogInit:  - built for x86_64-pc-win32
LogInit:  - supports SSL with OpenSSL/1.0.2g
LogInit:  - supports HTTP deflate (compression) using libz 1.2.8
LogInit:  - other features:
LogInit:      CURL_VERSION_SSL
LogInit:      CURL_VERSION_LIBZ
LogInit:      CURL_VERSION_IPV6
LogInit:      CURL_VERSION_ASYNCHDNS
LogInit:      CURL_VERSION_LARGEFILE
LogInit:      CURL_VERSION_IDN
LogInit:  CurlRequestOptions (configurable via config and command line):
LogInit:  - bVerifyPeer = false  - Libcurl will NOT verify peer certificate
LogInit:  - bUseHttpProxy = false  - Libcurl will NOT use HTTP proxy
LogInit:  - bDontReuseConnections = false  - Libcurl will reuse connections
LogInit:  - CertBundlePath = nullptr  - Libcurl will use whatever was configured at build time.
LogInit: Build: ++UE4+Release-4.16-CL-3466753
LogInit: Engine Version: 4.16.1-3466753+++UE4+Release-4.16
LogInit: Compatible Engine Version: 4.16.0-3452394+++UE4+Release-4.16
LogInit: Net CL: 3452394
LogDevObjectVersion: Number of dev versions registered: 16
LogDevObjectVersion:   Dev-Blueprints (B0D832E4-1F89-4F0D-ACCF-7EB736FD4AA2): 9
LogDevObjectVersion:   Dev-Build (E1C64328-A22C-4D53-A36C-8E866417BD8C): 0
LogDevObjectVersion:   Dev-Core (375EC13C-06E4-48FB-B500-84F0262A717E): 2
LogDevObjectVersion:   Dev-Editor (E4B068ED-F494-42E9-A231-DA0B2E46BB41): 17
LogDevObjectVersion:   Dev-Framework (CFFC743F-43B0-4480-9391-14DF171D2073): 23
LogDevObjectVersion:   Dev-Mobile (B02B49B5-BB20-44E9-A304-32B752E40360): 0
LogDevObjectVersion:   Dev-Networking (A4E4105C-59A1-49B5-A7C5-40C4547EDFEE): 0
LogDevObjectVersion:   Dev-Online (39C831C9-5AE6-47DC-9A44-9C173E1C8E7C): 0
LogDevObjectVersion:   Dev-Physics (78F01B33-EBEA-4F98-B9B4-84EACCB95AA2): 0
LogDevObjectVersion:   Dev-Platform (6631380F-2D4D-43E0-8009-CF276956A95A): 0
LogDevObjectVersion:   Dev-Rendering (12F88B9F-8875-4AFC-A67C-D90C383ABD29): 15
LogDevObjectVersion:   Dev-Sequencer (7B5AE74C-D270-4C10-A958-57980B212A5A): 4
LogDevObjectVersion:   Dev-VR (D7296918-1DD6-4BDD-9DE2-64A83CC13884): 0
LogDevObjectVersion:   Dev-LoadTimes (C2A15278-BFE7-4AFE-6C17-90FF531DF755): 1
LogDevObjectVersion:   Private-Geometry (6EACA3D4-40EC-4CC1-B786-8BED09428FC5): 1
LogDevObjectVersion:   Dev-AnimPhys (29E575DD-E0A3-4627-9D10-D276232CDCEA): 3
LogInit: Compiled (64-bit): May 31 2017 02:03:30
LogInit: Compiled with Visual C++: 19.00.24215.01
LogInit: Build Configuration: Development
LogInit: Branch Name: ++UE4+Release-4.16
LogInit: Command line:  
LogInit: Base directory: C:/Program Files/Epic Games/UE_4.16/Engine/Binaries/Win64/
LogInit: Installed Engine Build: 1
LogInit: Presizing for max 8388607 objects, including 0 objects not considered by GC, pre-allocating 0 bytes for permanent pool.
LogInit: Object subsystem initialized
[2017.06.17-03.14.51:934][  0]LogInit: Selected Device Profile: [Windows]
[2017.06.17-03.14.51:934][  0]LogInit: Applying CVar settings loaded from the selected device profile: [Windows]
[2017.06.17-03.14.51:942][  0]LogInit: Computer: AZUREPCINTEL
[2017.06.17-03.14.51:942][  0]LogInit: User: AzurePCIntel
[2017.06.17-03.14.51:942][  0]LogInit: CPU Page size=4096, Cores=4
[2017.06.17-03.14.51:942][  0]LogInit: High frequency timer resolution =3.914065 MHz
[2017.06.17-03.14.51:943][  0]LogMemory: Memory total: Physical=16.0GB (16GB approx)
[2017.06.17-03.14.51:943][  0]LogMemory: Platform Memory Stats for Windows
[2017.06.17-03.14.51:943][  0]LogMemory: Process Physical Memory: 273.54 MB used, 273.54 MB peak
[2017.06.17-03.14.51:943][  0]LogMemory: Process Virtual Memory: 260.73 MB used, 260.73 MB peak
[2017.06.17-03.14.51:943][  0]LogMemory: Physical Memory: 7350.96 MB used,  8992.71 MB free, 16343.68 MB total
[2017.06.17-03.14.51:943][  0]LogMemory: Virtual Memory: 638.16 MB used,  8992.71 MB free, 134217728.00 MB total
[2017.06.17-03.14.52:001][  0]LogInit: Using OS detected language (en-US).
[2017.06.17-03.14.52:001][  0]LogInit: Using OS detected locale (en-US).
[2017.06.17-03.14.52:003][  0]LogTextLocalizationManager: No specific localization for 'en-US' exists, so the 'en' localization will be used.
[2017.06.17-03.14.52:692][  0]LogD3D11RHI: D3D11 adapters:
[2017.06.17-03.14.52:706][  0]LogD3D11RHI:    0. 'AMD Radeon (TM) R9 390 Series' (Feature Level 11_0)
[2017.06.17-03.14.52:706][  0]LogD3D11RHI:       8169/0/8171 MB DedicatedVideo/DedicatedSystem/SharedSystem, Outputs:2, VendorId:0x1002
[2017.06.17-03.14.52:707][  0]LogD3D11RHI:    1. 'Microsoft Basic Render Driver' (Feature Level 11_0)
[2017.06.17-03.14.52:707][  0]LogD3D11RHI:       0/0/8171 MB DedicatedVideo/DedicatedSystem/SharedSystem, Outputs:0, VendorId:0x1414
[2017.06.17-03.14.52:707][  0]LogD3D11RHI: Chosen D3D11 Adapter: 0
[2017.06.17-03.14.52:711][  0]LogD3D11RHI: Creating new Direct3DDevice
[2017.06.17-03.14.52:711][  0]LogD3D11RHI:     GPU DeviceId: 0x67b1 (for the marketing name, search the web for "GPU Device Id")
[2017.06.17-03.14.52:711][  0]LogWindows: EnumDisplayDevices:
[2017.06.17-03.14.52:711][  0]LogWindows:    0. 'AMD Radeon (TM) R9 390 Series' (P:1 D:1)
[2017.06.17-03.14.52:711][  0]LogWindows:    1. 'AMD Radeon (TM) R9 390 Series' (P:0 D:1)
[2017.06.17-03.14.52:711][  0]LogWindows:    2. 'AMD Radeon (TM) R9 390 Series' (P:0 D:0)
[2017.06.17-03.14.52:711][  0]LogWindows:    3. 'AMD Radeon (TM) R9 390 Series' (P:0 D:0)
[2017.06.17-03.14.52:711][  0]LogWindows:    4. 'AMD Radeon (TM) R9 390 Series' (P:0 D:0)
[2017.06.17-03.14.52:711][  0]LogWindows:    5. 'AMD Radeon (TM) R9 390 Series' (P:0 D:0)
[2017.06.17-03.14.52:712][  0]LogWindows: DebugString: FoundDriverCount:6 
[2017.06.17-03.14.52:712][  0]LogD3D11RHI:     Adapter Name: AMD Radeon (TM) R9 390 Series
[2017.06.17-03.14.52:712][  0]LogD3D11RHI:   Driver Version: Crimson ReLive 17.1.1 (internal:22.19.162.4, unified:22.19.162.4)
[2017.06.17-03.14.52:712][  0]LogD3D11RHI:      Driver Date: 4-24-2017
[2017.06.17-03.14.52:712][  0]LogRHI: Texture pool is 1361 MB (70% of 1945 MB)
[2017.06.17-03.14.52:743][  0]LogD3D11RHI: Async texture creation enabled
[2017.06.17-03.14.52:752][  0]LogD3D11RHI: GPU Timing Frequency: 27.000000 (Debug: 2 1)
[2017.06.17-03.14.52:752][  0]LogShaderCompilers: Guid format shader working directory is -18 characters bigger than the processId version (../../../../../../Users/AzurePC Intel/Documents/GitHub/Enviro_2/Enviro_2/Intermediate/Shaders/WorkingDirectory/8812/).
[2017.06.17-03.14.52:752][  0]LogShaderCompilers: Cleaned the shader compiler working directory 'C:/Users/AzurePC Intel/AppData/Local/Temp/UnrealShaderWorkingDir/8E8D5C314D8398B8CA9F68B856CC1907/'.
[2017.06.17-03.14.52:752][  0]LogShaderCompilers:Display: Using Local Shader Compiler.
[2017.06.17-03.14.53:508][  0]LogTemp:Display: Loaded TP AllDesktopTargetPlatform
[2017.06.17-03.14.53:545][  0]LogTemp:Display: Loaded TP MacClientTargetPlatform
[2017.06.17-03.14.53:581][  0]LogTemp:Display: Loaded TP MacNoEditorTargetPlatform
[2017.06.17-03.14.53:618][  0]LogTemp:Display: Loaded TP MacServerTargetPlatform
[2017.06.17-03.14.53:654][  0]LogTemp:Display: Loaded TP MacTargetPlatform
[2017.06.17-03.14.53:691][  0]LogTemp:Display: Loaded TP WindowsClientTargetPlatform
[2017.06.17-03.14.53:727][  0]LogTemp:Display: Loaded TP WindowsNoEditorTargetPlatform
[2017.06.17-03.14.53:764][  0]LogTemp:Display: Loaded TP WindowsServerTargetPlatform
[2017.06.17-03.14.53:796][  0]LogTemp:Display: Loaded TP WindowsTargetPlatform
[2017.06.17-03.14.53:833][  0]LogTemp:Display: Loaded TP AndroidTargetPlatform
[2017.06.17-03.14.53:869][  0]LogTemp:Display: Loaded TP Android_ASTCTargetPlatform
[2017.06.17-03.14.53:904][  0]LogTemp:Display: Loaded TP Android_ATCTargetPlatform
[2017.06.17-03.14.53:940][  0]LogTemp:Display: Loaded TP Android_DXTTargetPlatform
[2017.06.17-03.14.53:975][  0]LogTemp:Display: Loaded TP Android_ETC1TargetPlatform
[2017.06.17-03.14.54:011][  0]LogTemp:Display: Loaded TP Android_ETC2TargetPlatform
[2017.06.17-03.14.54:086][  0]LogTemp:Display: Loaded TP Android_MultiTargetPlatform
[2017.06.17-03.14.54:086][  0]LogTemp:Display: Loaded TP Android_PVRTCTargetPlatform
[2017.06.17-03.14.54:115][  0]LogTemp:Display: Loaded TP HTML5TargetPlatform
[2017.06.17-03.14.54:188][  0]LogTemp:Display: Loaded TP IOSTargetPlatform
[2017.06.17-03.14.54:210][  0]LogTemp:Display: Loaded TP TVOSTargetPlatform
[2017.06.17-03.14.54:245][  0]LogTemp:Display: Loaded TP LinuxClientTargetPlatform
[2017.06.17-03.14.54:280][  0]LogTemp:Display: Loaded TP LinuxNoEditorTargetPlatform
[2017.06.17-03.14.54:317][  0]LogTemp:Display: Loaded TP LinuxServerTargetPlatform
[2017.06.17-03.14.54:353][  0]LogTemp:Display: Loaded TP LinuxTargetPlatform
[2017.06.17-03.14.54:353][  0]LogTargetPlatformManager:Display: Building Assets For Windows
[2017.06.17-03.14.54:728][  0]LogDerivedDataCache:Display: Max Cache Size: 512 MB
[2017.06.17-03.14.54:802][  0]LogDerivedDataCache: Loaded boot cache 0.07s 90MB C:/Users/AzurePC Intel/AppData/Local/UnrealEngine/4.16/DerivedDataCache/Boot.ddc.
[2017.06.17-03.14.54:802][  0]LogDerivedDataCache:Display: Loaded Boot cache: C:/Users/AzurePC Intel/AppData/Local/UnrealEngine/4.16/DerivedDataCache/Boot.ddc
[2017.06.17-03.14.54:802][  0]LogDerivedDataCache: FDerivedDataBackendGraph:  Pak pak cache file ../../../../../../Users/AzurePC Intel/Documents/GitHub/Enviro_2/Enviro_2/DerivedDataCache/DDC.ddp not found, will not use a pak cache.
[2017.06.17-03.14.54:802][  0]LogDerivedDataCache: Unable to find inner node Pak for hierarchical cache Hierarchy.
[2017.06.17-03.14.54:802][  0]LogDerivedDataCache: FDerivedDataBackendGraph:  CompressedPak pak cache file ../../../../../../Users/AzurePC Intel/Documents/GitHub/Enviro_2/Enviro_2/DerivedDataCache/Compressed.ddp not found, will not use a pak cache.
[2017.06.17-03.14.54:802][  0]LogDerivedDataCache: Unable to find inner node CompressedPak for hierarchical cache Hierarchy.
[2017.06.17-03.14.54:815][  0]LogDerivedDataCache:Display: Pak cache opened for reading ../../../Engine/DerivedDataCache/Compressed.ddp.
[2017.06.17-03.14.54:827][  0]LogDerivedDataCache: Using Local data cache path C:/Users/AzurePC Intel/AppData/Local/UnrealEngine/Common/DerivedDataCache: Writable
[2017.06.17-03.14.54:834][  0]LogMaterial: Verifying Global Shaders for PCD3D_SM5
[2017.06.17-03.14.54:834][  0]LogSlate: Using Freetype 2.6.0
[2017.06.17-03.14.54:835][  0]LogSlate: SlateFontCache - WITH_FREETYPE: 1, WITH_HARFBUZZ: 1
[2017.06.17-03.14.54:835][  0]LogSlate: SlateFontCache - WITH_FREETYPE: 1, WITH_HARFBUZZ: 1
[2017.06.17-03.14.55:066][  0]LogInit: Selected Device Profile: [Windows]
[2017.06.17-03.14.55:133][  0]LogContentStreaming: Texture pool size is 0.00 MB
[2017.06.17-03.14.55:249][  0]LogMeshUtilities: Using QuadricMeshReduction for automatic static mesh reduction
[2017.06.17-03.14.55:281][  0]LogSimplygon: Simplygon DLL not present - disabling.
[2017.06.17-03.14.55:314][  0]LogMeshUtilities: Using SimplygonSwarm for distributed automatic mesh merging
[2017.06.17-03.14.55:314][  0]LogMeshUtilities: No automatic skeletal mesh reduction module available
[2017.06.17-03.14.55:314][  0]LogMeshUtilities: No automatic mesh merging module available
[2017.06.17-03.14.55:714][  0]LogNetVersion: Enviro_2 , NetCL: 3452394, EngineNetVer: 2, GameNetVer: 0 (Checksum: 303638927)
[2017.06.17-03.14.55:764][  0]LogAssetRegistry: FAssetRegistry took 0.0246 seconds to start up
[2017.06.17-03.14.55:804][  0]LogPackageLocalizationCache: Processed 4 localized package path(s) for 2 prioritized culture(s) in 0.024229 seconds
[2017.06.17-03.14.55:808][  0]LogUObjectArray: 34194 objects as part of root set at end of initial load.
[2017.06.17-03.14.55:808][  0]LogUObjectAllocator: 7260424 out of 0 bytes used by permanent object pool.
[2017.06.17-03.14.55:808][  0]LogUObjectArray: CloseDisregardForGC: 0/0 objects in disregard for GC pool
[2017.06.17-03.14.55:858][  0]LogInit: WinSock: version 1.1 (2.2), MaxSocks=32767, MaxUdp=65467
[2017.06.17-03.14.57:620][  0]LogSubstanceCoreModule: Substance [CPU] Engine Loaded, Max Texture Size = 2048
[2017.06.17-03.14.57:642][  0]LogTcpMessaging: Initializing TcpMessaging bridge
[2017.06.17-03.14.57:676][  0]LogUdpMessaging: Initializing bridge on interface 0.0.0.0:0 to multicast group 230.0.0.1:6666.
[2017.06.17-03.14.58:064][  0]LogMaterial: Uniform references updated for custom material expression Custom.
[2017.06.17-03.14.58:351][  0]SourceControl: Info Source control is disabled
[2017.06.17-03.14.58:352][  0]SourceControl: Info Source control is disabled
[2017.06.17-03.14.58:385][  0]SourceControl: Info Source control is disabled
[2017.06.17-03.14.58:418][  0]SourceControl: Info Source control is disabled
[2017.06.17-03.14.58:902][  0]LogAndroidPermission: UAndroidPermissionCallbackProxy::GetInstance
[2017.06.17-03.14.59:355][  0]LogEngine: Initializing Engine...
[2017.06.17-03.14.59:355][  0]LogHMD: Failed to initialize OpenVR with code 110
[2017.06.17-03.14.59:505][  0]LogStats: UGameplayTagsManager::ConstructGameplayTagTree: Construct from data asset -  0.000 s
[2017.06.17-03.14.59:505][  0]LogStats: UGameplayTagsManager::ConstructGameplayTagTree: GameplayTagTreeChangedEvent.Broadcast -  0.000 s
[2017.06.17-03.14.59:599][  0]LogAIModule: Creating AISystem for world Untitled
[2017.06.17-03.14.59:607][  0]LogInit: XAudio2 using 'SPDIF Interface (2- FiiO USB DAC-E10)' : 2 channels at 48 kHz using 16 bits per sample (channel mask 0x3)
[2017.06.17-03.14.59:618][  0]LogInit: FAudioDevice initialized.
[2017.06.17-03.14.59:651][  0]LogDerivedDataCache: Saved boot cache 0.03s 90MB C:/Users/AzurePC Intel/AppData/Local/UnrealEngine/4.16/DerivedDataCache/Boot.ddc.
[2017.06.17-03.14.59:661][  0]LogInit: Texture streaming: Enabled
[2017.06.17-03.14.59:731][  0]LogEngineSessionManager: EngineSessionManager initialized
[2017.06.17-03.14.59:892][  0]LogInit: Transaction tracking system initialized
[2017.06.17-03.15.00:117][  0]BlueprintLog: New page: Editor Load
[2017.06.17-03.15.00:785][  0]LocalizationService: Info Localization service is disabled
[2017.06.17-03.15.01:300][  0]LogConsoleResponse:Display: 
[2017.06.17-03.15.01:409][  0]LogCook:Display: Max memory allowance for cook 16384mb min free memory 0mb
[2017.06.17-03.15.01:409][  0]LogCook:Display: Mobile HDR setting 1
[2017.06.17-03.15.02:127][  0]LogFileCache: Scanning file cache for directory 'C:/Users/AzurePC Intel/Documents/GitHub/Enviro_2/Enviro_2/Content/' took 0.02s
[2017.06.17-03.15.02:127][  0]SourceControl: Info Source control is disabled
[2017.06.17-03.15.02:127][  0]Cmd: MAP LOAD FILE="../../../../../../Users/AzurePC Intel/Documents/GitHub/Enviro_2/Enviro_2/Content/StarterContent/Maps/Minimal_Default.umap" TEMPLATE=0 SHOWPROGRESS=1 FEATURELEVEL=3
[2017.06.17-03.15.02:127][  0]LightingResults: New page: Lighting Build
[2017.06.17-03.15.02:158][  0]MapCheck: New page: Map Check
[2017.06.17-03.15.02:158][  0]LightingResults: New page: Lighting Build
[2017.06.17-03.15.02:268][  0]LogAIModule: Creating AISystem for world Minimal_Default
[2017.06.17-03.15.02:274][  0]LogEditorServer: Finished looking for orphan Actors (0.000 secs)
[2017.06.17-03.15.02:283][  0]Cmd: MAP CHECKDEP NOCLEARLOG
[2017.06.17-03.15.02:316][  0]MapCheck: Info Map check complete: 0 Error(s), 0 Warning(s), took 33.337ms to complete.
[2017.06.17-03.15.02:317][  0]LogFileHelpers: Loading map 'Minimal_Default' took 0.189
[2017.06.17-03.15.02:468][  0]LogCollectionManager: Loaded 0 collections in 0.001198 seconds
[2017.06.17-03.15.02:546][  0]LogFileCache: Scanning file cache for directory 'C:/Users/AzurePC Intel/Documents/GitHub/Enviro_2/Enviro_2/Saved/Collections/' took 0.01s
[2017.06.17-03.15.02:546][  0]LogFileCache: Scanning file cache for directory 'C:/Users/AzurePC Intel/Documents/GitHub/Enviro_2/Enviro_2/Content/Developers/AzurePCIntel/Collections/' took 0.01s
[2017.06.17-03.15.02:546][  0]LogFileCache: Scanning file cache for directory 'C:/Users/AzurePC Intel/Documents/GitHub/Enviro_2/Enviro_2/Content/Collections/' took 0.01s
[2017.06.17-03.15.02:546][  0]LogCollectionManager: Rebuilt the GUID cache for 0 collections in 0.000002 seconds
[2017.06.17-03.15.02:553][  0]LogContentBrowser: Native class hierarchy populated in 0.0069 seconds. Added 2343 classes and 497 folders.
[2017.06.17-03.15.02:600][  0]LogContentBrowser: Native class hierarchy updated for 'WidgetCarousel' in 0.0004 seconds. Added 0 classes and 0 folders.
[2017.06.17-03.15.02:624][  0]LogContentBrowser: Native class hierarchy updated for 'AddContentDialog' in 0.0004 seconds. Added 0 classes and 0 folders.
[2017.06.17-03.15.02:657][  0]LogContentBrowser: Native class hierarchy updated for 'SceneOutliner' in 0.0004 seconds. Added 1 classes and 2 folders.
[2017.06.17-03.15.02:686][  0]LogCrashTracker: Crashtracker disabled due to settings.
[2017.06.17-03.15.02:690][  0]LogSlate: Took 0.000132 seconds to synchronously load lazily loaded font '../../../Engine/Content/Slate/Fonts/Roboto-Regular.ttf' (155K)
[2017.06.17-03.15.02:691][  0]LogSlate: Took 0.000173 seconds to synchronously load lazily loaded font '../../../Engine/Content/Slate/Fonts/Roboto-Bold.ttf' (160K)
[2017.06.17-03.15.02:695][  0]LogSlate: Took 0.000168 seconds to synchronously load lazily loaded font '../../../Engine/Content/Editor/Slate/Fonts/FontAwesome.ttf' (139K)
[2017.06.17-03.15.02:761][  0]LogRenderer: Reallocating scene render targets to support 1192x588 NumSamples 1 (Frame:1).
[2017.06.17-03.15.02:880][  0]LogUObjectGlobals:Warning: Failed to find object 'Class None.'
[2017.06.17-03.15.02:932][  0]LogContentBrowser: Native class hierarchy updated for 'HierarchicalLODOutliner' in 0.0004 seconds. Added 1 classes and 2 folders.
[2017.06.17-03.15.02:932][  0]LogLoad: (Engine Initialization) Total time: 12.15 seconds
[2017.06.17-03.15.02:932][  0]LogLoad: (Engine Initialization) Total Blueprint compile time: 0.03 seconds
[2017.06.17-03.15.02:932][  0]LogExternalProfiler: No external profilers were discovered.  External profiling features will not be available.
[2017.06.17-03.15.02:942][  0]LogWindowsTextInputMethodSystem:Display: IME system now deactivated.
[2017.06.17-03.15.02:943][  0]LogOcInput: OculusInput pre-init called
[2017.06.17-03.15.02:943][  0]LogHMD: Starting GearVRController plugin
[2017.06.17-03.15.02:959][  0]LogAssetRegistry: Asset discovery search completed in 7.2167 seconds
[2017.06.17-03.15.02:961][  0]LogCollectionManager: Rebuilt the object cache for 0 collections in 0.000001 seconds (found 0 objects)
[2017.06.17-03.15.02:961][  0]LogCollectionManager: Fixed up redirectors for 0 collections in 0.000020 seconds (updated 0 objects)
[2017.06.17-03.15.02:963][  0]LogContentStreaming: Texture pool size now 1000 MB
[2017.06.17-03.15.02:998][  0]LogSlate: Took 0.000116 seconds to synchronously load lazily loaded font '../../../Engine/Content/Slate/Fonts/Roboto-Light.ttf' (159K)
[2017.06.17-03.15.48:674][ 85]LogSlate: Took 0.000097 seconds to synchronously load lazily loaded font '../../../Engine/Content/Slate/Fonts/Roboto-Light.ttf' (159K)
[2017.06.17-03.15.49:239][ 85]LogAIModule: Creating AISystem for world DOOM_FanArt_Reactor_01
[2017.06.17-03.15.49:251][ 85]Cmd: MAP LOAD FILE="../../../../../../Users/AzurePC Intel/Documents/GitHub/Enviro_2/Enviro_2/Content/Maps/DOOM_FanArt_Reactor_01.umap" TEMPLATE=0 SHOWPROGRESS=1 FEATURELEVEL=3
[2017.06.17-03.15.49:251][ 85]LightingResults: New page: Lighting Build
[2017.06.17-03.15.49:251][ 85]LoadErrors: New page: Loading map: DOOM_FanArt_Reactor_01.umap
[2017.06.17-03.15.49:252][ 85]MapCheck: New page: Map Check
[2017.06.17-03.15.49:252][ 85]LightingResults: New page: Lighting Build
[2017.06.17-03.15.49:264][ 85]LogEditorServer: Finished looking for orphan Actors (0.000 secs)
[2017.06.17-03.15.49:290][ 85]Cmd: MAP CHECKDEP NOCLEARLOG
[2017.06.17-03.15.49:325][ 85]MapCheck: Info Map check complete: 0 Error(s), 0 Warning(s), took 35.129ms to complete.
[2017.06.17-03.15.49:325][ 85]LogFileHelpers: Loading map 'DOOM_FanArt_Reactor_01' took 0.075
[2017.06.17-03.16.10:773][604]LogEditorViewport: Clicking on Actor (LMB): StaticMeshActor (ST_lv2)
[2017.06.17-03.16.27:236][845]LogEditorFactories: Performing atomic reimport of [H:/Box Sync/Environment Challenges/Enviro_2/Pre Production/Models & Textures/ST_lv1.fbx]
[2017.06.17-03.16.27:307][845]LogFbx: Loading FBX Scene from H:/Box Sync/Environment Challenges/Enviro_2/Pre Production/Models & Textures/ST_lv1.fbx
[2017.06.17-03.16.27:699][845]LogFbx: FBX Scene Loaded Succesfully
[2017.06.17-03.16.28:223][845]LogFbx:Warning: Triangulating static mesh lv1
[2017.06.17-03.17.42:903][845]LogStaticMesh: Building static mesh ST_lv1...
[2017.06.17-03.17.52:052][845]LogStaticMesh: Built static mesh [9.15s] /Game/Meshes/ST_lv1.ST_lv1
[2017.06.17-03.17.56:755][845]LogStaticMesh:Warning: ST_lv1 has degenerate tangent bases which will result in incorrect shading.  MikkTSpace relies on tangent bases and may result in mesh corruption, consider disabling this option.
[2017.06.17-03.17.56:783][845]LogEditorFactories: -- imported successfully
[2017.06.17-03.17.56:841][845]FBXImport:Warning: Warning No smoothing group information was found in this FBX scene.  Please make sure to enable the 'Export Smoothing Groups' option in the FBX Exporter plug-in before exporting the file.  Even for tools that don't support smoothing groups, the FBX Exporter will generate appropriate smoothing data at export-time so that correct vertex normals can be inferred while importing. 
[2017.06.17-03.17.56:841][845]FBXImport:Warning: Warning ST_lv1 has degenerate tangent bases which will result in incorrect shading.  MikkTSpace relies on tangent bases and may result in mesh corruption, consider disabling this option. 
[2017.06.17-03.18.01:836][845]LogSlate: Took 0.000150 seconds to synchronously load lazily loaded font '../../../Engine/Content/Slate/Fonts/Roboto-Light.ttf' (159K)
[2017.06.17-03.18.26:973][802]LogSavePackage: Save=90.69ms
[2017.06.17-03.18.26:973][802]LogSavePackage: Moving '../../../../../../Users/AzurePC Intel/Documents/GitHub/Enviro_2/Enviro_2/Saved/DOOM_FanArt_Reactor_019ADA3F0241552C3C85F48E9E1BD66BBF.tmp' to '../../../../../../Users/AzurePC Intel/Documents/GitHub/Enviro_2/Enviro_2/Content/Maps/DOOM_FanArt_Reactor_01.umap'
[2017.06.17-03.18.26:978][802]LogSavePackage:Display: Finished SavePackage ../../../../../../Users/AzurePC Intel/Documents/GitHub/Enviro_2/Enviro_2/Content/Maps/DOOM_FanArt_Reactor_01.umap
[2017.06.17-03.18.36:835][109]LogTemp: Repeting last play command: Selected Viewport
[2017.06.17-03.18.36:887][109]LogBlueprintUserMessages: Early PlayInEditor Detection: Level '/Game/Maps/DOOM_FanArt_Reactor_01.DOOM_FanArt_Reactor_01:PersistentLevel' has LevelScriptBlueprint '/Game/Maps/DOOM_FanArt_Reactor_01.DOOM_FanArt_Reactor_01:PersistentLevel.DOOM_FanArt_Reactor_01' with GeneratedClass '/Game/Maps/DOOM_FanArt_Reactor_01.DOOM_FanArt_Reactor_01_C' with ClassGeneratedBy '/Game/Maps/DOOM_FanArt_Reactor_01.DOOM_FanArt_Reactor_01:PersistentLevel.DOOM_FanArt_Reactor_01'
[2017.06.17-03.18.36:887][109]LogPlayLevel: PlayLevel: No blueprints needed recompiling
[2017.06.17-03.18.36:888][109]PIE: New page: PIE session: DOOM_FanArt_Reactor_01 (Jun 16, 2017, 3:18:36 PM)
[2017.06.17-03.18.36:888][109]LogPlayLevel: Creating play world package: /Game/Maps/UEDPIE_0_DOOM_FanArt_Reactor_01
[2017.06.17-03.18.36:890][109]LogPlayLevel: PIE: StaticDuplicateObject took: (0.002028s)
[2017.06.17-03.18.36:890][109]LogAIModule: Creating AISystem for world DOOM_FanArt_Reactor_01
[2017.06.17-03.18.36:890][109]LogPlayLevel: PIE: World Init took: (0.000519s)
[2017.06.17-03.18.36:890][109]LogPlayLevel: PIE: Created PIE world by copying editor world from /Game/Maps/DOOM_FanArt_Reactor_01.DOOM_FanArt_Reactor_01 to /Game/Maps/UEDPIE_0_DOOM_FanArt_Reactor_01.DOOM_FanArt_Reactor_01 (0.002691s)
[2017.06.17-03.18.36:902][109]LogInit: XAudio2 using 'SPDIF Interface (2- FiiO USB DAC-E10)' : 2 channels at 48 kHz using 16 bits per sample (channel mask 0x3)
[2017.06.17-03.18.36:905][109]LogInit: FAudioDevice initialized.
[2017.06.17-03.18.36:947][109]LogLoad: Game class is 'GameModeBase'
[2017.06.17-03.18.36:949][109]LogWorld: Bringing World /Game/Maps/UEDPIE_0_DOOM_FanArt_Reactor_01.DOOM_FanArt_Reactor_01 up for play (max tick rate 0) at 2017.06.16-21.18.36
[2017.06.17-03.18.36:952][109]LogWorld: Bringing up level for play took: 0.004348
[2017.06.17-03.18.36:984][109]LogContentBrowser: Native class hierarchy updated for 'MovieSceneCapture' in 0.0005 seconds. Added 11 classes and 0 folders.
[2017.06.17-03.18.36:985][109]PIE: Info Play in editor start time for /Game/Maps/UEDPIE_0_DOOM_FanArt_Reactor_01 -0.811
[2017.06.17-03.18.36:985][109]LogBlueprintUserMessages: Late PlayInEditor Detection: Level '/Game/Maps/DOOM_FanArt_Reactor_01.DOOM_FanArt_Reactor_01:PersistentLevel' has LevelScriptBlueprint '/Game/Maps/DOOM_FanArt_Reactor_01.DOOM_FanArt_Reactor_01:PersistentLevel.DOOM_FanArt_Reactor_01' with GeneratedClass '/Game/Maps/DOOM_FanArt_Reactor_01.DOOM_FanArt_Reactor_01_C' with ClassGeneratedBy '/Game/Maps/DOOM_FanArt_Reactor_01.DOOM_FanArt_Reactor_01:PersistentLevel.DOOM_FanArt_Reactor_01'
[2017.06.17-03.18.42:893][815]LogBlueprintUserMessages: Early EndPlayMap Detection: Level '/Game/Maps/DOOM_FanArt_Reactor_01.DOOM_FanArt_Reactor_01:PersistentLevel' has LevelScriptBlueprint '/Game/Maps/DOOM_FanArt_Reactor_01.DOOM_FanArt_Reactor_01:PersistentLevel.DOOM_FanArt_Reactor_01' with GeneratedClass '/Game/Maps/DOOM_FanArt_Reactor_01.DOOM_FanArt_Reactor_01_C' with ClassGeneratedBy '/Game/Maps/DOOM_FanArt_Reactor_01.DOOM_FanArt_Reactor_01:PersistentLevel.DOOM_FanArt_Reactor_01'
[2017.06.17-03.18.42:938][815]LogBlueprintUserMessages: Late EndPlayMap Detection: Level '/Game/Maps/DOOM_FanArt_Reactor_01.DOOM_FanArt_Reactor_01:PersistentLevel' has LevelScriptBlueprint '/Game/Maps/DOOM_FanArt_Reactor_01.DOOM_FanArt_Reactor_01:PersistentLevel.DOOM_FanArt_Reactor_01' with GeneratedClass '/Game/Maps/DOOM_FanArt_Reactor_01.DOOM_FanArt_Reactor_01_C' with ClassGeneratedBy '/Game/Maps/DOOM_FanArt_Reactor_01.DOOM_FanArt_Reactor_01:PersistentLevel.DOOM_FanArt_Reactor_01'
[2017.06.17-03.45.46:108][393]LogEditorFactories: Performing atomic reimport of [H:/Box Sync/Environment Challenges/Enviro_2/Pre Production/Models & Textures/test/ST_Stair_adjust_test.fbx]
[2017.06.17-03.45.46:137][393]LogFbx: Loading FBX Scene from H:/Box Sync/Environment Challenges/Enviro_2/Pre Production/Models & Textures/test/ST_Stair_adjust_test.fbx
[2017.06.17-03.45.46:166][393]LogFbx: FBX Scene Loaded Succesfully
[2017.06.17-03.45.46:259][393]LogStaticMesh: Building static mesh Stair...
[2017.06.17-03.45.46:316][393]LogMeshUtilities: Invalid vertex normals found for mesh. Forcing recomputation of vertex normals for MikkTSpace. Fix mesh or disable "Use MikkTSpace Tangent Space" to avoid forced recomputation of normals.
[2017.06.17-03.45.47:457][393]LogStaticMesh: Built static mesh [1.20s] /Game/Meshes/test/Stair.Stair
[2017.06.17-03.45.47:558][393]LogStaticMesh:Warning: Stair has degenerate tangent bases which will result in incorrect shading.  MikkTSpace relies on tangent bases and may result in mesh corruption, consider disabling this option.
[2017.06.17-03.45.47:562][393]LogEditorFactories: -- imported successfully
[2017.06.17-03.45.47:566][393]FBXImport:Warning: Warning No smoothing group information was found in this FBX scene.  Please make sure to enable the 'Export Smoothing Groups' option in the FBX Exporter plug-in before exporting the file.  Even for tools that don't support smoothing groups, the FBX Exporter will generate appropriate smoothing data at export-time so that correct vertex normals can be inferred while importing. 
[2017.06.17-03.45.47:566][393]FBXImport:Warning: Warning Stair has degenerate tangent bases which will result in incorrect shading.  MikkTSpace relies on tangent bases and may result in mesh corruption, consider disabling this option. 
[2017.06.17-03.46.11:547][640]LogEditorViewport: Clicking on Actor (LMB): StaticMeshActor (Stair)
[2017.06.17-03.46.25:630][124]LogEditorViewport: Clicking on Actor (LMB): Emitter (P_Mist_Lit_Still)
[2017.06.17-03.46.27:004][284]LogEditorViewport: Clicking on Actor (LMB): StaticMeshActor (ST_lv2)
[2017.06.17-03.47.22:613][435]LogEditorFactories: Performing atomic reimport of [H:/Box Sync/Environment Challenges/Enviro_2/Pre Production/Models & Textures/test/lv1.fbx]
[2017.06.17-03.47.22:641][435]LogFbx: Loading FBX Scene from H:/Box Sync/Environment Challenges/Enviro_2/Pre Production/Models & Textures/test/lv1.fbx
[2017.06.17-03.47.22:645][435]LogFbx: FBX Scene Loaded Succesfully
[2017.06.17-03.47.22:647][435]LogFbx:Warning: Triangulating static mesh ST_lv1
[2017.06.17-03.47.22:676][435]LogStaticMesh: Building static mesh lv1...
[2017.06.17-03.47.22:678][435]LogStaticMesh: Built static mesh [0.00s] /Game/Meshes/test/lv1.lv1
[2017.06.17-03.47.22:679][435]LogStaticMesh:Warning: lv1 has degenerate tangent bases which will result in incorrect shading.  MikkTSpace relies on tangent bases and may result in mesh corruption, consider disabling this option.
[2017.06.17-03.47.22:681][435]LogEditorFactories: -- imported successfully
[2017.06.17-03.47.22:682][435]FBXImport:Warning: Warning No smoothing group information was found in this FBX scene.  Please make sure to enable the 'Export Smoothing Groups' option in the FBX Exporter plug-in before exporting the file.  Even for tools that don't support smoothing groups, the FBX Exporter will generate appropriate smoothing data at export-time so that correct vertex normals can be inferred while importing. 
[2017.06.17-03.47.22:682][435]FBXImport:Warning: Warning lv1 has degenerate tangent bases which will result in incorrect shading.  MikkTSpace relies on tangent bases and may result in mesh corruption, consider disabling this option. 
[2017.06.17-03.47.25:119][715]LogEditorFactories: Performing atomic reimport of [H:/Box Sync/Environment Challenges/Enviro_2/Pre Production/Models & Textures/test/lv2.fbx]
[2017.06.17-03.47.25:147][715]LogFbx: Loading FBX Scene from H:/Box Sync/Environment Challenges/Enviro_2/Pre Production/Models & Textures/test/lv2.fbx
[2017.06.17-03.47.25:152][715]LogFbx: FBX Scene Loaded Succesfully
[2017.06.17-03.47.25:155][715]LogFbx:Warning: Triangulating static mesh ST_lv2
[2017.06.17-03.47.25:188][715]LogStaticMesh: Building static mesh lv2...
[2017.06.17-03.47.25:190][715]LogStaticMesh: Built static mesh [0.00s] /Game/Meshes/test/lv2.lv2
[2017.06.17-03.47.25:191][715]LogStaticMesh:Warning: lv2 has degenerate tangent bases which will result in incorrect shading.  MikkTSpace relies on tangent bases and may result in mesh corruption, consider disabling this option.
[2017.06.17-03.47.25:193][715]LogEditorFactories: -- imported successfully
[2017.06.17-03.47.25:194][715]FBXImport:Warning: Warning No smoothing group information was found in this FBX scene.  Please make sure to enable the 'Export Smoothing Groups' option in the FBX Exporter plug-in before exporting the file.  Even for tools that don't support smoothing groups, the FBX Exporter will generate appropriate smoothing data at export-time so that correct vertex normals can be inferred while importing. 
[2017.06.17-03.47.25:194][715]FBXImport:Warning: Warning lv2 has degenerate tangent bases which will result in incorrect shading.  MikkTSpace relies on tangent bases and may result in mesh corruption, consider disabling this option. 
[2017.06.17-03.47.28:451][ 89]LogEditorFactories: Performing atomic reimport of [H:/Box Sync/Environment Challenges/Enviro_2/Pre Production/Models & Textures/test/lv3.fbx]
[2017.06.17-03.47.28:480][ 89]LogFbx: Loading FBX Scene from H:/Box Sync/Environment Challenges/Enviro_2/Pre Production/Models & Textures/test/lv3.fbx
[2017.06.17-03.47.28:485][ 89]LogFbx: FBX Scene Loaded Succesfully
[2017.06.17-03.47.28:488][ 89]LogFbx:Warning: Triangulating static mesh ST_lv3
[2017.06.17-03.47.28:521][ 89]LogStaticMesh: Building static mesh lv3...
[2017.06.17-03.47.28:522][ 89]LogStaticMesh: Built static mesh [0.00s] /Game/Meshes/test/lv3.lv3
[2017.06.17-03.47.28:523][ 89]LogStaticMesh:Warning: lv3 has degenerate tangent bases which will result in incorrect shading.  MikkTSpace relies on tangent bases and may result in mesh corruption, consider disabling this option.
[2017.06.17-03.47.28:525][ 89]LogEditorFactories: -- imported successfully
[2017.06.17-03.47.28:526][ 89]FBXImport:Warning: Warning No smoothing group information was found in this FBX scene.  Please make sure to enable the 'Export Smoothing Groups' option in the FBX Exporter plug-in before exporting the file.  Even for tools that don't support smoothing groups, the FBX Exporter will generate appropriate smoothing data at export-time so that correct vertex normals can be inferred while importing. 
[2017.06.17-03.47.28:526][ 89]FBXImport:Warning: Warning lv3 has degenerate tangent bases which will result in incorrect shading.  MikkTSpace relies on tangent bases and may result in mesh corruption, consider disabling this option. 
[2017.06.17-03.47.32:761][581]LogEditorViewport: Clicking on Actor (LMB): StaticMeshActor (ST_lv2)
[2017.06.17-03.47.37:214][ 90]LogEditorViewport: Clicking on Actor (LMB): StaticMeshActor (ST_lv2)
[2017.06.17-03.47.40:213][436]LogEditorViewport: Clicking on Actor (LMB): StaticMeshActor (lv2)
[2017.06.17-03.47.47:049][223]LogEditorViewport: Clicking on Actor (LMB): StaticMeshActor (lv3)
[2017.06.17-03.47.48:566][385]LogEditorViewport: Clicking on Actor (LMB): StaticMeshActor (lv2)
[2017.06.17-03.47.49:811][508]LogEditorViewport: Clicking on Actor (LMB): StaticMeshActor (lv3)
[2017.06.17-03.47.50:861][607]LogEditorViewport: Clicking on Actor (LMB): StaticMeshActor (lv2)
[2017.06.17-03.47.54:514][ 26]LogEditorViewport: Clicking Background
[2017.06.17-03.47.55:859][159]LogSavePackage: Save=90.45ms
[2017.06.17-03.47.55:859][159]LogSavePackage: Moving '../../../../../../Users/AzurePC Intel/Documents/GitHub/Enviro_2/Enviro_2/Saved/DOOM_FanArt_Reactor_01B54C0EA64DBA71F1046E14A53DA821D6.tmp' to '../../../../../../Users/AzurePC Intel/Documents/GitHub/Enviro_2/Enviro_2/Content/Maps/DOOM_FanArt_Reactor_01.umap'
[2017.06.17-03.47.55:864][159]LogSavePackage:Display: Finished SavePackage ../../../../../../Users/AzurePC Intel/Documents/GitHub/Enviro_2/Enviro_2/Content/Maps/DOOM_FanArt_Reactor_01.umap
[2017.06.17-03.47.55:890][159]LogFileHelpers: Saving map 'DOOM_FanArt_Reactor_01' took 0.182
[2017.06.17-03.47.55:902][159]Cmd: OBJ SAVEPACKAGE PACKAGE="/Game/Meshes/test/lv1" FILE="../../../../../../Users/AzurePC Intel/Documents/GitHub/Enviro_2/Enviro_2/Content/Meshes/test/lv1.uasset" SILENT=true
[2017.06.17-03.47.55:922][159]LogSavePackage: Save=10.52ms
[2017.06.17-03.47.55:922][159]LogSavePackage: Moving '../../../../../../Users/AzurePC Intel/Documents/GitHub/Enviro_2/Enviro_2/Saved/lv1CF8563D944B8AFD7E15AC2BE58043F40.tmp' to '../../../../../../Users/AzurePC Intel/Documents/GitHub/Enviro_2/Enviro_2/Content/Meshes/test/lv1.uasset'
[2017.06.17-03.47.55:924][159]LogSavePackage:Display: Finished SavePackage ../../../../../../Users/AzurePC Intel/Documents/GitHub/Enviro_2/Enviro_2/Content/Meshes/test/lv1.uasset
[2017.06.17-03.47.55:944][159]Cmd: OBJ SAVEPACKAGE PACKAGE="/Game/Meshes/ST_lv1" FILE="../../../../../../Users/AzurePC Intel/Documents/GitHub/Enviro_2/Enviro_2/Content/Meshes/ST_lv1.uasset" SILENT=true
[2017.06.17-03.47.56:053][159]LogSavePackage: Save=55.49ms
[2017.06.17-03.47.56:053][159]LogSavePackage: Moving '../../../../../../Users/AzurePC Intel/Documents/GitHub/Enviro_2/Enviro_2/Saved/ST_lv12C5FB5FA4260C1DA40D777B2794089B6.tmp' to '../../../../../../Users/AzurePC Intel/Documents/GitHub/Enviro_2/Enviro_2/Content/Meshes/ST_lv1.uasset'
[2017.06.17-03.47.56:062][159]LogSavePackage:Display: Finished SavePackage ../../../../../../Users/AzurePC Intel/Documents/GitHub/Enviro_2/Enviro_2/Content/Meshes/ST_lv1.uasset
[2017.06.17-03.47.56:075][159]Cmd: OBJ SAVEPACKAGE PACKAGE="/Game/Meshes/test/lv2" FILE="../../../../../../Users/AzurePC Intel/Documents/GitHub/Enviro_2/Enviro_2/Content/Meshes/test/lv2.uasset" SILENT=true
[2017.06.17-03.47.56:096][159]LogSavePackage: Save=10.82ms
[2017.06.17-03.47.56:096][159]LogSavePackage: Moving '../../../../../../Users/AzurePC Intel/Documents/GitHub/Enviro_2/Enviro_2/Saved/lv2626FA5294F3F5305AF72C4A04440D5FC.tmp' to '../../../../../../Users/AzurePC Intel/Documents/GitHub/Enviro_2/Enviro_2/Content/Meshes/test/lv2.uasset'
[2017.06.17-03.47.56:098][159]LogSavePackage:Display: Finished SavePackage ../../../../../../Users/AzurePC Intel/Documents/GitHub/Enviro_2/Enviro_2/Content/Meshes/test/lv2.uasset
[2017.06.17-03.47.56:110][159]Cmd: OBJ SAVEPACKAGE PACKAGE="/Game/Meshes/test/lv3" FILE="../../../../../../Users/AzurePC Intel/Documents/GitHub/Enviro_2/Enviro_2/Content/Meshes/test/lv3.uasset" SILENT=true
[2017.06.17-03.47.56:131][159]LogSavePackage: Save=10.53ms
[2017.06.17-03.47.56:131][159]LogSavePackage: Moving '../../../../../../Users/AzurePC Intel/Documents/GitHub/Enviro_2/Enviro_2/Saved/lv38A1477D542811776F78BB0A9C97BC1C7.tmp' to '../../../../../../Users/AzurePC Intel/Documents/GitHub/Enviro_2/Enviro_2/Content/Meshes/test/lv3.uasset'
[2017.06.17-03.47.56:133][159]LogSavePackage:Display: Finished SavePackage ../../../../../../Users/AzurePC Intel/Documents/GitHub/Enviro_2/Enviro_2/Content/Meshes/test/lv3.uasset
[2017.06.17-03.47.56:146][159]Cmd: OBJ SAVEPACKAGE PACKAGE="/Game/Meshes/test/Stair" FILE="../../../../../../Users/AzurePC Intel/Documents/GitHub/Enviro_2/Enviro_2/Content/Meshes/test/Stair.uasset" SILENT=true
[2017.06.17-03.47.56:171][159]LogSavePackage: Save=12.48ms
[2017.06.17-03.47.56:171][159]LogSavePackage: Moving '../../../../../../Users/AzurePC Intel/Documents/GitHub/Enviro_2/Enviro_2/Saved/StairF06EA0B14774D2DD738BC0AAA2FA49C0.tmp' to '../../../../../../Users/AzurePC Intel/Documents/GitHub/Enviro_2/Enviro_2/Content/Meshes/test/Stair.uasset'
[2017.06.17-03.47.56:173][159]LogSavePackage:Display: Finished SavePackage ../../../../../../Users/AzurePC Intel/Documents/GitHub/Enviro_2/Enviro_2/Content/Meshes/test/Stair.uasset
[2017.06.17-03.49.27:711][102]LogEditorFactories: Performing atomic reimport of [H:/Box Sync/Environment Challenges/Enviro_2/Pre Production/Models & Textures/ST_lv1.fbx]
[2017.06.17-03.49.27:786][102]LogFbx: Loading FBX Scene from H:/Box Sync/Environment Challenges/Enviro_2/Pre Production/Models & Textures/ST_lv1.fbx
[2017.06.17-03.49.28:206][102]LogFbx: FBX Scene Loaded Succesfully
[2017.06.17-03.49.28:669][102]LogFbx:Warning: Triangulating static mesh lv1
[2017.06.17-03.50.43:506][102]LogSlate: Took 0.000137 seconds to synchronously load lazily loaded font '../../../Engine/Content/Slate/Fonts/Roboto-Regular.ttf' (155K)
[2017.06.17-03.50.43:513][102]LogStaticMesh: Building static mesh ST_lv1...
[2017.06.17-03.50.52:717][102]LogStaticMesh: Built static mesh [9.20s] /Game/Meshes/ST_lv1.ST_lv1
[2017.06.17-03.50.57:388][102]LogStaticMesh:Warning: ST_lv1 has degenerate tangent bases which will result in incorrect shading.  MikkTSpace relies on tangent bases and may result in mesh corruption, consider disabling this option.
[2017.06.17-03.50.57:398][102]LogEditorFactories: -- imported successfully
[2017.06.17-03.50.57:456][102]FBXImport:Warning: Warning No smoothing group information was found in this FBX scene.  Please make sure to enable the 'Export Smoothing Groups' option in the FBX Exporter plug-in before exporting the file.  Even for tools that don't support smoothing groups, the FBX Exporter will generate appropriate smoothing data at export-time so that correct vertex normals can be inferred while importing. 
[2017.06.17-03.50.57:456][102]FBXImport:Warning: Warning ST_lv1 has degenerate tangent bases which will result in incorrect shading.  MikkTSpace relies on tangent bases and may result in mesh corruption, consider disabling this option. 
[2017.06.17-03.53.20:051][930]LogEditorViewport: Clicking on Actor (LMB): StaticMeshActor (ST_lv2)
[2017.06.17-03.53.35:113][674]Cmd: OBJ SAVEPACKAGE PACKAGE="/Game/Meshes/ST_lv1" FILE="../../../../../../Users/AzurePC Intel/Documents/GitHub/Enviro_2/Enviro_2/Content/Meshes/ST_lv1.uasset" SILENT=true
[2017.06.17-03.53.35:227][674]LogSavePackage: Save=40.57ms
[2017.06.17-03.53.35:227][674]LogSavePackage: Moving '../../../../../../Users/AzurePC Intel/Documents/GitHub/Enviro_2/Enviro_2/Saved/ST_lv1C78D76434CABC979E0CAA7901E8C1426.tmp' to '../../../../../../Users/AzurePC Intel/Documents/GitHub/Enviro_2/Enviro_2/Content/Meshes/ST_lv1.uasset'
[2017.06.17-03.53.35:236][674]LogSavePackage:Display: Finished SavePackage ../../../../../../Users/AzurePC Intel/Documents/GitHub/Enviro_2/Enviro_2/Content/Meshes/ST_lv1.uasset
[2017.06.17-03.53.43:397][650]LogEditorViewport: Clicking on Actor (LMB): StaticMeshActor (Stair)
[2017.06.17-03.54.00:557][675]LogEditorViewport: Clicking on Actor (LMB): StaticMeshActor (ST_lv2)
[2017.06.17-03.54.36:643][342]LogEditorViewport: Clicking on Actor (LMB): StaticMeshActor (Stair)
[2017.06.17-03.54.38:655][578]Cmd: DELETE
[2017.06.17-03.54.38:655][578]Cmd: ACTOR DELETE
[2017.06.17-03.54.38:655][578]LogEditorActor: Deleted Actor: StaticMeshActor
[2017.06.17-03.54.38:662][578]LogEditorActor: Deleted 1 Actors (0.007 secs)
[2017.06.17-03.54.42:662][ 44]LogEditorFactories: Performing atomic reimport of [H:/Box Sync/Environment Challenges/Enviro_2/Pre Production/Models & Textures/test/ST_Stair_adjust_test.fbx]
[2017.06.17-03.54.42:690][ 44]LogFbx: Loading FBX Scene from H:/Box Sync/Environment Challenges/Enviro_2/Pre Production/Models & Textures/test/ST_Stair_adjust_test.fbx
[2017.06.17-03.54.42:718][ 44]LogFbx: FBX Scene Loaded Succesfully
[2017.06.17-03.54.42:806][ 44]LogStaticMesh: Building static mesh Stair...
[2017.06.17-03.54.42:860][ 44]LogMeshUtilities: Invalid vertex normals found for mesh. Forcing recomputation of vertex normals for MikkTSpace. Fix mesh or disable "Use MikkTSpace Tangent Space" to avoid forced recomputation of normals.
[2017.06.17-03.54.43:993][ 44]LogStaticMesh: Built static mesh [1.19s] /Game/Meshes/test/Stair.Stair
[2017.06.17-03.54.44:096][ 44]LogStaticMesh:Warning: Stair has degenerate tangent bases which will result in incorrect shading.  MikkTSpace relies on tangent bases and may result in mesh corruption, consider disabling this option.
[2017.06.17-03.54.44:099][ 44]LogEditorFactories: -- imported successfully
[2017.06.17-03.54.44:103][ 44]FBXImport:Warning: Warning No smoothing group information was found in this FBX scene.  Please make sure to enable the 'Export Smoothing Groups' option in the FBX Exporter plug-in before exporting the file.  Even for tools that don't support smoothing groups, the FBX Exporter will generate appropriate smoothing data at export-time so that correct vertex normals can be inferred while importing. 
[2017.06.17-03.54.44:103][ 44]FBXImport:Warning: Warning Stair has degenerate tangent bases which will result in incorrect shading.  MikkTSpace relies on tangent bases and may result in mesh corruption, consider disabling this option. 
[2017.06.17-03.54.45:418][178]LogActorFactory: Actor Factory created Stair
[2017.06.17-03.54.45:722][209]LogActorFactory: Actor Factory created Stair
[2017.06.17-03.55.01:227][ 43]LogSavePackage: Save=89.80ms
[2017.06.17-03.55.01:227][ 43]LogSavePackage: Moving '../../../../../../Users/AzurePC Intel/Documents/GitHub/Enviro_2/Enviro_2/Saved/DOOM_FanArt_Reactor_01DB6BDABB449E43E3EC38DDB78D818063.tmp' to '../../../../../../Users/AzurePC Intel/Documents/GitHub/Enviro_2/Enviro_2/Content/Maps/DOOM_FanArt_Reactor_01.umap'
[2017.06.17-03.55.01:228][ 43]LogSavePackage:Display: Finished SavePackage ../../../../../../Users/AzurePC Intel/Documents/GitHub/Enviro_2/Enviro_2/Content/Maps/DOOM_FanArt_Reactor_01.umap
[2017.06.17-03.55.01:255][ 43]LogFileHelpers: Saving map 'DOOM_FanArt_Reactor_01' took 0.167
[2017.06.17-03.55.01:267][ 43]Cmd: OBJ SAVEPACKAGE PACKAGE="/Game/Meshes/test/Stair" FILE="../../../../../../Users/AzurePC Intel/Documents/GitHub/Enviro_2/Enviro_2/Content/Meshes/test/Stair.uasset" SILENT=true
[2017.06.17-03.55.01:289][ 43]LogSavePackage: Save=11.64ms
[2017.06.17-03.55.01:289][ 43]LogSavePackage: Moving '../../../../../../Users/AzurePC Intel/Documents/GitHub/Enviro_2/Enviro_2/Saved/Stair070E80B744ACC6FCB3429C9EEA1A8992.tmp' to '../../../../../../Users/AzurePC Intel/Documents/GitHub/Enviro_2/Enviro_2/Content/Meshes/test/Stair.uasset'
[2017.06.17-03.55.01:291][ 43]LogSavePackage:Display: Finished SavePackage ../../../../../../Users/AzurePC Intel/Documents/GitHub/Enviro_2/Enviro_2/Content/Meshes/test/Stair.uasset
[2017.06.17-03.55.07:547][765]LogEditorViewport: Clicking on Actor (LMB): Emitter (P_Mist_Lit_Still2)
[2017.06.17-04.31.24:940][983]LogD3D11RHI: Timed out while waiting for GPU to catch up. (500 ms)
[2017.06.17-04.33.02:707][375]LogEditorViewport: Clicking on Actor (LMB): StaticMeshActor (WB_stair3)
[2017.06.17-04.33.04:095][532]Cmd: DELETE
[2017.06.17-04.33.04:095][532]Cmd: ACTOR DELETE
[2017.06.17-04.33.04:099][532]LogEditorActor: Deleted Actor: StaticMeshActor
[2017.06.17-04.33.04:124][532]LogEditorActor: Deleted 1 Actors (0.029 secs)
[2017.06.17-04.33.22:012][262]LogFactory: FactoryCreateFile: StaticMesh with FbxFactory (0 0 H:\Box Sync\Environment Challenges\Enviro_2\Pre Production\Models & Textures\ST_Stairs-platform.fbx)
[2017.06.17-04.33.22:023][262]LogFbx: ItemName: GlobalSettings, ItemCount : 1
[2017.06.17-04.33.22:023][262]LogFbx: ItemName: AnimationStack, ItemCount : 1
[2017.06.17-04.33.22:023][262]LogFbx: ItemName: AnimationLayer, ItemCount : 1
[2017.06.17-04.33.22:023][262]LogFbx: ItemName: Geometry, ItemCount : 1
[2017.06.17-04.33.22:023][262]LogFbx: ItemName: Material, ItemCount : 4
[2017.06.17-04.33.22:023][262]LogFbx: ItemName: Model, ItemCount : 1
[2017.06.17-04.33.22:027][262]LogFbx: Loading FBX Scene from H:\Box Sync\Environment Challenges\Enviro_2\Pre Production\Models & Textures\ST_Stairs-platform.fbx
[2017.06.17-04.33.22:064][262]LogFbx: FBX Scene Loaded Succesfully
[2017.06.17-04.33.24:747][262]LogFbx: Loading FBX Scene from H:\Box Sync\Environment Challenges\Enviro_2\Pre Production\Models & Textures\ST_Stairs-platform.fbx
[2017.06.17-04.33.24:778][262]LogFbx: FBX Scene Loaded Succesfully
[2017.06.17-04.33.24:781][262]LogFbx:Warning: Triangulating static mesh polySurface1007_polySurface935
[2017.06.17-04.33.27:259][262]LogStaticMesh: Building static mesh ST_Stairs-platform...
[2017.06.17-04.33.27:318][262]LogMeshUtilities: Invalid vertex normals found for mesh. Forcing recomputation of vertex normals for MikkTSpace. Fix mesh or disable "Use MikkTSpace Tangent Space" to avoid forced recomputation of normals.
[2017.06.17-04.33.28:327][262]LogStaticMesh: Built static mesh [1.07s] /Game/Meshes/ST_Stairs-platform.ST_Stairs-platform
[2017.06.17-04.33.28:430][262]LogStaticMesh:Warning: ST_Stairs-platform has degenerate tangent bases which will result in incorrect shading.  MikkTSpace relies on tangent bases and may result in mesh corruption, consider disabling this option.
[2017.06.17-04.33.28:434][262]FBXImport:Warning: Warning No smoothing group information was found in this FBX scene.  Please make sure to enable the 'Export Smoothing Groups' option in the FBX Exporter plug-in before exporting the file.  Even for tools that don't support smoothing groups, the FBX Exporter will generate appropriate smoothing data at export-time so that correct vertex normals can be inferred while importing. 
[2017.06.17-04.33.28:434][262]FBXImport:Warning: Warning ST_Stairs-platform has degenerate tangent bases which will result in incorrect shading.  MikkTSpace relies on tangent bases and may result in mesh corruption, consider disabling this option. 
[2017.06.17-04.33.31:467][581]LogActorFactory: Actor Factory created ST_Stairs-platform
[2017.06.17-04.33.34:709][952]LogActorFactory: Actor Factory created ST_Stairs-platform
[2017.06.17-04.33.51:505][848]Cmd: DELETE
[2017.06.17-04.33.51:505][848]Cmd: ACTOR DELETE
[2017.06.17-04.33.51:505][848]LogEditorActor: Deleted Actor: StaticMeshActor
[2017.06.17-04.33.51:512][848]LogEditorActor: Deleted 1 Actors (0.007 secs)
[2017.06.17-04.34.32:161][683]LogSavePackage: Save=102.84ms
[2017.06.17-04.34.32:161][683]LogSavePackage: Moving '../../../../../../Users/AzurePC Intel/Documents/GitHub/Enviro_2/Enviro_2/Saved/DOOM_FanArt_Reactor_01D4EE4972437610C8638AD28E609489EB.tmp' to '../../../../../../Users/AzurePC Intel/Documents/GitHub/Enviro_2/Enviro_2/Content/Maps/DOOM_FanArt_Reactor_01.umap'
[2017.06.17-04.34.32:164][683]LogSavePackage:Display: Finished SavePackage ../../../../../../Users/AzurePC Intel/Documents/GitHub/Enviro_2/Enviro_2/Content/Maps/DOOM_FanArt_Reactor_01.umap
[2017.06.17-04.34.50:371][849]LogSavePackage: Save=90.65ms
[2017.06.17-04.34.50:371][849]LogSavePackage: Moving '../../../../../../Users/AzurePC Intel/Documents/GitHub/Enviro_2/Enviro_2/Saved/DOOM_FanArt_Reactor_012DA1578E4BEC8271A85BC582D3E1FD66.tmp' to '../../../../../../Users/AzurePC Intel/Documents/GitHub/Enviro_2/Enviro_2/Content/Maps/DOOM_FanArt_Reactor_01.umap'
[2017.06.17-04.34.50:372][849]LogSavePackage:Display: Finished SavePackage ../../../../../../Users/AzurePC Intel/Documents/GitHub/Enviro_2/Enviro_2/Content/Maps/DOOM_FanArt_Reactor_01.umap
[2017.06.17-04.34.51:549][968]LogActorFactory: Actor Factory created ST_HeroAsset
[2017.06.17-04.34.52:223][ 44]LogActorFactory: Actor Factory created ST_HeroAsset
[2017.06.17-04.35.01:161][ 38]Cmd: CAMERA ALIGN ACTIVEVIEWPORTONLY
[2017.06.17-04.35.03:933][333]Cmd: CAMERA ALIGN ACTIVEVIEWPORTONLY
[2017.06.17-04.35.54:421][259]Cmd: TRANSACTION UNDO
[2017.06.17-04.35.54:421][259]LogEditorTransaction: Undo Set actor scale
[2017.06.17-04.35.56:068][444]Cmd: TRANSACTION UNDO
[2017.06.17-04.35.56:068][444]LogEditorTransaction: Undo Set actor scale
[2017.06.17-04.35.56:829][533]Cmd: TRANSACTION UNDO
[2017.06.17-04.35.56:829][533]LogEditorTransaction: Undo Set actor scale
[2017.06.17-04.36.43:559][791]Cmd: DELETE
[2017.06.17-04.36.43:559][791]Cmd: ACTOR DELETE
[2017.06.17-04.36.43:560][791]LogEditorActor: Deleted Actor: StaticMeshActor
[2017.06.17-04.36.43:567][791]LogEditorActor: Deleted 1 Actors (0.007 secs)
[2017.06.17-04.36.47:688][264]LogSavePackage: Save=88.98ms
[2017.06.17-04.36.47:688][264]LogSavePackage: Moving '../../../../../../Users/AzurePC Intel/Documents/GitHub/Enviro_2/Enviro_2/Saved/DOOM_FanArt_Reactor_01702E41B348FAD94B6DEA1D814C24B7BF.tmp' to '../../../../../../Users/AzurePC Intel/Documents/GitHub/Enviro_2/Enviro_2/Content/Maps/DOOM_FanArt_Reactor_01.umap'
[2017.06.17-04.36.47:689][264]LogSavePackage:Display: Finished SavePackage ../../../../../../Users/AzurePC Intel/Documents/GitHub/Enviro_2/Enviro_2/Content/Maps/DOOM_FanArt_Reactor_01.umap
[2017.06.17-04.36.47:710][264]LogFileHelpers: Saving map 'DOOM_FanArt_Reactor_01' took 0.165
[2017.06.17-04.36.47:723][264]Cmd: OBJ SAVEPACKAGE PACKAGE="/Game/Meshes/ST_Stairs-platform" FILE="../../../../../../Users/AzurePC Intel/Documents/GitHub/Enviro_2/Enviro_2/Content/Meshes/ST_Stairs-platform.uasset" SILENT=true
[2017.06.17-04.36.47:735][264]LogSavePackage: Save=11.59ms
[2017.06.17-04.36.47:735][264]LogSavePackage: Moving '../../../../../../Users/AzurePC Intel/Documents/GitHub/Enviro_2/Enviro_2/Saved/ST_Stairs-platform1B24D00441788684243CF3AFD55ABDC0.tmp' to '../../../../../../Users/AzurePC Intel/Documents/GitHub/Enviro_2/Enviro_2/Content/Meshes/ST_Stairs-platform.uasset'
[2017.06.17-04.36.47:738][264]LogSavePackage:Display: Finished SavePackage ../../../../../../Users/AzurePC Intel/Documents/GitHub/Enviro_2/Enviro_2/Content/Meshes/ST_Stairs-platform.uasset
[2017.06.17-04.36.51:065][659]LogActorFactory: Actor Factory created crate
[2017.06.17-04.36.53:343][925]LogEditorFactories: Performing atomic reimport of [H:/Box Sync/Environment Challenges/Enviro_2/Pre Production/Models & Textures/crate.fbx]
[2017.06.17-04.36.53:370][925]LogFbx: Loading FBX Scene from H:/Box Sync/Environment Challenges/Enviro_2/Pre Production/Models & Textures/crate.fbx
[2017.06.17-04.36.53:375][925]LogFbx: FBX Scene Loaded Succesfully
[2017.06.17-04.36.53:378][925]LogFbx:Warning: Triangulating static mesh pCube22
[2017.06.17-04.36.53:439][925]LogStaticMesh: Building static mesh crate...
[2017.06.17-04.36.53:451][925]LogStaticMesh: Built static mesh [0.01s] /Game/Meshes/crate.crate
[2017.06.17-04.36.53:454][925]LogStaticMesh:Warning: crate has degenerate tangent bases which will result in incorrect shading.  MikkTSpace relies on tangent bases and may result in mesh corruption, consider disabling this option.
[2017.06.17-04.36.53:457][925]LogEditorFactories: -- imported successfully
[2017.06.17-04.36.53:458][925]FBXImport:Warning: Warning No smoothing group information was found in this FBX scene.  Please make sure to enable the 'Export Smoothing Groups' option in the FBX Exporter plug-in before exporting the file.  Even for tools that don't support smoothing groups, the FBX Exporter will generate appropriate smoothing data at export-time so that correct vertex normals can be inferred while importing. 
[2017.06.17-04.36.53:458][925]FBXImport:Warning: Warning Warning: The imported mesh is very small. This is most likely an issue with the units used when exporting to FBX. 
[2017.06.17-04.36.53:458][925]FBXImport:Warning: Warning crate has degenerate tangent bases which will result in incorrect shading.  MikkTSpace relies on tangent bases and may result in mesh corruption, consider disabling this option. 
[2017.06.17-04.36.55:606][132]LogActorFactory: Actor Factory created crate
[2017.06.17-04.36.55:841][158]LogActorFactory: Actor Factory created crate
[2017.06.17-04.37.14:199][375]LogEditorFactories: Performing atomic reimport of [H:/Box Sync/Environment Challenges/Enviro_2/Pre Production/Models & Textures/crate.fbx]
[2017.06.17-04.37.14:227][375]LogFbx: Loading FBX Scene from H:/Box Sync/Environment Challenges/Enviro_2/Pre Production/Models & Textures/crate.fbx
[2017.06.17-04.37.14:232][375]LogFbx: FBX Scene Loaded Succesfully
[2017.06.17-04.37.14:235][375]LogFbx:Warning: Triangulating static mesh pCube22
[2017.06.17-04.37.14:293][375]LogStaticMesh: Building static mesh crate...
[2017.06.17-04.37.14:305][375]LogStaticMesh: Built static mesh [0.01s] /Game/Meshes/crate.crate
[2017.06.17-04.37.14:307][375]LogStaticMesh:Warning: crate has degenerate tangent bases which will result in incorrect shading.  MikkTSpace relies on tangent bases and may result in mesh corruption, consider disabling this option.
[2017.06.17-04.37.14:310][375]LogEditorFactories: -- imported successfully
[2017.06.17-04.37.14:310][375]FBXImport:Warning: Warning No smoothing group information was found in this FBX scene.  Please make sure to enable the 'Export Smoothing Groups' option in the FBX Exporter plug-in before exporting the file.  Even for tools that don't support smoothing groups, the FBX Exporter will generate appropriate smoothing data at export-time so that correct vertex normals can be inferred while importing. 
[2017.06.17-04.37.14:310][375]FBXImport:Warning: Warning Warning: The imported mesh is very small. This is most likely an issue with the units used when exporting to FBX. 
[2017.06.17-04.37.14:310][375]FBXImport:Warning: Warning crate has degenerate tangent bases which will result in incorrect shading.  MikkTSpace relies on tangent bases and may result in mesh corruption, consider disabling this option. 
[2017.06.17-04.37.32:840][325]LogEditorActor: Deleted Actor: StaticMeshActor
[2017.06.17-04.37.32:846][325]LogEditorActor: Deleted 1 Actors (0.006 secs)
[2017.06.17-04.37.38:635][511]LogFactory: FactoryCreateFile: StaticMesh with FbxFactory (0 0 H:\Box Sync\Environment Challenges\Enviro_2\Pre Production\Models & Textures\crate.fbx)
[2017.06.17-04.37.38:639][511]LogFbx: ItemName: GlobalSettings, ItemCount : 1
[2017.06.17-04.37.38:639][511]LogFbx: ItemName: AnimationStack, ItemCount : 1
[2017.06.17-04.37.38:639][511]LogFbx: ItemName: AnimationLayer, ItemCount : 1
[2017.06.17-04.37.38:639][511]LogFbx: ItemName: Geometry, ItemCount : 1
[2017.06.17-04.37.38:639][511]LogFbx: ItemName: Material, ItemCount : 1
[2017.06.17-04.37.38:639][511]LogFbx: ItemName: Model, ItemCount : 1
[2017.06.17-04.37.38:644][511]LogFbx: Loading FBX Scene from H:\Box Sync\Environment Challenges\Enviro_2\Pre Production\Models & Textures\crate.fbx
[2017.06.17-04.37.38:651][511]LogFbx: FBX Scene Loaded Succesfully
[2017.06.17-04.37.41:096][511]LogFbx: Loading FBX Scene from H:\Box Sync\Environment Challenges\Enviro_2\Pre Production\Models & Textures\crate.fbx
[2017.06.17-04.37.41:101][511]LogFbx: FBX Scene Loaded Succesfully
[2017.06.17-04.37.41:103][511]LogFbx:Warning: Triangulating static mesh pCube22
[2017.06.17-04.37.41:147][511]LogStaticMesh: Building static mesh crate...
[2017.06.17-04.37.41:158][511]LogStaticMesh: Built static mesh [0.01s] /Game/Meshes/crate.crate
[2017.06.17-04.37.41:159][511]LogStaticMesh:Warning: crate has degenerate tangent bases which will result in incorrect shading.  MikkTSpace relies on tangent bases and may result in mesh corruption, consider disabling this option.
[2017.06.17-04.37.41:160][511]FBXImport:Warning: Warning No smoothing group information was found in this FBX scene.  Please make sure to enable the 'Export Smoothing Groups' option in the FBX Exporter plug-in before exporting the file.  Even for tools that don't support smoothing groups, the FBX Exporter will generate appropriate smoothing data at export-time so that correct vertex normals can be inferred while importing. 
[2017.06.17-04.37.41:160][511]FBXImport:Warning: Warning Warning: The imported mesh is very small. This is most likely an issue with the units used when exporting to FBX. 
[2017.06.17-04.37.41:160][511]FBXImport:Warning: Warning crate has degenerate tangent bases which will result in incorrect shading.  MikkTSpace relies on tangent bases and may result in mesh corruption, consider disabling this option. 
[2017.06.17-04.37.43:681][803]LogActorFactory: Actor Factory created crate
[2017.06.17-04.37.44:190][863]LogActorFactory: Actor Factory created crate
[2017.06.17-04.38.25:467][467]LogRenderer: Reallocating scene render targets to support 1192x760 NumSamples 1 (Frame:1).
[2017.06.17-04.39.06:741][397]Cmd: CAMERA ALIGN ACTIVEVIEWPORTONLY
[2017.06.17-04.39.08:852][650]Cmd: DELETE
[2017.06.17-04.39.08:852][650]Cmd: ACTOR DELETE
[2017.06.17-04.39.08:852][650]LogEditorActor: Deleted Actor: StaticMeshActor
[2017.06.17-04.39.08:859][650]LogEditorActor: Deleted 1 Actors (0.007 secs)
[2017.06.17-04.39.23:908][944]Cmd: DELETE
[2017.06.17-04.39.23:908][944]Cmd: ACTOR DELETE
[2017.06.17-04.39.23:909][944]LogEditorActor: Deleted Actor: StaticMeshActor
[2017.06.17-04.39.23:909][944]LogEditorActor: Deleted Actor: StaticMeshActor
[2017.06.17-04.39.23:909][944]LogEditorActor: Deleted Actor: StaticMeshActor
[2017.06.17-04.39.23:909][944]LogEditorActor: Deleted Actor: StaticMeshActor
[2017.06.17-04.39.23:909][944]LogEditorActor: Deleted Actor: StaticMeshActor
[2017.06.17-04.39.23:909][944]LogEditorActor: Deleted Actor: StaticMeshActor
[2017.06.17-04.39.23:909][944]LogEditorActor: Deleted Actor: StaticMeshActor
[2017.06.17-04.39.23:909][944]LogEditorActor: Deleted Actor: StaticMeshActor
[2017.06.17-04.39.23:916][944]LogEditorActor: Deleted 8 Actors (0.007 secs)
[2017.06.17-04.39.27:186][292]LogActorFactory: Actor Factory created 6_1_scaleman
[2017.06.17-04.39.27:442][322]LogActorFactory: Actor Factory created 6_1_scaleman
[2017.06.17-04.39.30:649][658]LogActorFactory: Actor Factory created 6_1_scaleman
[2017.06.17-04.39.31:226][723]LogActorFactory: Actor Factory created 6_1_scaleman
[2017.06.17-04.39.33:064][904]LogActorFactory: Actor Factory created 6_1_scaleman
[2017.06.17-04.39.33:532][956]LogActorFactory: Actor Factory created 6_1_scaleman
[2017.06.17-04.39.38:953][556]LogActorFactory: Actor Factory created 6_1_scaleman
[2017.06.17-04.39.40:216][704]LogActorFactory: Actor Factory created 6_1_scaleman
[2017.06.17-04.39.44:068][128]LogActorFactory: Actor Factory created 6_1_scaleman
[2017.06.17-04.39.44:954][229]LogActorFactory: Actor Factory created 6_1_scaleman
[2017.06.17-04.39.46:835][449]Cmd: DELETE
[2017.06.17-04.39.46:835][449]Cmd: ACTOR DELETE
[2017.06.17-04.39.46:836][449]LogEditorActor: Deleted Actor: StaticMeshActor
[2017.06.17-04.39.46:842][449]LogEditorActor: Deleted 1 Actors (0.007 secs)
[2017.06.17-04.39.48:007][571]LogActorFactory: Actor Factory created 6_1_scaleman
[2017.06.17-04.39.48:740][658]LogActorFactory: Actor Factory created 6_1_scaleman
[2017.06.17-04.39.51:806][  9]Cmd: DELETE
[2017.06.17-04.39.51:806][  9]Cmd: ACTOR DELETE
[2017.06.17-04.39.51:806][  9]LogEditorActor: Deleted Actor: StaticMeshActor
[2017.06.17-04.39.51:813][  9]LogEditorActor: Deleted 1 Actors (0.006 secs)
[2017.06.17-04.39.52:951][140]LogActorFactory: Actor Factory created 6_1_scaleman
[2017.06.17-04.39.55:496][444]LogActorFactory: Actor Factory created 6_1_scaleman
[2017.06.17-04.40.03:677][357]LogActorFactory: Actor Factory created 6_1_scaleman
[2017.06.17-04.40.04:048][398]LogActorFactory: Actor Factory created 6_1_scaleman
[2017.06.17-04.40.16:645][877]LogSavePackage: Save=89.82ms
[2017.06.17-04.40.16:646][877]LogSavePackage: Moving '../../../../../../Users/AzurePC Intel/Documents/GitHub/Enviro_2/Enviro_2/Saved/DOOM_FanArt_Reactor_01B67311EC4B511999AD9410BDFAA433A9.tmp' to '../../../../../../Users/AzurePC Intel/Documents/GitHub/Enviro_2/Enviro_2/Content/Maps/DOOM_FanArt_Reactor_01.umap'
[2017.06.17-04.40.16:647][877]LogSavePackage:Display: Finished SavePackage ../../../../../../Users/AzurePC Intel/Documents/GitHub/Enviro_2/Enviro_2/Content/Maps/DOOM_FanArt_Reactor_01.umap
[2017.06.17-04.40.22:553][565]Cmd: CAMERA ALIGN ACTIVEVIEWPORTONLY
[2017.06.17-04.40.27:449][148]Cmd: CAMERA ALIGN ACTIVEVIEWPORTONLY
[2017.06.17-04.40.29:214][344]Cmd: CAMERA ALIGN ACTIVEVIEWPORTONLY
[2017.06.17-04.40.36:310][182]Cmd: CAMERA ALIGN ACTIVEVIEWPORTONLY
[2017.06.17-04.40.38:113][382]Cmd: CAMERA ALIGN ACTIVEVIEWPORTONLY
[2017.06.17-04.40.39:888][591]Cmd: CAMERA ALIGN ACTIVEVIEWPORTONLY
[2017.06.17-04.40.43:586][ 28]EditorErrors: New page: Actor attachment
[2017.06.17-04.40.51:218][905]Cmd: CAMERA ALIGN ACTIVEVIEWPORTONLY
[2017.06.17-04.40.53:839][199]Cmd: DELETE
[2017.06.17-04.40.53:839][199]Cmd: ACTOR DELETE
[2017.06.17-04.40.53:840][199]LogEditorActor: Deleted Actor: PointLight
[2017.06.17-04.40.53:846][199]LogEditorActor: Deleted 1 Actors (0.007 secs)
[2017.06.17-04.40.59:237][840]Cmd: TRANSACTION UNDO
[2017.06.17-04.40.59:237][840]LogEditorTransaction: Undo Clicking on Actors
[2017.06.17-04.41.00:247][957]Cmd: TRANSACTION UNDO
[2017.06.17-04.41.00:247][957]LogEditorTransaction: Undo Clicking on Actors
[2017.06.17-04.41.00:802][ 23]Cmd: TRANSACTION UNDO
[2017.06.17-04.41.00:802][ 23]LogEditorTransaction: Undo Delete Actors
[2017.06.17-04.41.03:293][316]Cmd: CAMERA ALIGN ACTIVEVIEWPORTONLY
[2017.06.17-04.41.05:321][552]Cmd: DELETE
[2017.06.17-04.41.05:321][552]Cmd: ACTOR DELETE
[2017.06.17-04.41.05:322][552]LogEditorActor: Deleted Actor: SpotLight
[2017.06.17-04.41.05:330][552]LogEditorActor: Deleted 1 Actors (0.008 secs)
[2017.06.17-04.41.12:573][390]Cmd: CAMERA ALIGN ACTIVEVIEWPORTONLY
[2017.06.17-04.41.42:002][768]LogActorFactory: Actor Factory created ST_lv1
[2017.06.17-04.41.43:878][927]LogActorFactory: Actor Factory created ST_lv1
[2017.06.17-04.41.45:481][115]Cmd: DELETE
[2017.06.17-04.41.45:481][115]Cmd: ACTOR DELETE
[2017.06.17-04.41.45:481][115]LogEditorActor: Deleted Actor: StaticMeshActor
[2017.06.17-04.41.45:488][115]LogEditorActor: Deleted 1 Actors (0.006 secs)
[2017.06.17-04.41.50:085][656]Cmd: CAMERA ALIGN ACTIVEVIEWPORTONLY
[2017.06.17-04.41.52:584][938]LogEditorViewport: Clicking on Actor (LMB): StaticMeshActor (lv3)
[2017.06.17-04.41.52:957][978]Cmd: CAMERA ALIGN ACTIVEVIEWPORTONLY
[2017.06.17-04.41.58:643][626]LogEditorViewport: Clicking on Actor (LMB): StaticMeshActor (WB_CenterPlatform)
[2017.06.17-04.41.58:883][650]Cmd: CAMERA ALIGN ACTIVEVIEWPORTONLY
[2017.06.17-04.42.07:381][630]LogSavePackage: Save=85.43ms
[2017.06.17-04.42.07:381][630]LogSavePackage: Moving '../../../../../../Users/AzurePC Intel/Documents/GitHub/Enviro_2/Enviro_2/Saved/DOOM_FanArt_Reactor_0110E091F4464AD279926481B7E4E68AEA.tmp' to '../../../../../../Users/AzurePC Intel/Documents/GitHub/Enviro_2/Enviro_2/Content/Maps/DOOM_FanArt_Reactor_01.umap'
[2017.06.17-04.42.07:383][630]LogSavePackage:Display: Finished SavePackage ../../../../../../Users/AzurePC Intel/Documents/GitHub/Enviro_2/Enviro_2/Content/Maps/DOOM_FanArt_Reactor_01.umap
[2017.06.17-04.42.07:404][630]LogFileHelpers: Saving map 'DOOM_FanArt_Reactor_01' took 0.159
[2017.06.17-04.42.07:417][630]Cmd: OBJ SAVEPACKAGE PACKAGE="/Game/Meshes/crate" FILE="../../../../../../Users/AzurePC Intel/Documents/GitHub/Enviro_2/Enviro_2/Content/Meshes/crate.uasset" SILENT=true
[2017.06.17-04.42.07:428][630]LogSavePackage: Save=10.46ms
[2017.06.17-04.42.07:428][630]LogSavePackage: Moving '../../../../../../Users/AzurePC Intel/Documents/GitHub/Enviro_2/Enviro_2/Saved/crateDC85640D4C2FB31F45435EA8388F2BAA.tmp' to '../../../../../../Users/AzurePC Intel/Documents/GitHub/Enviro_2/Enviro_2/Content/Meshes/crate.uasset'
[2017.06.17-04.42.07:430][630]LogSavePackage:Display: Finished SavePackage ../../../../../../Users/AzurePC Intel/Documents/GitHub/Enviro_2/Enviro_2/Content/Meshes/crate.uasset
[2017.06.17-04.42.21:765][321]LogSavePackage: Save=85.98ms
[2017.06.17-04.42.21:765][321]LogSavePackage: Moving '../../../../../../Users/AzurePC Intel/Documents/GitHub/Enviro_2/Enviro_2/Saved/DOOM_FanArt_Reactor_019103C347400E684A94B92DA2E5FF2127.tmp' to '../../../../../../Users/AzurePC Intel/Documents/GitHub/Enviro_2/Enviro_2/Content/Maps/DOOM_FanArt_Reactor_01.umap'
[2017.06.17-04.42.21:766][321]LogSavePackage:Display: Finished SavePackage ../../../../../../Users/AzurePC Intel/Documents/GitHub/Enviro_2/Enviro_2/Content/Maps/DOOM_FanArt_Reactor_01.umap
[2017.06.17-04.42.27:236][950]LogSavePackage: Save=88.74ms
[2017.06.17-04.42.27:236][950]LogSavePackage: Moving '../../../../../../Users/AzurePC Intel/Documents/GitHub/Enviro_2/Enviro_2/Saved/DOOM_FanArt_Reactor_0102BB3AC1436F8D10576B318C91764456.tmp' to '../../../../../../Users/AzurePC Intel/Documents/GitHub/Enviro_2/Enviro_2/Content/Maps/DOOM_FanArt_Reactor_01.umap'
[2017.06.17-04.42.27:237][950]LogSavePackage:Display: Finished SavePackage ../../../../../../Users/AzurePC Intel/Documents/GitHub/Enviro_2/Enviro_2/Content/Maps/DOOM_FanArt_Reactor_01.umap
[2017.06.17-04.42.28:387][ 58]Cmd: QUIT_EDITOR
[2017.06.17-04.42.28:464][ 58]LogWindowsTextInputMethodSystem:Display: IME system now deactivated.
[2017.06.17-04.42.28:474][ 58]LogExit: Preparing to exit.
[2017.06.17-04.42.29:514][ 58]LogDirectoryWatcher: A directory notification for 'C:/Users/AzurePC Intel/Documents/GitHub/Enviro_2/Enviro_2/Content/' was aborted.
[2017.06.17-04.42.29:556][ 58]LogExit: Editor shut down
[2017.06.17-04.42.29:560][ 58]LogExit: Transaction tracking system shut down
[2017.06.17-04.42.30:021][ 58]LogObj: Freed 0b from 0 cluster array pools.
[2017.06.17-04.42.30:021][ 58]LogExit: Object subsystem successfully closed.
[2017.06.17-04.42.30:086][ 58]LogD3D11RHI: Shutdown
[2017.06.17-04.42.30:086][ 58]LogD3D11RHI: CleanupD3DDevice
[2017.06.17-04.42.30:224][ 58]LogD3D11RHI: ~FD3D11DynamicRHI
[2017.06.17-04.42.30:239][ 58]LogModuleManager: Shutting down and abandoning module StaticMeshEditor (534)
[2017.06.17-04.42.30:239][ 58]LogModuleManager: Shutting down and abandoning module HierarchicalLODUtilities (532)
[2017.06.17-04.42.30:239][ 58]LogModuleManager: Shutting down and abandoning module MovieSceneCapture (530)
[2017.06.17-04.42.30:239][ 58]LogModuleManager: Shutting down and abandoning module HierarchicalLODOutliner (528)
[2017.06.17-04.42.30:239][ 58]LogModuleManager: Shutting down and abandoning module CrashTracker (526)
[2017.06.17-04.42.30:239][ 58]LogModuleManager: Shutting down and abandoning module SceneOutliner (524)
[2017.06.17-04.42.30:239][ 58]LogModuleManager: Shutting down and abandoning module AddContentDialog (522)
[2017.06.17-04.42.30:240][ 58]LogDirectoryWatcher: A directory notification for 'C:/Program Files/Epic Games/UE_4.16/FeaturePacks/' was aborted.
[2017.06.17-04.42.30:253][ 58]LogModuleManager: Shutting down and abandoning module WidgetCarousel (521)
[2017.06.17-04.42.30:253][ 58]LogModuleManager: Shutting down and abandoning module EditorWidgets (518)
[2017.06.17-04.42.30:253][ 58]LogModuleManager: Shutting down and abandoning module CollectionManager (516)
[2017.06.17-04.42.30:253][ 58]LogDirectoryWatcher: A directory notification for 'C:/Users/AzurePC Intel/Documents/GitHub/Enviro_2/Enviro_2/Content/Collections/' was aborted.
[2017.06.17-04.42.30:253][ 58]LogDirectoryWatcher: A directory notification for 'C:/Users/AzurePC Intel/Documents/GitHub/Enviro_2/Enviro_2/Content/Developers/AzurePCIntel/Collections/' was aborted.
[2017.06.17-04.42.30:253][ 58]LogDirectoryWatcher: A directory notification for 'C:/Users/AzurePC Intel/Documents/GitHub/Enviro_2/Enviro_2/Saved/Collections/' was aborted.
[2017.06.17-04.42.30:253][ 58]LogModuleManager: Shutting down and abandoning module StatsViewer (514)
[2017.06.17-04.42.30:253][ 58]LogModuleManager: Shutting down and abandoning module FoliageEdit (512)
[2017.06.17-04.42.30:253][ 58]LogModuleManager: Shutting down and abandoning module LandscapeEditor (510)
[2017.06.17-04.42.30:253][ 58]LogModuleManager: Shutting down and abandoning module MeshPaintMode (508)
[2017.06.17-04.42.30:253][ 58]LogModuleManager: Shutting down and abandoning module SceneDepthPickerMode (506)
[2017.06.17-04.42.30:253][ 58]LogModuleManager: Shutting down and abandoning module ActorPickerMode (504)
[2017.06.17-04.42.30:253][ 58]LogModuleManager: Shutting down and abandoning module GeometryMode (502)
[2017.06.17-04.42.30:253][ 58]LogModuleManager: Shutting down and abandoning module TextureAlignMode (500)
[2017.06.17-04.42.30:253][ 58]LogModuleManager: Shutting down and abandoning module BspMode (498)
[2017.06.17-04.42.30:253][ 58]LogModuleManager: Shutting down and abandoning module HardwareSurvey (496)
[2017.06.17-04.42.30:253][ 58]LogModuleManager: Shutting down and abandoning module SequenceRecorderSections (494)
[2017.06.17-04.42.30:253][ 58]LogModuleManager: Shutting down and abandoning module AutomationWorker (492)
[2017.06.17-04.42.30:253][ 58]LogModuleManager: Shutting down and abandoning module MatineeToLevelSequence (490)
[2017.06.17-04.42.30:253][ 58]LogModuleManager: Shutting down and abandoning module LevelSequenceEditor (488)
[2017.06.17-04.42.30:253][ 58]LogModuleManager: Shutting down and abandoning module PlacementMode (487)
[2017.06.17-04.42.30:253][ 58]LogModuleManager: Shutting down and abandoning module WmfMediaFactory (484)
[2017.06.17-04.42.30:253][ 58]LogModuleManager: Shutting down and abandoning module WmfMediaEditor (482)
[2017.06.17-04.42.30:253][ 58]LogModuleManager: Shutting down and abandoning module AvfMediaFactory (480)
[2017.06.17-04.42.30:253][ 58]LogModuleManager: Shutting down and abandoning module AvfMediaEditor (478)
[2017.06.17-04.42.30:253][ 58]LogModuleManager: Shutting down and abandoning module AndroidMediaFactory (476)
[2017.06.17-04.42.30:253][ 58]LogModuleManager: Shutting down and abandoning module Media (475)
[2017.06.17-04.42.30:253][ 58]LogModuleManager: Shutting down and abandoning module AndroidMediaEditor (472)
[2017.06.17-04.42.30:253][ 58]LogModuleManager: Shutting down and abandoning module CharacterAI (470)
[2017.06.17-04.42.30:253][ 58]LogModuleManager: Shutting down and abandoning module AudioCapture (468)
[2017.06.17-04.42.30:253][ 58]LogModuleManager: Shutting down and abandoning module SequenceRecorder (467)
[2017.06.17-04.42.30:253][ 58]LogModuleManager: Shutting down and abandoning module SmartSnapping (464)
[2017.06.17-04.42.30:253][ 58]LogModuleManager: Shutting down and abandoning module SessionServices (462)
[2017.06.17-04.42.30:253][ 58]LogModuleManager: Shutting down and abandoning module ViewportSnapping (460)
[2017.06.17-04.42.30:253][ 58]LogModuleManager: Shutting down and abandoning module ViewportInteraction (458)
[2017.06.17-04.42.30:253][ 58]LogModuleManager: Shutting down and abandoning module ClothPainter (456)
[2017.06.17-04.42.30:253][ 58]LogModuleManager: Shutting down and abandoning module LogVisualizer (454)
[2017.06.17-04.42.30:254][ 58]LogModuleManager: Shutting down and abandoning module IntroTutorials (452)
[2017.06.17-04.42.30:254][ 58]LogModuleManager: Shutting down and abandoning module GameProjectGeneration (451)
[2017.06.17-04.42.30:254][ 58]LogModuleManager: Shutting down and abandoning module EditorLiveStreaming (448)
[2017.06.17-04.42.30:254][ 58]LogModuleManager: Shutting down and abandoning module IOSPlatformEditor (446)
[2017.06.17-04.42.30:254][ 58]LogModuleManager: Shutting down and abandoning module HTML5PlatformEditor (444)
[2017.06.17-04.42.30:254][ 58]LogModuleManager: Shutting down and abandoning module AndroidPlatformEditor (442)
[2017.06.17-04.42.30:254][ 58]LogModuleManager: Shutting down and abandoning module AndroidDeviceDetection (441)
[2017.06.17-04.42.30:859][ 58]LogModuleManager: Shutting down and abandoning module IOSRuntimeSettings (438)
[2017.06.17-04.42.30:859][ 58]LogModuleManager: Shutting down and abandoning module AndroidRuntimeSettings (436)
[2017.06.17-04.42.30:859][ 58]LogModuleManager: Shutting down and abandoning module InputBindingEditor (434)
[2017.06.17-04.42.30:859][ 58]LogModuleManager: Shutting down and abandoning module MergeActors (432)
[2017.06.17-04.42.30:859][ 58]LogModuleManager: Shutting down and abandoning module SizeMap (430)
[2017.06.17-04.42.30:859][ 58]LogModuleManager: Shutting down and abandoning module TreeMap (428)
[2017.06.17-04.42.30:859][ 58]LogModuleManager: Shutting down and abandoning module ReferenceViewer (426)
[2017.06.17-04.42.30:859][ 58]LogModuleManager: Shutting down and abandoning module LocalizationDashboard (424)
[2017.06.17-04.42.30:859][ 58]LogModuleManager: Shutting down and abandoning module LocalizationService (423)
[2017.06.17-04.42.30:859][ 58]LogModuleManager: Shutting down and abandoning module HardwareTargeting (420)
[2017.06.17-04.42.30:859][ 58]LogModuleManager: Shutting down and abandoning module DeviceProfileEditor (418)
[2017.06.17-04.42.30:859][ 58]LogModuleManager: Shutting down and abandoning module UndoHistory (416)
[2017.06.17-04.42.30:859][ 58]LogModuleManager: Shutting down and abandoning module UserFeedback (414)
[2017.06.17-04.42.30:859][ 58]LogModuleManager: Shutting down and abandoning module XmlParser (412)
[2017.06.17-04.42.30:859][ 58]LogModuleManager: Shutting down and abandoning module Blutility (410)
[2017.06.17-04.42.30:859][ 58]LogModuleManager: Shutting down and abandoning module ProjectSettingsViewer (408)
[2017.06.17-04.42.30:859][ 58]LogModuleManager: Shutting down and abandoning module ProjectTargetPlatformEditor (407)
[2017.06.17-04.42.30:860][ 58]LogModuleManager: Shutting down and abandoning module EditorSettingsViewer (404)
[2017.06.17-04.42.30:860][ 58]LogModuleManager: Shutting down and abandoning module SettingsEditor (402)
[2017.06.17-04.42.30:860][ 58]LogModuleManager: Shutting down and abandoning module ProjectLauncher (400)
[2017.06.17-04.42.30:860][ 58]LogModuleManager: Shutting down and abandoning module SessionFrontend (398)
[2017.06.17-04.42.30:860][ 58]LogModuleManager: Shutting down and abandoning module ProfilerClient (396)
[2017.06.17-04.42.30:860][ 58]LogModuleManager: Shutting down and abandoning module DeviceManager (394)
[2017.06.17-04.42.30:860][ 58]LogModuleManager: Shutting down and abandoning module TargetDeviceServices (393)
[2017.06.17-04.42.30:924][ 58]LogModuleManager: Shutting down and abandoning module AutomationController (390)
[2017.06.17-04.42.30:924][ 58]LogModuleManager: Shutting down and abandoning module AutomationWindow (388)
[2017.06.17-04.42.30:924][ 58]LogModuleManager: Shutting down and abandoning module Layers (386)
[2017.06.17-04.42.30:924][ 58]LogModuleManager: Shutting down and abandoning module ComponentVisualizers (384)
[2017.06.17-04.42.30:924][ 58]LogModuleManager: Shutting down and abandoning module DetailCustomizations (382)
[2017.06.17-04.42.30:924][ 58]LogModuleManager: Shutting down and abandoning module PackagesDialog (380)
[2017.06.17-04.42.30:924][ 58]LogModuleManager: Shutting down and abandoning module Persona (378)
[2017.06.17-04.42.30:924][ 58]LogModuleManager: Shutting down and abandoning module AdvancedPreviewScene (377)
[2017.06.17-04.42.30:924][ 58]LogModuleManager: Shutting down and abandoning module AnimGraph (375)
[2017.06.17-04.42.30:924][ 58]LogModuleManager: Shutting down and abandoning module Kismet (372)
[2017.06.17-04.42.30:924][ 58]LogModuleManager: Shutting down and abandoning module ClassViewer (370)
[2017.06.17-04.42.30:924][ 58]LogModuleManager: Shutting down and abandoning module Toolbox (368)
[2017.06.17-04.42.30:924][ 58]LogModuleManager: Shutting down and abandoning module ModuleUI (366)
[2017.06.17-04.42.30:924][ 58]LogModuleManager: Shutting down and abandoning module MovieSceneTools (364)
[2017.06.17-04.42.30:924][ 58]LogModuleManager: Shutting down and abandoning module OutputLog (362)
[2017.06.17-04.42.30:924][ 58]LogModuleManager: Shutting down and abandoning module GammaUI (360)
[2017.06.17-04.42.30:924][ 58]LogModuleManager: Shutting down and abandoning module Documentation (358)
[2017.06.17-04.42.30:924][ 58]LogModuleManager: Shutting down and abandoning module MovieSceneTracks (356)
[2017.06.17-04.42.30:924][ 58]LogModuleManager: Shutting down and abandoning module MovieScene (354)
[2017.06.17-04.42.30:924][ 58]LogModuleManager: Shutting down and abandoning module Niagara (352)
[2017.06.17-04.42.30:924][ 58]LogModuleManager: Shutting down and abandoning module NiagaraEditor (351)
[2017.06.17-04.42.30:924][ 58]LogModuleManager: Shutting down and abandoning module StreamingPauseRendering (348)
[2017.06.17-04.42.30:924][ 58]LogModuleManager: Shutting down and abandoning module AnalyticsET (346)
[2017.06.17-04.42.30:924][ 58]LogModuleManager: Shutting down and abandoning module PortalServices (344)
[2017.06.17-04.42.30:924][ 58]LogModuleManager: Shutting down and abandoning module PortalRpc (342)
[2017.06.17-04.42.30:924][ 58]LogModuleManager: Shutting down and abandoning module MessagingRpc (340)
[2017.06.17-04.42.30:924][ 58]LogModuleManager: Shutting down and abandoning module AIModule (338)
[2017.06.17-04.42.30:924][ 58]LogModuleManager: Shutting down and abandoning module GameplayDebugger (337)
[2017.06.17-04.42.30:924][ 58]LogModuleManager: Shutting down and abandoning module AITestSuite (335)
[2017.06.17-04.42.30:924][ 58]LogModuleManager: Shutting down and abandoning module ProfilerService (332)
[2017.06.17-04.42.31:133][ 58]LogModuleManager: Shutting down and abandoning module TaskGraph (330)
[2017.06.17-04.42.31:134][ 58]LogModuleManager: Shutting down and abandoning module SubstanceEditor (328)
[2017.06.17-04.42.31:134][ 58]LogModuleManager: Shutting down and abandoning module SteamVRController (326)
[2017.06.17-04.42.31:134][ 58]LogModuleManager: Shutting down and abandoning module SteamVR (324)
[2017.06.17-04.42.31:134][ 58]LogModuleManager: Shutting down and abandoning module ProceduralMeshComponentEditor (322)
[2017.06.17-04.42.31:134][ 58]LogModuleManager: Shutting down and abandoning module ProceduralMeshComponent (320)
[2017.06.17-04.42.31:134][ 58]LogModuleManager: Shutting down and abandoning module OculusLibrary (318)
[2017.06.17-04.42.31:134][ 58]LogModuleManager: Shutting down and abandoning module OculusInput (316)
[2017.06.17-04.42.31:134][ 58]LogModuleManager: Shutting down and abandoning module MobilePatchingUtils (314)
[2017.06.17-04.42.31:134][ 58]LogModuleManager: Shutting down and abandoning module CustomMeshComponent (312)
[2017.06.17-04.42.31:134][ 58]LogModuleManager: Shutting down and abandoning module CableComponent (310)
[2017.06.17-04.42.31:134][ 58]LogModuleManager: Shutting down and abandoning module ArchVisCharacter (308)
[2017.06.17-04.42.31:134][ 58]LogModuleManager: Shutting down and abandoning module AndroidPermission (306)
[2017.06.17-04.42.31:134][ 58]LogModuleManager: Shutting down and abandoning module MediaPlayerEditor (302)
[2017.06.17-04.42.31:134][ 58]LogModuleManager: Shutting down and abandoning module HTML5Networking (300)
[2017.06.17-04.42.31:134][ 58]LogModuleManager: Shutting down and abandoning module AlembicImporter (298)
[2017.06.17-04.42.31:134][ 58]LogModuleManager: Shutting down and abandoning module AlembicLibrary (297)
[2017.06.17-04.42.31:134][ 58]LogModuleManager: Shutting down and abandoning module GeometryCache (296)
[2017.06.17-04.42.31:134][ 58]LogModuleManager: Shutting down and abandoning module GeometryCacheEd (295)
[2017.06.17-04.42.31:134][ 58]LogModuleManager: Shutting down and abandoning module SuperSearchEditor (290)
[2017.06.17-04.42.31:134][ 58]LogModuleManager: Shutting down and abandoning module SuperSearch (289)
[2017.06.17-04.42.31:134][ 58]LogModuleManager: Shutting down and abandoning module SpeedTreeImporter (286)
[2017.06.17-04.42.31:134][ 58]LogModuleManager: Shutting down and abandoning module PluginBrowser (284)
[2017.06.17-04.42.31:134][ 58]LogModuleManager: Shutting down and abandoning module MobileLauncherProfileWizard (282)
[2017.06.17-04.42.31:134][ 58]LogModuleManager: Shutting down and abandoning module VisualStudioSourceCodeAccess (280)
[2017.06.17-04.42.31:134][ 58]LogModuleManager: Shutting down and abandoning module DesktopPlatform (279)
[2017.06.17-04.42.31:134][ 58]LogModuleManager: Shutting down and abandoning module UObjectPlugin (276)
[2017.06.17-04.42.31:134][ 58]LogModuleManager: Shutting down and abandoning module SubversionSourceControl (274)
[2017.06.17-04.42.31:134][ 58]LogModuleManager: Shutting down and abandoning module PerforceSourceControl (272)
[2017.06.17-04.42.31:135][ 58]LogModuleManager: Shutting down and abandoning module GitSourceControl (270)
[2017.06.17-04.42.31:136][ 58]LogModuleManager: Shutting down and abandoning module SourceControl (269)
[2017.06.17-04.42.31:136][ 58]LogModuleManager: Shutting down and abandoning module LightPropagationVolumeEditor (266)
[2017.06.17-04.42.31:136][ 58]LogModuleManager: Shutting down and abandoning module PaperTiledImporter (264)
[2017.06.17-04.42.31:136][ 58]LogModuleManager: Shutting down and abandoning module PaperSpriteSheetImporter (262)
[2017.06.17-04.42.31:136][ 58]LogModuleManager: Shutting down and abandoning module Paper2DEditor (260)
[2017.06.17-04.42.31:136][ 58]LogModuleManager: Shutting down and abandoning module MeshPaint (259)
[2017.06.17-04.42.31:136][ 58]LogModuleManager: Shutting down and abandoning module LevelEditor (257)
[2017.06.17-04.42.31:137][ 58]LogModuleManager: Shutting down and abandoning module PixelInspectorModule (256)
[2017.06.17-04.42.31:137][ 58]LogModuleManager: Shutting down and abandoning module MainFrame (254)
[2017.06.17-04.42.31:137][ 58]LogModuleManager: Shutting down and abandoning module HotReload (253)
[2017.06.17-04.42.31:137][ 58]LogModuleManager: Shutting down and abandoning module PhysXVehiclesEditor (248)
[2017.06.17-04.42.31:137][ 58]LogModuleManager: Shutting down and abandoning module PhysXVehicles (246)
[2017.06.17-04.42.31:137][ 58]LogModuleManager: Shutting down and abandoning module LocationServicesBPLibrary (244)
[2017.06.17-04.42.31:137][ 58]LogModuleManager: Shutting down and abandoning module ImmediatePhysicsEditor (242)
[2017.06.17-04.42.31:137][ 58]LogModuleManager: Shutting down and abandoning module ImmediatePhysics (240)
[2017.06.17-04.42.31:137][ 58]LogModuleManager: Shutting down and abandoning module UdpMessaging (238)
[2017.06.17-04.42.31:238][ 58]LogModuleManager: Shutting down and abandoning module TcpMessaging (236)
[2017.06.17-04.42.31:338][ 58]LogModuleManager: Shutting down and abandoning module SubstanceCore (234)
[2017.06.17-04.42.31:338][ 58]LogModuleManager: Shutting down and abandoning module GameplayTagsEditor (232)
[2017.06.17-04.42.31:338][ 58]LogModuleManager: Shutting down and abandoning module FacialAnimationEditor (230)
[2017.06.17-04.42.31:338][ 58]LogModuleManager: Shutting down and abandoning module FacialAnimation (228)
[2017.06.17-04.42.31:338][ 58]LogModuleManager: Shutting down and abandoning module AssetManagerEditor (226)
[2017.06.17-04.42.31:338][ 58]LogModuleManager: Shutting down and abandoning module GraphEditor (225)
[2017.06.17-04.42.31:338][ 58]LogModuleManager: Shutting down and abandoning module ContentBrowser (223)
[2017.06.17-04.42.31:339][ 58]LogModuleManager: Shutting down and abandoning module LightPropagationVolumeRuntime (220)
[2017.06.17-04.42.31:339][ 58]LogModuleManager: Shutting down and abandoning module Paper2D (218)
[2017.06.17-04.42.31:339][ 58]LogModuleManager: Shutting down and abandoning module WindowsMoviePlayer (216)
[2017.06.17-04.42.31:339][ 58]LogModuleManager: Shutting down and abandoning module WmfMedia (214)
[2017.06.17-04.42.31:339][ 58]LogModuleManager: Shutting down and abandoning module ClothingSystemEditor (212)
[2017.06.17-04.42.31:339][ 58]LogModuleManager: Shutting down and abandoning module ClothingSystemRuntime (210)
[2017.06.17-04.42.31:339][ 58]LogModuleManager: Shutting down and abandoning module MediaAssets (208)
[2017.06.17-04.42.31:339][ 58]LogModuleManager: Shutting down and abandoning module GameLiveStreaming (206)
[2017.06.17-04.42.31:339][ 58]LogModuleManager: Shutting down and abandoning module VREditor (204)
[2017.06.17-04.42.31:339][ 58]LogModuleManager: Shutting down and abandoning module StringTableEditor (202)
[2017.06.17-04.42.31:339][ 58]LogModuleManager: Shutting down and abandoning module GameplayTasksEditor (200)
[2017.06.17-04.42.31:339][ 58]LogModuleManager: Shutting down and abandoning module BehaviorTreeEditor (198)
[2017.06.17-04.42.31:339][ 58]LogModuleManager: Shutting down and abandoning module FunctionalTesting (196)
[2017.06.17-04.42.31:339][ 58]LogModuleManager: Shutting down and abandoning module CollisionAnalyzer (194)
[2017.06.17-04.42.31:339][ 58]LogModuleManager: Shutting down and abandoning module UMG (192)
[2017.06.17-04.42.31:339][ 58]LogModuleManager: Shutting down and abandoning module UMGEditor (191)
[2017.06.17-04.42.31:339][ 58]LogModuleManager: Shutting down and abandoning module Sequencer (190)
[2017.06.17-04.42.31:340][ 58]LogModuleManager: Shutting down and abandoning module AssetTools (188)
[2017.06.17-04.42.31:340][ 58]LogModuleManager: Shutting down and abandoning module MessageLog (187)
[2017.06.17-04.42.31:340][ 58]LogModuleManager: Shutting down and abandoning module WorkspaceMenuStructure (186)
[2017.06.17-04.42.31:340][ 58]LogModuleManager: Shutting down and abandoning module SlateReflector (180)
[2017.06.17-04.42.31:340][ 58]LogModuleManager: Shutting down and abandoning module Slate (178)
[2017.06.17-04.42.31:340][ 58]LogModuleManager: Shutting down and abandoning module EditorStyle (176)
[2017.06.17-04.42.31:342][ 58]LogModuleManager: Shutting down and abandoning module SourceCodeAccess (174)
[2017.06.17-04.42.31:342][ 58]LogModuleManager: Shutting down and abandoning module HeadMountedDisplay (172)
[2017.06.17-04.42.31:342][ 58]LogModuleManager: Shutting down and abandoning module XAudio2 (170)
[2017.06.17-04.42.31:342][ 58]LogModuleManager: Shutting down and abandoning module Networking (168)
[2017.06.17-04.42.31:342][ 58]LogModuleManager: Shutting down and abandoning module Core (164)
[2017.06.17-04.42.31:342][ 58]LogModuleManager: Shutting down and abandoning module AssetRegistry (162)
[2017.06.17-04.42.31:523][ 58]LogDirectoryWatcher: A directory notification for '../../../Engine/Content/' was aborted.
[2017.06.17-04.42.31:523][ 58]LogDirectoryWatcher: A directory notification for '../../../../../../Users/AzurePC Intel/Documents/GitHub/Enviro_2/Enviro_2/Content/' was aborted.
[2017.06.17-04.42.31:523][ 58]LogDirectoryWatcher: A directory notification for '../../../Engine/Plugins/2D/Paper2D/Content/' was aborted.
[2017.06.17-04.42.31:523][ 58]LogDirectoryWatcher: A directory notification for '../../../Engine/Plugins/Runtime/GearVR/Content/' was aborted.
[2017.06.17-04.42.31:527][ 58]LogModuleManager: Shutting down and abandoning module DirectoryWatcher (161)
[2017.06.17-04.42.31:531][ 58]LogModuleManager: Shutting down and abandoning module KismetCompiler (158)
[2017.06.17-04.42.31:531][ 58]LogModuleManager: Shutting down and abandoning module LevelSequence (156)
[2017.06.17-04.42.31:531][ 58]LogModuleManager: Shutting down and abandoning module PhysXFormats (154)
[2017.06.17-04.42.31:531][ 58]LogModuleManager: Shutting down and abandoning module MeshUtilities (152)
[2017.06.17-04.42.31:531][ 58]LogModuleManager: Shutting down and abandoning module SimplygonSwarm (151)
[2017.06.17-04.42.31:531][ 58]LogModuleManager: Shutting down and abandoning module SimplygonMeshReduction (149)
[2017.06.17-04.42.31:531][ 58]LogModuleManager: Shutting down and abandoning module QuadricMeshReduction (147)
[2017.06.17-04.42.31:531][ 58]LogModuleManager: Shutting down and abandoning module DerivedDataCache (144)
[2017.06.17-04.42.31:606][ 58]LogDerivedDataCache: Shutdown
[2017.06.17-04.42.31:606][ 58]LogModuleManager: Shutting down and abandoning module TargetPlatform (142)
[2017.06.17-04.42.31:606][ 58]LogModuleManager: Shutting down and abandoning module VulkanShaderFormat (141)
[2017.06.17-04.42.31:606][ 58]LogModuleManager: Shutting down and abandoning module ShaderFormatVectorVM (139)
[2017.06.17-04.42.31:606][ 58]LogModuleManager: Shutting down and abandoning module ShaderFormatOpenGL (137)
[2017.06.17-04.42.31:606][ 58]LogModuleManager: Shutting down and abandoning module ShaderFormatD3D (135)
[2017.06.17-04.42.31:606][ 58]LogModuleManager: Shutting down and abandoning module MetalShaderFormat (133)
[2017.06.17-04.42.31:606][ 58]LogModuleManager: Shutting down and abandoning module TextureFormatUncompressed (131)
[2017.06.17-04.42.31:606][ 58]LogModuleManager: Shutting down and abandoning module TextureFormatPVR (129)
[2017.06.17-04.42.31:606][ 58]LogModuleManager: Shutting down and abandoning module TextureFormatDXT (127)
[2017.06.17-04.42.31:606][ 58]LogModuleManager: Shutting down and abandoning module TextureFormatIntelISPCTexComp (125)
[2017.06.17-04.42.31:606][ 58]LogModuleManager: Shutting down and abandoning module TextureFormatASTC (123)
[2017.06.17-04.42.31:606][ 58]LogModuleManager: Shutting down and abandoning module ImageWrapper (122)
[2017.06.17-04.42.31:606][ 58]LogModuleManager: Shutting down and abandoning module TextureFormatAndroid (119)
[2017.06.17-04.42.31:606][ 58]LogModuleManager: Shutting down and abandoning module AudioFormatOpus (117)
[2017.06.17-04.42.31:606][ 58]LogModuleManager: Shutting down and abandoning module AudioFormatOgg (115)
[2017.06.17-04.42.31:606][ 58]LogModuleManager: Shutting down and abandoning module AudioFormatADPCM (113)
[2017.06.17-04.42.31:606][ 58]LogModuleManager: Shutting down and abandoning module LinuxTargetPlatform (111)
[2017.06.17-04.42.31:606][ 58]LogModuleManager: Shutting down and abandoning module LinuxServerTargetPlatform (109)
[2017.06.17-04.42.31:606][ 58]LogModuleManager: Shutting down and abandoning module LinuxNoEditorTargetPlatform (107)
[2017.06.17-04.42.31:606][ 58]LogModuleManager: Shutting down and abandoning module LinuxClientTargetPlatform (105)
[2017.06.17-04.42.31:606][ 58]LogModuleManager: Shutting down and abandoning module TVOSTargetPlatform (103)
[2017.06.17-04.42.31:606][ 58]LogModuleManager: Shutting down and abandoning module Messaging (101)
[2017.06.17-04.42.31:606][ 58]LogModuleManager: Shutting down and abandoning module IOSTargetPlatform (99)
[2017.06.17-04.42.31:606][ 58]LogModuleManager: Shutting down and abandoning module HTML5TargetPlatform (97)
[2017.06.17-04.42.31:606][ 58]LogModuleManager: Shutting down and abandoning module Android_PVRTCTargetPlatform (95)
[2017.06.17-04.42.31:606][ 58]LogModuleManager: Shutting down and abandoning module Android_MultiTargetPlatform (93)
[2017.06.17-04.42.31:606][ 58]LogModuleManager: Shutting down and abandoning module Android_ETC2TargetPlatform (91)
[2017.06.17-04.42.31:606][ 58]LogModuleManager: Shutting down and abandoning module Android_ETC1TargetPlatform (89)
[2017.06.17-04.42.31:606][ 58]LogModuleManager: Shutting down and abandoning module Android_DXTTargetPlatform (87)
[2017.06.17-04.42.31:606][ 58]LogModuleManager: Shutting down and abandoning module Android_ATCTargetPlatform (85)
[2017.06.17-04.42.31:606][ 58]LogModuleManager: Shutting down and abandoning module Android_ASTCTargetPlatform (83)
[2017.06.17-04.42.31:606][ 58]LogModuleManager: Shutting down and abandoning module AndroidTargetPlatform (81)
[2017.06.17-04.42.31:606][ 58]LogModuleManager: Shutting down and abandoning module WindowsTargetPlatform (79)
[2017.06.17-04.42.31:606][ 58]LogModuleManager: Shutting down and abandoning module WindowsServerTargetPlatform (77)
[2017.06.17-04.42.31:606][ 58]LogModuleManager: Shutting down and abandoning module WindowsNoEditorTargetPlatform (75)
[2017.06.17-04.42.31:606][ 58]LogModuleManager: Shutting down and abandoning module WindowsClientTargetPlatform (73)
[2017.06.17-04.42.31:606][ 58]LogModuleManager: Shutting down and abandoning module MacTargetPlatform (71)
[2017.06.17-04.42.31:606][ 58]LogModuleManager: Shutting down and abandoning module MacServerTargetPlatform (69)
[2017.06.17-04.42.31:606][ 58]LogModuleManager: Shutting down and abandoning module MacNoEditorTargetPlatform (67)
[2017.06.17-04.42.31:606][ 58]LogModuleManager: Shutting down and abandoning module MacClientTargetPlatform (65)
[2017.06.17-04.42.31:606][ 58]LogModuleManager: Shutting down and abandoning module AllDesktopTargetPlatform (63)
[2017.06.17-04.42.31:606][ 58]LogModuleManager: Shutting down and abandoning module InputCore (60)
[2017.06.17-04.42.31:606][ 58]LogModuleManager: Shutting down and abandoning module Settings (58)
[2017.06.17-04.42.31:606][ 58]LogModuleManager: Shutting down and abandoning module OculusRift (56)
[2017.06.17-04.42.31:606][ 58]LogModuleManager: Shutting down and abandoning module GearVRController (54)
[2017.06.17-04.42.31:606][ 58]LogModuleManager: Shutting down and abandoning module GearVR (52)
[2017.06.17-04.42.31:606][ 58]LogModuleManager: Shutting down and abandoning module ExampleDeviceProfileSelector (50)
[2017.06.17-04.42.31:606][ 58]LogModuleManager: Shutting down and abandoning module OnlineBlueprintSupport (48)
[2017.06.17-04.42.31:606][ 58]LogModuleManager: Shutting down and abandoning module OnlineSubsystem (44)
[2017.06.17-04.42.31:606][ 58]LogOnline:Display: Unloading online subsystem: NULL
[2017.06.17-04.42.31:606][ 58]LogModuleManager: Shutting down and abandoning module XMPP (43)
[2017.06.17-04.42.31:606][ 58]LogModuleManager: Shutting down and abandoning module HTTP (41)
[2017.06.17-04.42.31:606][ 58]LogHttp:Display: Http module shutting down, but needs to wait on 1 outstanding Http requests:
[2017.06.17-04.42.31:606][ 58]LogHttp:Display: 	verb=[POST] url=[https://datarouter.ol.epicgames.com/datarouter/api/v1/public/data?SessionID=%7B92F09CA0-4AF5-A7AF-A52C-A3B3E447A7FB%7D&AppID=UEEditor.Rocket.Release&AppVersion=4.16.1-3466753%2B%2B%2BUE4%2BRelease-4.16&UserID=da2c64f64af90778841cdbb7a9e7271c%7C4e59904afcc6489195f8095de720415d%7Ce6cec269-2a62-4e13-9f24-3ef9e02a4e7c&AppEnvironment=datacollector-binary&UploadType=eteventstream] status=Processing
[2017.06.17-04.42.31:622][ 58]LogModuleManager: Shutting down and abandoning module SSL (40)
[2017.06.17-04.42.31:623][ 58]LogModuleManager: Shutting down and abandoning module HTTPChunkInstaller (36)
[2017.06.17-04.42.31:623][ 58]LogModuleManager: Shutting down and abandoning module AnimationModifiers (34)
[2017.06.17-04.42.31:623][ 58]LogModuleManager: Shutting down and abandoning module PropertyEditor (33)
[2017.06.17-04.42.31:623][ 58]LogModuleManager: Shutting down and abandoning module AudioEditor (30)
[2017.06.17-04.42.31:623][ 58]LogModuleManager: Shutting down and abandoning module TextureCompressor (28)
[2017.06.17-04.42.31:623][ 58]LogModuleManager: Shutting down and abandoning module ShaderCore (26)
[2017.06.17-04.42.31:623][ 58]LogModuleManager: Shutting down and abandoning module Landscape (24)
[2017.06.17-04.42.31:623][ 58]LogModuleManager: Shutting down and abandoning module SlateRHIRenderer (22)
[2017.06.17-04.42.31:625][ 58]LogModuleManager: Shutting down and abandoning module OpenGLDrv (20)
[2017.06.17-04.42.31:625][ 58]LogModuleManager: Shutting down and abandoning module D3D11RHI (18)
[2017.06.17-04.42.31:625][ 58]LogModuleManager: Shutting down and abandoning module AnimGraphRuntime (16)
[2017.06.17-04.42.31:625][ 58]LogModuleManager: Shutting down and abandoning module Renderer (14)
[2017.06.17-04.42.31:625][ 58]LogModuleManager: Shutting down and abandoning module Engine (12)
[2017.06.17-04.42.31:625][ 58]LogModuleManager: Shutting down and abandoning module CoreUObject (10)
[2017.06.17-04.42.31:625][ 58]LogModuleManager: Shutting down and abandoning module NetworkFile (8)
[2017.06.17-04.42.31:625][ 58]LogModuleManager: Shutting down and abandoning module StreamingFile (6)
[2017.06.17-04.42.31:625][ 58]LogModuleManager: Shutting down and abandoning module SandboxFile (4)
[2017.06.17-04.42.31:625][ 58]LogModuleManager: Shutting down and abandoning module PakFile (2)
[2017.06.17-04.42.31:626][ 58]LogExit: Exiting.
[2017.06.17-04.42.31:637][ 58]Log file closed, 06/16/17 22:42:31
