Log file open, 06/16/17 16:21:43
LogInit:Display: Running engine for game: Enviro_2
LogPlatformFile: Not using cached read wrapper
LogInit:Display: RandInit(-1132150907) SRandInit(-1132150907).
LogTaskGraph: Started task graph with 5 named threads and 8 total threads with 1 sets of task threads.
LogStats: Stats thread started at 0.081171
LogInit: Using libcurl 7.47.1
LogInit:  - built for x86_64-pc-win32
LogInit:  - supports SSL with OpenSSL/1.0.2g
LogInit:  - supports HTTP deflate (compression) using libz 1.2.8
LogInit:  - other features:
LogInit:      CURL_VERSION_SSL
LogInit:      CURL_VERSION_LIBZ
LogInit:      CURL_VERSION_IPV6
LogInit:      CURL_VERSION_ASYNCHDNS
LogInit:      CURL_VERSION_LARGEFILE
LogInit:      CURL_VERSION_IDN
LogInit:  CurlRequestOptions (configurable via config and command line):
LogInit:  - bVerifyPeer = false  - Libcurl will NOT verify peer certificate
LogInit:  - bUseHttpProxy = false  - Libcurl will NOT use HTTP proxy
LogInit:  - bDontReuseConnections = false  - Libcurl will reuse connections
LogInit:  - CertBundlePath = nullptr  - Libcurl will use whatever was configured at build time.
LogInit: Build: ++UE4+Release-4.16-CL-3466753
LogInit: Engine Version: 4.16.1-3466753+++UE4+Release-4.16
LogInit: Compatible Engine Version: 4.16.0-3452394+++UE4+Release-4.16
LogInit: Net CL: 3452394
LogDevObjectVersion: Number of dev versions registered: 16
LogDevObjectVersion:   Dev-Blueprints (B0D832E4-1F89-4F0D-ACCF-7EB736FD4AA2): 9
LogDevObjectVersion:   Dev-Build (E1C64328-A22C-4D53-A36C-8E866417BD8C): 0
LogDevObjectVersion:   Dev-Core (375EC13C-06E4-48FB-B500-84F0262A717E): 2
LogDevObjectVersion:   Dev-Editor (E4B068ED-F494-42E9-A231-DA0B2E46BB41): 17
LogDevObjectVersion:   Dev-Framework (CFFC743F-43B0-4480-9391-14DF171D2073): 23
LogDevObjectVersion:   Dev-Mobile (B02B49B5-BB20-44E9-A304-32B752E40360): 0
LogDevObjectVersion:   Dev-Networking (A4E4105C-59A1-49B5-A7C5-40C4547EDFEE): 0
LogDevObjectVersion:   Dev-Online (39C831C9-5AE6-47DC-9A44-9C173E1C8E7C): 0
LogDevObjectVersion:   Dev-Physics (78F01B33-EBEA-4F98-B9B4-84EACCB95AA2): 0
LogDevObjectVersion:   Dev-Platform (6631380F-2D4D-43E0-8009-CF276956A95A): 0
LogDevObjectVersion:   Dev-Rendering (12F88B9F-8875-4AFC-A67C-D90C383ABD29): 15
LogDevObjectVersion:   Dev-Sequencer (7B5AE74C-D270-4C10-A958-57980B212A5A): 4
LogDevObjectVersion:   Dev-VR (D7296918-1DD6-4BDD-9DE2-64A83CC13884): 0
LogDevObjectVersion:   Dev-LoadTimes (C2A15278-BFE7-4AFE-6C17-90FF531DF755): 1
LogDevObjectVersion:   Private-Geometry (6EACA3D4-40EC-4CC1-B786-8BED09428FC5): 1
LogDevObjectVersion:   Dev-AnimPhys (29E575DD-E0A3-4627-9D10-D276232CDCEA): 3
LogInit: Compiled (64-bit): May 31 2017 02:03:30
LogInit: Compiled with Visual C++: 19.00.24215.01
LogInit: Build Configuration: Development
LogInit: Branch Name: ++UE4+Release-4.16
LogInit: Command line:  
LogInit: Base directory: C:/Program Files/Epic Games/UE_4.16/Engine/Binaries/Win64/
LogInit: Installed Engine Build: 1
LogInit: Presizing for max 8388607 objects, including 0 objects not considered by GC, pre-allocating 0 bytes for permanent pool.
LogInit: Object subsystem initialized
[2017.06.16-22.21.43:392][  0]LogInit: Selected Device Profile: [Windows]
[2017.06.16-22.21.43:392][  0]LogInit: Applying CVar settings loaded from the selected device profile: [Windows]
[2017.06.16-22.21.43:403][  0]LogInit: Computer: AZUREPCINTEL
[2017.06.16-22.21.43:403][  0]LogInit: User: AzurePCIntel
[2017.06.16-22.21.43:403][  0]LogInit: CPU Page size=4096, Cores=4
[2017.06.16-22.21.43:403][  0]LogInit: High frequency timer resolution =3.914065 MHz
[2017.06.16-22.21.43:403][  0]LogMemory: Memory total: Physical=16.0GB (16GB approx)
[2017.06.16-22.21.43:403][  0]LogMemory: Platform Memory Stats for Windows
[2017.06.16-22.21.43:403][  0]LogMemory: Process Physical Memory: 273.38 MB used, 273.38 MB peak
[2017.06.16-22.21.43:403][  0]LogMemory: Process Virtual Memory: 260.61 MB used, 260.61 MB peak
[2017.06.16-22.21.43:403][  0]LogMemory: Physical Memory: 7360.09 MB used,  8983.59 MB free, 16343.68 MB total
[2017.06.16-22.21.43:403][  0]LogMemory: Virtual Memory: 638.16 MB used,  8983.59 MB free, 134217728.00 MB total
[2017.06.16-22.21.43:458][  0]LogInit: Using OS detected language (en-US).
[2017.06.16-22.21.43:458][  0]LogInit: Using OS detected locale (en-US).
[2017.06.16-22.21.43:460][  0]LogTextLocalizationManager: No specific localization for 'en-US' exists, so the 'en' localization will be used.
[2017.06.16-22.21.44:201][  0]LogD3D11RHI: D3D11 adapters:
[2017.06.16-22.21.44:216][  0]LogD3D11RHI:    0. 'AMD Radeon (TM) R9 390 Series' (Feature Level 11_0)
[2017.06.16-22.21.44:216][  0]LogD3D11RHI:       8169/0/8171 MB DedicatedVideo/DedicatedSystem/SharedSystem, Outputs:2, VendorId:0x1002
[2017.06.16-22.21.44:217][  0]LogD3D11RHI:    1. 'Microsoft Basic Render Driver' (Feature Level 11_0)
[2017.06.16-22.21.44:217][  0]LogD3D11RHI:       0/0/8171 MB DedicatedVideo/DedicatedSystem/SharedSystem, Outputs:0, VendorId:0x1414
[2017.06.16-22.21.44:217][  0]LogD3D11RHI: Chosen D3D11 Adapter: 0
[2017.06.16-22.21.44:221][  0]LogD3D11RHI: Creating new Direct3DDevice
[2017.06.16-22.21.44:221][  0]LogD3D11RHI:     GPU DeviceId: 0x67b1 (for the marketing name, search the web for "GPU Device Id")
[2017.06.16-22.21.44:221][  0]LogWindows: EnumDisplayDevices:
[2017.06.16-22.21.44:221][  0]LogWindows:    0. 'AMD Radeon (TM) R9 390 Series' (P:1 D:1)
[2017.06.16-22.21.44:221][  0]LogWindows:    1. 'AMD Radeon (TM) R9 390 Series' (P:0 D:1)
[2017.06.16-22.21.44:221][  0]LogWindows:    2. 'AMD Radeon (TM) R9 390 Series' (P:0 D:0)
[2017.06.16-22.21.44:222][  0]LogWindows:    3. 'AMD Radeon (TM) R9 390 Series' (P:0 D:0)
[2017.06.16-22.21.44:222][  0]LogWindows:    4. 'AMD Radeon (TM) R9 390 Series' (P:0 D:0)
[2017.06.16-22.21.44:222][  0]LogWindows:    5. 'AMD Radeon (TM) R9 390 Series' (P:0 D:0)
[2017.06.16-22.21.44:222][  0]LogWindows: DebugString: FoundDriverCount:6 
[2017.06.16-22.21.44:222][  0]LogD3D11RHI:     Adapter Name: AMD Radeon (TM) R9 390 Series
[2017.06.16-22.21.44:222][  0]LogD3D11RHI:   Driver Version: Crimson ReLive 17.1.1 (internal:22.19.162.4, unified:22.19.162.4)
[2017.06.16-22.21.44:222][  0]LogD3D11RHI:      Driver Date: 4-24-2017
[2017.06.16-22.21.44:222][  0]LogRHI: Texture pool is 1361 MB (70% of 1945 MB)
[2017.06.16-22.21.44:250][  0]LogD3D11RHI: Async texture creation enabled
[2017.06.16-22.21.44:258][  0]LogD3D11RHI: GPU Timing Frequency: 27.000000 (Debug: 2 1)
[2017.06.16-22.21.44:259][  0]LogShaderCompilers: Guid format shader working directory is -18 characters bigger than the processId version (../../../../../../Users/AzurePC Intel/Documents/GitHub/Enviro_2/Enviro_2/Intermediate/Shaders/WorkingDirectory/2236/).
[2017.06.16-22.21.44:259][  0]LogShaderCompilers: Cleaned the shader compiler working directory 'C:/Users/AzurePC Intel/AppData/Local/Temp/UnrealShaderWorkingDir/662BE60B4F74E6659119EF85ECA2BC6F/'.
[2017.06.16-22.21.44:259][  0]LogShaderCompilers:Display: Using Local Shader Compiler.
[2017.06.16-22.21.45:060][  0]LogTemp:Display: Loaded TP AllDesktopTargetPlatform
[2017.06.16-22.21.45:100][  0]LogTemp:Display: Loaded TP MacClientTargetPlatform
[2017.06.16-22.21.45:137][  0]LogTemp:Display: Loaded TP MacNoEditorTargetPlatform
[2017.06.16-22.21.45:176][  0]LogTemp:Display: Loaded TP MacServerTargetPlatform
[2017.06.16-22.21.45:218][  0]LogTemp:Display: Loaded TP MacTargetPlatform
[2017.06.16-22.21.45:259][  0]LogTemp:Display: Loaded TP WindowsClientTargetPlatform
[2017.06.16-22.21.45:301][  0]LogTemp:Display: Loaded TP WindowsNoEditorTargetPlatform
[2017.06.16-22.21.45:343][  0]LogTemp:Display: Loaded TP WindowsServerTargetPlatform
[2017.06.16-22.21.45:377][  0]LogTemp:Display: Loaded TP WindowsTargetPlatform
[2017.06.16-22.21.45:416][  0]LogTemp:Display: Loaded TP AndroidTargetPlatform
[2017.06.16-22.21.45:456][  0]LogTemp:Display: Loaded TP Android_ASTCTargetPlatform
[2017.06.16-22.21.45:496][  0]LogTemp:Display: Loaded TP Android_ATCTargetPlatform
[2017.06.16-22.21.45:539][  0]LogTemp:Display: Loaded TP Android_DXTTargetPlatform
[2017.06.16-22.21.45:576][  0]LogTemp:Display: Loaded TP Android_ETC1TargetPlatform
[2017.06.16-22.21.45:614][  0]LogTemp:Display: Loaded TP Android_ETC2TargetPlatform
[2017.06.16-22.21.45:687][  0]LogTemp:Display: Loaded TP Android_MultiTargetPlatform
[2017.06.16-22.21.45:687][  0]LogTemp:Display: Loaded TP Android_PVRTCTargetPlatform
[2017.06.16-22.21.45:719][  0]LogTemp:Display: Loaded TP HTML5TargetPlatform
[2017.06.16-22.21.45:798][  0]LogTemp:Display: Loaded TP IOSTargetPlatform
[2017.06.16-22.21.45:820][  0]LogTemp:Display: Loaded TP TVOSTargetPlatform
[2017.06.16-22.21.45:860][  0]LogTemp:Display: Loaded TP LinuxClientTargetPlatform
[2017.06.16-22.21.45:897][  0]LogTemp:Display: Loaded TP LinuxNoEditorTargetPlatform
[2017.06.16-22.21.45:935][  0]LogTemp:Display: Loaded TP LinuxServerTargetPlatform
[2017.06.16-22.21.45:973][  0]LogTemp:Display: Loaded TP LinuxTargetPlatform
[2017.06.16-22.21.45:973][  0]LogTargetPlatformManager:Display: Building Assets For Windows
[2017.06.16-22.21.46:366][  0]LogDerivedDataCache:Display: Max Cache Size: 512 MB
[2017.06.16-22.21.46:443][  0]LogDerivedDataCache: Loaded boot cache 0.08s 90MB C:/Users/AzurePC Intel/AppData/Local/UnrealEngine/4.16/DerivedDataCache/Boot.ddc.
[2017.06.16-22.21.46:443][  0]LogDerivedDataCache:Display: Loaded Boot cache: C:/Users/AzurePC Intel/AppData/Local/UnrealEngine/4.16/DerivedDataCache/Boot.ddc
[2017.06.16-22.21.46:443][  0]LogDerivedDataCache: FDerivedDataBackendGraph:  Pak pak cache file ../../../../../../Users/AzurePC Intel/Documents/GitHub/Enviro_2/Enviro_2/DerivedDataCache/DDC.ddp not found, will not use a pak cache.
[2017.06.16-22.21.46:443][  0]LogDerivedDataCache: Unable to find inner node Pak for hierarchical cache Hierarchy.
[2017.06.16-22.21.46:443][  0]LogDerivedDataCache: FDerivedDataBackendGraph:  CompressedPak pak cache file ../../../../../../Users/AzurePC Intel/Documents/GitHub/Enviro_2/Enviro_2/DerivedDataCache/Compressed.ddp not found, will not use a pak cache.
[2017.06.16-22.21.46:443][  0]LogDerivedDataCache: Unable to find inner node CompressedPak for hierarchical cache Hierarchy.
[2017.06.16-22.21.46:456][  0]LogDerivedDataCache:Display: Pak cache opened for reading ../../../Engine/DerivedDataCache/Compressed.ddp.
[2017.06.16-22.21.46:467][  0]LogDerivedDataCache: Using Local data cache path C:/Users/AzurePC Intel/AppData/Local/UnrealEngine/Common/DerivedDataCache: Writable
[2017.06.16-22.21.46:475][  0]LogMaterial: Verifying Global Shaders for PCD3D_SM5
[2017.06.16-22.21.46:476][  0]LogSlate: Using Freetype 2.6.0
[2017.06.16-22.21.46:476][  0]LogSlate: SlateFontCache - WITH_FREETYPE: 1, WITH_HARFBUZZ: 1
[2017.06.16-22.21.46:476][  0]LogSlate: SlateFontCache - WITH_FREETYPE: 1, WITH_HARFBUZZ: 1
[2017.06.16-22.21.46:733][  0]LogInit: Selected Device Profile: [Windows]
[2017.06.16-22.21.46:805][  0]LogContentStreaming: Texture pool size is 0.00 MB
[2017.06.16-22.21.46:936][  0]LogMeshUtilities: Using QuadricMeshReduction for automatic static mesh reduction
[2017.06.16-22.21.46:970][  0]LogSimplygon: Simplygon DLL not present - disabling.
[2017.06.16-22.21.47:006][  0]LogMeshUtilities: Using SimplygonSwarm for distributed automatic mesh merging
[2017.06.16-22.21.47:006][  0]LogMeshUtilities: No automatic skeletal mesh reduction module available
[2017.06.16-22.21.47:006][  0]LogMeshUtilities: No automatic mesh merging module available
[2017.06.16-22.21.47:447][  0]LogNetVersion: Enviro_2 , NetCL: 3452394, EngineNetVer: 2, GameNetVer: 0 (Checksum: 303638927)
[2017.06.16-22.21.47:499][  0]LogAssetRegistry: FAssetRegistry took 0.0247 seconds to start up
[2017.06.16-22.21.47:550][  0]LogPackageLocalizationCache: Processed 4 localized package path(s) for 2 prioritized culture(s) in 0.031109 seconds
[2017.06.16-22.21.47:555][  0]LogUObjectArray: 34194 objects as part of root set at end of initial load.
[2017.06.16-22.21.47:555][  0]LogUObjectAllocator: 7260416 out of 0 bytes used by permanent object pool.
[2017.06.16-22.21.47:555][  0]LogUObjectArray: CloseDisregardForGC: 0/0 objects in disregard for GC pool
[2017.06.16-22.21.47:607][  0]LogInit: WinSock: version 1.1 (2.2), MaxSocks=32767, MaxUdp=65467
[2017.06.16-22.21.49:512][  0]LogSubstanceCoreModule: Substance [CPU] Engine Loaded, Max Texture Size = 2048
[2017.06.16-22.21.49:535][  0]LogTcpMessaging: Initializing TcpMessaging bridge
[2017.06.16-22.21.49:566][  0]LogUdpMessaging: Initializing bridge on interface 0.0.0.0:0 to multicast group 230.0.0.1:6666.
[2017.06.16-22.21.49:986][  0]LogMaterial: Uniform references updated for custom material expression Custom.
[2017.06.16-22.21.50:304][  0]SourceControl: Info Source control is disabled
[2017.06.16-22.21.50:304][  0]SourceControl: Info Source control is disabled
[2017.06.16-22.21.50:345][  0]SourceControl: Info Source control is disabled
[2017.06.16-22.21.50:382][  0]SourceControl: Info Source control is disabled
[2017.06.16-22.21.50:894][  0]LogAndroidPermission: UAndroidPermissionCallbackProxy::GetInstance
[2017.06.16-22.21.51:400][  0]LogEngine: Initializing Engine...
[2017.06.16-22.21.51:401][  0]LogHMD: Failed to initialize OpenVR with code 110
[2017.06.16-22.21.51:565][  0]LogStats: UGameplayTagsManager::ConstructGameplayTagTree: Construct from data asset -  0.000 s
[2017.06.16-22.21.51:565][  0]LogStats: UGameplayTagsManager::ConstructGameplayTagTree: GameplayTagTreeChangedEvent.Broadcast -  0.000 s
[2017.06.16-22.21.51:666][  0]LogAIModule: Creating AISystem for world Untitled
[2017.06.16-22.21.51:673][  0]LogInit: XAudio2 using 'SPDIF Interface (2- FiiO USB DAC-E10)' : 2 channels at 48 kHz using 16 bits per sample (channel mask 0x3)
[2017.06.16-22.21.51:680][  0]LogInit: FAudioDevice initialized.
[2017.06.16-22.21.51:714][  0]LogDerivedDataCache: Saved boot cache 0.03s 90MB C:/Users/AzurePC Intel/AppData/Local/UnrealEngine/4.16/DerivedDataCache/Boot.ddc.
[2017.06.16-22.21.51:721][  0]LogInit: Texture streaming: Enabled
[2017.06.16-22.21.51:796][  0]LogEngineSessionManager: EngineSessionManager initialized
[2017.06.16-22.21.51:962][  0]LogInit: Transaction tracking system initialized
[2017.06.16-22.21.52:195][  0]BlueprintLog: New page: Editor Load
[2017.06.16-22.21.52:926][  0]LocalizationService: Info Localization service is disabled
[2017.06.16-22.21.53:444][  0]LogConsoleResponse:Display: 
[2017.06.16-22.21.53:569][  0]LogCook:Display: Max memory allowance for cook 16384mb min free memory 0mb
[2017.06.16-22.21.53:569][  0]LogCook:Display: Mobile HDR setting 1
[2017.06.16-22.21.54:314][  0]LogFileCache: Scanning file cache for directory 'C:/Users/AzurePC Intel/Documents/GitHub/Enviro_2/Enviro_2/Content/' took 0.02s
[2017.06.16-22.21.54:350][  0]SourceControl: Info Source control is disabled
[2017.06.16-22.21.54:350][  0]Cmd: MAP LOAD FILE="../../../../../../Users/AzurePC Intel/Documents/GitHub/Enviro_2/Enviro_2/Content/StarterContent/Maps/Minimal_Default.umap" TEMPLATE=0 SHOWPROGRESS=1 FEATURELEVEL=3
[2017.06.16-22.21.54:351][  0]LightingResults: New page: Lighting Build
[2017.06.16-22.21.54:383][  0]MapCheck: New page: Map Check
[2017.06.16-22.21.54:383][  0]LightingResults: New page: Lighting Build
[2017.06.16-22.21.54:493][  0]LogAIModule: Creating AISystem for world Minimal_Default
[2017.06.16-22.21.54:498][  0]LogEditorServer: Finished looking for orphan Actors (0.000 secs)
[2017.06.16-22.21.54:510][  0]Cmd: MAP CHECKDEP NOCLEARLOG
[2017.06.16-22.21.54:546][  0]MapCheck: Info Map check complete: 0 Error(s), 0 Warning(s), took 35.407ms to complete.
[2017.06.16-22.21.54:546][  0]LogFileHelpers: Loading map 'Minimal_Default' took 0.195
[2017.06.16-22.21.54:693][  0]LogCollectionManager: Loaded 0 collections in 0.001107 seconds
[2017.06.16-22.21.54:769][  0]LogFileCache: Scanning file cache for directory 'C:/Users/AzurePC Intel/Documents/GitHub/Enviro_2/Enviro_2/Saved/Collections/' took 0.01s
[2017.06.16-22.21.54:769][  0]LogFileCache: Scanning file cache for directory 'C:/Users/AzurePC Intel/Documents/GitHub/Enviro_2/Enviro_2/Content/Developers/AzurePCIntel/Collections/' took 0.01s
[2017.06.16-22.21.54:769][  0]LogFileCache: Scanning file cache for directory 'C:/Users/AzurePC Intel/Documents/GitHub/Enviro_2/Enviro_2/Content/Collections/' took 0.01s
[2017.06.16-22.21.54:769][  0]LogCollectionManager: Rebuilt the GUID cache for 0 collections in 0.000001 seconds
[2017.06.16-22.21.54:777][  0]LogContentBrowser: Native class hierarchy populated in 0.0082 seconds. Added 2343 classes and 497 folders.
[2017.06.16-22.21.54:828][  0]LogContentBrowser: Native class hierarchy updated for 'WidgetCarousel' in 0.0004 seconds. Added 0 classes and 0 folders.
[2017.06.16-22.21.54:855][  0]LogContentBrowser: Native class hierarchy updated for 'AddContentDialog' in 0.0005 seconds. Added 0 classes and 0 folders.
[2017.06.16-22.21.54:888][  0]LogContentBrowser: Native class hierarchy updated for 'SceneOutliner' in 0.0004 seconds. Added 1 classes and 2 folders.
[2017.06.16-22.21.54:919][  0]LogCrashTracker: Crashtracker disabled due to settings.
[2017.06.16-22.21.54:922][  0]LogSlate: Took 0.000118 seconds to synchronously load lazily loaded font '../../../Engine/Content/Slate/Fonts/Roboto-Regular.ttf' (155K)
[2017.06.16-22.21.54:923][  0]LogSlate: Took 0.000116 seconds to synchronously load lazily loaded font '../../../Engine/Content/Slate/Fonts/Roboto-Bold.ttf' (160K)
[2017.06.16-22.21.54:927][  0]LogSlate: Took 0.000209 seconds to synchronously load lazily loaded font '../../../Engine/Content/Editor/Slate/Fonts/FontAwesome.ttf' (139K)
[2017.06.16-22.21.54:995][  0]LogRenderer: Reallocating scene render targets to support 1192x588 NumSamples 1 (Frame:1).
[2017.06.16-22.21.55:114][  0]LogUObjectGlobals:Warning: Failed to find object 'Class None.'
[2017.06.16-22.21.55:167][  0]LogContentBrowser: Native class hierarchy updated for 'HierarchicalLODOutliner' in 0.0004 seconds. Added 1 classes and 2 folders.
[2017.06.16-22.21.55:168][  0]LogLoad: (Engine Initialization) Total time: 12.99 seconds
[2017.06.16-22.21.55:168][  0]LogLoad: (Engine Initialization) Total Blueprint compile time: 0.03 seconds
[2017.06.16-22.21.55:168][  0]LogExternalProfiler: No external profilers were discovered.  External profiling features will not be available.
[2017.06.16-22.21.55:507][  0]LogOcInput: OculusInput pre-init called
[2017.06.16-22.21.55:507][  0]LogHMD: Starting GearVRController plugin
[2017.06.16-22.21.55:523][  0]LogContentStreaming: Texture pool size now 1000 MB
[2017.06.16-22.21.55:538][  0]LogSlate: Took 0.000114 seconds to synchronously load lazily loaded font '../../../Engine/Content/Slate/Fonts/Roboto-Light.ttf' (159K)
[2017.06.16-22.21.55:848][  1]LogAssetRegistry: Asset discovery search completed in 8.3700 seconds
[2017.06.16-22.21.55:849][  1]LogCollectionManager: Rebuilt the object cache for 0 collections in 0.000000 seconds (found 0 objects)
[2017.06.16-22.21.55:849][  1]LogCollectionManager: Fixed up redirectors for 0 collections in 0.000017 seconds (updated 0 objects)
[2017.06.16-22.22.33:859][456]LogSlate: Took 0.000134 seconds to synchronously load lazily loaded font '../../../Engine/Content/Slate/Fonts/Roboto-Light.ttf' (159K)
[2017.06.16-22.22.34:499][456]LogAIModule: Creating AISystem for world DOOM_FanArt_Reactor_01
[2017.06.16-22.22.34:511][456]Cmd: MAP LOAD FILE="../../../../../../Users/AzurePC Intel/Documents/GitHub/Enviro_2/Enviro_2/Content/Maps/DOOM_FanArt_Reactor_01.umap" TEMPLATE=0 SHOWPROGRESS=1 FEATURELEVEL=3
[2017.06.16-22.22.34:511][456]LightingResults: New page: Lighting Build
[2017.06.16-22.22.34:512][456]LoadErrors: New page: Loading map: DOOM_FanArt_Reactor_01.umap
[2017.06.16-22.22.34:512][456]MapCheck: New page: Map Check
[2017.06.16-22.22.34:512][456]LightingResults: New page: Lighting Build
[2017.06.16-22.22.34:527][456]LogEditorServer: Finished looking for orphan Actors (0.000 secs)
[2017.06.16-22.22.34:556][456]Cmd: MAP CHECKDEP NOCLEARLOG
[2017.06.16-22.22.34:592][456]MapCheck: Info Map check complete: 0 Error(s), 0 Warning(s), took 36.35ms to complete.
[2017.06.16-22.22.34:592][456]LogFileHelpers: Loading map 'DOOM_FanArt_Reactor_01' took 0.082
[2017.06.16-22.22.37:681][807]LogEditorViewport: Clicking on Actor (LMB): StaticMeshActor (ST_lv2)
[2017.06.16-22.23.28:540][795]MapCheck: New page: Map Check
[2017.06.16-22.23.28:562][795]Cmd: MAP REBUILD ALLVISIBLE
[2017.06.16-22.23.28:562][795]LogEditorServer: Rebuildmap Clear paths rebuilt
[2017.06.16-22.23.28:627][795]LogMaterial: Missing cached shader map for material FDebugViewModeMaterialProxy WorldGridMaterial, compiling. Is special engine material.
[2017.06.16-22.23.28:634][795]LogMaterial: Missing cached shader map for material FDebugViewModeMaterialProxy MatineeCam_mat, compiling. 
[2017.06.16-22.23.28:639][795]LogMaterial: Missing cached shader map for material FDebugViewModeMaterialProxy M_DarkGray, compiling. 
[2017.06.16-22.23.28:644][795]LogMaterial: Missing cached shader map for material FDebugViewModeMaterialProxy white, compiling. 
[2017.06.16-22.23.28:648][795]LogMaterial: Missing cached shader map for material FDebugViewModeMaterialProxy M_orb, compiling. 
[2017.06.16-22.23.28:654][795]LogMaterial: Missing cached shader map for material FDebugViewModeMaterialProxy M_Snow_Blowing_Lit, compiling. 
[2017.06.16-22.23.29:103][795]TextureStreamingBuild:Display: Compiling optional shaders took 0.481 seconds.
[2017.06.16-22.23.29:111][795]LogLevel:Display: Export Material TexCoord Scales took 0.009 seconds.
[2017.06.16-22.23.29:143][795]TextureStreamingBuild:Display: Build Texture Streaming took 0.031 seconds.
[2017.06.16-22.23.29:150][795]LightingResults: New page: Lighting Build - Jun 16, 2017, 10:23:29 AM
[2017.06.16-22.23.29:184][795]LogSwarmInterface: [OpenConnection] Registering TCP channel ...
[2017.06.16-22.23.29:218][795]LogSwarmInterface: [OpenConnection] Connecting to agent ...
[2017.06.16-22.23.29:228][795]LogSwarmInterface: [TryOpenConnection] Testing the Agent
[2017.06.16-22.23.29:747][795]LogSwarmInterface: [TryOpenConnection] Opening Connection to Agent
[2017.06.16-22.23.29:747][795]LogSwarmInterface: [TryOpenConnection] Local Process ID is 2236
[2017.06.16-22.23.32:113][795]LogStaticLightingSystem:Warning: No importance volume found, so the scene bounding box was used.  You can optimize your scene's quality and lighting build times by adding importance volumes.
[2017.06.16-22.23.32:113][795]LogStaticLightingSystem: Running Lightmass w/ ImmediateImport mode ENABLED
[2017.06.16-22.23.32:113][795]LogStaticLightingSystem: Running Lightmass w/ ImmediateProcess mode ENABLED
[2017.06.16-22.23.32:113][795]LogStaticLightingSystem: Running Lightmass w/ Sorting mode ENABLED
[2017.06.16-22.23.32:113][795]LogStaticLightingSystem: Running Lightmass w/ Mapping paddings ENABLED
[2017.06.16-22.23.32:113][795]LogStaticLightingSystem: Running Lightmass w/ Mapping debug paddings DISABLED
[2017.06.16-22.23.35:404][795]Cmd: MAP CHECK DONTDISPLAYDIALOG
[2017.06.16-22.23.35:404][795]MapCheck: New page: DOOM_FanArt_Reactor_01 - Jun 16, 2017, 10:23:35 AM
[2017.06.16-22.23.35:406][795]MapCheck:Error: Error WorldSettings_1 Maps need lighting rebuilt 
[2017.06.16-22.23.35:450][795]MapCheck: Info Map check complete: 1 Error(s), 0 Warning(s), took 45.747ms to complete.
[2017.06.16-22.23.35:472][795]LogEditorBuildUtils: Build time 0:06
[2017.06.16-22.23.41:675][814]LightingResults:Warning: Warning ST_Stairs-platform Object has overlapping UVs.
[2017.06.16-22.23.41:675][814]LightingResults: Info ST_Stairs-platform Lightmap UV are overlapping by 33.4%. Please adjust content - Enable Error Coloring to visualize.
[2017.06.16-22.23.42:007][815]LightingResults:Warning: Warning WB_HeroAssets Object has overlapping UVs.
[2017.06.16-22.23.42:007][815]LightingResults: Info WB_HeroAssets Lightmap UV are overlapping by 30.0%. Please adjust content - Enable Error Coloring to visualize.
[2017.06.16-22.23.42:678][817]LightingResults:Warning: Warning WB_stair Object has overlapping UVs.
[2017.06.16-22.23.42:678][817]LightingResults: Info WB_stair Lightmap UV are overlapping by 5.9%. Please adjust content - Enable Error Coloring to visualize.
[2017.06.16-22.23.42:678][817]LightingResults:Warning: Warning crate Object has overlapping UVs.
[2017.06.16-22.23.42:678][817]LightingResults: Info crate Lightmap UV are overlapping by 60.1%. Please adjust content - Enable Error Coloring to visualize.
[2017.06.16-22.23.53:338][849]Job is a success!
[2017.06.16-22.23.53:903][850]LogTexture:Display: Building textures: LQ_Lightmap_0_1 (DXT1, 512X512)
[2017.06.16-22.23.53:903][850]LogTexture:Display: Building textures: HQ_Lightmap0_1 (AutoDXT, 512X512)
[2017.06.16-22.23.53:903][850]LogTexture:Display: Building textures: ShadowMapTexture2D_0 (BGRA8, 1024X64)
[2017.06.16-22.23.53:926][850]Lightmass on AZUREPCINTEL: 17.7 sec total, 1.08 sec importing, 929 ms setup, 1.50 sec photons, 14.2 sec processing, 0 ms extra exporting [17/17 mappings]. Threads: 1:39 min total, 30.1 sec processing.
[2017.06.16-22.23.53:941][850]LogStaticLightingSystem: Illumination: 24.4 sec (123 ms encoding lightmaps, 17 ms encoding shadowmaps)
[2017.06.16-22.23.53:941][850]LogStaticLightingSystem: Lightmap texture memory:  0.5 MB (0.5 MB streaming, 0.0 MB non-streaming), 2 textures
[2017.06.16-22.23.53:941][850]LogStaticLightingSystem: Shadowmap texture memory: 0.3 MB (0.3 MB streaming, 0.0 MB non-streaming), 1 textures
[2017.06.16-22.23.54:118][850]DumpUnbuiltLightIteractions
[2017.06.16-22.23.54:118][850]Lights with unbuilt interactions: 0
[2017.06.16-22.23.54:118][850]
[2017.06.16-22.23.54:118][850]Primitives with unbuilt interactions: 0
[2017.06.16-22.23.54:126][851]Cmd: MAP CHECK NOTIFYRESULTS
[2017.06.16-22.23.54:126][851]MapCheck: New page: DOOM_FanArt_Reactor_01 - Jun 16, 2017, 10:23:54 AM
[2017.06.16-22.23.54:168][851]MapCheck: Info Map check complete: 0 Error(s), 0 Warning(s), took 41.419ms to complete.
[2017.06.16-22.30.11:113][685]Cmd: CAMERA ALIGN ACTIVEVIEWPORTONLY
[2017.06.16-22.30.23:393][109]Cmd: CAMERA ALIGN ACTIVEVIEWPORTONLY
[2017.06.16-22.35.25:889][383]Cmd: DELETE
[2017.06.16-22.35.25:889][383]Cmd: ACTOR DELETE
[2017.06.16-22.35.25:889][383]LogEditorActor: Deleted Actor: PointLight
[2017.06.16-22.35.25:898][383]LogEditorActor: Deleted 1 Actors (0.009 secs)
[2017.06.16-22.35.33:956][308]LogSlate: Took 0.003181 seconds to synchronously load lazily loaded font '../../../Engine/Content/Editor/Slate/Fonts/Roboto-Italic.ttf' (157K)
[2017.06.16-22.35.36:152][570]MapCheck: New page: Map Check
[2017.06.16-22.35.36:169][570]Cmd: MAP REBUILD ALLVISIBLE
[2017.06.16-22.35.36:169][570]LogEditorServer: Rebuildmap Clear paths rebuilt
[2017.06.16-22.35.36:192][570]LogMaterial: Missing cached shader map for material FDebugViewModeMaterialProxy WorldGridMaterial, compiling. Is special engine material.
[2017.06.16-22.35.36:197][570]LogMaterial: Missing cached shader map for material FDebugViewModeMaterialProxy MatineeCam_mat, compiling. 
[2017.06.16-22.35.36:202][570]LogMaterial: Missing cached shader map for material FDebugViewModeMaterialProxy M_DarkGray, compiling. 
[2017.06.16-22.35.36:206][570]LogMaterial: Missing cached shader map for material FDebugViewModeMaterialProxy white, compiling. 
[2017.06.16-22.35.36:211][570]LogMaterial: Missing cached shader map for material FDebugViewModeMaterialProxy M_orb, compiling. 
[2017.06.16-22.35.36:215][570]LogMaterial: Missing cached shader map for material FDebugViewModeMaterialProxy M_Snow_Blowing_Lit, compiling. 
[2017.06.16-22.35.36:656][570]TextureStreamingBuild:Display: Compiling optional shaders took 0.468 seconds.
[2017.06.16-22.35.36:659][570]LogLevel:Display: Export Material TexCoord Scales took 0.003 seconds.
[2017.06.16-22.35.36:690][570]TextureStreamingBuild:Display: Build Texture Streaming took 0.031 seconds.
[2017.06.16-22.35.36:698][570]LightingResults: New page: Lighting Build - Jun 16, 2017, 10:35:36 AM
[2017.06.16-22.35.36:703][570]LogSwarmInterface: [OpenConnection] Registering TCP channel ...
[2017.06.16-22.35.36:705][570]LogSwarmInterface: [OpenConnection] Connecting to agent ...
[2017.06.16-22.35.36:705][570]LogSwarmInterface: [TryOpenConnection] Testing the Agent
[2017.06.16-22.35.36:705][570]LogSwarmInterface: [TryOpenConnection] Opening Connection to Agent
[2017.06.16-22.35.36:705][570]LogSwarmInterface: [TryOpenConnection] Local Process ID is 2236
[2017.06.16-22.35.41:219][570]LogStaticLightingSystem:Warning: No importance volume found, so the scene bounding box was used.  You can optimize your scene's quality and lighting build times by adding importance volumes.
[2017.06.16-22.35.41:219][570]LogStaticLightingSystem: Running Lightmass w/ ImmediateImport mode ENABLED
[2017.06.16-22.35.41:219][570]LogStaticLightingSystem: Running Lightmass w/ ImmediateProcess mode ENABLED
[2017.06.16-22.35.41:219][570]LogStaticLightingSystem: Running Lightmass w/ Sorting mode ENABLED
[2017.06.16-22.35.41:219][570]LogStaticLightingSystem: Running Lightmass w/ Mapping paddings ENABLED
[2017.06.16-22.35.41:219][570]LogStaticLightingSystem: Running Lightmass w/ Mapping debug paddings DISABLED
[2017.06.16-22.35.41:290][570]Cmd: MAP CHECK DONTDISPLAYDIALOG
[2017.06.16-22.35.41:290][570]MapCheck: New page: DOOM_FanArt_Reactor_01 - Jun 16, 2017, 10:35:41 AM
[2017.06.16-22.35.41:290][570]MapCheck:Error: Error WorldSettings_1 Maps need lighting rebuilt 
[2017.06.16-22.35.41:331][570]MapCheck: Info Map check complete: 1 Error(s), 0 Warning(s), took 41.146ms to complete.
[2017.06.16-22.35.41:353][570]LogEditorBuildUtils: Build time 0:05
[2017.06.16-22.35.47:404][ 68]LightingResults:Warning: Warning ST_Stairs-platform Object has overlapping UVs.
[2017.06.16-22.35.47:404][ 68]LightingResults: Info ST_Stairs-platform Lightmap UV are overlapping by 33.4%. Please adjust content - Enable Error Coloring to visualize.
[2017.06.16-22.35.47:404][ 68]LightingResults:Warning: Warning WB_HeroAssets Object has overlapping UVs.
[2017.06.16-22.35.47:404][ 68]LightingResults: Info WB_HeroAssets Lightmap UV are overlapping by 30.0%. Please adjust content - Enable Error Coloring to visualize.
[2017.06.16-22.35.47:755][ 69]LightingResults:Warning: Warning WB_stair Object has overlapping UVs.
[2017.06.16-22.35.47:755][ 69]LightingResults: Info WB_stair Lightmap UV are overlapping by 5.9%. Please adjust content - Enable Error Coloring to visualize.
[2017.06.16-22.35.47:845][ 78]LightingResults:Warning: Warning crate Object has overlapping UVs.
[2017.06.16-22.35.47:845][ 78]LightingResults: Info crate Lightmap UV are overlapping by 60.1%. Please adjust content - Enable Error Coloring to visualize.
[2017.06.16-22.35.58:145][770]Job is a success!
[2017.06.16-22.35.58:354][771]LogTexture:Display: Building textures: HQ_Lightmap1_1 (AutoDXT, 512X512)
[2017.06.16-22.35.58:354][771]LogTexture:Display: Building textures: LQ_Lightmap_1_1 (DXT1, 512X512)
[2017.06.16-22.35.58:354][771]LogTexture:Display: Building textures: ShadowMapTexture2D_1 (BGRA8, 1024X64)
[2017.06.16-22.35.58:379][771]Lightmass on AZUREPCINTEL: 16.5 sec total, 1.04 sec importing, 961 ms setup, 1.49 sec photons, 13.0 sec processing, 0 ms extra exporting [17/17 mappings]. Threads: 1:30 min total, 27.3 sec processing.
[2017.06.16-22.35.58:394][771]LogStaticLightingSystem: Illumination: 21.6 sec (132 ms encoding lightmaps, 19 ms encoding shadowmaps)
[2017.06.16-22.35.58:394][771]LogStaticLightingSystem: Lightmap texture memory:  0.5 MB (0.5 MB streaming, 0.0 MB non-streaming), 2 textures
[2017.06.16-22.35.58:394][771]LogStaticLightingSystem: Shadowmap texture memory: 0.3 MB (0.3 MB streaming, 0.0 MB non-streaming), 1 textures
[2017.06.16-22.35.59:225][771]DumpUnbuiltLightIteractions
[2017.06.16-22.35.59:225][771]Lights with unbuilt interactions: 0
[2017.06.16-22.35.59:225][771]
[2017.06.16-22.35.59:225][771]Primitives with unbuilt interactions: 0
[2017.06.16-22.35.59:238][772]Cmd: MAP CHECK NOTIFYRESULTS
[2017.06.16-22.35.59:238][772]MapCheck: New page: DOOM_FanArt_Reactor_01 - Jun 16, 2017, 10:35:59 AM
[2017.06.16-22.35.59:275][772]MapCheck: Info Map check complete: 0 Error(s), 0 Warning(s), took 37.256ms to complete.
[2017.06.16-22.40.12:834][486]MapCheck: New page: Map Check
[2017.06.16-22.40.12:853][486]Cmd: MAP REBUILD ALLVISIBLE
[2017.06.16-22.40.12:853][486]LogEditorServer: Rebuildmap Clear paths rebuilt
[2017.06.16-22.40.12:877][486]LogMaterial: Missing cached shader map for material FDebugViewModeMaterialProxy WorldGridMaterial, compiling. Is special engine material.
[2017.06.16-22.40.12:883][486]LogMaterial: Missing cached shader map for material FDebugViewModeMaterialProxy MatineeCam_mat, compiling. 
[2017.06.16-22.40.12:887][486]LogMaterial: Missing cached shader map for material FDebugViewModeMaterialProxy M_DarkGray, compiling. 
[2017.06.16-22.40.12:893][486]LogMaterial: Missing cached shader map for material FDebugViewModeMaterialProxy white, compiling. 
[2017.06.16-22.40.12:897][486]LogMaterial: Missing cached shader map for material FDebugViewModeMaterialProxy M_orb, compiling. 
[2017.06.16-22.40.12:903][486]LogMaterial: Missing cached shader map for material FDebugViewModeMaterialProxy M_Snow_Blowing_Lit, compiling. 
[2017.06.16-22.40.13:384][486]TextureStreamingBuild:Display: Compiling optional shaders took 0.510 seconds.
[2017.06.16-22.40.13:388][486]LogLevel:Display: Export Material TexCoord Scales took 0.004 seconds.
[2017.06.16-22.40.13:423][486]TextureStreamingBuild:Display: Build Texture Streaming took 0.036 seconds.
[2017.06.16-22.40.13:431][486]LightingResults: New page: Lighting Build - Jun 16, 2017, 10:40:13 AM
[2017.06.16-22.40.13:439][486]LogSwarmInterface: [OpenConnection] Registering TCP channel ...
[2017.06.16-22.40.13:442][486]LogSwarmInterface: [OpenConnection] Connecting to agent ...
[2017.06.16-22.40.13:442][486]LogSwarmInterface: [TryOpenConnection] Testing the Agent
[2017.06.16-22.40.13:443][486]LogSwarmInterface: [TryOpenConnection] Opening Connection to Agent
[2017.06.16-22.40.13:443][486]LogSwarmInterface: [TryOpenConnection] Local Process ID is 2236
[2017.06.16-22.40.17:949][486]LogStaticLightingSystem:Warning: No importance volume found, so the scene bounding box was used.  You can optimize your scene's quality and lighting build times by adding importance volumes.
[2017.06.16-22.40.17:949][486]LogStaticLightingSystem: Running Lightmass w/ ImmediateImport mode ENABLED
[2017.06.16-22.40.17:949][486]LogStaticLightingSystem: Running Lightmass w/ ImmediateProcess mode ENABLED
[2017.06.16-22.40.17:949][486]LogStaticLightingSystem: Running Lightmass w/ Sorting mode ENABLED
[2017.06.16-22.40.17:949][486]LogStaticLightingSystem: Running Lightmass w/ Mapping paddings ENABLED
[2017.06.16-22.40.17:949][486]LogStaticLightingSystem: Running Lightmass w/ Mapping debug paddings DISABLED
[2017.06.16-22.40.18:019][486]Cmd: MAP CHECK DONTDISPLAYDIALOG
[2017.06.16-22.40.18:019][486]MapCheck: New page: DOOM_FanArt_Reactor_01 - Jun 16, 2017, 10:40:18 AM
[2017.06.16-22.40.18:020][486]MapCheck:Error: Error WorldSettings_1 Maps need lighting rebuilt 
[2017.06.16-22.40.18:057][486]MapCheck: Info Map check complete: 1 Error(s), 0 Warning(s), took 38.081ms to complete.
[2017.06.16-22.40.18:079][486]LogEditorBuildUtils: Build time 0:05
[2017.06.16-22.40.23:817][504]LightingResults:Warning: Warning ST_Stairs-platform Object has overlapping UVs.
[2017.06.16-22.40.23:817][504]LightingResults: Info ST_Stairs-platform Lightmap UV are overlapping by 33.4%. Please adjust content - Enable Error Coloring to visualize.
[2017.06.16-22.40.23:817][504]LightingResults:Warning: Warning WB_HeroAssets Object has overlapping UVs.
[2017.06.16-22.40.23:817][504]LightingResults: Info WB_HeroAssets Lightmap UV are overlapping by 30.0%. Please adjust content - Enable Error Coloring to visualize.
[2017.06.16-22.40.24:489][506]LightingResults:Warning: Warning WB_stair Object has overlapping UVs.
[2017.06.16-22.40.24:489][506]LightingResults: Info WB_stair Lightmap UV are overlapping by 5.9%. Please adjust content - Enable Error Coloring to visualize.
[2017.06.16-22.40.24:489][506]LightingResults:Warning: Warning crate Object has overlapping UVs.
[2017.06.16-22.40.24:489][506]LightingResults: Info crate Lightmap UV are overlapping by 60.1%. Please adjust content - Enable Error Coloring to visualize.
[2017.06.16-22.40.35:882][606]Job is a success!
[2017.06.16-22.40.36:462][607]LogTexture:Display: Building textures: HQ_Lightmap0_1 (AutoDXT, 512X512)
[2017.06.16-22.40.36:462][607]LogTexture:Display: Building textures: LQ_Lightmap_0_1 (DXT1, 512X512)
[2017.06.16-22.40.36:462][607]LogTexture:Display: Building textures: ShadowMapTexture2D_2 (BGRA8, 1024X64)
[2017.06.16-22.40.36:484][607]Lightmass on AZUREPCINTEL: 17.9 sec total, 1.04 sec importing, 981 ms setup, 1.37 sec photons, 14.5 sec processing, 0 ms extra exporting [17/17 mappings]. Threads: 1:41 min total, 27.5 sec processing.
[2017.06.16-22.40.36:515][607]LogStaticLightingSystem: Illumination: 22.7 sec (144 ms encoding lightmaps, 34 ms encoding shadowmaps)
[2017.06.16-22.40.36:515][607]LogStaticLightingSystem: Lightmap texture memory:  0.5 MB (0.5 MB streaming, 0.0 MB non-streaming), 2 textures
[2017.06.16-22.40.36:515][607]LogStaticLightingSystem: Shadowmap texture memory: 0.3 MB (0.3 MB streaming, 0.0 MB non-streaming), 1 textures
[2017.06.16-22.40.36:955][607]DumpUnbuiltLightIteractions
[2017.06.16-22.40.36:955][607]Lights with unbuilt interactions: 0
[2017.06.16-22.40.36:955][607]
[2017.06.16-22.40.36:955][607]Primitives with unbuilt interactions: 0
[2017.06.16-22.40.36:965][608]Cmd: MAP CHECK NOTIFYRESULTS
[2017.06.16-22.40.36:965][608]MapCheck: New page: DOOM_FanArt_Reactor_01 - Jun 16, 2017, 10:40:36 AM
[2017.06.16-22.40.37:011][608]MapCheck: Info Map check complete: 0 Error(s), 0 Warning(s), took 46.201ms to complete.
[2017.06.16-22.44.32:237][393]Cmd: DELETE
[2017.06.16-22.44.32:237][393]Cmd: ACTOR DELETE
[2017.06.16-22.44.32:238][393]LogEditorActor: Deleted Actor: PointLight
[2017.06.16-22.44.32:248][393]LogEditorActor: Deleted 1 Actors (0.010 secs)
[2017.06.16-22.44.33:674][564]LogEditorViewport: Clicking on Actor (LMB): PointLight (PointLight)
[2017.06.16-22.46.17:679][939]LogRenderer: Reallocating scene render targets to support 1220x588 NumSamples 1 (Frame:17745).
[2017.06.16-22.46.21:888][350]Cmd: DELETE
[2017.06.16-22.46.21:888][350]Cmd: ACTOR DELETE
[2017.06.16-22.46.21:888][350]LogEditorActor: Deleted Actor: PointLight
[2017.06.16-22.46.21:895][350]LogEditorActor: Deleted 1 Actors (0.007 secs)
[2017.06.16-22.46.46:261][121]Cmd: QUIT_EDITOR
[2017.06.16-22.46.46:291][121]LogWindowsTextInputMethodSystem:Display: IME system now deactivated.
[2017.06.16-22.46.46:299][121]LogExit: Preparing to exit.
[2017.06.16-22.46.46:987][121]LogDirectoryWatcher: A directory notification for 'C:/Users/AzurePC Intel/Documents/GitHub/Enviro_2/Enviro_2/Content/' was aborted.
[2017.06.16-22.46.46:999][121]LogExit: Editor shut down
[2017.06.16-22.46.47:005][121]LogExit: Transaction tracking system shut down
[2017.06.16-22.46.47:078][121]LogObj: Freed 0b from 0 cluster array pools.
[2017.06.16-22.46.47:078][121]LogExit: Object subsystem successfully closed.
[2017.06.16-22.46.47:099][121]LogD3D11RHI: Shutdown
[2017.06.16-22.46.47:099][121]LogD3D11RHI: CleanupD3DDevice
[2017.06.16-22.46.47:190][121]LogD3D11RHI: ~FD3D11DynamicRHI
[2017.06.16-22.46.47:199][121]LogModuleManager: Shutting down and abandoning module HierarchicalLODUtilities (530)
[2017.06.16-22.46.47:199][121]LogModuleManager: Shutting down and abandoning module HierarchicalLODOutliner (528)
[2017.06.16-22.46.47:199][121]LogModuleManager: Shutting down and abandoning module CrashTracker (526)
[2017.06.16-22.46.47:199][121]LogModuleManager: Shutting down and abandoning module SceneOutliner (524)
[2017.06.16-22.46.47:199][121]LogModuleManager: Shutting down and abandoning module AddContentDialog (522)
[2017.06.16-22.46.47:199][121]LogDirectoryWatcher: A directory notification for 'C:/Program Files/Epic Games/UE_4.16/FeaturePacks/' was aborted.
[2017.06.16-22.46.47:200][121]LogModuleManager: Shutting down and abandoning module WidgetCarousel (521)
[2017.06.16-22.46.47:200][121]LogModuleManager: Shutting down and abandoning module EditorWidgets (518)
[2017.06.16-22.46.47:200][121]LogModuleManager: Shutting down and abandoning module CollectionManager (516)
[2017.06.16-22.46.47:200][121]LogDirectoryWatcher: A directory notification for 'C:/Users/AzurePC Intel/Documents/GitHub/Enviro_2/Enviro_2/Content/Collections/' was aborted.
[2017.06.16-22.46.47:200][121]LogDirectoryWatcher: A directory notification for 'C:/Users/AzurePC Intel/Documents/GitHub/Enviro_2/Enviro_2/Content/Developers/AzurePCIntel/Collections/' was aborted.
[2017.06.16-22.46.47:200][121]LogDirectoryWatcher: A directory notification for 'C:/Users/AzurePC Intel/Documents/GitHub/Enviro_2/Enviro_2/Saved/Collections/' was aborted.
[2017.06.16-22.46.47:200][121]LogModuleManager: Shutting down and abandoning module StatsViewer (514)
[2017.06.16-22.46.47:200][121]LogModuleManager: Shutting down and abandoning module FoliageEdit (512)
[2017.06.16-22.46.47:200][121]LogModuleManager: Shutting down and abandoning module LandscapeEditor (510)
[2017.06.16-22.46.47:200][121]LogModuleManager: Shutting down and abandoning module MeshPaintMode (508)
[2017.06.16-22.46.47:200][121]LogModuleManager: Shutting down and abandoning module SceneDepthPickerMode (506)
[2017.06.16-22.46.47:200][121]LogModuleManager: Shutting down and abandoning module ActorPickerMode (504)
[2017.06.16-22.46.47:200][121]LogModuleManager: Shutting down and abandoning module GeometryMode (502)
[2017.06.16-22.46.47:200][121]LogModuleManager: Shutting down and abandoning module TextureAlignMode (500)
[2017.06.16-22.46.47:200][121]LogModuleManager: Shutting down and abandoning module BspMode (498)
[2017.06.16-22.46.47:200][121]LogModuleManager: Shutting down and abandoning module HardwareSurvey (496)
[2017.06.16-22.46.47:200][121]LogModuleManager: Shutting down and abandoning module SequenceRecorderSections (494)
[2017.06.16-22.46.47:200][121]LogModuleManager: Shutting down and abandoning module AutomationWorker (492)
[2017.06.16-22.46.47:200][121]LogModuleManager: Shutting down and abandoning module MatineeToLevelSequence (490)
[2017.06.16-22.46.47:200][121]LogModuleManager: Shutting down and abandoning module LevelSequenceEditor (488)
[2017.06.16-22.46.47:200][121]LogModuleManager: Shutting down and abandoning module PlacementMode (487)
[2017.06.16-22.46.47:200][121]LogModuleManager: Shutting down and abandoning module WmfMediaFactory (484)
[2017.06.16-22.46.47:200][121]LogModuleManager: Shutting down and abandoning module WmfMediaEditor (482)
[2017.06.16-22.46.47:200][121]LogModuleManager: Shutting down and abandoning module AvfMediaFactory (480)
[2017.06.16-22.46.47:200][121]LogModuleManager: Shutting down and abandoning module AvfMediaEditor (478)
[2017.06.16-22.46.47:200][121]LogModuleManager: Shutting down and abandoning module AndroidMediaFactory (476)
[2017.06.16-22.46.47:200][121]LogModuleManager: Shutting down and abandoning module Media (475)
[2017.06.16-22.46.47:200][121]LogModuleManager: Shutting down and abandoning module AndroidMediaEditor (472)
[2017.06.16-22.46.47:200][121]LogModuleManager: Shutting down and abandoning module CharacterAI (470)
[2017.06.16-22.46.47:200][121]LogModuleManager: Shutting down and abandoning module AudioCapture (468)
[2017.06.16-22.46.47:200][121]LogModuleManager: Shutting down and abandoning module SequenceRecorder (467)
[2017.06.16-22.46.47:200][121]LogModuleManager: Shutting down and abandoning module SmartSnapping (464)
[2017.06.16-22.46.47:200][121]LogModuleManager: Shutting down and abandoning module SessionServices (462)
[2017.06.16-22.46.47:200][121]LogModuleManager: Shutting down and abandoning module ViewportSnapping (460)
[2017.06.16-22.46.47:200][121]LogModuleManager: Shutting down and abandoning module ViewportInteraction (458)
[2017.06.16-22.46.47:200][121]LogModuleManager: Shutting down and abandoning module ClothPainter (456)
[2017.06.16-22.46.47:200][121]LogModuleManager: Shutting down and abandoning module LogVisualizer (454)
[2017.06.16-22.46.47:200][121]LogModuleManager: Shutting down and abandoning module IntroTutorials (452)
[2017.06.16-22.46.47:200][121]LogModuleManager: Shutting down and abandoning module GameProjectGeneration (451)
[2017.06.16-22.46.47:200][121]LogModuleManager: Shutting down and abandoning module EditorLiveStreaming (448)
[2017.06.16-22.46.47:200][121]LogModuleManager: Shutting down and abandoning module IOSPlatformEditor (446)
[2017.06.16-22.46.47:200][121]LogModuleManager: Shutting down and abandoning module HTML5PlatformEditor (444)
[2017.06.16-22.46.47:201][121]LogModuleManager: Shutting down and abandoning module AndroidPlatformEditor (442)
[2017.06.16-22.46.47:201][121]LogModuleManager: Shutting down and abandoning module AndroidDeviceDetection (441)
[2017.06.16-22.46.47:496][121]LogModuleManager: Shutting down and abandoning module IOSRuntimeSettings (438)
[2017.06.16-22.46.47:496][121]LogModuleManager: Shutting down and abandoning module AndroidRuntimeSettings (436)
[2017.06.16-22.46.47:496][121]LogModuleManager: Shutting down and abandoning module InputBindingEditor (434)
[2017.06.16-22.46.47:496][121]LogModuleManager: Shutting down and abandoning module MergeActors (432)
[2017.06.16-22.46.47:496][121]LogModuleManager: Shutting down and abandoning module SizeMap (430)
[2017.06.16-22.46.47:496][121]LogModuleManager: Shutting down and abandoning module TreeMap (428)
[2017.06.16-22.46.47:496][121]LogModuleManager: Shutting down and abandoning module ReferenceViewer (426)
[2017.06.16-22.46.47:496][121]LogModuleManager: Shutting down and abandoning module LocalizationDashboard (424)
[2017.06.16-22.46.47:496][121]LogModuleManager: Shutting down and abandoning module LocalizationService (423)
[2017.06.16-22.46.47:496][121]LogModuleManager: Shutting down and abandoning module HardwareTargeting (420)
[2017.06.16-22.46.47:496][121]LogModuleManager: Shutting down and abandoning module DeviceProfileEditor (418)
[2017.06.16-22.46.47:496][121]LogModuleManager: Shutting down and abandoning module UndoHistory (416)
[2017.06.16-22.46.47:496][121]LogModuleManager: Shutting down and abandoning module UserFeedback (414)
[2017.06.16-22.46.47:496][121]LogModuleManager: Shutting down and abandoning module XmlParser (412)
[2017.06.16-22.46.47:496][121]LogModuleManager: Shutting down and abandoning module Blutility (410)
[2017.06.16-22.46.47:496][121]LogModuleManager: Shutting down and abandoning module ProjectSettingsViewer (408)
[2017.06.16-22.46.47:496][121]LogModuleManager: Shutting down and abandoning module ProjectTargetPlatformEditor (407)
[2017.06.16-22.46.47:496][121]LogModuleManager: Shutting down and abandoning module EditorSettingsViewer (404)
[2017.06.16-22.46.47:496][121]LogModuleManager: Shutting down and abandoning module SettingsEditor (402)
[2017.06.16-22.46.47:496][121]LogModuleManager: Shutting down and abandoning module ProjectLauncher (400)
[2017.06.16-22.46.47:496][121]LogModuleManager: Shutting down and abandoning module SessionFrontend (398)
[2017.06.16-22.46.47:496][121]LogModuleManager: Shutting down and abandoning module ProfilerClient (396)
[2017.06.16-22.46.47:496][121]LogModuleManager: Shutting down and abandoning module DeviceManager (394)
[2017.06.16-22.46.47:496][121]LogModuleManager: Shutting down and abandoning module TargetDeviceServices (393)
[2017.06.16-22.46.47:563][121]LogModuleManager: Shutting down and abandoning module AutomationController (390)
[2017.06.16-22.46.47:563][121]LogModuleManager: Shutting down and abandoning module AutomationWindow (388)
[2017.06.16-22.46.47:563][121]LogModuleManager: Shutting down and abandoning module Layers (386)
[2017.06.16-22.46.47:563][121]LogModuleManager: Shutting down and abandoning module ComponentVisualizers (384)
[2017.06.16-22.46.47:563][121]LogModuleManager: Shutting down and abandoning module DetailCustomizations (382)
[2017.06.16-22.46.47:563][121]LogModuleManager: Shutting down and abandoning module PackagesDialog (380)
[2017.06.16-22.46.47:563][121]LogModuleManager: Shutting down and abandoning module Persona (378)
[2017.06.16-22.46.47:563][121]LogModuleManager: Shutting down and abandoning module AdvancedPreviewScene (377)
[2017.06.16-22.46.47:563][121]LogModuleManager: Shutting down and abandoning module AnimGraph (375)
[2017.06.16-22.46.47:563][121]LogModuleManager: Shutting down and abandoning module Kismet (372)
[2017.06.16-22.46.47:563][121]LogModuleManager: Shutting down and abandoning module ClassViewer (370)
[2017.06.16-22.46.47:563][121]LogModuleManager: Shutting down and abandoning module Toolbox (368)
[2017.06.16-22.46.47:563][121]LogModuleManager: Shutting down and abandoning module ModuleUI (366)
[2017.06.16-22.46.47:563][121]LogModuleManager: Shutting down and abandoning module MovieSceneTools (364)
[2017.06.16-22.46.47:563][121]LogModuleManager: Shutting down and abandoning module OutputLog (362)
[2017.06.16-22.46.47:563][121]LogModuleManager: Shutting down and abandoning module GammaUI (360)
[2017.06.16-22.46.47:563][121]LogModuleManager: Shutting down and abandoning module Documentation (358)
[2017.06.16-22.46.47:563][121]LogModuleManager: Shutting down and abandoning module MovieSceneTracks (356)
[2017.06.16-22.46.47:563][121]LogModuleManager: Shutting down and abandoning module MovieScene (354)
[2017.06.16-22.46.47:563][121]LogModuleManager: Shutting down and abandoning module Niagara (352)
[2017.06.16-22.46.47:563][121]LogModuleManager: Shutting down and abandoning module NiagaraEditor (351)
[2017.06.16-22.46.47:563][121]LogModuleManager: Shutting down and abandoning module StreamingPauseRendering (348)
[2017.06.16-22.46.47:563][121]LogModuleManager: Shutting down and abandoning module AnalyticsET (346)
[2017.06.16-22.46.47:563][121]LogModuleManager: Shutting down and abandoning module PortalServices (344)
[2017.06.16-22.46.47:563][121]LogModuleManager: Shutting down and abandoning module PortalRpc (342)
[2017.06.16-22.46.47:563][121]LogModuleManager: Shutting down and abandoning module MessagingRpc (340)
[2017.06.16-22.46.47:563][121]LogModuleManager: Shutting down and abandoning module AIModule (338)
[2017.06.16-22.46.47:563][121]LogModuleManager: Shutting down and abandoning module GameplayDebugger (337)
[2017.06.16-22.46.47:563][121]LogModuleManager: Shutting down and abandoning module AITestSuite (335)
[2017.06.16-22.46.47:563][121]LogModuleManager: Shutting down and abandoning module ProfilerService (332)
[2017.06.16-22.46.47:596][121]LogModuleManager: Shutting down and abandoning module TaskGraph (330)
[2017.06.16-22.46.47:596][121]LogModuleManager: Shutting down and abandoning module SubstanceEditor (328)
[2017.06.16-22.46.47:596][121]LogModuleManager: Shutting down and abandoning module SteamVRController (326)
[2017.06.16-22.46.47:596][121]LogModuleManager: Shutting down and abandoning module SteamVR (324)
[2017.06.16-22.46.47:596][121]LogModuleManager: Shutting down and abandoning module ProceduralMeshComponentEditor (322)
[2017.06.16-22.46.47:596][121]LogModuleManager: Shutting down and abandoning module ProceduralMeshComponent (320)
[2017.06.16-22.46.47:596][121]LogModuleManager: Shutting down and abandoning module OculusLibrary (318)
[2017.06.16-22.46.47:596][121]LogModuleManager: Shutting down and abandoning module OculusInput (316)
[2017.06.16-22.46.47:596][121]LogModuleManager: Shutting down and abandoning module MobilePatchingUtils (314)
[2017.06.16-22.46.47:596][121]LogModuleManager: Shutting down and abandoning module CustomMeshComponent (312)
[2017.06.16-22.46.47:596][121]LogModuleManager: Shutting down and abandoning module CableComponent (310)
[2017.06.16-22.46.47:596][121]LogModuleManager: Shutting down and abandoning module ArchVisCharacter (308)
[2017.06.16-22.46.47:596][121]LogModuleManager: Shutting down and abandoning module AndroidPermission (306)
[2017.06.16-22.46.47:596][121]LogModuleManager: Shutting down and abandoning module MediaPlayerEditor (302)
[2017.06.16-22.46.47:596][121]LogModuleManager: Shutting down and abandoning module HTML5Networking (300)
[2017.06.16-22.46.47:596][121]LogModuleManager: Shutting down and abandoning module AlembicImporter (298)
[2017.06.16-22.46.47:596][121]LogModuleManager: Shutting down and abandoning module AlembicLibrary (297)
[2017.06.16-22.46.47:596][121]LogModuleManager: Shutting down and abandoning module GeometryCache (296)
[2017.06.16-22.46.47:596][121]LogModuleManager: Shutting down and abandoning module GeometryCacheEd (295)
[2017.06.16-22.46.47:596][121]LogModuleManager: Shutting down and abandoning module SuperSearchEditor (290)
[2017.06.16-22.46.47:596][121]LogModuleManager: Shutting down and abandoning module SuperSearch (289)
[2017.06.16-22.46.47:596][121]LogModuleManager: Shutting down and abandoning module SpeedTreeImporter (286)
[2017.06.16-22.46.47:596][121]LogModuleManager: Shutting down and abandoning module PluginBrowser (284)
[2017.06.16-22.46.47:596][121]LogModuleManager: Shutting down and abandoning module MobileLauncherProfileWizard (282)
[2017.06.16-22.46.47:596][121]LogModuleManager: Shutting down and abandoning module VisualStudioSourceCodeAccess (280)
[2017.06.16-22.46.47:596][121]LogModuleManager: Shutting down and abandoning module DesktopPlatform (279)
[2017.06.16-22.46.47:596][121]LogModuleManager: Shutting down and abandoning module UObjectPlugin (276)
[2017.06.16-22.46.47:596][121]LogModuleManager: Shutting down and abandoning module SubversionSourceControl (274)
[2017.06.16-22.46.47:596][121]LogModuleManager: Shutting down and abandoning module PerforceSourceControl (272)
[2017.06.16-22.46.47:596][121]LogModuleManager: Shutting down and abandoning module GitSourceControl (270)
[2017.06.16-22.46.47:596][121]LogModuleManager: Shutting down and abandoning module SourceControl (269)
[2017.06.16-22.46.47:596][121]LogModuleManager: Shutting down and abandoning module LightPropagationVolumeEditor (266)
[2017.06.16-22.46.47:596][121]LogModuleManager: Shutting down and abandoning module PaperTiledImporter (264)
[2017.06.16-22.46.47:596][121]LogModuleManager: Shutting down and abandoning module PaperSpriteSheetImporter (262)
[2017.06.16-22.46.47:596][121]LogModuleManager: Shutting down and abandoning module Paper2DEditor (260)
[2017.06.16-22.46.47:596][121]LogModuleManager: Shutting down and abandoning module MeshPaint (259)
[2017.06.16-22.46.47:596][121]LogModuleManager: Shutting down and abandoning module LevelEditor (257)
[2017.06.16-22.46.47:597][121]LogModuleManager: Shutting down and abandoning module PixelInspectorModule (256)
[2017.06.16-22.46.47:597][121]LogModuleManager: Shutting down and abandoning module MainFrame (254)
[2017.06.16-22.46.47:597][121]LogModuleManager: Shutting down and abandoning module HotReload (253)
[2017.06.16-22.46.47:597][121]LogModuleManager: Shutting down and abandoning module PhysXVehiclesEditor (248)
[2017.06.16-22.46.47:597][121]LogModuleManager: Shutting down and abandoning module PhysXVehicles (246)
[2017.06.16-22.46.47:597][121]LogModuleManager: Shutting down and abandoning module LocationServicesBPLibrary (244)
[2017.06.16-22.46.47:597][121]LogModuleManager: Shutting down and abandoning module ImmediatePhysicsEditor (242)
[2017.06.16-22.46.47:597][121]LogModuleManager: Shutting down and abandoning module ImmediatePhysics (240)
[2017.06.16-22.46.47:597][121]LogModuleManager: Shutting down and abandoning module UdpMessaging (238)
[2017.06.16-22.46.47:697][121]LogModuleManager: Shutting down and abandoning module TcpMessaging (236)
[2017.06.16-22.46.47:854][121]LogModuleManager: Shutting down and abandoning module SubstanceCore (234)
[2017.06.16-22.46.47:854][121]LogModuleManager: Shutting down and abandoning module GameplayTagsEditor (232)
[2017.06.16-22.46.47:854][121]LogModuleManager: Shutting down and abandoning module FacialAnimationEditor (230)
[2017.06.16-22.46.47:854][121]LogModuleManager: Shutting down and abandoning module FacialAnimation (228)
[2017.06.16-22.46.47:854][121]LogModuleManager: Shutting down and abandoning module AssetManagerEditor (226)
[2017.06.16-22.46.47:854][121]LogModuleManager: Shutting down and abandoning module GraphEditor (225)
[2017.06.16-22.46.47:854][121]LogModuleManager: Shutting down and abandoning module ContentBrowser (223)
[2017.06.16-22.46.47:855][121]LogModuleManager: Shutting down and abandoning module LightPropagationVolumeRuntime (220)
[2017.06.16-22.46.47:855][121]LogModuleManager: Shutting down and abandoning module Paper2D (218)
[2017.06.16-22.46.47:855][121]LogModuleManager: Shutting down and abandoning module WindowsMoviePlayer (216)
[2017.06.16-22.46.47:855][121]LogModuleManager: Shutting down and abandoning module WmfMedia (214)
[2017.06.16-22.46.47:855][121]LogModuleManager: Shutting down and abandoning module ClothingSystemEditor (212)
[2017.06.16-22.46.47:855][121]LogModuleManager: Shutting down and abandoning module ClothingSystemRuntime (210)
[2017.06.16-22.46.47:855][121]LogModuleManager: Shutting down and abandoning module MediaAssets (208)
[2017.06.16-22.46.47:855][121]LogModuleManager: Shutting down and abandoning module GameLiveStreaming (206)
[2017.06.16-22.46.47:855][121]LogModuleManager: Shutting down and abandoning module VREditor (204)
[2017.06.16-22.46.47:855][121]LogModuleManager: Shutting down and abandoning module StringTableEditor (202)
[2017.06.16-22.46.47:855][121]LogModuleManager: Shutting down and abandoning module GameplayTasksEditor (200)
[2017.06.16-22.46.47:855][121]LogModuleManager: Shutting down and abandoning module BehaviorTreeEditor (198)
[2017.06.16-22.46.47:855][121]LogModuleManager: Shutting down and abandoning module FunctionalTesting (196)
[2017.06.16-22.46.47:855][121]LogModuleManager: Shutting down and abandoning module CollisionAnalyzer (194)
[2017.06.16-22.46.47:855][121]LogModuleManager: Shutting down and abandoning module UMG (192)
[2017.06.16-22.46.47:855][121]LogModuleManager: Shutting down and abandoning module UMGEditor (191)
[2017.06.16-22.46.47:855][121]LogModuleManager: Shutting down and abandoning module Sequencer (190)
[2017.06.16-22.46.47:855][121]LogModuleManager: Shutting down and abandoning module AssetTools (188)
[2017.06.16-22.46.47:855][121]LogModuleManager: Shutting down and abandoning module MessageLog (187)
[2017.06.16-22.46.47:855][121]LogModuleManager: Shutting down and abandoning module WorkspaceMenuStructure (186)
[2017.06.16-22.46.47:855][121]LogModuleManager: Shutting down and abandoning module SlateReflector (180)
[2017.06.16-22.46.47:855][121]LogModuleManager: Shutting down and abandoning module Slate (178)
[2017.06.16-22.46.47:855][121]LogModuleManager: Shutting down and abandoning module EditorStyle (176)
[2017.06.16-22.46.47:857][121]LogModuleManager: Shutting down and abandoning module SourceCodeAccess (174)
[2017.06.16-22.46.47:857][121]LogModuleManager: Shutting down and abandoning module HeadMountedDisplay (172)
[2017.06.16-22.46.47:857][121]LogModuleManager: Shutting down and abandoning module XAudio2 (170)
[2017.06.16-22.46.47:857][121]LogModuleManager: Shutting down and abandoning module Networking (168)
[2017.06.16-22.46.47:857][121]LogModuleManager: Shutting down and abandoning module Core (164)
[2017.06.16-22.46.47:857][121]LogModuleManager: Shutting down and abandoning module AssetRegistry (162)
[2017.06.16-22.46.48:037][121]LogDirectoryWatcher: A directory notification for '../../../Engine/Content/' was aborted.
[2017.06.16-22.46.48:038][121]LogDirectoryWatcher: A directory notification for '../../../../../../Users/AzurePC Intel/Documents/GitHub/Enviro_2/Enviro_2/Content/' was aborted.
[2017.06.16-22.46.48:038][121]LogDirectoryWatcher: A directory notification for '../../../Engine/Plugins/2D/Paper2D/Content/' was aborted.
[2017.06.16-22.46.48:038][121]LogDirectoryWatcher: A directory notification for '../../../Engine/Plugins/Runtime/GearVR/Content/' was aborted.
[2017.06.16-22.46.48:040][121]LogModuleManager: Shutting down and abandoning module DirectoryWatcher (161)
[2017.06.16-22.46.48:040][121]LogModuleManager: Shutting down and abandoning module KismetCompiler (158)
[2017.06.16-22.46.48:040][121]LogModuleManager: Shutting down and abandoning module LevelSequence (156)
[2017.06.16-22.46.48:040][121]LogModuleManager: Shutting down and abandoning module PhysXFormats (154)
[2017.06.16-22.46.48:040][121]LogModuleManager: Shutting down and abandoning module MeshUtilities (152)
[2017.06.16-22.46.48:040][121]LogModuleManager: Shutting down and abandoning module SimplygonSwarm (151)
[2017.06.16-22.46.48:040][121]LogModuleManager: Shutting down and abandoning module SimplygonMeshReduction (149)
[2017.06.16-22.46.48:040][121]LogModuleManager: Shutting down and abandoning module QuadricMeshReduction (147)
[2017.06.16-22.46.48:040][121]LogModuleManager: Shutting down and abandoning module DerivedDataCache (144)
[2017.06.16-22.46.48:052][121]LogDerivedDataCache: Shutdown
[2017.06.16-22.46.48:052][121]LogModuleManager: Shutting down and abandoning module TargetPlatform (142)
[2017.06.16-22.46.48:052][121]LogModuleManager: Shutting down and abandoning module VulkanShaderFormat (141)
[2017.06.16-22.46.48:052][121]LogModuleManager: Shutting down and abandoning module ShaderFormatVectorVM (139)
[2017.06.16-22.46.48:052][121]LogModuleManager: Shutting down and abandoning module ShaderFormatOpenGL (137)
[2017.06.16-22.46.48:052][121]LogModuleManager: Shutting down and abandoning module ShaderFormatD3D (135)
[2017.06.16-22.46.48:052][121]LogModuleManager: Shutting down and abandoning module MetalShaderFormat (133)
[2017.06.16-22.46.48:052][121]LogModuleManager: Shutting down and abandoning module TextureFormatUncompressed (131)
[2017.06.16-22.46.48:052][121]LogModuleManager: Shutting down and abandoning module TextureFormatPVR (129)
[2017.06.16-22.46.48:052][121]LogModuleManager: Shutting down and abandoning module TextureFormatDXT (127)
[2017.06.16-22.46.48:052][121]LogModuleManager: Shutting down and abandoning module TextureFormatIntelISPCTexComp (125)
[2017.06.16-22.46.48:052][121]LogModuleManager: Shutting down and abandoning module TextureFormatASTC (123)
[2017.06.16-22.46.48:052][121]LogModuleManager: Shutting down and abandoning module ImageWrapper (122)
[2017.06.16-22.46.48:052][121]LogModuleManager: Shutting down and abandoning module TextureFormatAndroid (119)
[2017.06.16-22.46.48:052][121]LogModuleManager: Shutting down and abandoning module AudioFormatOpus (117)
[2017.06.16-22.46.48:052][121]LogModuleManager: Shutting down and abandoning module AudioFormatOgg (115)
[2017.06.16-22.46.48:052][121]LogModuleManager: Shutting down and abandoning module AudioFormatADPCM (113)
[2017.06.16-22.46.48:052][121]LogModuleManager: Shutting down and abandoning module LinuxTargetPlatform (111)
[2017.06.16-22.46.48:052][121]LogModuleManager: Shutting down and abandoning module LinuxServerTargetPlatform (109)
[2017.06.16-22.46.48:052][121]LogModuleManager: Shutting down and abandoning module LinuxNoEditorTargetPlatform (107)
[2017.06.16-22.46.48:052][121]LogModuleManager: Shutting down and abandoning module LinuxClientTargetPlatform (105)
[2017.06.16-22.46.48:052][121]LogModuleManager: Shutting down and abandoning module TVOSTargetPlatform (103)
[2017.06.16-22.46.48:052][121]LogModuleManager: Shutting down and abandoning module Messaging (101)
[2017.06.16-22.46.48:052][121]LogModuleManager: Shutting down and abandoning module IOSTargetPlatform (99)
[2017.06.16-22.46.48:052][121]LogModuleManager: Shutting down and abandoning module HTML5TargetPlatform (97)
[2017.06.16-22.46.48:052][121]LogModuleManager: Shutting down and abandoning module Android_PVRTCTargetPlatform (95)
[2017.06.16-22.46.48:052][121]LogModuleManager: Shutting down and abandoning module Android_MultiTargetPlatform (93)
[2017.06.16-22.46.48:052][121]LogModuleManager: Shutting down and abandoning module Android_ETC2TargetPlatform (91)
[2017.06.16-22.46.48:052][121]LogModuleManager: Shutting down and abandoning module Android_ETC1TargetPlatform (89)
[2017.06.16-22.46.48:052][121]LogModuleManager: Shutting down and abandoning module Android_DXTTargetPlatform (87)
[2017.06.16-22.46.48:052][121]LogModuleManager: Shutting down and abandoning module Android_ATCTargetPlatform (85)
[2017.06.16-22.46.48:052][121]LogModuleManager: Shutting down and abandoning module Android_ASTCTargetPlatform (83)
[2017.06.16-22.46.48:052][121]LogModuleManager: Shutting down and abandoning module AndroidTargetPlatform (81)
[2017.06.16-22.46.48:052][121]LogModuleManager: Shutting down and abandoning module WindowsTargetPlatform (79)
[2017.06.16-22.46.48:052][121]LogModuleManager: Shutting down and abandoning module WindowsServerTargetPlatform (77)
[2017.06.16-22.46.48:052][121]LogModuleManager: Shutting down and abandoning module WindowsNoEditorTargetPlatform (75)
[2017.06.16-22.46.48:052][121]LogModuleManager: Shutting down and abandoning module WindowsClientTargetPlatform (73)
[2017.06.16-22.46.48:052][121]LogModuleManager: Shutting down and abandoning module MacTargetPlatform (71)
[2017.06.16-22.46.48:052][121]LogModuleManager: Shutting down and abandoning module MacServerTargetPlatform (69)
[2017.06.16-22.46.48:052][121]LogModuleManager: Shutting down and abandoning module MacNoEditorTargetPlatform (67)
[2017.06.16-22.46.48:052][121]LogModuleManager: Shutting down and abandoning module MacClientTargetPlatform (65)
[2017.06.16-22.46.48:052][121]LogModuleManager: Shutting down and abandoning module AllDesktopTargetPlatform (63)
[2017.06.16-22.46.48:052][121]LogModuleManager: Shutting down and abandoning module InputCore (60)
[2017.06.16-22.46.48:052][121]LogModuleManager: Shutting down and abandoning module Settings (58)
[2017.06.16-22.46.48:052][121]LogModuleManager: Shutting down and abandoning module OculusRift (56)
[2017.06.16-22.46.48:052][121]LogModuleManager: Shutting down and abandoning module GearVRController (54)
[2017.06.16-22.46.48:052][121]LogModuleManager: Shutting down and abandoning module GearVR (52)
[2017.06.16-22.46.48:052][121]LogModuleManager: Shutting down and abandoning module ExampleDeviceProfileSelector (50)
[2017.06.16-22.46.48:052][121]LogModuleManager: Shutting down and abandoning module OnlineBlueprintSupport (48)
[2017.06.16-22.46.48:052][121]LogModuleManager: Shutting down and abandoning module OnlineSubsystem (44)
[2017.06.16-22.46.48:053][121]LogOnline:Display: Unloading online subsystem: NULL
[2017.06.16-22.46.48:053][121]LogModuleManager: Shutting down and abandoning module XMPP (43)
[2017.06.16-22.46.48:053][121]LogModuleManager: Shutting down and abandoning module HTTP (41)
[2017.06.16-22.46.48:053][121]LogHttp:Display: Http module shutting down, but needs to wait on 1 outstanding Http requests:
[2017.06.16-22.46.48:053][121]LogHttp:Display: 	verb=[POST] url=[https://datarouter.ol.epicgames.com/datarouter/api/v1/public/data?SessionID=%7B516BF44A-447C-F518-B336-8193FCAA0FB5%7D&AppID=UEEditor.Rocket.Release&AppVersion=4.16.1-3466753%2B%2B%2BUE4%2BRelease-4.16&UserID=da2c64f64af90778841cdbb7a9e7271c%7C4e59904afcc6489195f8095de720415d%7Ce6cec269-2a62-4e13-9f24-3ef9e02a4e7c&AppEnvironment=datacollector-binary&UploadType=eteventstream] status=Processing
[2017.06.16-22.46.48:077][121]LogModuleManager: Shutting down and abandoning module SSL (40)
[2017.06.16-22.46.48:078][121]LogModuleManager: Shutting down and abandoning module HTTPChunkInstaller (36)
[2017.06.16-22.46.48:078][121]LogModuleManager: Shutting down and abandoning module AnimationModifiers (34)
[2017.06.16-22.46.48:078][121]LogModuleManager: Shutting down and abandoning module PropertyEditor (33)
[2017.06.16-22.46.48:079][121]LogModuleManager: Shutting down and abandoning module AudioEditor (30)
[2017.06.16-22.46.48:079][121]LogModuleManager: Shutting down and abandoning module TextureCompressor (28)
[2017.06.16-22.46.48:079][121]LogModuleManager: Shutting down and abandoning module ShaderCore (26)
[2017.06.16-22.46.48:079][121]LogModuleManager: Shutting down and abandoning module Landscape (24)
[2017.06.16-22.46.48:079][121]LogModuleManager: Shutting down and abandoning module SlateRHIRenderer (22)
[2017.06.16-22.46.48:080][121]LogModuleManager: Shutting down and abandoning module OpenGLDrv (20)
[2017.06.16-22.46.48:080][121]LogModuleManager: Shutting down and abandoning module D3D11RHI (18)
[2017.06.16-22.46.48:080][121]LogModuleManager: Shutting down and abandoning module AnimGraphRuntime (16)
[2017.06.16-22.46.48:080][121]LogModuleManager: Shutting down and abandoning module Renderer (14)
[2017.06.16-22.46.48:080][121]LogModuleManager: Shutting down and abandoning module Engine (12)
[2017.06.16-22.46.48:080][121]LogModuleManager: Shutting down and abandoning module CoreUObject (10)
[2017.06.16-22.46.48:080][121]LogModuleManager: Shutting down and abandoning module NetworkFile (8)
[2017.06.16-22.46.48:080][121]LogModuleManager: Shutting down and abandoning module StreamingFile (6)
[2017.06.16-22.46.48:080][121]LogModuleManager: Shutting down and abandoning module SandboxFile (4)
[2017.06.16-22.46.48:080][121]LogModuleManager: Shutting down and abandoning module PakFile (2)
[2017.06.16-22.46.48:082][121]LogExit: Exiting.
[2017.06.16-22.46.48:093][121]Log file closed, 06/16/17 16:46:48
