Log file open, 06/19/17 17:35:52
LogInit:Display: Running engine for game: Enviro_2
LogPlatformFile: Not using cached read wrapper
LogInit:Display: RandInit(24059663) SRandInit(24059664).
LogTaskGraph: Started task graph with 5 named threads and 8 total threads with 1 sets of task threads.
LogStats: Stats thread started at 0.079295
LogInit: Using libcurl 7.47.1
LogInit:  - built for x86_64-pc-win32
LogInit:  - supports SSL with OpenSSL/1.0.2g
LogInit:  - supports HTTP deflate (compression) using libz 1.2.8
LogInit:  - other features:
LogInit:      CURL_VERSION_SSL
LogInit:      CURL_VERSION_LIBZ
LogInit:      CURL_VERSION_IPV6
LogInit:      CURL_VERSION_ASYNCHDNS
LogInit:      CURL_VERSION_LARGEFILE
LogInit:      CURL_VERSION_IDN
LogInit:  CurlRequestOptions (configurable via config and command line):
LogInit:  - bVerifyPeer = false  - Libcurl will NOT verify peer certificate
LogInit:  - bUseHttpProxy = false  - Libcurl will NOT use HTTP proxy
LogInit:  - bDontReuseConnections = false  - Libcurl will reuse connections
LogInit:  - CertBundlePath = nullptr  - Libcurl will use whatever was configured at build time.
LogInit: Build: ++UE4+Release-4.16-CL-3466753
LogInit: Engine Version: 4.16.1-3466753+++UE4+Release-4.16
LogInit: Compatible Engine Version: 4.16.0-3452394+++UE4+Release-4.16
LogInit: Net CL: 3452394
LogDevObjectVersion: Number of dev versions registered: 16
LogDevObjectVersion:   Dev-Blueprints (B0D832E4-1F89-4F0D-ACCF-7EB736FD4AA2): 9
LogDevObjectVersion:   Dev-Build (E1C64328-A22C-4D53-A36C-8E866417BD8C): 0
LogDevObjectVersion:   Dev-Core (375EC13C-06E4-48FB-B500-84F0262A717E): 2
LogDevObjectVersion:   Dev-Editor (E4B068ED-F494-42E9-A231-DA0B2E46BB41): 17
LogDevObjectVersion:   Dev-Framework (CFFC743F-43B0-4480-9391-14DF171D2073): 23
LogDevObjectVersion:   Dev-Mobile (B02B49B5-BB20-44E9-A304-32B752E40360): 0
LogDevObjectVersion:   Dev-Networking (A4E4105C-59A1-49B5-A7C5-40C4547EDFEE): 0
LogDevObjectVersion:   Dev-Online (39C831C9-5AE6-47DC-9A44-9C173E1C8E7C): 0
LogDevObjectVersion:   Dev-Physics (78F01B33-EBEA-4F98-B9B4-84EACCB95AA2): 0
LogDevObjectVersion:   Dev-Platform (6631380F-2D4D-43E0-8009-CF276956A95A): 0
LogDevObjectVersion:   Dev-Rendering (12F88B9F-8875-4AFC-A67C-D90C383ABD29): 15
LogDevObjectVersion:   Dev-Sequencer (7B5AE74C-D270-4C10-A958-57980B212A5A): 4
LogDevObjectVersion:   Dev-VR (D7296918-1DD6-4BDD-9DE2-64A83CC13884): 0
LogDevObjectVersion:   Dev-LoadTimes (C2A15278-BFE7-4AFE-6C17-90FF531DF755): 1
LogDevObjectVersion:   Private-Geometry (6EACA3D4-40EC-4CC1-B786-8BED09428FC5): 1
LogDevObjectVersion:   Dev-AnimPhys (29E575DD-E0A3-4627-9D10-D276232CDCEA): 3
LogInit: Compiled (64-bit): May 31 2017 02:03:30
LogInit: Compiled with Visual C++: 19.00.24215.01
LogInit: Build Configuration: Development
LogInit: Branch Name: ++UE4+Release-4.16
LogInit: Command line:  
LogInit: Base directory: C:/Program Files/Epic Games/UE_4.16/Engine/Binaries/Win64/
LogInit: Installed Engine Build: 1
LogInit: Presizing for max 8388607 objects, including 0 objects not considered by GC, pre-allocating 0 bytes for permanent pool.
LogInit: Object subsystem initialized
[2017.06.19-23.35.52:591][  0]LogInit: Selected Device Profile: [Windows]
[2017.06.19-23.35.52:591][  0]LogInit: Applying CVar settings loaded from the selected device profile: [Windows]
[2017.06.19-23.35.52:613][  0]LogInit: Computer: AZUREPCINTEL
[2017.06.19-23.35.52:613][  0]LogInit: User: AzurePCIntel
[2017.06.19-23.35.52:613][  0]LogInit: CPU Page size=4096, Cores=4
[2017.06.19-23.35.52:613][  0]LogInit: High frequency timer resolution =3.914065 MHz
[2017.06.19-23.35.52:614][  0]LogMemory: Memory total: Physical=16.0GB (16GB approx)
[2017.06.19-23.35.52:614][  0]LogMemory: Platform Memory Stats for Windows
[2017.06.19-23.35.52:614][  0]LogMemory: Process Physical Memory: 273.57 MB used, 273.57 MB peak
[2017.06.19-23.35.52:614][  0]LogMemory: Process Virtual Memory: 260.92 MB used, 260.92 MB peak
[2017.06.19-23.35.52:614][  0]LogMemory: Physical Memory: 4821.67 MB used,  11522.00 MB free, 16343.68 MB total
[2017.06.19-23.35.52:614][  0]LogMemory: Virtual Memory: 638.16 MB used,  11522.00 MB free, 134217728.00 MB total
[2017.06.19-23.35.52:778][  0]LogInit: Using OS detected language (en-US).
[2017.06.19-23.35.52:778][  0]LogInit: Using OS detected locale (en-US).
[2017.06.19-23.35.52:808][  0]LogTextLocalizationManager: No specific localization for 'en-US' exists, so the 'en' localization will be used.
[2017.06.19-23.35.54:919][  0]LogD3D11RHI: D3D11 adapters:
[2017.06.19-23.35.54:937][  0]LogD3D11RHI:    0. 'AMD Radeon (TM) R9 390 Series' (Feature Level 11_0)
[2017.06.19-23.35.54:937][  0]LogD3D11RHI:       8169/0/8171 MB DedicatedVideo/DedicatedSystem/SharedSystem, Outputs:2, VendorId:0x1002
[2017.06.19-23.35.54:938][  0]LogD3D11RHI:    1. 'Microsoft Basic Render Driver' (Feature Level 11_0)
[2017.06.19-23.35.54:938][  0]LogD3D11RHI:       0/0/8171 MB DedicatedVideo/DedicatedSystem/SharedSystem, Outputs:0, VendorId:0x1414
[2017.06.19-23.35.54:938][  0]LogD3D11RHI: Chosen D3D11 Adapter: 0
[2017.06.19-23.35.54:943][  0]LogD3D11RHI: Creating new Direct3DDevice
[2017.06.19-23.35.54:943][  0]LogD3D11RHI:     GPU DeviceId: 0x67b1 (for the marketing name, search the web for "GPU Device Id")
[2017.06.19-23.35.54:943][  0]LogWindows: EnumDisplayDevices:
[2017.06.19-23.35.54:943][  0]LogWindows:    0. 'AMD Radeon (TM) R9 390 Series' (P:1 D:1)
[2017.06.19-23.35.54:944][  0]LogWindows:    1. 'AMD Radeon (TM) R9 390 Series' (P:0 D:1)
[2017.06.19-23.35.54:944][  0]LogWindows:    2. 'AMD Radeon (TM) R9 390 Series' (P:0 D:0)
[2017.06.19-23.35.54:944][  0]LogWindows:    3. 'AMD Radeon (TM) R9 390 Series' (P:0 D:0)
[2017.06.19-23.35.54:944][  0]LogWindows:    4. 'AMD Radeon (TM) R9 390 Series' (P:0 D:0)
[2017.06.19-23.35.54:944][  0]LogWindows:    5. 'AMD Radeon (TM) R9 390 Series' (P:0 D:0)
[2017.06.19-23.35.54:944][  0]LogWindows: DebugString: FoundDriverCount:6 
[2017.06.19-23.35.54:944][  0]LogD3D11RHI:     Adapter Name: AMD Radeon (TM) R9 390 Series
[2017.06.19-23.35.54:944][  0]LogD3D11RHI:   Driver Version: Crimson ReLive 17.1.1 (internal:22.19.162.4, unified:22.19.162.4)
[2017.06.19-23.35.54:944][  0]LogD3D11RHI:      Driver Date: 4-24-2017
[2017.06.19-23.35.54:944][  0]LogRHI: Texture pool is 1361 MB (70% of 1945 MB)
[2017.06.19-23.35.54:975][  0]LogD3D11RHI: Async texture creation enabled
[2017.06.19-23.35.54:984][  0]LogD3D11RHI: GPU Timing Frequency: 27.000000 (Debug: 2 1)
[2017.06.19-23.35.54:984][  0]LogShaderCompilers: Guid format shader working directory is -19 characters bigger than the processId version (../../../../../../Users/AzurePC Intel/Documents/GitHub/Enviro_2/Enviro_2/Intermediate/Shaders/WorkingDirectory/13780/).
[2017.06.19-23.35.54:984][  0]LogShaderCompilers: Cleaned the shader compiler working directory 'C:/Users/AzurePC Intel/AppData/Local/Temp/UnrealShaderWorkingDir/5D8E585546CFC65A7DFB508237B2B1AA/'.
[2017.06.19-23.35.54:984][  0]LogShaderCompilers:Display: Using Local Shader Compiler.
[2017.06.19-23.35.56:521][  0]LogTemp:Display: Loaded TP AllDesktopTargetPlatform
[2017.06.19-23.35.56:565][  0]LogTemp:Display: Loaded TP MacClientTargetPlatform
[2017.06.19-23.35.56:608][  0]LogTemp:Display: Loaded TP MacNoEditorTargetPlatform
[2017.06.19-23.35.56:655][  0]LogTemp:Display: Loaded TP MacServerTargetPlatform
[2017.06.19-23.35.56:699][  0]LogTemp:Display: Loaded TP MacTargetPlatform
[2017.06.19-23.35.56:738][  0]LogTemp:Display: Loaded TP WindowsClientTargetPlatform
[2017.06.19-23.35.56:782][  0]LogTemp:Display: Loaded TP WindowsNoEditorTargetPlatform
[2017.06.19-23.35.56:829][  0]LogTemp:Display: Loaded TP WindowsServerTargetPlatform
[2017.06.19-23.35.56:864][  0]LogTemp:Display: Loaded TP WindowsTargetPlatform
[2017.06.19-23.35.56:904][  0]LogTemp:Display: Loaded TP AndroidTargetPlatform
[2017.06.19-23.35.56:944][  0]LogTemp:Display: Loaded TP Android_ASTCTargetPlatform
[2017.06.19-23.35.56:982][  0]LogTemp:Display: Loaded TP Android_ATCTargetPlatform
[2017.06.19-23.35.57:020][  0]LogTemp:Display: Loaded TP Android_DXTTargetPlatform
[2017.06.19-23.35.57:060][  0]LogTemp:Display: Loaded TP Android_ETC1TargetPlatform
[2017.06.19-23.35.57:100][  0]LogTemp:Display: Loaded TP Android_ETC2TargetPlatform
[2017.06.19-23.35.57:186][  0]LogTemp:Display: Loaded TP Android_MultiTargetPlatform
[2017.06.19-23.35.57:186][  0]LogTemp:Display: Loaded TP Android_PVRTCTargetPlatform
[2017.06.19-23.35.57:219][  0]LogTemp:Display: Loaded TP HTML5TargetPlatform
[2017.06.19-23.35.57:301][  0]LogTemp:Display: Loaded TP IOSTargetPlatform
[2017.06.19-23.35.57:325][  0]LogTemp:Display: Loaded TP TVOSTargetPlatform
[2017.06.19-23.35.57:365][  0]LogTemp:Display: Loaded TP LinuxClientTargetPlatform
[2017.06.19-23.35.57:403][  0]LogTemp:Display: Loaded TP LinuxNoEditorTargetPlatform
[2017.06.19-23.35.57:441][  0]LogTemp:Display: Loaded TP LinuxServerTargetPlatform
[2017.06.19-23.35.57:482][  0]LogTemp:Display: Loaded TP LinuxTargetPlatform
[2017.06.19-23.35.57:482][  0]LogTargetPlatformManager:Display: Building Assets For Windows
[2017.06.19-23.35.57:913][  0]LogDerivedDataCache:Display: Max Cache Size: 512 MB
[2017.06.19-23.35.57:994][  0]LogDerivedDataCache: Loaded boot cache 0.08s 90MB C:/Users/AzurePC Intel/AppData/Local/UnrealEngine/4.16/DerivedDataCache/Boot.ddc.
[2017.06.19-23.35.57:995][  0]LogDerivedDataCache:Display: Loaded Boot cache: C:/Users/AzurePC Intel/AppData/Local/UnrealEngine/4.16/DerivedDataCache/Boot.ddc
[2017.06.19-23.35.57:995][  0]LogDerivedDataCache: FDerivedDataBackendGraph:  Pak pak cache file ../../../../../../Users/AzurePC Intel/Documents/GitHub/Enviro_2/Enviro_2/DerivedDataCache/DDC.ddp not found, will not use a pak cache.
[2017.06.19-23.35.57:995][  0]LogDerivedDataCache: Unable to find inner node Pak for hierarchical cache Hierarchy.
[2017.06.19-23.35.57:995][  0]LogDerivedDataCache: FDerivedDataBackendGraph:  CompressedPak pak cache file ../../../../../../Users/AzurePC Intel/Documents/GitHub/Enviro_2/Enviro_2/DerivedDataCache/Compressed.ddp not found, will not use a pak cache.
[2017.06.19-23.35.57:995][  0]LogDerivedDataCache: Unable to find inner node CompressedPak for hierarchical cache Hierarchy.
[2017.06.19-23.35.58:011][  0]LogDerivedDataCache:Display: Pak cache opened for reading ../../../Engine/DerivedDataCache/Compressed.ddp.
[2017.06.19-23.35.58:023][  0]LogDerivedDataCache: Using Local data cache path C:/Users/AzurePC Intel/AppData/Local/UnrealEngine/Common/DerivedDataCache: Writable
[2017.06.19-23.35.58:032][  0]LogMaterial: Verifying Global Shaders for PCD3D_SM5
[2017.06.19-23.35.58:032][  0]LogSlate: Using Freetype 2.6.0
[2017.06.19-23.35.58:044][  0]LogSlate: SlateFontCache - WITH_FREETYPE: 1, WITH_HARFBUZZ: 1
[2017.06.19-23.35.58:044][  0]LogSlate: SlateFontCache - WITH_FREETYPE: 1, WITH_HARFBUZZ: 1
[2017.06.19-23.35.58:384][  0]LogInit: Selected Device Profile: [Windows]
[2017.06.19-23.35.58:496][  0]LogContentStreaming: Texture pool size is 0.00 MB
[2017.06.19-23.35.58:648][  0]LogMeshUtilities: Using QuadricMeshReduction for automatic static mesh reduction
[2017.06.19-23.35.58:683][  0]LogSimplygon: Simplygon DLL not present - disabling.
[2017.06.19-23.35.58:717][  0]LogMeshUtilities: Using SimplygonSwarm for distributed automatic mesh merging
[2017.06.19-23.35.58:717][  0]LogMeshUtilities: No automatic skeletal mesh reduction module available
[2017.06.19-23.35.58:717][  0]LogMeshUtilities: No automatic mesh merging module available
[2017.06.19-23.35.59:593][  0]LogNetVersion: Enviro_2 , NetCL: 3452394, EngineNetVer: 2, GameNetVer: 0 (Checksum: 303638927)
[2017.06.19-23.35.59:659][  0]LogAssetRegistry: FAssetRegistry took 0.0247 seconds to start up
[2017.06.19-23.35.59:714][  0]LogPackageLocalizationCache: Processed 4 localized package path(s) for 2 prioritized culture(s) in 0.035655 seconds
[2017.06.19-23.35.59:718][  0]LogUObjectArray: 34194 objects as part of root set at end of initial load.
[2017.06.19-23.35.59:718][  0]LogUObjectAllocator: 7260416 out of 0 bytes used by permanent object pool.
[2017.06.19-23.35.59:718][  0]LogUObjectArray: CloseDisregardForGC: 0/0 objects in disregard for GC pool
[2017.06.19-23.35.59:770][  0]LogInit: WinSock: version 1.1 (2.2), MaxSocks=32767, MaxUdp=65467
[2017.06.19-23.36.02:699][  0]LogSubstanceCoreModule: Substance [CPU] Engine Loaded, Max Texture Size = 2048
[2017.06.19-23.36.02:722][  0]LogTcpMessaging: Initializing TcpMessaging bridge
[2017.06.19-23.36.02:755][  0]LogUdpMessaging: Initializing bridge on interface 0.0.0.0:0 to multicast group 230.0.0.1:6666.
[2017.06.19-23.36.03:230][  0]LogMaterial: Uniform references updated for custom material expression Custom.
[2017.06.19-23.36.03:609][  0]SourceControl: Info Source control is disabled
[2017.06.19-23.36.03:610][  0]SourceControl: Info Source control is disabled
[2017.06.19-23.36.03:645][  0]SourceControl: Info Source control is disabled
[2017.06.19-23.36.03:679][  0]SourceControl: Info Source control is disabled
[2017.06.19-23.36.04:225][  0]LogAndroidPermission: UAndroidPermissionCallbackProxy::GetInstance
[2017.06.19-23.36.04:766][  0]LogEngine: Initializing Engine...
[2017.06.19-23.36.04:766][  0]LogHMD: Failed to initialize OpenVR with code 110
[2017.06.19-23.36.05:031][  0]LogStats: UGameplayTagsManager::ConstructGameplayTagTree: Construct from data asset -  0.000 s
[2017.06.19-23.36.05:031][  0]LogStats: UGameplayTagsManager::ConstructGameplayTagTree: GameplayTagTreeChangedEvent.Broadcast -  0.000 s
[2017.06.19-23.36.05:133][  0]LogAIModule: Creating AISystem for world Untitled
[2017.06.19-23.36.05:141][  0]LogInit: XAudio2 using 'SPDIF Interface (2- FiiO USB DAC-E10)' : 2 channels at 48 kHz using 16 bits per sample (channel mask 0x3)
[2017.06.19-23.36.05:148][  0]LogInit: FAudioDevice initialized.
[2017.06.19-23.36.05:187][  0]LogDerivedDataCache: Saved boot cache 0.04s 90MB C:/Users/AzurePC Intel/AppData/Local/UnrealEngine/4.16/DerivedDataCache/Boot.ddc.
[2017.06.19-23.36.05:199][  0]LogInit: Texture streaming: Enabled
[2017.06.19-23.36.05:280][  0]LogEngineSessionManager: EngineSessionManager initialized
[2017.06.19-23.36.05:472][  0]LogInit: Transaction tracking system initialized
[2017.06.19-23.36.05:720][  0]BlueprintLog: New page: Editor Load
[2017.06.19-23.36.06:477][  0]LocalizationService: Info Localization service is disabled
[2017.06.19-23.36.07:024][  0]LogConsoleResponse:Display: 
[2017.06.19-23.36.07:283][  0]LogCook:Display: Max memory allowance for cook 16384mb min free memory 0mb
[2017.06.19-23.36.07:283][  0]LogCook:Display: Mobile HDR setting 1
[2017.06.19-23.36.08:060][  0]LogFileCache: Scanning file cache for directory 'C:/Users/AzurePC Intel/Documents/GitHub/Enviro_2/Enviro_2/Content/' took 0.02s
[2017.06.19-23.36.08:099][  0]SourceControl: Info Source control is disabled
[2017.06.19-23.36.08:099][  0]Cmd: MAP LOAD FILE="../../../../../../Users/AzurePC Intel/Documents/GitHub/Enviro_2/Enviro_2/Content/StarterContent/Maps/Minimal_Default.umap" TEMPLATE=0 SHOWPROGRESS=1 FEATURELEVEL=3
[2017.06.19-23.36.08:102][  0]LightingResults: New page: Lighting Build
[2017.06.19-23.36.08:138][  0]MapCheck: New page: Map Check
[2017.06.19-23.36.08:138][  0]LightingResults: New page: Lighting Build
[2017.06.19-23.36.08:337][  0]LogAIModule: Creating AISystem for world Minimal_Default
[2017.06.19-23.36.08:349][  0]LogEditorServer: Finished looking for orphan Actors (0.000 secs)
[2017.06.19-23.36.08:362][  0]Cmd: MAP CHECKDEP NOCLEARLOG
[2017.06.19-23.36.08:409][  0]MapCheck: Info Map check complete: 0 Error(s), 0 Warning(s), took 47.11ms to complete.
[2017.06.19-23.36.08:409][  0]LogFileHelpers: Loading map 'Minimal_Default' took 0.310
[2017.06.19-23.36.08:578][  0]LogCollectionManager: Loaded 0 collections in 0.001057 seconds
[2017.06.19-23.36.08:655][  0]LogFileCache: Scanning file cache for directory 'C:/Users/AzurePC Intel/Documents/GitHub/Enviro_2/Enviro_2/Saved/Collections/' took 0.01s
[2017.06.19-23.36.08:655][  0]LogFileCache: Scanning file cache for directory 'C:/Users/AzurePC Intel/Documents/GitHub/Enviro_2/Enviro_2/Content/Developers/AzurePCIntel/Collections/' took 0.01s
[2017.06.19-23.36.08:655][  0]LogFileCache: Scanning file cache for directory 'C:/Users/AzurePC Intel/Documents/GitHub/Enviro_2/Enviro_2/Content/Collections/' took 0.01s
[2017.06.19-23.36.08:655][  0]LogCollectionManager: Rebuilt the GUID cache for 0 collections in 0.000001 seconds
[2017.06.19-23.36.08:662][  0]LogContentBrowser: Native class hierarchy populated in 0.0075 seconds. Added 2343 classes and 497 folders.
[2017.06.19-23.36.08:715][  0]LogContentBrowser: Native class hierarchy updated for 'WidgetCarousel' in 0.0004 seconds. Added 0 classes and 0 folders.
[2017.06.19-23.36.08:931][  0]LogContentBrowser: Native class hierarchy updated for 'AddContentDialog' in 0.0004 seconds. Added 0 classes and 0 folders.
[2017.06.19-23.36.08:964][  0]LogContentBrowser: Native class hierarchy updated for 'SceneOutliner' in 0.0004 seconds. Added 1 classes and 2 folders.
[2017.06.19-23.36.08:998][  0]LogCrashTracker: Crashtracker disabled due to settings.
[2017.06.19-23.36.09:004][  0]LogSlate: Took 0.002805 seconds to synchronously load lazily loaded font '../../../Engine/Content/Slate/Fonts/Roboto-Regular.ttf' (155K)
[2017.06.19-23.36.09:010][  0]LogSlate: Took 0.004019 seconds to synchronously load lazily loaded font '../../../Engine/Content/Slate/Fonts/Roboto-Bold.ttf' (160K)
[2017.06.19-23.36.09:015][  0]LogSlate: Took 0.002838 seconds to synchronously load lazily loaded font '../../../Engine/Content/Editor/Slate/Fonts/FontAwesome.ttf' (139K)
[2017.06.19-23.36.09:121][  0]LogRenderer: Reallocating scene render targets to support 1212x636 NumSamples 1 (Frame:1).
[2017.06.19-23.36.09:251][  0]LogUObjectGlobals:Warning: Failed to find object 'Class None.'
[2017.06.19-23.36.09:307][  0]LogContentBrowser: Native class hierarchy updated for 'HierarchicalLODOutliner' in 0.0008 seconds. Added 1 classes and 2 folders.
[2017.06.19-23.36.09:307][  0]LogLoad: (Engine Initialization) Total time: 18.51 seconds
[2017.06.19-23.36.09:307][  0]LogLoad: (Engine Initialization) Total Blueprint compile time: 0.05 seconds
[2017.06.19-23.36.09:307][  0]LogExternalProfiler: No external profilers were discovered.  External profiling features will not be available.
[2017.06.19-23.36.09:319][  0]LogOcInput: OculusInput pre-init called
[2017.06.19-23.36.09:319][  0]LogHMD: Starting GearVRController plugin
[2017.06.19-23.36.09:335][  0]LogContentStreaming: Texture pool size now 1000 MB
[2017.06.19-23.36.09:353][  0]LogSlate: Took 0.002690 seconds to synchronously load lazily loaded font '../../../Engine/Content/Slate/Fonts/Roboto-Light.ttf' (159K)
[2017.06.19-23.36.09:376][  1]LogAssetRegistry: Asset discovery search completed in 9.7384 seconds
[2017.06.19-23.36.09:378][  1]LogCollectionManager: Rebuilt the object cache for 0 collections in 0.000001 seconds (found 0 objects)
[2017.06.19-23.36.09:378][  1]LogCollectionManager: Fixed up redirectors for 0 collections in 0.000028 seconds (updated 0 objects)
[2017.06.19-23.39.40:905][117]LogEditorFactories: Performing atomic reimport of [H:/Box Sync/Environment Challenges/Enviro_2/Pre Production/Models & Textures/ST_Wall-support.fbx]
[2017.06.19-23.39.40:917][117]LogSlate: Took 0.000108 seconds to synchronously load lazily loaded font '../../../Engine/Content/Slate/Fonts/Roboto-Light.ttf' (159K)
[2017.06.19-23.39.40:937][117]LogFbx: Loading FBX Scene from H:/Box Sync/Environment Challenges/Enviro_2/Pre Production/Models & Textures/ST_Wall-support.fbx
[2017.06.19-23.39.40:941][117]LogFbx: FBX Scene Loaded Succesfully
[2017.06.19-23.39.40:946][117]LogFbx:Warning: Triangulating static mesh polySurface1
[2017.06.19-23.39.40:989][117]LogStaticMesh: Building static mesh ST_Wall-support...
[2017.06.19-23.39.40:994][117]LogStaticMesh: Built static mesh [0.01s] /Game/Meshes/ST_Wall-support.ST_Wall-support
[2017.06.19-23.39.40:999][117]LogEditorFactories: -- imported successfully
[2017.06.19-23.39.41:000][117]FBXImport:Warning: Warning No smoothing group information was found in this FBX scene.  Please make sure to enable the 'Export Smoothing Groups' option in the FBX Exporter plug-in before exporting the file.  Even for tools that don't support smoothing groups, the FBX Exporter will generate appropriate smoothing data at export-time so that correct vertex normals can be inferred while importing. 
[2017.06.19-23.39.41:032][117]LogSlate: Took 0.000116 seconds to synchronously load lazily loaded font '../../../Engine/Content/Slate/Fonts/Roboto-Light.ttf' (159K)
[2017.06.19-23.39.42:609][303]LogActorFactory: Actor Factory created ST_Wall-support
[2017.06.19-23.39.43:537][406]LogActorFactory: Actor Factory created ST_Wall-support
[2017.06.19-23.40.02:893][677]LogEditorFactories: Performing atomic reimport of [H:/Box Sync/Environment Challenges/Enviro_2/Pre Production/Models & Textures/ST_Stairs-platform2.fbx]
[2017.06.19-23.40.02:923][677]LogFbx: Loading FBX Scene from H:/Box Sync/Environment Challenges/Enviro_2/Pre Production/Models & Textures/ST_Stairs-platform2.fbx
[2017.06.19-23.40.02:944][677]LogFbx: FBX Scene Loaded Succesfully
[2017.06.19-23.40.02:966][677]LogFbx:Warning: Triangulating static mesh polySurface1879
[2017.06.19-23.40.05:338][677]LogSlate: Took 0.000104 seconds to synchronously load lazily loaded font '../../../Engine/Content/Slate/Fonts/Roboto-Regular.ttf' (155K)
[2017.06.19-23.40.05:343][677]LogStaticMesh: Building static mesh ST_Stairs-platform2...
[2017.06.19-23.40.05:396][677]LogMeshUtilities: Invalid vertex normals found for mesh. Forcing recomputation of vertex normals for MikkTSpace. Fix mesh or disable "Use MikkTSpace Tangent Space" to avoid forced recomputation of normals.
[2017.06.19-23.40.06:253][677]LogStaticMesh: Built static mesh [0.91s] /Game/Meshes/ST_Stairs-platform2.ST_Stairs-platform2
[2017.06.19-23.40.06:352][677]LogStaticMesh:Warning: ST_Stairs-platform2 has degenerate tangent bases which will result in incorrect shading.  MikkTSpace relies on tangent bases and may result in mesh corruption, consider disabling this option.
[2017.06.19-23.40.06:354][677]LogEditorFactories: -- imported successfully
[2017.06.19-23.40.06:357][677]FBXImport:Warning: Warning No smoothing group information was found in this FBX scene.  Please make sure to enable the 'Export Smoothing Groups' option in the FBX Exporter plug-in before exporting the file.  Even for tools that don't support smoothing groups, the FBX Exporter will generate appropriate smoothing data at export-time so that correct vertex normals can be inferred while importing. 
[2017.06.19-23.40.06:357][677]FBXImport:Warning: Warning ST_Stairs-platform2 has degenerate tangent bases which will result in incorrect shading.  MikkTSpace relies on tangent bases and may result in mesh corruption, consider disabling this option. 
[2017.06.19-23.40.19:466][131]LogAIModule: Creating AISystem for world DOOM_FanArt_Reactor_01
[2017.06.19-23.40.20:668][131]Cmd: MAP LOAD FILE="../../../../../../Users/AzurePC Intel/Documents/GitHub/Enviro_2/Enviro_2/Content/Maps/DOOM_FanArt_Reactor_01.umap" TEMPLATE=0 SHOWPROGRESS=1 FEATURELEVEL=3
[2017.06.19-23.40.20:668][131]LightingResults: New page: Lighting Build
[2017.06.19-23.40.20:669][131]LoadErrors: New page: Loading map: DOOM_FanArt_Reactor_01.umap
[2017.06.19-23.40.20:670][131]MapCheck: New page: Map Check
[2017.06.19-23.40.20:670][131]LightingResults: New page: Lighting Build
[2017.06.19-23.40.20:686][131]LogEditorServer: Finished looking for orphan Actors (0.000 secs)
[2017.06.19-23.40.20:717][131]Cmd: MAP CHECKDEP NOCLEARLOG
[2017.06.19-23.40.20:760][131]MapCheck: Info Map check complete: 0 Error(s), 0 Warning(s), took 42.516ms to complete.
[2017.06.19-23.40.20:760][131]LogFileHelpers: Loading map 'DOOM_FanArt_Reactor_01' took 0.093
[2017.06.19-23.40.27:412][893]LogEditorActor: Deleted Actor: StaticMeshActor
[2017.06.19-23.40.27:419][893]LogEditorActor: Deleted 1 Actors (0.008 secs)
[2017.06.19-23.40.33:745][629]LogEditorViewport: Clicking on Actor (LMB): StaticMeshActor (ST_Stairs-platform2)
[2017.06.19-23.41.29:951][175]LogEditorViewport: Clicking on Actor (LMB): StaticMeshActor (ST_Stairs-platform2)
[2017.06.19-23.41.30:653][257]LogEditorViewport: Clicking on Actor (LMB): StaticMeshActor (ST_Stairs-platform2)
[2017.06.19-23.41.31:164][316]LogEditorViewport: Clicking on Actor (LMB): StaticMeshActor (ST_Stairs-platform2)
[2017.06.19-23.41.34:361][673]LogEditorViewport: Clicking on Actor (LMB): StaticMeshActor (Stair)
[2017.06.19-23.41.37:175][  6]Cmd: DELETE
[2017.06.19-23.41.37:175][  6]Cmd: ACTOR DELETE
[2017.06.19-23.41.37:176][  6]LogEditorActor: Deleted Actor: StaticMeshActor
[2017.06.19-23.41.37:182][  6]LogEditorActor: Deleted 1 Actors (0.007 secs)
[2017.06.19-23.41.38:155][123]LogEditorViewport: Clicking on Actor (LMB): StaticMeshActor (ST_Stairs-platform2)
[2017.06.19-23.42.18:958][799]LogEditorViewport: Clicking on Actor (LMB): StaticMeshActor (ST_Stairs-platform2)
[2017.06.19-23.42.22:348][164]Cmd: TRANSACTION UNDO
[2017.06.19-23.42.22:348][164]LogEditorTransaction: Undo Move Actors
[2017.06.19-23.42.39:401][102]LogEditorViewport: Clicking on Actor (LMB): StaticMeshActor (lv3)
[2017.06.19-23.42.46:964][947]LogEditorViewport: Clicking on Actor (LMB): StaticMeshActor (ST_Stairs-platform2)
[2017.06.19-23.42.53:159][629]Cmd: TRANSACTION UNDO
[2017.06.19-23.42.53:159][629]LogEditorTransaction: Undo Move Actors
[2017.06.19-23.42.54:684][808]LogEditorViewport: Clicking on Actor (LMB): StaticMeshActor (6_1_scaleman2)
[2017.06.19-23.42.56:996][  3]LogEditorViewport: Clicking on Actor (CTRL LMB): StaticMeshActor (lv2)
[2017.06.19-23.42.57:978][108]LogEditorViewport: Clicking on Actor (LMB): StaticMeshActor (6_1_scaleman3)
[2017.06.19-23.42.59:784][295]LogEditorViewport: Clicking on Actor (CTRL LMB): StaticMeshActor (6_1_scaleman2)
[2017.06.19-23.43.08:097][228]LogEditorViewport: Clicking on Actor (CTRL LMB): StaticMeshActor (6_1_scaleman4)
[2017.06.19-23.43.11:375][584]LogEditorViewport: Clicking on Actor (CTRL LMB): StaticMeshActor (6_1_scaleman5)
[2017.06.19-23.43.12:153][673]Cmd: DELETE
[2017.06.19-23.43.12:154][673]Cmd: ACTOR DELETE
[2017.06.19-23.43.12:154][673]LogEditorActor: Deleted Actor: StaticMeshActor
[2017.06.19-23.43.12:154][673]LogEditorActor: Deleted Actor: StaticMeshActor
[2017.06.19-23.43.12:154][673]LogEditorActor: Deleted Actor: StaticMeshActor
[2017.06.19-23.43.12:154][673]LogEditorActor: Deleted Actor: StaticMeshActor
[2017.06.19-23.43.12:161][673]LogEditorActor: Deleted 4 Actors (0.008 secs)
[2017.06.19-23.43.15:079][993]LogActorFactory: Actor Factory created 6_1_scaleman
[2017.06.19-23.43.16:564][170]LogActorFactory: Actor Factory created 6_1_scaleman
[2017.06.19-23.43.20:475][599]LogActorFactory: Actor Factory created 6_1_scaleman
[2017.06.19-23.43.20:940][651]LogActorFactory: Actor Factory created 6_1_scaleman
[2017.06.19-23.43.23:714][931]LogActorFactory: Actor Factory created 6_1_scaleman
[2017.06.19-23.43.24:170][983]LogActorFactory: Actor Factory created 6_1_scaleman
[2017.06.19-23.43.28:928][518]LogActorFactory: Actor Factory created 6_1_scaleman
[2017.06.19-23.43.29:128][540]LogActorFactory: Actor Factory created 6_1_scaleman
[2017.06.19-23.43.40:660][876]LogEditorFactories: Performing atomic reimport of [H:/Box Sync/Environment Challenges/Enviro_2/Pre Production/Models & Textures/ST_HeroAsset.fbx]
[2017.06.19-23.43.40:690][876]LogFbx: Loading FBX Scene from H:/Box Sync/Environment Challenges/Enviro_2/Pre Production/Models & Textures/ST_HeroAsset.fbx
[2017.06.19-23.43.40:785][876]LogFbx: FBX Scene Loaded Succesfully
[2017.06.19-23.43.40:800][876]LogFbx:Warning: Triangulating static mesh polySurface323
[2017.06.19-23.43.41:810][876]LogStaticMesh: Building static mesh ST_HeroAsset...
[2017.06.19-23.43.44:932][876]LogStaticMesh: Built static mesh [3.12s] /Game/Meshes/ST_HeroAsset.ST_HeroAsset
[2017.06.19-23.43.44:939][876]LogStaticMesh:Warning: ST_HeroAsset has degenerate tangent bases which will result in incorrect shading.  MikkTSpace relies on tangent bases and may result in mesh corruption, consider disabling this option.
[2017.06.19-23.43.44:942][876]LogEditorFactories: -- imported successfully
[2017.06.19-23.43.44:950][876]FBXImport:Warning: Warning No smoothing group information was found in this FBX scene.  Please make sure to enable the 'Export Smoothing Groups' option in the FBX Exporter plug-in before exporting the file.  Even for tools that don't support smoothing groups, the FBX Exporter will generate appropriate smoothing data at export-time so that correct vertex normals can be inferred while importing. 
[2017.06.19-23.43.44:950][876]FBXImport:Warning: Warning Warning: The imported mesh is very small. This is most likely an issue with the units used when exporting to FBX. 
[2017.06.19-23.43.44:950][876]FBXImport:Warning: Warning ST_HeroAsset has degenerate tangent bases which will result in incorrect shading.  MikkTSpace relies on tangent bases and may result in mesh corruption, consider disabling this option. 
[2017.06.19-23.43.48:014][198]LogActorFactory: Actor Factory created ST_HeroAsset
[2017.06.19-23.43.48:693][257]LogActorFactory: Actor Factory created ST_HeroAsset
[2017.06.19-23.43.49:883][394]Cmd: DELETE
[2017.06.19-23.43.49:883][394]Cmd: ACTOR DELETE
[2017.06.19-23.43.49:883][394]LogEditorActor: Deleted Actor: StaticMeshActor
[2017.06.19-23.43.49:890][394]LogEditorActor: Deleted 1 Actors (0.007 secs)
[2017.06.19-23.44.51:163][575]LogEditorViewport: Clicking on Actor (LMB): StaticMeshActor (ST_Reactor_Support)
[2017.06.19-23.44.53:477][808]LogEditorFactories: Performing atomic reimport of [H:/Box Sync/Environment Challenges/Enviro_2/Pre Production/Models & Textures/ST_Reactor_Support.fbx]
[2017.06.19-23.44.53:509][808]LogFbx: Loading FBX Scene from H:/Box Sync/Environment Challenges/Enviro_2/Pre Production/Models & Textures/ST_Reactor_Support.fbx
[2017.06.19-23.44.53:514][808]LogFbx: FBX Scene Loaded Succesfully
[2017.06.19-23.44.53:518][808]LogFbx:Warning: Triangulating static mesh reactor_support1:polySurface1
[2017.06.19-23.44.53:603][808]LogStaticMesh: Building static mesh ST_Reactor_Support...
[2017.06.19-23.44.53:622][808]LogStaticMesh: Built static mesh [0.02s] /Game/Meshes/ST_Reactor_Support.ST_Reactor_Support
[2017.06.19-23.44.53:625][808]LogStaticMesh:Warning: ST_Reactor_Support has degenerate tangent bases which will result in incorrect shading.  MikkTSpace relies on tangent bases and may result in mesh corruption, consider disabling this option.
[2017.06.19-23.44.53:627][808]LogEditorFactories: -- imported successfully
[2017.06.19-23.44.53:628][808]FBXImport:Warning: Warning No smoothing group information was found in this FBX scene.  Please make sure to enable the 'Export Smoothing Groups' option in the FBX Exporter plug-in before exporting the file.  Even for tools that don't support smoothing groups, the FBX Exporter will generate appropriate smoothing data at export-time so that correct vertex normals can be inferred while importing. 
[2017.06.19-23.44.53:628][808]FBXImport:Warning: Warning ST_Reactor_Support has degenerate tangent bases which will result in incorrect shading.  MikkTSpace relies on tangent bases and may result in mesh corruption, consider disabling this option. 
[2017.06.19-23.45.28:863][525]LogEditorViewport: Clicking on Actor (LMB): StaticMeshActor (ST_Stairs-platform2)
[2017.06.19-23.45.41:577][943]Cmd: TRANSACTION UNDO
[2017.06.19-23.45.41:577][943]LogEditorTransaction: Undo Move Actors
[2017.06.19-23.45.42:763][ 81]Cmd: TRANSACTION UNDO
[2017.06.19-23.45.42:763][ 81]LogEditorTransaction: Undo Move Actors
[2017.06.19-23.45.49:655][870]Cmd: TRANSACTION UNDO
[2017.06.19-23.45.49:655][870]LogEditorTransaction: Undo Move Actors
[2017.06.19-23.45.53:060][260]Cmd: TRANSACTION UNDO
[2017.06.19-23.45.53:060][260]LogEditorTransaction: Undo Move Actors
[2017.06.19-23.45.54:441][421]Cmd: CAMERA ALIGN ACTIVEVIEWPORTONLY
[2017.06.19-23.45.58:085][805]Cmd: CAMERA ALIGN ACTIVEVIEWPORTONLY
[2017.06.19-23.45.58:490][843]Cmd: CAMERA ALIGN ACTIVEVIEWPORTONLY
[2017.06.19-23.45.59:048][902]Cmd: CAMERA ALIGN ACTIVEVIEWPORTONLY
[2017.06.19-23.46.01:397][168]Cmd: CAMERA ALIGN ACTIVEVIEWPORTONLY
[2017.06.19-23.46.03:654][428]Cmd: CAMERA ALIGN ACTIVEVIEWPORTONLY
[2017.06.19-23.46.04:762][554]Cmd: CAMERA ALIGN ACTIVEVIEWPORTONLY
[2017.06.19-23.46.06:299][723]Cmd: CAMERA ALIGN ACTIVEVIEWPORTONLY
[2017.06.19-23.46.08:596][990]Cmd: TRANSACTION UNDO
[2017.06.19-23.46.08:596][990]LogEditorTransaction: Undo Move Actors
[2017.06.19-23.46.08:892][ 22]Cmd: TRANSACTION UNDO
[2017.06.19-23.46.08:892][ 22]LogEditorTransaction: Undo Move Actors
[2017.06.19-23.46.09:694][116]Cmd: TRANSACTION UNDO
[2017.06.19-23.46.09:694][116]LogEditorTransaction: Undo Move Actors
[2017.06.19-23.46.11:743][322]Cmd: TRANSACTION UNDO
[2017.06.19-23.46.11:744][322]LogEditorTransaction: Undo Move Actors
[2017.06.19-23.46.18:040][951]LogSavePackage: Save=93.51ms
[2017.06.19-23.46.18:040][951]LogSavePackage: Moving '../../../../../../Users/AzurePC Intel/Documents/GitHub/Enviro_2/Enviro_2/Saved/DOOM_FanArt_Reactor_01C14A63094778FDBD7416F180CB3759A0.tmp' to '../../../../../../Users/AzurePC Intel/Documents/GitHub/Enviro_2/Enviro_2/Content/Maps/DOOM_FanArt_Reactor_01.umap'
[2017.06.19-23.46.18:045][951]LogSavePackage:Display: Finished SavePackage ../../../../../../Users/AzurePC Intel/Documents/GitHub/Enviro_2/Enviro_2/Content/Maps/DOOM_FanArt_Reactor_01.umap
[2017.06.19-23.56.11:724][  0]LogEditorViewport: Clicking on Actor (LMB): StaticMeshActor (lv2)
[2017.06.19-23.56.26:487][614]LogEditorViewport: Clicking on Actor (LMB): StaticMeshActor (ST_Reactor_Support)
[2017.06.19-23.56.26:991][669]LogSlate: Took 0.002885 seconds to synchronously load lazily loaded font '../../../Engine/Content/Editor/Slate/Fonts/Roboto-Italic.ttf' (157K)
[2017.06.19-23.56.31:121][162]Cmd: TRANSACTION UNDO
[2017.06.19-23.56.31:121][162]LogEditorTransaction: Undo Move Actors
[2017.06.19-23.56.32:055][270]LogEditorViewport: Clicking on Actor (context menu): StaticMeshActor (ST_Reactor_Support)
[2017.06.19-23.56.41:732][407]Cmd: PIVOT CENTERSELECTION
[2017.06.19-23.56.42:935][549]LogEditorViewport: Clicking on Actor (LMB): StaticMeshActor (ST_Reactor_Support)
[2017.06.19-23.56.44:579][744]LogEditorViewport: Clicking on Actor (LMB): StaticMeshActor (lv3)
[2017.06.19-23.56.45:275][822]LogEditorViewport: Clicking on Actor (LMB): StaticMeshActor (ST_Reactor_Support)
[2017.06.19-23.56.48:155][160]LogEditorViewport: Clicking on Actor (context menu): StaticMeshActor (ST_Reactor_Support)
[2017.06.19-23.56.51:237][502]Cmd: PIVOT CENTERSELECTION
[2017.06.19-23.56.52:485][649]LogEditorViewport: Clicking on Actor (context menu): StaticMeshActor (ST_Reactor_Support)
[2017.06.19-23.57.09:632][673]Cmd: TRANSACTION UNDO
[2017.06.19-23.57.09:632][673]LogEditorTransaction: Undo Move Actors
[2017.06.19-23.58.11:189][947]Cmd: TRANSACTION UNDO
[2017.06.19-23.58.11:189][947]LogEditorTransaction: Undo Move Actors
[2017.06.19-23.58.20:165][ 15]LogEditorViewport: Clicking on Actor (LMB): StaticMeshActor (lv3)
[2017.06.19-23.58.20:516][ 52]LogEditorViewport: Clicking on Actor (LMB): StaticMeshActor (ST_Reactor_Support)
[2017.06.19-23.58.36:475][909]Cmd: TRANSACTION UNDO
[2017.06.19-23.58.36:475][909]LogEditorTransaction: Undo Set actor location
[2017.06.19-23.59.04:477][204]Cmd: TRANSACTION UNDO
[2017.06.19-23.59.04:477][204]LogEditorTransaction: Undo Set actor location
[2017.06.19-23.59.04:729][218]Cmd: TRANSACTION UNDO
[2017.06.19-23.59.04:729][218]LogEditorTransaction: Undo Move Actors
[2017.06.19-23.59.04:936][229]Cmd: TRANSACTION UNDO
[2017.06.19-23.59.04:936][229]LogEditorTransaction: Undo Move Actors
[2017.06.19-23.59.21:466][159]Cmd: DELETE
[2017.06.19-23.59.21:466][159]Cmd: ACTOR DELETE
[2017.06.19-23.59.21:466][159]LogEditorActor: Deleted Actor: StaticMeshActor
[2017.06.19-23.59.21:474][159]LogEditorActor: Deleted 1 Actors (0.007 secs)
[2017.06.19-23.59.22:654][294]LogActorFactory: Actor Factory created ST_Reactor_Support
[2017.06.19-23.59.23:420][384]LogActorFactory: Actor Factory created ST_Reactor_Support
[2017.06.19-23.59.45:537][859]LogEditorViewport: Clicking on Actor (LMB): StaticMeshActor (lv3)
[2017.06.19-23.59.51:658][560]LogEditorViewport: Clicking on Actor (LMB): StaticMeshActor (ST_Reactor_Support)
[2017.06.20-00.00.14:684][238]LogEditorViewport: Clicking on Actor (LMB): StaticMeshActor (lv3)
[2017.06.20-00.00.17:696][536]LogSavePackage: Save=88.24ms
[2017.06.20-00.00.17:696][536]LogSavePackage: Moving '../../../../../../Users/AzurePC Intel/Documents/GitHub/Enviro_2/Enviro_2/Saved/DOOM_FanArt_Reactor_014C099000404331DB8841BEA241D1D50C.tmp' to '../../../../../../Users/AzurePC Intel/Documents/GitHub/Enviro_2/Enviro_2/Content/Maps/DOOM_FanArt_Reactor_01.umap'
[2017.06.20-00.00.17:699][536]LogSavePackage:Display: Finished SavePackage ../../../../../../Users/AzurePC Intel/Documents/GitHub/Enviro_2/Enviro_2/Content/Maps/DOOM_FanArt_Reactor_01.umap
[2017.06.20-00.00.17:726][536]LogFileHelpers: Saving map 'DOOM_FanArt_Reactor_01' took 0.173
[2017.06.20-00.00.17:739][536]Cmd: OBJ SAVEPACKAGE PACKAGE="/Game/Meshes/ST_HeroAsset" FILE="../../../../../../Users/AzurePC Intel/Documents/GitHub/Enviro_2/Enviro_2/Content/Meshes/ST_HeroAsset.uasset" SILENT=true
[2017.06.20-00.00.17:758][536]LogSavePackage: Save=10.81ms
[2017.06.20-00.00.17:758][536]LogSavePackage: Moving '../../../../../../Users/AzurePC Intel/Documents/GitHub/Enviro_2/Enviro_2/Saved/ST_HeroAsset5F55E11E40ED3EC7280A648D41BFDA10.tmp' to '../../../../../../Users/AzurePC Intel/Documents/GitHub/Enviro_2/Enviro_2/Content/Meshes/ST_HeroAsset.uasset'
[2017.06.20-00.00.17:760][536]LogSavePackage:Display: Finished SavePackage ../../../../../../Users/AzurePC Intel/Documents/GitHub/Enviro_2/Enviro_2/Content/Meshes/ST_HeroAsset.uasset
[2017.06.20-00.00.17:776][536]Cmd: OBJ SAVEPACKAGE PACKAGE="/Game/Meshes/ST_Wall-support" FILE="../../../../../../Users/AzurePC Intel/Documents/GitHub/Enviro_2/Enviro_2/Content/Meshes/ST_Wall-support.uasset" SILENT=true
[2017.06.20-00.00.17:794][536]LogSavePackage: Save=10.70ms
[2017.06.20-00.00.17:794][536]LogSavePackage: Moving '../../../../../../Users/AzurePC Intel/Documents/GitHub/Enviro_2/Enviro_2/Saved/ST_Wall-support90F8087D42013FC9A8A219A27019101D.tmp' to '../../../../../../Users/AzurePC Intel/Documents/GitHub/Enviro_2/Enviro_2/Content/Meshes/ST_Wall-support.uasset'
[2017.06.20-00.00.17:796][536]LogSavePackage:Display: Finished SavePackage ../../../../../../Users/AzurePC Intel/Documents/GitHub/Enviro_2/Enviro_2/Content/Meshes/ST_Wall-support.uasset
[2017.06.20-00.00.17:810][536]Cmd: OBJ SAVEPACKAGE PACKAGE="/Game/Meshes/ST_Stairs-platform2" FILE="../../../../../../Users/AzurePC Intel/Documents/GitHub/Enviro_2/Enviro_2/Content/Meshes/ST_Stairs-platform2.uasset" SILENT=true
[2017.06.20-00.00.17:832][536]LogSavePackage: Save=12.51ms
[2017.06.20-00.00.17:832][536]LogSavePackage: Moving '../../../../../../Users/AzurePC Intel/Documents/GitHub/Enviro_2/Enviro_2/Saved/ST_Stairs-platform2CCD26F984D1CC2F0AA50CF8784402862.tmp' to '../../../../../../Users/AzurePC Intel/Documents/GitHub/Enviro_2/Enviro_2/Content/Meshes/ST_Stairs-platform2.uasset'
[2017.06.20-00.00.17:834][536]LogSavePackage:Display: Finished SavePackage ../../../../../../Users/AzurePC Intel/Documents/GitHub/Enviro_2/Enviro_2/Content/Meshes/ST_Stairs-platform2.uasset
[2017.06.20-00.00.17:848][536]Cmd: OBJ SAVEPACKAGE PACKAGE="/Game/Meshes/ST_Reactor_Support" FILE="../../../../../../Users/AzurePC Intel/Documents/GitHub/Enviro_2/Enviro_2/Content/Meshes/ST_Reactor_Support.uasset" SILENT=true
[2017.06.20-00.00.17:866][536]LogSavePackage: Save=10.92ms
[2017.06.20-00.00.17:866][536]LogSavePackage: Moving '../../../../../../Users/AzurePC Intel/Documents/GitHub/Enviro_2/Enviro_2/Saved/ST_Reactor_SupportDFE2D6BE483C6230739CE0B4A4D74D32.tmp' to '../../../../../../Users/AzurePC Intel/Documents/GitHub/Enviro_2/Enviro_2/Content/Meshes/ST_Reactor_Support.uasset'
[2017.06.20-00.00.17:867][536]LogSavePackage:Display: Finished SavePackage ../../../../../../Users/AzurePC Intel/Documents/GitHub/Enviro_2/Enviro_2/Content/Meshes/ST_Reactor_Support.uasset
[2017.06.20-00.00.20:202][801]LogEditorViewport: Clicking on Actor (LMB): StaticMeshActor (ST_Stairs-platform2)
[2017.06.20-00.00.35:128][491]Cmd: DELETE
[2017.06.20-00.00.35:128][491]Cmd: ACTOR DELETE
[2017.06.20-00.00.35:128][491]LogEditorActor: Deleted Actor: StaticMeshActor
[2017.06.20-00.00.35:135][491]LogEditorActor: Deleted 1 Actors (0.007 secs)
[2017.06.20-00.00.36:401][642]LogEditorViewport: Clicking on Actor (LMB): StaticMeshActor (ST_Stairs-platform2)
[2017.06.20-00.01.26:525][426]Cmd: CAMERA ALIGN ACTIVEVIEWPORTONLY
[2017.06.20-00.01.37:815][710]Cmd: DELETE
[2017.06.20-00.01.37:815][710]Cmd: ACTOR DELETE
[2017.06.20-00.01.37:816][710]LogEditorActor: Deleted Actor: StaticMeshActor
[2017.06.20-00.01.37:822][710]LogEditorActor: Deleted 1 Actors (0.007 secs)
[2017.06.20-00.01.44:969][501]LogEditorViewport: Clicking on Actor (LMB): StaticMeshActor (ST_lv1)
[2017.06.20-00.01.46:591][691]LogEditorViewport: Clicking on Actor (LMB): StaticMeshActor (ST_lv1)
[2017.06.20-00.01.47:253][768]LogEditorViewport: Clicking on Actor (LMB): StaticMeshActor (ST_Stairs-platform2)
[2017.06.20-00.01.58:642][888]LogActorFactory: Actor Factory created ST_Stairs-platform2
[2017.06.20-00.01.59:158][947]LogActorFactory: Actor Factory created ST_Stairs-platform2
[2017.06.20-00.04.50:499][807]Cmd: DELETE
[2017.06.20-00.04.50:499][807]Cmd: ACTOR DELETE
[2017.06.20-00.04.50:499][807]LogEditorActor: Deleted Actor: StaticMeshActor
[2017.06.20-00.04.50:505][807]LogEditorActor: Deleted 1 Actors (0.007 secs)
[2017.06.20-00.04.52:262][ 18]LogEditorViewport: Clicking on Actor (LMB): StaticMeshActor (lv3)
[2017.06.20-00.04.53:114][115]LogEditorViewport: Clicking on Actor (LMB): StaticMeshActor (ST_Stairs-platform4)
[2017.06.20-00.04.57:703][636]LogEditorViewport: Clicking on Actor (LMB): StaticMeshActor (ST_Stairs-platform4)
[2017.06.20-00.05.04:692][443]LogEditorViewport: Clicking on Actor (LMB): StaticMeshActor (ST_Stairs-platform5)
[2017.06.20-00.05.37:247][256]LogEditorViewport: Clicking on Actor (LMB): StaticMeshActor (ST_Reactor_Support)
[2017.06.20-00.05.48:784][591]LogEditorViewport: Clicking on Actor (LMB): StaticMeshActor (ST_Stairs-platform3)
[2017.06.20-00.05.49:422][663]LogEditorViewport: Clicking on Actor (LMB): StaticMeshActor (ST_Reactor_Support)
[2017.06.20-00.06.03:544][299]LogEditorViewport: Clicking on Actor (LMB): StaticMeshActor (ST_Reactor_Support)
[2017.06.20-00.06.10:540][130]LogEditorViewport: Clicking on Actor (LMB): StaticMeshActor (ST_Reactor_Support2)
[2017.06.20-00.06.32:751][710]LogEditorViewport: Clicking on Actor (LMB): StaticMeshActor (ST_Stairs-platform3)
[2017.06.20-00.06.34:722][903]LogEditorViewport: Clicking on Actor (LMB): StaticMeshActor (ST_Stairs-platform2)
[2017.06.20-00.06.38:547][353]LogEditorViewport: Clicking on Actor (LMB): StaticMeshActor (ST_lv1)
[2017.06.20-00.06.40:617][591]LogEditorViewport: Clicking on Actor (LMB): StaticMeshActor (ST_lv1)
[2017.06.20-00.06.41:510][695]LogEditorViewport: Clicking on Actor (LMB): StaticMeshActor (ST_Stairs-platform3)
[2017.06.20-00.06.52:630][993]Cmd: TRANSACTION UNDO
[2017.06.20-00.06.52:630][993]LogEditorTransaction: Undo Move Actors
[2017.06.20-00.06.53:107][ 46]Cmd: TRANSACTION UNDO
[2017.06.20-00.06.53:107][ 46]LogEditorTransaction: Undo Set actor location
[2017.06.20-00.07.15:322][637]LogEditorViewport: Clicking on Actor (LMB): StaticMeshActor (ST_lv1)
[2017.06.20-00.07.16:707][798]LogEditorViewport: Clicking on Actor (LMB): StaticMeshActor (ST_Stairs-platform2)
[2017.06.20-00.07.18:398][996]LogEditorViewport: Clicking on Actor (LMB): StaticMeshActor (ST_Stairs-platform3)
[2017.06.20-00.07.20:683][244]LogSavePackage: Save=92.66ms
[2017.06.20-00.07.20:683][244]LogSavePackage: Moving '../../../../../../Users/AzurePC Intel/Documents/GitHub/Enviro_2/Enviro_2/Saved/DOOM_FanArt_Reactor_0160BF240143961C9FC727208BA05F940A.tmp' to '../../../../../../Users/AzurePC Intel/Documents/GitHub/Enviro_2/Enviro_2/Content/Maps/DOOM_FanArt_Reactor_01.umap'
[2017.06.20-00.07.20:686][244]LogSavePackage:Display: Finished SavePackage ../../../../../../Users/AzurePC Intel/Documents/GitHub/Enviro_2/Enviro_2/Content/Maps/DOOM_FanArt_Reactor_01.umap
[2017.06.20-00.07.20:713][244]LogFileHelpers: Saving map 'DOOM_FanArt_Reactor_01' took 0.176
[2017.06.20-00.07.23:870][618]LogTemp: Repeting last play command: Selected Viewport
[2017.06.20-00.07.23:929][618]LogBlueprintUserMessages: Early PlayInEditor Detection: Level '/Game/Maps/DOOM_FanArt_Reactor_01.DOOM_FanArt_Reactor_01:PersistentLevel' has LevelScriptBlueprint '/Game/Maps/DOOM_FanArt_Reactor_01.DOOM_FanArt_Reactor_01:PersistentLevel.DOOM_FanArt_Reactor_01' with GeneratedClass '/Game/Maps/DOOM_FanArt_Reactor_01.DOOM_FanArt_Reactor_01_C' with ClassGeneratedBy '/Game/Maps/DOOM_FanArt_Reactor_01.DOOM_FanArt_Reactor_01:PersistentLevel.DOOM_FanArt_Reactor_01'
[2017.06.20-00.07.23:929][618]LogPlayLevel: PlayLevel: No blueprints needed recompiling
[2017.06.20-00.07.23:930][618]PIE: New page: PIE session: DOOM_FanArt_Reactor_01 (Jun 19, 2017, 12:07:23 PM)
[2017.06.20-00.07.23:930][618]LogPlayLevel: Creating play world package: /Game/Maps/UEDPIE_0_DOOM_FanArt_Reactor_01
[2017.06.20-00.07.23:932][618]LogPlayLevel: PIE: StaticDuplicateObject took: (0.002099s)
[2017.06.20-00.07.23:932][618]LogAIModule: Creating AISystem for world DOOM_FanArt_Reactor_01
[2017.06.20-00.07.23:932][618]LogPlayLevel: PIE: World Init took: (0.000494s)
[2017.06.20-00.07.23:932][618]LogPlayLevel: PIE: Created PIE world by copying editor world from /Game/Maps/DOOM_FanArt_Reactor_01.DOOM_FanArt_Reactor_01 to /Game/Maps/UEDPIE_0_DOOM_FanArt_Reactor_01.DOOM_FanArt_Reactor_01 (0.002733s)
[2017.06.20-00.07.23:943][618]LogInit: XAudio2 using 'SPDIF Interface (2- FiiO USB DAC-E10)' : 2 channels at 48 kHz using 16 bits per sample (channel mask 0x3)
[2017.06.20-00.07.23:946][618]LogInit: FAudioDevice initialized.
[2017.06.20-00.07.23:989][618]LogLoad: Game class is 'GameModeBase'
[2017.06.20-00.07.23:992][618]LogWorld: Bringing World /Game/Maps/UEDPIE_0_DOOM_FanArt_Reactor_01.DOOM_FanArt_Reactor_01 up for play (max tick rate 0) at 2017.06.19-18.07.23
[2017.06.20-00.07.23:996][618]LogWorld: Bringing up level for play took: 0.004487
[2017.06.20-00.07.24:026][618]LogContentBrowser: Native class hierarchy updated for 'MovieSceneCapture' in 0.0005 seconds. Added 11 classes and 0 folders.
[2017.06.20-00.07.24:027][618]PIE: Info Play in editor start time for /Game/Maps/UEDPIE_0_DOOM_FanArt_Reactor_01 0.91
[2017.06.20-00.07.24:027][618]LogBlueprintUserMessages: Late PlayInEditor Detection: Level '/Game/Maps/DOOM_FanArt_Reactor_01.DOOM_FanArt_Reactor_01:PersistentLevel' has LevelScriptBlueprint '/Game/Maps/DOOM_FanArt_Reactor_01.DOOM_FanArt_Reactor_01:PersistentLevel.DOOM_FanArt_Reactor_01' with GeneratedClass '/Game/Maps/DOOM_FanArt_Reactor_01.DOOM_FanArt_Reactor_01_C' with ClassGeneratedBy '/Game/Maps/DOOM_FanArt_Reactor_01.DOOM_FanArt_Reactor_01:PersistentLevel.DOOM_FanArt_Reactor_01'
[2017.06.20-00.07.27:659][ 41]Cmd: LevelEditor.ToggleImmersive
[2017.06.20-00.07.27:785][ 42]LogRenderer: Reallocating scene render targets to support 1352x724 NumSamples 1 (Frame:425).
[2017.06.20-00.07.27:841][ 43]LogRenderer: Reallocating scene render targets to support 1920x1080 NumSamples 1 (Frame:427).
[2017.06.20-00.07.38:563][240]LogBlueprintUserMessages: Early EndPlayMap Detection: Level '/Game/Maps/DOOM_FanArt_Reactor_01.DOOM_FanArt_Reactor_01:PersistentLevel' has LevelScriptBlueprint '/Game/Maps/DOOM_FanArt_Reactor_01.DOOM_FanArt_Reactor_01:PersistentLevel.DOOM_FanArt_Reactor_01' with GeneratedClass '/Game/Maps/DOOM_FanArt_Reactor_01.DOOM_FanArt_Reactor_01_C' with ClassGeneratedBy '/Game/Maps/DOOM_FanArt_Reactor_01.DOOM_FanArt_Reactor_01:PersistentLevel.DOOM_FanArt_Reactor_01'
[2017.06.20-00.07.38:640][240]LogBlueprintUserMessages: Late EndPlayMap Detection: Level '/Game/Maps/DOOM_FanArt_Reactor_01.DOOM_FanArt_Reactor_01:PersistentLevel' has LevelScriptBlueprint '/Game/Maps/DOOM_FanArt_Reactor_01.DOOM_FanArt_Reactor_01:PersistentLevel.DOOM_FanArt_Reactor_01' with GeneratedClass '/Game/Maps/DOOM_FanArt_Reactor_01.DOOM_FanArt_Reactor_01_C' with ClassGeneratedBy '/Game/Maps/DOOM_FanArt_Reactor_01.DOOM_FanArt_Reactor_01:PersistentLevel.DOOM_FanArt_Reactor_01'
[2017.06.20-00.08.28:659][640]LogFactory: FactoryCreateFile: StaticMesh with FbxFactory (0 0 C:\Users\AzurePC Intel\Desktop\test\heroasset.fbx)
[2017.06.20-00.08.28:663][640]LogFbx: ItemName: GlobalSettings, ItemCount : 1
[2017.06.20-00.08.28:663][640]LogFbx: ItemName: AnimationStack, ItemCount : 1
[2017.06.20-00.08.28:663][640]LogFbx: ItemName: AnimationLayer, ItemCount : 1
[2017.06.20-00.08.28:663][640]LogFbx: ItemName: Geometry, ItemCount : 1
[2017.06.20-00.08.28:663][640]LogFbx: ItemName: Material, ItemCount : 3
[2017.06.20-00.08.28:663][640]LogFbx: ItemName: Model, ItemCount : 1
[2017.06.20-00.08.28:663][640]LogFbx: ItemName: AnimationCurveNode, ItemCount : 4
[2017.06.20-00.08.28:663][640]LogFbx: ItemName: AnimationCurve, ItemCount : 10
[2017.06.20-00.08.28:667][640]LogFbx: Loading FBX Scene from C:\Users\AzurePC Intel\Desktop\test\heroasset.fbx
[2017.06.20-00.08.28:680][640]LogFbx: FBX Scene Loaded Succesfully
[2017.06.20-00.08.31:912][640]LogFbx: Loading FBX Scene from C:\Users\AzurePC Intel\Desktop\test\heroasset.fbx
[2017.06.20-00.08.31:925][640]LogFbx: FBX Scene Loaded Succesfully
[2017.06.20-00.08.31:927][640]LogFbx: =================================================
[2017.06.20-00.08.31:927][640]LogFbx: Dumping Node START [polySurface323] 
[2017.06.20-00.08.31:927][640]LogFbx: 	Total Deformer Count 1134759584.
[2017.06.20-00.08.31:927][640]LogFbx: 	Attribute () Type (4).
[2017.06.20-00.08.31:927][640]LogFbx: 		[Node Attribute Child 1] polySurface323 (Type Mesh).
[2017.06.20-00.08.31:927][640]LogFbx: Dumping Node END [polySurface323]
[2017.06.20-00.08.31:927][640]LogFbx: =================================================
[2017.06.20-00.08.31:927][640]LogFbx: Dumping Node START [polySurface323] 
[2017.06.20-00.08.31:927][640]LogFbx: 	Total Deformer Count 1134759584.
[2017.06.20-00.08.31:927][640]LogFbx: 	Attribute () Type (4).
[2017.06.20-00.08.31:927][640]LogFbx: 		[Node Attribute Child 1] polySurface323 (Type Mesh).
[2017.06.20-00.08.31:927][640]LogFbx: Dumping Node END [polySurface323]
[2017.06.20-00.08.31:929][640]LogFbx: Triangulating skeletal mesh polySurface323
[2017.06.20-00.08.32:931][640]LogFbx:Warning: Bones digested - 1  Depth of hierarchy - 1
[2017.06.20-00.08.33:200][640]LogSkeletalMesh: Section 0: 293 vertices, 1 active bones
[2017.06.20-00.08.33:200][640]LogSkeletalMesh: Section 1: 89 vertices, 1 active bones
[2017.06.20-00.08.33:200][640]LogSkeletalMesh: Section 2: 10423 vertices, 1 active bones
[2017.06.20-00.08.33:212][640]LogSkeletalMesh: Section 0: Material=0, 520 triangles
[2017.06.20-00.08.33:212][640]LogSkeletalMesh: Section 1: Material=1, 120 triangles
[2017.06.20-00.08.33:212][640]LogSkeletalMesh: Section 2: Material=2, 16248 triangles
[2017.06.20-00.08.33:215][640]LogLinker: Can't find file '/Game/Meshes/heroasset_Skeleton'
[2017.06.20-00.08.33:215][640]LogLinker: Can't find file '/Game/Meshes/heroasset_Skeleton'
[2017.06.20-00.08.33:217][640]LogLinker: Can't find file '/Game/Meshes/heroasset_PhysicsAsset'
[2017.06.20-00.08.33:217][640]LogLinker: Can't find file '/Game/Meshes/heroasset_PhysicsAsset'
[2017.06.20-00.08.33:230][640]FBXImport:Warning: Warning No smoothing group information was found in this FBX scene.  Please make sure to enable the 'Export Smoothing Groups' option in the FBX Exporter plug-in before exporting the file.  Even for tools that don't support smoothing groups, the FBX Exporter will generate appropriate smoothing data at export-time so that correct vertex normals can be inferred while importing. 
[2017.06.20-00.08.33:230][640]FBXImport:Warning: Warning Could not find the bind pose.  It will use time 0 as bind pose. 
[2017.06.20-00.08.58:608][561]Cmd: DELETE
[2017.06.20-00.08.58:608][561]Cmd: ACTOR DELETE
[2017.06.20-00.08.58:608][561]LogEditorActor: Deleted Actor: SkeletalMeshActor
[2017.06.20-00.08.58:615][561]LogEditorActor: Deleted 1 Actors (0.007 secs)
[2017.06.20-00.09.00:288][762]Cmd: TRANSACTION UNDO
[2017.06.20-00.09.00:288][762]LogEditorTransaction: Undo Delete Actors
[2017.06.20-00.09.02:749][ 51]Cmd: DELETE
[2017.06.20-00.09.02:749][ 51]Cmd: ACTOR DELETE
[2017.06.20-00.09.02:749][ 51]LogEditorActor: Deleted Actor: SkeletalMeshActor
[2017.06.20-00.09.02:756][ 51]LogEditorActor: Deleted 1 Actors (0.007 secs)
[2017.06.20-00.09.03:763][172]Cmd: TRANSACTION UNDO
[2017.06.20-00.09.03:763][172]LogEditorTransaction: Undo Delete Actors
[2017.06.20-00.09.15:632][243]Cmd: CAMERA ALIGN ACTIVEVIEWPORTONLY
[2017.06.20-00.09.17:513][468]LogEditorActor: Deleted Actor: SkeletalMeshActor
[2017.06.20-00.09.17:521][468]LogEditorActor: Deleted 1 Actors (0.008 secs)
[2017.06.20-00.09.25:047][343]LogSavePackage: Save=90.42ms
[2017.06.20-00.09.25:047][343]LogSavePackage: Moving '../../../../../../Users/AzurePC Intel/Documents/GitHub/Enviro_2/Enviro_2/Saved/DOOM_FanArt_Reactor_01DD2F0AB54FEF61A009D71D9A52F1E163.tmp' to '../../../../../../Users/AzurePC Intel/Documents/GitHub/Enviro_2/Enviro_2/Content/Maps/DOOM_FanArt_Reactor_01.umap'
[2017.06.20-00.09.25:048][343]LogSavePackage:Display: Finished SavePackage ../../../../../../Users/AzurePC Intel/Documents/GitHub/Enviro_2/Enviro_2/Content/Maps/DOOM_FanArt_Reactor_01.umap
[2017.06.20-00.09.25:074][343]LogFileHelpers: Saving map 'DOOM_FanArt_Reactor_01' took 0.167
[2017.06.20-00.09.28:680][749]LogEditorViewport: Clicking on Actor (LMB): Emitter (P_Mist_Lit_Still)
[2017.06.20-00.09.31:511][ 70]LogEditorViewport: Clicking Background
[2017.06.20-00.32.38:959][976]LogEditorViewport: Clicking on Actor (LMB): StaticMeshActor (ST_Reactor_Support)
[2017.06.20-00.32.40:975][202]LogEditorViewport: Clicking on Actor (LMB): StaticMeshActor (lv2)
[2017.06.20-00.32.52:623][553]LogEditorViewport: Clicking on Actor (LMB): StaticMeshActor (WB_CenterPlatform)
[2017.06.20-00.33.11:299][722]Cmd: QUIT_EDITOR
[2017.06.20-00.33.11:734][722]LogWindowsTextInputMethodSystem:Display: IME system now deactivated.
[2017.06.20-00.33.11:746][722]LogExit: Preparing to exit.
[2017.06.20-00.33.12:803][722]LogDirectoryWatcher: A directory notification for 'C:/Users/AzurePC Intel/Documents/GitHub/Enviro_2/Enviro_2/Content/' was aborted.
[2017.06.20-00.33.12:813][722]LogExit: Editor shut down
[2017.06.20-00.33.12:817][722]LogExit: Transaction tracking system shut down
[2017.06.20-00.33.12:926][722]LogObj: Freed 0b from 0 cluster array pools.
[2017.06.20-00.33.12:926][722]LogExit: Object subsystem successfully closed.
[2017.06.20-00.33.12:957][722]LogD3D11RHI: Shutdown
[2017.06.20-00.33.12:957][722]LogD3D11RHI: CleanupD3DDevice
[2017.06.20-00.33.13:083][722]LogD3D11RHI: ~FD3D11DynamicRHI
[2017.06.20-00.33.13:098][722]LogModuleManager: Shutting down and abandoning module MovieSceneCapture (530)
[2017.06.20-00.33.13:098][722]LogModuleManager: Shutting down and abandoning module HierarchicalLODOutliner (528)
[2017.06.20-00.33.13:098][722]LogModuleManager: Shutting down and abandoning module CrashTracker (526)
[2017.06.20-00.33.13:098][722]LogModuleManager: Shutting down and abandoning module SceneOutliner (524)
[2017.06.20-00.33.13:098][722]LogModuleManager: Shutting down and abandoning module AddContentDialog (522)
[2017.06.20-00.33.13:098][722]LogDirectoryWatcher: A directory notification for 'C:/Program Files/Epic Games/UE_4.16/FeaturePacks/' was aborted.
[2017.06.20-00.33.13:099][722]LogModuleManager: Shutting down and abandoning module WidgetCarousel (521)
[2017.06.20-00.33.13:099][722]LogModuleManager: Shutting down and abandoning module EditorWidgets (518)
[2017.06.20-00.33.13:099][722]LogModuleManager: Shutting down and abandoning module CollectionManager (516)
[2017.06.20-00.33.13:099][722]LogDirectoryWatcher: A directory notification for 'C:/Users/AzurePC Intel/Documents/GitHub/Enviro_2/Enviro_2/Content/Collections/' was aborted.
[2017.06.20-00.33.13:099][722]LogDirectoryWatcher: A directory notification for 'C:/Users/AzurePC Intel/Documents/GitHub/Enviro_2/Enviro_2/Content/Developers/AzurePCIntel/Collections/' was aborted.
[2017.06.20-00.33.13:099][722]LogDirectoryWatcher: A directory notification for 'C:/Users/AzurePC Intel/Documents/GitHub/Enviro_2/Enviro_2/Saved/Collections/' was aborted.
[2017.06.20-00.33.13:099][722]LogModuleManager: Shutting down and abandoning module StatsViewer (514)
[2017.06.20-00.33.13:099][722]LogModuleManager: Shutting down and abandoning module FoliageEdit (512)
[2017.06.20-00.33.13:099][722]LogModuleManager: Shutting down and abandoning module LandscapeEditor (510)
[2017.06.20-00.33.13:099][722]LogModuleManager: Shutting down and abandoning module MeshPaintMode (508)
[2017.06.20-00.33.13:100][722]LogModuleManager: Shutting down and abandoning module SceneDepthPickerMode (506)
[2017.06.20-00.33.13:100][722]LogModuleManager: Shutting down and abandoning module ActorPickerMode (504)
[2017.06.20-00.33.13:100][722]LogModuleManager: Shutting down and abandoning module GeometryMode (502)
[2017.06.20-00.33.13:100][722]LogModuleManager: Shutting down and abandoning module TextureAlignMode (500)
[2017.06.20-00.33.13:100][722]LogModuleManager: Shutting down and abandoning module BspMode (498)
[2017.06.20-00.33.13:100][722]LogModuleManager: Shutting down and abandoning module HardwareSurvey (496)
[2017.06.20-00.33.13:100][722]LogModuleManager: Shutting down and abandoning module SequenceRecorderSections (494)
[2017.06.20-00.33.13:100][722]LogModuleManager: Shutting down and abandoning module AutomationWorker (492)
[2017.06.20-00.33.13:100][722]LogModuleManager: Shutting down and abandoning module MatineeToLevelSequence (490)
[2017.06.20-00.33.13:100][722]LogModuleManager: Shutting down and abandoning module LevelSequenceEditor (488)
[2017.06.20-00.33.13:100][722]LogModuleManager: Shutting down and abandoning module PlacementMode (487)
[2017.06.20-00.33.13:100][722]LogModuleManager: Shutting down and abandoning module WmfMediaFactory (484)
[2017.06.20-00.33.13:100][722]LogModuleManager: Shutting down and abandoning module WmfMediaEditor (482)
[2017.06.20-00.33.13:100][722]LogModuleManager: Shutting down and abandoning module AvfMediaFactory (480)
[2017.06.20-00.33.13:100][722]LogModuleManager: Shutting down and abandoning module AvfMediaEditor (478)
[2017.06.20-00.33.13:100][722]LogModuleManager: Shutting down and abandoning module AndroidMediaFactory (476)
[2017.06.20-00.33.13:100][722]LogModuleManager: Shutting down and abandoning module Media (475)
[2017.06.20-00.33.13:100][722]LogModuleManager: Shutting down and abandoning module AndroidMediaEditor (472)
[2017.06.20-00.33.13:100][722]LogModuleManager: Shutting down and abandoning module CharacterAI (470)
[2017.06.20-00.33.13:100][722]LogModuleManager: Shutting down and abandoning module AudioCapture (468)
[2017.06.20-00.33.13:100][722]LogModuleManager: Shutting down and abandoning module SequenceRecorder (467)
[2017.06.20-00.33.13:100][722]LogModuleManager: Shutting down and abandoning module SmartSnapping (464)
[2017.06.20-00.33.13:100][722]LogModuleManager: Shutting down and abandoning module SessionServices (462)
[2017.06.20-00.33.13:100][722]LogModuleManager: Shutting down and abandoning module ViewportSnapping (460)
[2017.06.20-00.33.13:100][722]LogModuleManager: Shutting down and abandoning module ViewportInteraction (458)
[2017.06.20-00.33.13:100][722]LogModuleManager: Shutting down and abandoning module ClothPainter (456)
[2017.06.20-00.33.13:100][722]LogModuleManager: Shutting down and abandoning module LogVisualizer (454)
[2017.06.20-00.33.13:100][722]LogModuleManager: Shutting down and abandoning module IntroTutorials (452)
[2017.06.20-00.33.13:100][722]LogModuleManager: Shutting down and abandoning module GameProjectGeneration (451)
[2017.06.20-00.33.13:100][722]LogModuleManager: Shutting down and abandoning module EditorLiveStreaming (448)
[2017.06.20-00.33.13:100][722]LogModuleManager: Shutting down and abandoning module IOSPlatformEditor (446)
[2017.06.20-00.33.13:100][722]LogModuleManager: Shutting down and abandoning module HTML5PlatformEditor (444)
[2017.06.20-00.33.13:100][722]LogModuleManager: Shutting down and abandoning module AndroidPlatformEditor (442)
[2017.06.20-00.33.13:100][722]LogModuleManager: Shutting down and abandoning module AndroidDeviceDetection (441)
[2017.06.20-00.33.13:895][722]LogModuleManager: Shutting down and abandoning module IOSRuntimeSettings (438)
[2017.06.20-00.33.13:895][722]LogModuleManager: Shutting down and abandoning module AndroidRuntimeSettings (436)
[2017.06.20-00.33.13:895][722]LogModuleManager: Shutting down and abandoning module InputBindingEditor (434)
[2017.06.20-00.33.13:895][722]LogModuleManager: Shutting down and abandoning module MergeActors (432)
[2017.06.20-00.33.13:895][722]LogModuleManager: Shutting down and abandoning module SizeMap (430)
[2017.06.20-00.33.13:895][722]LogModuleManager: Shutting down and abandoning module TreeMap (428)
[2017.06.20-00.33.13:895][722]LogModuleManager: Shutting down and abandoning module ReferenceViewer (426)
[2017.06.20-00.33.13:895][722]LogModuleManager: Shutting down and abandoning module LocalizationDashboard (424)
[2017.06.20-00.33.13:895][722]LogModuleManager: Shutting down and abandoning module LocalizationService (423)
[2017.06.20-00.33.13:895][722]LogModuleManager: Shutting down and abandoning module HardwareTargeting (420)
[2017.06.20-00.33.13:895][722]LogModuleManager: Shutting down and abandoning module DeviceProfileEditor (418)
[2017.06.20-00.33.13:895][722]LogModuleManager: Shutting down and abandoning module UndoHistory (416)
[2017.06.20-00.33.13:895][722]LogModuleManager: Shutting down and abandoning module UserFeedback (414)
[2017.06.20-00.33.13:895][722]LogModuleManager: Shutting down and abandoning module XmlParser (412)
[2017.06.20-00.33.13:895][722]LogModuleManager: Shutting down and abandoning module Blutility (410)
[2017.06.20-00.33.13:895][722]LogModuleManager: Shutting down and abandoning module ProjectSettingsViewer (408)
[2017.06.20-00.33.13:895][722]LogModuleManager: Shutting down and abandoning module ProjectTargetPlatformEditor (407)
[2017.06.20-00.33.13:895][722]LogModuleManager: Shutting down and abandoning module EditorSettingsViewer (404)
[2017.06.20-00.33.13:895][722]LogModuleManager: Shutting down and abandoning module SettingsEditor (402)
[2017.06.20-00.33.13:895][722]LogModuleManager: Shutting down and abandoning module ProjectLauncher (400)
[2017.06.20-00.33.13:895][722]LogModuleManager: Shutting down and abandoning module SessionFrontend (398)
[2017.06.20-00.33.13:895][722]LogModuleManager: Shutting down and abandoning module ProfilerClient (396)
[2017.06.20-00.33.13:895][722]LogModuleManager: Shutting down and abandoning module DeviceManager (394)
[2017.06.20-00.33.13:895][722]LogModuleManager: Shutting down and abandoning module TargetDeviceServices (393)
[2017.06.20-00.33.13:958][722]LogModuleManager: Shutting down and abandoning module AutomationController (390)
[2017.06.20-00.33.13:958][722]LogModuleManager: Shutting down and abandoning module AutomationWindow (388)
[2017.06.20-00.33.13:958][722]LogModuleManager: Shutting down and abandoning module Layers (386)
[2017.06.20-00.33.13:958][722]LogModuleManager: Shutting down and abandoning module ComponentVisualizers (384)
[2017.06.20-00.33.13:958][722]LogModuleManager: Shutting down and abandoning module DetailCustomizations (382)
[2017.06.20-00.33.13:958][722]LogModuleManager: Shutting down and abandoning module PackagesDialog (380)
[2017.06.20-00.33.13:958][722]LogModuleManager: Shutting down and abandoning module Persona (378)
[2017.06.20-00.33.13:958][722]LogModuleManager: Shutting down and abandoning module AdvancedPreviewScene (377)
[2017.06.20-00.33.13:958][722]LogModuleManager: Shutting down and abandoning module AnimGraph (375)
[2017.06.20-00.33.13:958][722]LogModuleManager: Shutting down and abandoning module Kismet (372)
[2017.06.20-00.33.13:958][722]LogModuleManager: Shutting down and abandoning module ClassViewer (370)
[2017.06.20-00.33.13:958][722]LogModuleManager: Shutting down and abandoning module Toolbox (368)
[2017.06.20-00.33.13:958][722]LogModuleManager: Shutting down and abandoning module ModuleUI (366)
[2017.06.20-00.33.13:958][722]LogModuleManager: Shutting down and abandoning module MovieSceneTools (364)
[2017.06.20-00.33.13:958][722]LogModuleManager: Shutting down and abandoning module OutputLog (362)
[2017.06.20-00.33.13:958][722]LogModuleManager: Shutting down and abandoning module GammaUI (360)
[2017.06.20-00.33.13:958][722]LogModuleManager: Shutting down and abandoning module Documentation (358)
[2017.06.20-00.33.13:958][722]LogModuleManager: Shutting down and abandoning module MovieSceneTracks (356)
[2017.06.20-00.33.13:958][722]LogModuleManager: Shutting down and abandoning module MovieScene (354)
[2017.06.20-00.33.13:958][722]LogModuleManager: Shutting down and abandoning module Niagara (352)
[2017.06.20-00.33.13:958][722]LogModuleManager: Shutting down and abandoning module NiagaraEditor (351)
[2017.06.20-00.33.13:958][722]LogModuleManager: Shutting down and abandoning module StreamingPauseRendering (348)
[2017.06.20-00.33.13:958][722]LogModuleManager: Shutting down and abandoning module AnalyticsET (346)
[2017.06.20-00.33.13:958][722]LogModuleManager: Shutting down and abandoning module PortalServices (344)
[2017.06.20-00.33.13:958][722]LogModuleManager: Shutting down and abandoning module PortalRpc (342)
[2017.06.20-00.33.13:958][722]LogModuleManager: Shutting down and abandoning module MessagingRpc (340)
[2017.06.20-00.33.13:958][722]LogModuleManager: Shutting down and abandoning module AIModule (338)
[2017.06.20-00.33.13:958][722]LogModuleManager: Shutting down and abandoning module GameplayDebugger (337)
[2017.06.20-00.33.13:958][722]LogModuleManager: Shutting down and abandoning module AITestSuite (335)
[2017.06.20-00.33.13:958][722]LogModuleManager: Shutting down and abandoning module ProfilerService (332)
[2017.06.20-00.33.14:147][722]LogModuleManager: Shutting down and abandoning module TaskGraph (330)
[2017.06.20-00.33.14:147][722]LogModuleManager: Shutting down and abandoning module SubstanceEditor (328)
[2017.06.20-00.33.14:147][722]LogModuleManager: Shutting down and abandoning module SteamVRController (326)
[2017.06.20-00.33.14:147][722]LogModuleManager: Shutting down and abandoning module SteamVR (324)
[2017.06.20-00.33.14:147][722]LogModuleManager: Shutting down and abandoning module ProceduralMeshComponentEditor (322)
[2017.06.20-00.33.14:147][722]LogModuleManager: Shutting down and abandoning module ProceduralMeshComponent (320)
[2017.06.20-00.33.14:147][722]LogModuleManager: Shutting down and abandoning module OculusLibrary (318)
[2017.06.20-00.33.14:147][722]LogModuleManager: Shutting down and abandoning module OculusInput (316)
[2017.06.20-00.33.14:147][722]LogModuleManager: Shutting down and abandoning module MobilePatchingUtils (314)
[2017.06.20-00.33.14:147][722]LogModuleManager: Shutting down and abandoning module CustomMeshComponent (312)
[2017.06.20-00.33.14:147][722]LogModuleManager: Shutting down and abandoning module CableComponent (310)
[2017.06.20-00.33.14:147][722]LogModuleManager: Shutting down and abandoning module ArchVisCharacter (308)
[2017.06.20-00.33.14:147][722]LogModuleManager: Shutting down and abandoning module AndroidPermission (306)
[2017.06.20-00.33.14:147][722]LogModuleManager: Shutting down and abandoning module MediaPlayerEditor (302)
[2017.06.20-00.33.14:147][722]LogModuleManager: Shutting down and abandoning module HTML5Networking (300)
[2017.06.20-00.33.14:147][722]LogModuleManager: Shutting down and abandoning module AlembicImporter (298)
[2017.06.20-00.33.14:147][722]LogModuleManager: Shutting down and abandoning module AlembicLibrary (297)
[2017.06.20-00.33.14:147][722]LogModuleManager: Shutting down and abandoning module GeometryCache (296)
[2017.06.20-00.33.14:147][722]LogModuleManager: Shutting down and abandoning module GeometryCacheEd (295)
[2017.06.20-00.33.14:147][722]LogModuleManager: Shutting down and abandoning module SuperSearchEditor (290)
[2017.06.20-00.33.14:147][722]LogModuleManager: Shutting down and abandoning module SuperSearch (289)
[2017.06.20-00.33.14:147][722]LogModuleManager: Shutting down and abandoning module SpeedTreeImporter (286)
[2017.06.20-00.33.14:147][722]LogModuleManager: Shutting down and abandoning module PluginBrowser (284)
[2017.06.20-00.33.14:147][722]LogModuleManager: Shutting down and abandoning module MobileLauncherProfileWizard (282)
[2017.06.20-00.33.14:147][722]LogModuleManager: Shutting down and abandoning module VisualStudioSourceCodeAccess (280)
[2017.06.20-00.33.14:147][722]LogModuleManager: Shutting down and abandoning module DesktopPlatform (279)
[2017.06.20-00.33.14:147][722]LogModuleManager: Shutting down and abandoning module UObjectPlugin (276)
[2017.06.20-00.33.14:147][722]LogModuleManager: Shutting down and abandoning module SubversionSourceControl (274)
[2017.06.20-00.33.14:147][722]LogModuleManager: Shutting down and abandoning module PerforceSourceControl (272)
[2017.06.20-00.33.14:147][722]LogModuleManager: Shutting down and abandoning module GitSourceControl (270)
[2017.06.20-00.33.14:147][722]LogModuleManager: Shutting down and abandoning module SourceControl (269)
[2017.06.20-00.33.14:147][722]LogModuleManager: Shutting down and abandoning module LightPropagationVolumeEditor (266)
[2017.06.20-00.33.14:147][722]LogModuleManager: Shutting down and abandoning module PaperTiledImporter (264)
[2017.06.20-00.33.14:147][722]LogModuleManager: Shutting down and abandoning module PaperSpriteSheetImporter (262)
[2017.06.20-00.33.14:147][722]LogModuleManager: Shutting down and abandoning module Paper2DEditor (260)
[2017.06.20-00.33.14:147][722]LogModuleManager: Shutting down and abandoning module MeshPaint (259)
[2017.06.20-00.33.14:147][722]LogModuleManager: Shutting down and abandoning module LevelEditor (257)
[2017.06.20-00.33.14:148][722]LogModuleManager: Shutting down and abandoning module PixelInspectorModule (256)
[2017.06.20-00.33.14:148][722]LogModuleManager: Shutting down and abandoning module MainFrame (254)
[2017.06.20-00.33.14:148][722]LogModuleManager: Shutting down and abandoning module HotReload (253)
[2017.06.20-00.33.14:148][722]LogModuleManager: Shutting down and abandoning module PhysXVehiclesEditor (248)
[2017.06.20-00.33.14:148][722]LogModuleManager: Shutting down and abandoning module PhysXVehicles (246)
[2017.06.20-00.33.14:148][722]LogModuleManager: Shutting down and abandoning module LocationServicesBPLibrary (244)
[2017.06.20-00.33.14:148][722]LogModuleManager: Shutting down and abandoning module ImmediatePhysicsEditor (242)
[2017.06.20-00.33.14:148][722]LogModuleManager: Shutting down and abandoning module ImmediatePhysics (240)
[2017.06.20-00.33.14:148][722]LogModuleManager: Shutting down and abandoning module UdpMessaging (238)
[2017.06.20-00.33.14:249][722]LogModuleManager: Shutting down and abandoning module TcpMessaging (236)
[2017.06.20-00.33.14:349][722]LogModuleManager: Shutting down and abandoning module SubstanceCore (234)
[2017.06.20-00.33.14:349][722]LogModuleManager: Shutting down and abandoning module GameplayTagsEditor (232)
[2017.06.20-00.33.14:349][722]LogModuleManager: Shutting down and abandoning module FacialAnimationEditor (230)
[2017.06.20-00.33.14:349][722]LogModuleManager: Shutting down and abandoning module FacialAnimation (228)
[2017.06.20-00.33.14:349][722]LogModuleManager: Shutting down and abandoning module AssetManagerEditor (226)
[2017.06.20-00.33.14:349][722]LogModuleManager: Shutting down and abandoning module GraphEditor (225)
[2017.06.20-00.33.14:349][722]LogModuleManager: Shutting down and abandoning module ContentBrowser (223)
[2017.06.20-00.33.14:350][722]LogModuleManager: Shutting down and abandoning module LightPropagationVolumeRuntime (220)
[2017.06.20-00.33.14:350][722]LogModuleManager: Shutting down and abandoning module Paper2D (218)
[2017.06.20-00.33.14:350][722]LogModuleManager: Shutting down and abandoning module WindowsMoviePlayer (216)
[2017.06.20-00.33.14:350][722]LogModuleManager: Shutting down and abandoning module WmfMedia (214)
[2017.06.20-00.33.14:350][722]LogModuleManager: Shutting down and abandoning module ClothingSystemEditor (212)
[2017.06.20-00.33.14:350][722]LogModuleManager: Shutting down and abandoning module ClothingSystemRuntime (210)
[2017.06.20-00.33.14:350][722]LogModuleManager: Shutting down and abandoning module MediaAssets (208)
[2017.06.20-00.33.14:350][722]LogModuleManager: Shutting down and abandoning module GameLiveStreaming (206)
[2017.06.20-00.33.14:350][722]LogModuleManager: Shutting down and abandoning module VREditor (204)
[2017.06.20-00.33.14:350][722]LogModuleManager: Shutting down and abandoning module StringTableEditor (202)
[2017.06.20-00.33.14:350][722]LogModuleManager: Shutting down and abandoning module GameplayTasksEditor (200)
[2017.06.20-00.33.14:350][722]LogModuleManager: Shutting down and abandoning module BehaviorTreeEditor (198)
[2017.06.20-00.33.14:350][722]LogModuleManager: Shutting down and abandoning module FunctionalTesting (196)
[2017.06.20-00.33.14:350][722]LogModuleManager: Shutting down and abandoning module CollisionAnalyzer (194)
[2017.06.20-00.33.14:350][722]LogModuleManager: Shutting down and abandoning module UMG (192)
[2017.06.20-00.33.14:350][722]LogModuleManager: Shutting down and abandoning module UMGEditor (191)
[2017.06.20-00.33.14:350][722]LogModuleManager: Shutting down and abandoning module Sequencer (190)
[2017.06.20-00.33.14:350][722]LogModuleManager: Shutting down and abandoning module AssetTools (188)
[2017.06.20-00.33.14:350][722]LogModuleManager: Shutting down and abandoning module MessageLog (187)
[2017.06.20-00.33.14:350][722]LogModuleManager: Shutting down and abandoning module WorkspaceMenuStructure (186)
[2017.06.20-00.33.14:350][722]LogModuleManager: Shutting down and abandoning module SlateReflector (180)
[2017.06.20-00.33.14:350][722]LogModuleManager: Shutting down and abandoning module Slate (178)
[2017.06.20-00.33.14:350][722]LogModuleManager: Shutting down and abandoning module EditorStyle (176)
[2017.06.20-00.33.14:352][722]LogModuleManager: Shutting down and abandoning module SourceCodeAccess (174)
[2017.06.20-00.33.14:352][722]LogModuleManager: Shutting down and abandoning module HeadMountedDisplay (172)
[2017.06.20-00.33.14:352][722]LogModuleManager: Shutting down and abandoning module XAudio2 (170)
[2017.06.20-00.33.14:352][722]LogModuleManager: Shutting down and abandoning module Networking (168)
[2017.06.20-00.33.14:352][722]LogModuleManager: Shutting down and abandoning module Core (164)
[2017.06.20-00.33.14:352][722]LogModuleManager: Shutting down and abandoning module AssetRegistry (162)
[2017.06.20-00.33.14:530][722]LogDirectoryWatcher: A directory notification for '../../../Engine/Content/' was aborted.
[2017.06.20-00.33.14:530][722]LogDirectoryWatcher: A directory notification for '../../../../../../Users/AzurePC Intel/Documents/GitHub/Enviro_2/Enviro_2/Content/' was aborted.
[2017.06.20-00.33.14:530][722]LogDirectoryWatcher: A directory notification for '../../../Engine/Plugins/2D/Paper2D/Content/' was aborted.
[2017.06.20-00.33.14:530][722]LogDirectoryWatcher: A directory notification for '../../../Engine/Plugins/Runtime/GearVR/Content/' was aborted.
[2017.06.20-00.33.14:533][722]LogModuleManager: Shutting down and abandoning module DirectoryWatcher (161)
[2017.06.20-00.33.14:534][722]LogModuleManager: Shutting down and abandoning module KismetCompiler (158)
[2017.06.20-00.33.14:534][722]LogModuleManager: Shutting down and abandoning module LevelSequence (156)
[2017.06.20-00.33.14:534][722]LogModuleManager: Shutting down and abandoning module PhysXFormats (154)
[2017.06.20-00.33.14:534][722]LogModuleManager: Shutting down and abandoning module MeshUtilities (152)
[2017.06.20-00.33.14:534][722]LogModuleManager: Shutting down and abandoning module SimplygonSwarm (151)
[2017.06.20-00.33.14:534][722]LogModuleManager: Shutting down and abandoning module SimplygonMeshReduction (149)
[2017.06.20-00.33.14:534][722]LogModuleManager: Shutting down and abandoning module QuadricMeshReduction (147)
[2017.06.20-00.33.14:534][722]LogModuleManager: Shutting down and abandoning module DerivedDataCache (144)
[2017.06.20-00.33.14:623][722]LogDerivedDataCache: Shutdown
[2017.06.20-00.33.14:623][722]LogModuleManager: Shutting down and abandoning module TargetPlatform (142)
[2017.06.20-00.33.14:623][722]LogModuleManager: Shutting down and abandoning module VulkanShaderFormat (141)
[2017.06.20-00.33.14:623][722]LogModuleManager: Shutting down and abandoning module ShaderFormatVectorVM (139)
[2017.06.20-00.33.14:623][722]LogModuleManager: Shutting down and abandoning module ShaderFormatOpenGL (137)
[2017.06.20-00.33.14:623][722]LogModuleManager: Shutting down and abandoning module ShaderFormatD3D (135)
[2017.06.20-00.33.14:623][722]LogModuleManager: Shutting down and abandoning module MetalShaderFormat (133)
[2017.06.20-00.33.14:623][722]LogModuleManager: Shutting down and abandoning module TextureFormatUncompressed (131)
[2017.06.20-00.33.14:623][722]LogModuleManager: Shutting down and abandoning module TextureFormatPVR (129)
[2017.06.20-00.33.14:623][722]LogModuleManager: Shutting down and abandoning module TextureFormatDXT (127)
[2017.06.20-00.33.14:623][722]LogModuleManager: Shutting down and abandoning module TextureFormatIntelISPCTexComp (125)
[2017.06.20-00.33.14:623][722]LogModuleManager: Shutting down and abandoning module TextureFormatASTC (123)
[2017.06.20-00.33.14:623][722]LogModuleManager: Shutting down and abandoning module ImageWrapper (122)
[2017.06.20-00.33.14:623][722]LogModuleManager: Shutting down and abandoning module TextureFormatAndroid (119)
[2017.06.20-00.33.14:623][722]LogModuleManager: Shutting down and abandoning module AudioFormatOpus (117)
[2017.06.20-00.33.14:623][722]LogModuleManager: Shutting down and abandoning module AudioFormatOgg (115)
[2017.06.20-00.33.14:623][722]LogModuleManager: Shutting down and abandoning module AudioFormatADPCM (113)
[2017.06.20-00.33.14:623][722]LogModuleManager: Shutting down and abandoning module LinuxTargetPlatform (111)
[2017.06.20-00.33.14:623][722]LogModuleManager: Shutting down and abandoning module LinuxServerTargetPlatform (109)
[2017.06.20-00.33.14:623][722]LogModuleManager: Shutting down and abandoning module LinuxNoEditorTargetPlatform (107)
[2017.06.20-00.33.14:623][722]LogModuleManager: Shutting down and abandoning module LinuxClientTargetPlatform (105)
[2017.06.20-00.33.14:623][722]LogModuleManager: Shutting down and abandoning module TVOSTargetPlatform (103)
[2017.06.20-00.33.14:623][722]LogModuleManager: Shutting down and abandoning module Messaging (101)
[2017.06.20-00.33.14:623][722]LogModuleManager: Shutting down and abandoning module IOSTargetPlatform (99)
[2017.06.20-00.33.14:623][722]LogModuleManager: Shutting down and abandoning module HTML5TargetPlatform (97)
[2017.06.20-00.33.14:623][722]LogModuleManager: Shutting down and abandoning module Android_PVRTCTargetPlatform (95)
[2017.06.20-00.33.14:623][722]LogModuleManager: Shutting down and abandoning module Android_MultiTargetPlatform (93)
[2017.06.20-00.33.14:623][722]LogModuleManager: Shutting down and abandoning module Android_ETC2TargetPlatform (91)
[2017.06.20-00.33.14:623][722]LogModuleManager: Shutting down and abandoning module Android_ETC1TargetPlatform (89)
[2017.06.20-00.33.14:623][722]LogModuleManager: Shutting down and abandoning module Android_DXTTargetPlatform (87)
[2017.06.20-00.33.14:623][722]LogModuleManager: Shutting down and abandoning module Android_ATCTargetPlatform (85)
[2017.06.20-00.33.14:623][722]LogModuleManager: Shutting down and abandoning module Android_ASTCTargetPlatform (83)
[2017.06.20-00.33.14:623][722]LogModuleManager: Shutting down and abandoning module AndroidTargetPlatform (81)
[2017.06.20-00.33.14:623][722]LogModuleManager: Shutting down and abandoning module WindowsTargetPlatform (79)
[2017.06.20-00.33.14:623][722]LogModuleManager: Shutting down and abandoning module WindowsServerTargetPlatform (77)
[2017.06.20-00.33.14:623][722]LogModuleManager: Shutting down and abandoning module WindowsNoEditorTargetPlatform (75)
[2017.06.20-00.33.14:623][722]LogModuleManager: Shutting down and abandoning module WindowsClientTargetPlatform (73)
[2017.06.20-00.33.14:623][722]LogModuleManager: Shutting down and abandoning module MacTargetPlatform (71)
[2017.06.20-00.33.14:623][722]LogModuleManager: Shutting down and abandoning module MacServerTargetPlatform (69)
[2017.06.20-00.33.14:623][722]LogModuleManager: Shutting down and abandoning module MacNoEditorTargetPlatform (67)
[2017.06.20-00.33.14:623][722]LogModuleManager: Shutting down and abandoning module MacClientTargetPlatform (65)
[2017.06.20-00.33.14:623][722]LogModuleManager: Shutting down and abandoning module AllDesktopTargetPlatform (63)
[2017.06.20-00.33.14:623][722]LogModuleManager: Shutting down and abandoning module InputCore (60)
[2017.06.20-00.33.14:623][722]LogModuleManager: Shutting down and abandoning module Settings (58)
[2017.06.20-00.33.14:624][722]LogModuleManager: Shutting down and abandoning module OculusRift (56)
[2017.06.20-00.33.14:624][722]LogModuleManager: Shutting down and abandoning module GearVRController (54)
[2017.06.20-00.33.14:624][722]LogModuleManager: Shutting down and abandoning module GearVR (52)
[2017.06.20-00.33.14:624][722]LogModuleManager: Shutting down and abandoning module ExampleDeviceProfileSelector (50)
[2017.06.20-00.33.14:624][722]LogModuleManager: Shutting down and abandoning module OnlineBlueprintSupport (48)
[2017.06.20-00.33.14:624][722]LogModuleManager: Shutting down and abandoning module OnlineSubsystem (44)
[2017.06.20-00.33.14:624][722]LogOnline:Display: Unloading online subsystem: NULL
[2017.06.20-00.33.14:624][722]LogModuleManager: Shutting down and abandoning module XMPP (43)
[2017.06.20-00.33.14:624][722]LogModuleManager: Shutting down and abandoning module HTTP (41)
[2017.06.20-00.33.14:624][722]LogHttp:Display: Http module shutting down, but needs to wait on 1 outstanding Http requests:
[2017.06.20-00.33.14:624][722]LogHttp:Display: 	verb=[POST] url=[https://datarouter.ol.epicgames.com/datarouter/api/v1/public/data?SessionID=%7BDA02BEB1-4618-CEAF-DA53-06A37984752C%7D&AppID=UEEditor.Rocket.Release&AppVersion=4.16.1-3466753%2B%2B%2BUE4%2BRelease-4.16&UserID=da2c64f64af90778841cdbb7a9e7271c%7C4e59904afcc6489195f8095de720415d%7Ce6cec269-2a62-4e13-9f24-3ef9e02a4e7c&AppEnvironment=datacollector-binary&UploadType=eteventstream] status=Processing
[2017.06.20-00.33.14:637][722]LogModuleManager: Shutting down and abandoning module SSL (40)
[2017.06.20-00.33.14:637][722]LogModuleManager: Shutting down and abandoning module HTTPChunkInstaller (36)
[2017.06.20-00.33.14:637][722]LogModuleManager: Shutting down and abandoning module AnimationModifiers (34)
[2017.06.20-00.33.14:637][722]LogModuleManager: Shutting down and abandoning module PropertyEditor (33)
[2017.06.20-00.33.14:637][722]LogModuleManager: Shutting down and abandoning module AudioEditor (30)
[2017.06.20-00.33.14:637][722]LogModuleManager: Shutting down and abandoning module TextureCompressor (28)
[2017.06.20-00.33.14:637][722]LogModuleManager: Shutting down and abandoning module ShaderCore (26)
[2017.06.20-00.33.14:637][722]LogModuleManager: Shutting down and abandoning module Landscape (24)
[2017.06.20-00.33.14:637][722]LogModuleManager: Shutting down and abandoning module SlateRHIRenderer (22)
[2017.06.20-00.33.14:638][722]LogModuleManager: Shutting down and abandoning module OpenGLDrv (20)
[2017.06.20-00.33.14:638][722]LogModuleManager: Shutting down and abandoning module D3D11RHI (18)
[2017.06.20-00.33.14:638][722]LogModuleManager: Shutting down and abandoning module AnimGraphRuntime (16)
[2017.06.20-00.33.14:638][722]LogModuleManager: Shutting down and abandoning module Renderer (14)
[2017.06.20-00.33.14:638][722]LogModuleManager: Shutting down and abandoning module Engine (12)
[2017.06.20-00.33.14:638][722]LogModuleManager: Shutting down and abandoning module CoreUObject (10)
[2017.06.20-00.33.14:638][722]LogModuleManager: Shutting down and abandoning module NetworkFile (8)
[2017.06.20-00.33.14:638][722]LogModuleManager: Shutting down and abandoning module StreamingFile (6)
[2017.06.20-00.33.14:638][722]LogModuleManager: Shutting down and abandoning module SandboxFile (4)
[2017.06.20-00.33.14:638][722]LogModuleManager: Shutting down and abandoning module PakFile (2)
[2017.06.20-00.33.14:640][722]LogExit: Exiting.
[2017.06.20-00.33.14:650][722]Log file closed, 06/19/17 18:33:14
