Log file open, 06/08/17 07:04:27
LogInit:Display: Running engine for game: Enviro_2
LogPlatformFile: Not using cached read wrapper
LogInit:Display: RandInit(1646864336) SRandInit(1646864336).
LogTaskGraph: Started task graph with 5 named threads and 8 total threads with 1 sets of task threads.
LogStats: Stats thread started at 0.078126
LogInit: Using libcurl 7.47.1
LogInit:  - built for x86_64-pc-win32
LogInit:  - supports SSL with OpenSSL/1.0.2g
LogInit:  - supports HTTP deflate (compression) using libz 1.2.8
LogInit:  - other features:
LogInit:      CURL_VERSION_SSL
LogInit:      CURL_VERSION_LIBZ
LogInit:      CURL_VERSION_IPV6
LogInit:      CURL_VERSION_ASYNCHDNS
LogInit:      CURL_VERSION_LARGEFILE
LogInit:      CURL_VERSION_IDN
LogInit:  CurlRequestOptions (configurable via config and command line):
LogInit:  - bVerifyPeer = false  - Libcurl will NOT verify peer certificate
LogInit:  - bUseHttpProxy = false  - Libcurl will NOT use HTTP proxy
LogInit:  - bDontReuseConnections = false  - Libcurl will reuse connections
LogInit:  - CertBundlePath = nullptr  - Libcurl will use whatever was configured at build time.
LogInit: Build: ++UE4+Release-4.16-CL-3466753
LogInit: Engine Version: 4.16.1-3466753+++UE4+Release-4.16
LogInit: Compatible Engine Version: 4.16.0-3452394+++UE4+Release-4.16
LogInit: Net CL: 3452394
LogDevObjectVersion: Number of dev versions registered: 16
LogDevObjectVersion:   Dev-Blueprints (B0D832E4-1F89-4F0D-ACCF-7EB736FD4AA2): 9
LogDevObjectVersion:   Dev-Build (E1C64328-A22C-4D53-A36C-8E866417BD8C): 0
LogDevObjectVersion:   Dev-Core (375EC13C-06E4-48FB-B500-84F0262A717E): 2
LogDevObjectVersion:   Dev-Editor (E4B068ED-F494-42E9-A231-DA0B2E46BB41): 17
LogDevObjectVersion:   Dev-Framework (CFFC743F-43B0-4480-9391-14DF171D2073): 23
LogDevObjectVersion:   Dev-Mobile (B02B49B5-BB20-44E9-A304-32B752E40360): 0
LogDevObjectVersion:   Dev-Networking (A4E4105C-59A1-49B5-A7C5-40C4547EDFEE): 0
LogDevObjectVersion:   Dev-Online (39C831C9-5AE6-47DC-9A44-9C173E1C8E7C): 0
LogDevObjectVersion:   Dev-Physics (78F01B33-EBEA-4F98-B9B4-84EACCB95AA2): 0
LogDevObjectVersion:   Dev-Platform (6631380F-2D4D-43E0-8009-CF276956A95A): 0
LogDevObjectVersion:   Dev-Rendering (12F88B9F-8875-4AFC-A67C-D90C383ABD29): 15
LogDevObjectVersion:   Dev-Sequencer (7B5AE74C-D270-4C10-A958-57980B212A5A): 4
LogDevObjectVersion:   Dev-VR (D7296918-1DD6-4BDD-9DE2-64A83CC13884): 0
LogDevObjectVersion:   Dev-LoadTimes (C2A15278-BFE7-4AFE-6C17-90FF531DF755): 1
LogDevObjectVersion:   Private-Geometry (6EACA3D4-40EC-4CC1-B786-8BED09428FC5): 1
LogDevObjectVersion:   Dev-AnimPhys (29E575DD-E0A3-4627-9D10-D276232CDCEA): 3
LogInit: Compiled (64-bit): May 31 2017 02:03:30
LogInit: Compiled with Visual C++: 19.00.24215.01
LogInit: Build Configuration: Development
LogInit: Branch Name: ++UE4+Release-4.16
LogInit: Command line:  
LogInit: Base directory: C:/Program Files/Epic Games/UE_4.16/Engine/Binaries/Win64/
LogInit: Installed Engine Build: 1
LogInit: Presizing for max 8388607 objects, including 0 objects not considered by GC, pre-allocating 0 bytes for permanent pool.
LogInit: Object subsystem initialized
[2017.06.08-13.04.27:616][  0]LogInit: Selected Device Profile: [Windows]
[2017.06.08-13.04.27:616][  0]LogInit: Applying CVar settings loaded from the selected device profile: [Windows]
[2017.06.08-13.04.27:624][  0]LogInit: Computer: AZUREPCINTEL
[2017.06.08-13.04.27:624][  0]LogInit: User: AzurePCIntel
[2017.06.08-13.04.27:624][  0]LogInit: CPU Page size=4096, Cores=4
[2017.06.08-13.04.27:624][  0]LogInit: High frequency timer resolution =3.914063 MHz
[2017.06.08-13.04.27:624][  0]LogMemory: Memory total: Physical=16.0GB (16GB approx)
[2017.06.08-13.04.27:624][  0]LogMemory: Platform Memory Stats for Windows
[2017.06.08-13.04.27:624][  0]LogMemory: Process Physical Memory: 273.47 MB used, 273.47 MB peak
[2017.06.08-13.04.27:624][  0]LogMemory: Process Virtual Memory: 260.68 MB used, 260.68 MB peak
[2017.06.08-13.04.27:624][  0]LogMemory: Physical Memory: 7411.12 MB used,  8932.56 MB free, 16343.68 MB total
[2017.06.08-13.04.27:624][  0]LogMemory: Virtual Memory: 638.16 MB used,  8932.56 MB free, 134217728.00 MB total
[2017.06.08-13.04.27:679][  0]LogInit: Using OS detected language (en-US).
[2017.06.08-13.04.27:679][  0]LogInit: Using OS detected locale (en-US).
[2017.06.08-13.04.27:681][  0]LogTextLocalizationManager: No specific localization for 'en-US' exists, so the 'en' localization will be used.
[2017.06.08-13.04.28:399][  0]LogD3D11RHI: D3D11 adapters:
[2017.06.08-13.04.28:412][  0]LogD3D11RHI:    0. 'AMD Radeon (TM) R9 390 Series' (Feature Level 11_0)
[2017.06.08-13.04.28:412][  0]LogD3D11RHI:       8169/0/8171 MB DedicatedVideo/DedicatedSystem/SharedSystem, Outputs:2, VendorId:0x1002
[2017.06.08-13.04.28:412][  0]LogD3D11RHI:    1. 'Microsoft Basic Render Driver' (Feature Level 11_0)
[2017.06.08-13.04.28:412][  0]LogD3D11RHI:       0/0/8171 MB DedicatedVideo/DedicatedSystem/SharedSystem, Outputs:0, VendorId:0x1414
[2017.06.08-13.04.28:412][  0]LogD3D11RHI: Chosen D3D11 Adapter: 0
[2017.06.08-13.04.28:416][  0]LogD3D11RHI: Creating new Direct3DDevice
[2017.06.08-13.04.28:417][  0]LogD3D11RHI:     GPU DeviceId: 0x67b1 (for the marketing name, search the web for "GPU Device Id")
[2017.06.08-13.04.28:417][  0]LogWindows: EnumDisplayDevices:
[2017.06.08-13.04.28:417][  0]LogWindows:    0. 'AMD Radeon (TM) R9 390 Series' (P:1 D:1)
[2017.06.08-13.04.28:417][  0]LogWindows:    1. 'AMD Radeon (TM) R9 390 Series' (P:0 D:1)
[2017.06.08-13.04.28:417][  0]LogWindows:    2. 'AMD Radeon (TM) R9 390 Series' (P:0 D:0)
[2017.06.08-13.04.28:417][  0]LogWindows:    3. 'AMD Radeon (TM) R9 390 Series' (P:0 D:0)
[2017.06.08-13.04.28:417][  0]LogWindows:    4. 'AMD Radeon (TM) R9 390 Series' (P:0 D:0)
[2017.06.08-13.04.28:417][  0]LogWindows:    5. 'AMD Radeon (TM) R9 390 Series' (P:0 D:0)
[2017.06.08-13.04.28:417][  0]LogWindows: DebugString: FoundDriverCount:6 
[2017.06.08-13.04.28:417][  0]LogD3D11RHI:     Adapter Name: AMD Radeon (TM) R9 390 Series
[2017.06.08-13.04.28:417][  0]LogD3D11RHI:   Driver Version: Crimson ReLive 17.1.1 (internal:22.19.162.4, unified:22.19.162.4)
[2017.06.08-13.04.28:417][  0]LogD3D11RHI:      Driver Date: 4-24-2017
[2017.06.08-13.04.28:417][  0]LogRHI: Texture pool is 1361 MB (70% of 1945 MB)
[2017.06.08-13.04.28:447][  0]LogD3D11RHI: Async texture creation enabled
[2017.06.08-13.04.28:456][  0]LogD3D11RHI: GPU Timing Frequency: 27.000000 (Debug: 2 1)
[2017.06.08-13.04.28:456][  0]LogShaderCompilers: Guid format shader working directory is -18 characters bigger than the processId version (../../../../../../Users/AzurePC Intel/Documents/GitHub/Enviro_2/Enviro_2/Intermediate/Shaders/WorkingDirectory/8172/).
[2017.06.08-13.04.28:456][  0]LogShaderCompilers: Cleaned the shader compiler working directory 'C:/Users/AzurePC Intel/AppData/Local/Temp/UnrealShaderWorkingDir/6576AD2C4E5B5EEC3EC3E7A4B15ACCF5/'.
[2017.06.08-13.04.28:456][  0]LogShaderCompilers:Display: Using Local Shader Compiler.
[2017.06.08-13.04.29:210][  0]LogTemp:Display: Loaded TP AllDesktopTargetPlatform
[2017.06.08-13.04.29:249][  0]LogTemp:Display: Loaded TP MacClientTargetPlatform
[2017.06.08-13.04.29:286][  0]LogTemp:Display: Loaded TP MacNoEditorTargetPlatform
[2017.06.08-13.04.29:325][  0]LogTemp:Display: Loaded TP MacServerTargetPlatform
[2017.06.08-13.04.29:363][  0]LogTemp:Display: Loaded TP MacTargetPlatform
[2017.06.08-13.04.29:401][  0]LogTemp:Display: Loaded TP WindowsClientTargetPlatform
[2017.06.08-13.04.29:438][  0]LogTemp:Display: Loaded TP WindowsNoEditorTargetPlatform
[2017.06.08-13.04.29:477][  0]LogTemp:Display: Loaded TP WindowsServerTargetPlatform
[2017.06.08-13.04.29:511][  0]LogTemp:Display: Loaded TP WindowsTargetPlatform
[2017.06.08-13.04.29:548][  0]LogTemp:Display: Loaded TP AndroidTargetPlatform
[2017.06.08-13.04.29:585][  0]LogTemp:Display: Loaded TP Android_ASTCTargetPlatform
[2017.06.08-13.04.29:622][  0]LogTemp:Display: Loaded TP Android_ATCTargetPlatform
[2017.06.08-13.04.29:659][  0]LogTemp:Display: Loaded TP Android_DXTTargetPlatform
[2017.06.08-13.04.29:698][  0]LogTemp:Display: Loaded TP Android_ETC1TargetPlatform
[2017.06.08-13.04.29:737][  0]LogTemp:Display: Loaded TP Android_ETC2TargetPlatform
[2017.06.08-13.04.29:819][  0]LogTemp:Display: Loaded TP Android_MultiTargetPlatform
[2017.06.08-13.04.29:819][  0]LogTemp:Display: Loaded TP Android_PVRTCTargetPlatform
[2017.06.08-13.04.29:849][  0]LogTemp:Display: Loaded TP HTML5TargetPlatform
[2017.06.08-13.04.29:928][  0]LogTemp:Display: Loaded TP IOSTargetPlatform
[2017.06.08-13.04.29:950][  0]LogTemp:Display: Loaded TP TVOSTargetPlatform
[2017.06.08-13.04.29:987][  0]LogTemp:Display: Loaded TP LinuxClientTargetPlatform
[2017.06.08-13.04.30:025][  0]LogTemp:Display: Loaded TP LinuxNoEditorTargetPlatform
[2017.06.08-13.04.30:064][  0]LogTemp:Display: Loaded TP LinuxServerTargetPlatform
[2017.06.08-13.04.30:101][  0]LogTemp:Display: Loaded TP LinuxTargetPlatform
[2017.06.08-13.04.30:101][  0]LogTargetPlatformManager:Display: Building Assets For Windows
[2017.06.08-13.04.30:491][  0]LogDerivedDataCache:Display: Max Cache Size: 512 MB
[2017.06.08-13.04.30:563][  0]LogDerivedDataCache: Loaded boot cache 0.07s 90MB C:/Users/AzurePC Intel/AppData/Local/UnrealEngine/4.16/DerivedDataCache/Boot.ddc.
[2017.06.08-13.04.30:563][  0]LogDerivedDataCache:Display: Loaded Boot cache: C:/Users/AzurePC Intel/AppData/Local/UnrealEngine/4.16/DerivedDataCache/Boot.ddc
[2017.06.08-13.04.30:563][  0]LogDerivedDataCache: FDerivedDataBackendGraph:  Pak pak cache file ../../../../../../Users/AzurePC Intel/Documents/GitHub/Enviro_2/Enviro_2/DerivedDataCache/DDC.ddp not found, will not use a pak cache.
[2017.06.08-13.04.30:563][  0]LogDerivedDataCache: Unable to find inner node Pak for hierarchical cache Hierarchy.
[2017.06.08-13.04.30:563][  0]LogDerivedDataCache: FDerivedDataBackendGraph:  CompressedPak pak cache file ../../../../../../Users/AzurePC Intel/Documents/GitHub/Enviro_2/Enviro_2/DerivedDataCache/Compressed.ddp not found, will not use a pak cache.
[2017.06.08-13.04.30:563][  0]LogDerivedDataCache: Unable to find inner node CompressedPak for hierarchical cache Hierarchy.
[2017.06.08-13.04.30:576][  0]LogDerivedDataCache:Display: Pak cache opened for reading ../../../Engine/DerivedDataCache/Compressed.ddp.
[2017.06.08-13.04.30:589][  0]LogDerivedDataCache: Using Local data cache path C:/Users/AzurePC Intel/AppData/Local/UnrealEngine/Common/DerivedDataCache: Writable
[2017.06.08-13.04.30:596][  0]LogMaterial: Verifying Global Shaders for PCD3D_SM5
[2017.06.08-13.04.30:596][  0]LogSlate: Using Freetype 2.6.0
[2017.06.08-13.04.30:597][  0]LogSlate: SlateFontCache - WITH_FREETYPE: 1, WITH_HARFBUZZ: 1
[2017.06.08-13.04.30:597][  0]LogSlate: SlateFontCache - WITH_FREETYPE: 1, WITH_HARFBUZZ: 1
[2017.06.08-13.04.30:831][  0]LogInit: Selected Device Profile: [Windows]
[2017.06.08-13.04.30:902][  0]LogContentStreaming: Texture pool size is 0.00 MB
[2017.06.08-13.04.31:027][  0]LogMeshUtilities: Using QuadricMeshReduction for automatic static mesh reduction
[2017.06.08-13.04.31:065][  0]LogSimplygon: Simplygon DLL not present - disabling.
[2017.06.08-13.04.31:103][  0]LogMeshUtilities: Using SimplygonSwarm for distributed automatic mesh merging
[2017.06.08-13.04.31:103][  0]LogMeshUtilities: No automatic skeletal mesh reduction module available
[2017.06.08-13.04.31:103][  0]LogMeshUtilities: No automatic mesh merging module available
[2017.06.08-13.04.31:517][  0]LogNetVersion: Enviro_2 , NetCL: 3452394, EngineNetVer: 2, GameNetVer: 0 (Checksum: 303638927)
[2017.06.08-13.04.31:568][  0]LogAssetRegistry: FAssetRegistry took 0.0244 seconds to start up
[2017.06.08-13.04.31:612][  0]LogPackageLocalizationCache: Processed 4 localized package path(s) for 2 prioritized culture(s) in 0.025257 seconds
[2017.06.08-13.04.31:616][  0]LogUObjectArray: 34194 objects as part of root set at end of initial load.
[2017.06.08-13.04.31:616][  0]LogUObjectAllocator: 7260416 out of 0 bytes used by permanent object pool.
[2017.06.08-13.04.31:616][  0]LogUObjectArray: CloseDisregardForGC: 0/0 objects in disregard for GC pool
[2017.06.08-13.04.31:665][  0]LogInit: WinSock: version 1.1 (2.2), MaxSocks=32767, MaxUdp=65467
[2017.06.08-13.04.33:509][  0]LogSubstanceCoreModule: Substance [CPU] Engine Loaded, Max Texture Size = 2048
[2017.06.08-13.04.33:531][  0]LogTcpMessaging: Initializing TcpMessaging bridge
[2017.06.08-13.04.33:566][  0]LogUdpMessaging: Initializing bridge on interface 0.0.0.0:0 to multicast group 230.0.0.1:6666.
[2017.06.08-13.04.33:989][  0]LogMaterial: Uniform references updated for custom material expression Custom.
[2017.06.08-13.04.34:298][  0]SourceControl: Info Source control is disabled
[2017.06.08-13.04.34:299][  0]SourceControl: Info Source control is disabled
[2017.06.08-13.04.34:333][  0]SourceControl: Info Source control is disabled
[2017.06.08-13.04.34:367][  0]SourceControl: Info Source control is disabled
[2017.06.08-13.04.34:857][  0]LogAndroidPermission: UAndroidPermissionCallbackProxy::GetInstance
[2017.06.08-13.04.35:341][  0]LogEngine: Initializing Engine...
[2017.06.08-13.04.35:342][  0]LogHMD: Failed to initialize OpenVR with code 110
[2017.06.08-13.04.35:495][  0]LogStats: UGameplayTagsManager::ConstructGameplayTagTree: Construct from data asset -  0.000 s
[2017.06.08-13.04.35:495][  0]LogStats: UGameplayTagsManager::ConstructGameplayTagTree: GameplayTagTreeChangedEvent.Broadcast -  0.000 s
[2017.06.08-13.04.35:589][  0]LogAIModule: Creating AISystem for world Untitled
[2017.06.08-13.04.35:597][  0]LogInit: XAudio2 using 'SPDIF Interface (2- FiiO USB DAC-E10)' : 2 channels at 48 kHz using 16 bits per sample (channel mask 0x3)
[2017.06.08-13.04.35:607][  0]LogInit: FAudioDevice initialized.
[2017.06.08-13.04.35:640][  0]LogDerivedDataCache: Saved boot cache 0.03s 90MB C:/Users/AzurePC Intel/AppData/Local/UnrealEngine/4.16/DerivedDataCache/Boot.ddc.
[2017.06.08-13.04.35:651][  0]LogInit: Texture streaming: Enabled
[2017.06.08-13.04.35:722][  0]LogEngineSessionManager: EngineSessionManager initialized
[2017.06.08-13.04.35:881][  0]LogInit: Transaction tracking system initialized
[2017.06.08-13.04.36:108][  0]BlueprintLog: New page: Editor Load
[2017.06.08-13.04.36:808][  0]LocalizationService: Info Localization service is disabled
[2017.06.08-13.04.37:305][  0]LogConsoleResponse:Display: 
[2017.06.08-13.04.37:410][  0]LogCook:Display: Max memory allowance for cook 16384mb min free memory 0mb
[2017.06.08-13.04.37:410][  0]LogCook:Display: Mobile HDR setting 1
[2017.06.08-13.04.38:160][  0]LogFileCache: Scanning file cache for directory 'C:/Users/AzurePC Intel/Documents/GitHub/Enviro_2/Enviro_2/Content/' took 0.01s
[2017.06.08-13.04.38:160][  0]SourceControl: Info Source control is disabled
[2017.06.08-13.04.38:160][  0]Cmd: MAP LOAD FILE="../../../../../../Users/AzurePC Intel/Documents/GitHub/Enviro_2/Enviro_2/Content/StarterContent/Maps/Minimal_Default.umap" TEMPLATE=0 SHOWPROGRESS=1 FEATURELEVEL=3
[2017.06.08-13.04.38:160][  0]LightingResults: New page: Lighting Build
[2017.06.08-13.04.38:190][  0]MapCheck: New page: Map Check
[2017.06.08-13.04.38:191][  0]LightingResults: New page: Lighting Build
[2017.06.08-13.04.38:426][  0]LogAIModule: Creating AISystem for world Minimal_Default
[2017.06.08-13.04.38:431][  0]LogEditorServer: Finished looking for orphan Actors (0.000 secs)
[2017.06.08-13.04.38:441][  0]Cmd: MAP CHECKDEP NOCLEARLOG
[2017.06.08-13.04.38:479][  0]MapCheck: Info Map check complete: 0 Error(s), 0 Warning(s), took 38.329ms to complete.
[2017.06.08-13.04.38:479][  0]LogFileHelpers: Loading map 'Minimal_Default' took 0.319
[2017.06.08-13.04.38:626][  0]LogCollectionManager: Loaded 0 collections in 0.001106 seconds
[2017.06.08-13.04.38:700][  0]LogFileCache: Scanning file cache for directory 'C:/Users/AzurePC Intel/Documents/GitHub/Enviro_2/Enviro_2/Saved/Collections/' took 0.01s
[2017.06.08-13.04.38:700][  0]LogFileCache: Scanning file cache for directory 'C:/Users/AzurePC Intel/Documents/GitHub/Enviro_2/Enviro_2/Content/Developers/AzurePCIntel/Collections/' took 0.01s
[2017.06.08-13.04.38:700][  0]LogFileCache: Scanning file cache for directory 'C:/Users/AzurePC Intel/Documents/GitHub/Enviro_2/Enviro_2/Content/Collections/' took 0.01s
[2017.06.08-13.04.38:700][  0]LogCollectionManager: Rebuilt the GUID cache for 0 collections in 0.000001 seconds
[2017.06.08-13.04.38:707][  0]LogContentBrowser: Native class hierarchy populated in 0.0067 seconds. Added 2343 classes and 497 folders.
[2017.06.08-13.04.38:755][  0]LogContentBrowser: Native class hierarchy updated for 'WidgetCarousel' in 0.0004 seconds. Added 0 classes and 0 folders.
[2017.06.08-13.04.38:783][  0]LogContentBrowser: Native class hierarchy updated for 'AddContentDialog' in 0.0004 seconds. Added 0 classes and 0 folders.
[2017.06.08-13.04.38:815][  0]LogContentBrowser: Native class hierarchy updated for 'SceneOutliner' in 0.0004 seconds. Added 1 classes and 2 folders.
[2017.06.08-13.04.38:844][  0]LogCrashTracker: Crashtracker disabled due to settings.
[2017.06.08-13.04.38:848][  0]LogSlate: Took 0.000146 seconds to synchronously load lazily loaded font '../../../Engine/Content/Slate/Fonts/Roboto-Regular.ttf' (155K)
[2017.06.08-13.04.38:849][  0]LogSlate: Took 0.000134 seconds to synchronously load lazily loaded font '../../../Engine/Content/Slate/Fonts/Roboto-Bold.ttf' (160K)
[2017.06.08-13.04.38:852][  0]LogSlate: Took 0.000180 seconds to synchronously load lazily loaded font '../../../Engine/Content/Editor/Slate/Fonts/FontAwesome.ttf' (139K)
[2017.06.08-13.04.38:918][  0]LogRenderer: Reallocating scene render targets to support 1208x704 NumSamples 1 (Frame:1).
[2017.06.08-13.04.39:039][  0]LogUObjectGlobals:Warning: Failed to find object 'Class None.'
[2017.06.08-13.04.39:093][  0]LogContentBrowser: Native class hierarchy updated for 'HierarchicalLODOutliner' in 0.0004 seconds. Added 1 classes and 2 folders.
[2017.06.08-13.04.39:093][  0]LogLoad: (Engine Initialization) Total time: 12.68 seconds
[2017.06.08-13.04.39:093][  0]LogLoad: (Engine Initialization) Total Blueprint compile time: 0.06 seconds
[2017.06.08-13.04.39:093][  0]LogExternalProfiler: No external profilers were discovered.  External profiling features will not be available.
[2017.06.08-13.04.39:103][  0]LogWindowsTextInputMethodSystem:Display: IME system now deactivated.
[2017.06.08-13.04.39:104][  0]LogOcInput: OculusInput pre-init called
[2017.06.08-13.04.39:104][  0]LogHMD: Starting GearVRController plugin
[2017.06.08-13.04.39:115][  0]LogAssetRegistry: Asset discovery search completed in 7.5684 seconds
[2017.06.08-13.04.39:116][  0]LogCollectionManager: Rebuilt the object cache for 0 collections in 0.000000 seconds (found 0 objects)
[2017.06.08-13.04.39:116][  0]LogCollectionManager: Fixed up redirectors for 0 collections in 0.000017 seconds (updated 0 objects)
[2017.06.08-13.04.39:117][  0]LogContentStreaming: Texture pool size now 1000 MB
[2017.06.08-13.04.39:136][  0]LogSlate: Took 0.000155 seconds to synchronously load lazily loaded font '../../../Engine/Content/Slate/Fonts/Roboto-Light.ttf' (159K)
[2017.06.08-13.04.47:102][946]LogSlate: Took 0.000097 seconds to synchronously load lazily loaded font '../../../Engine/Content/Slate/Fonts/Roboto-Light.ttf' (159K)
[2017.06.08-13.04.47:170][946]LogAIModule: Creating AISystem for world DOOM_FanArt_EngineRoom_001
[2017.06.08-13.04.47:183][946]Cmd: MAP LOAD FILE="../../../../../../Users/AzurePC Intel/Documents/GitHub/Enviro_2/Enviro_2/Content/Maps/DOOM_FanArt_EngineRoom_001.umap" TEMPLATE=0 SHOWPROGRESS=1 FEATURELEVEL=3
[2017.06.08-13.04.47:183][946]LightingResults: New page: Lighting Build
[2017.06.08-13.04.47:183][946]LoadErrors: New page: Loading map: DOOM_FanArt_EngineRoom_001.umap
[2017.06.08-13.04.47:184][946]MapCheck: New page: Map Check
[2017.06.08-13.04.47:184][946]LightingResults: New page: Lighting Build
[2017.06.08-13.04.47:192][946]LogEditorServer: Finished looking for orphan Actors (0.000 secs)
[2017.06.08-13.04.47:215][946]Cmd: MAP CHECKDEP NOCLEARLOG
[2017.06.08-13.04.47:250][946]MapCheck: Info Map check complete: 0 Error(s), 0 Warning(s), took 35.174ms to complete.
[2017.06.08-13.04.47:250][946]LogFileHelpers: Loading map 'DOOM_FanArt_EngineRoom_001' took 0.068
[2017.06.08-13.04.58:130][225]LogEditorFactories: Performing atomic reimport of [H:/Box Sync/test.FBX]
[2017.06.08-13.04.58:176][225]LogFbx: Loading FBX Scene from H:/Box Sync/test.FBX
[2017.06.08-13.04.58:356][225]LogFbx: FBX Scene Loaded Succesfully
[2017.06.08-13.04.58:818][225]LogSlate: Took 0.000125 seconds to synchronously load lazily loaded font '../../../Engine/Content/Slate/Fonts/Roboto-Regular.ttf' (155K)
[2017.06.08-13.04.58:826][225]LogStaticMesh: Building static mesh test...
[2017.06.08-13.05.00:561][225]LogStaticMesh: Built static mesh [1.73s] /Game/Meshes/test.test
[2017.06.08-13.05.01:279][225]LogEditorFactories: -- imported successfully
[2017.06.08-13.05.01:391][225]LogSlate: Took 0.000126 seconds to synchronously load lazily loaded font '../../../Engine/Content/Slate/Fonts/Roboto-Light.ttf' (159K)
[2017.06.08-13.05.12:370][528]LogTemp: Repeting last play command: Selected Viewport
[2017.06.08-13.05.12:397][528]LogBlueprintUserMessages: Early PlayInEditor Detection: Level '/Game/Maps/DOOM_FanArt_EngineRoom_001.DOOM_FanArt_EngineRoom_001:PersistentLevel' has LevelScriptBlueprint '/Game/Maps/DOOM_FanArt_EngineRoom_001.DOOM_FanArt_EngineRoom_001:PersistentLevel.DOOM_FanArt_EngineRoom_001' with GeneratedClass '/Game/Maps/DOOM_FanArt_EngineRoom_001.DOOM_FanArt_EngineRoom_001_C' with ClassGeneratedBy '/Game/Maps/DOOM_FanArt_EngineRoom_001.DOOM_FanArt_EngineRoom_001:PersistentLevel.DOOM_FanArt_EngineRoom_001'
[2017.06.08-13.05.12:397][528]LogPlayLevel: PlayLevel: No blueprints needed recompiling
[2017.06.08-13.05.12:397][528]PIE: New page: PIE session: DOOM_FanArt_EngineRoom_001 (Jun 8, 2017, 1:05:12 AM)
[2017.06.08-13.05.12:397][528]LogPlayLevel: Creating play world package: /Game/Maps/UEDPIE_0_DOOM_FanArt_EngineRoom_001
[2017.06.08-13.05.12:399][528]LogPlayLevel: PIE: StaticDuplicateObject took: (0.001456s)
[2017.06.08-13.05.12:400][528]LogAIModule: Creating AISystem for world DOOM_FanArt_EngineRoom_001
[2017.06.08-13.05.12:400][528]LogPlayLevel: PIE: World Init took: (0.000721s)
[2017.06.08-13.05.12:400][528]LogPlayLevel: PIE: Created PIE world by copying editor world from /Game/Maps/DOOM_FanArt_EngineRoom_001.DOOM_FanArt_EngineRoom_001 to /Game/Maps/UEDPIE_0_DOOM_FanArt_EngineRoom_001.DOOM_FanArt_EngineRoom_001 (0.002383s)
[2017.06.08-13.05.12:411][528]LogInit: XAudio2 using 'SPDIF Interface (2- FiiO USB DAC-E10)' : 2 channels at 48 kHz using 16 bits per sample (channel mask 0x3)
[2017.06.08-13.05.12:414][528]LogInit: FAudioDevice initialized.
[2017.06.08-13.05.12:454][528]LogLoad: Game class is 'GameModeBase'
[2017.06.08-13.05.12:457][528]LogWorld: Bringing World /Game/Maps/UEDPIE_0_DOOM_FanArt_EngineRoom_001.DOOM_FanArt_EngineRoom_001 up for play (max tick rate 0) at 2017.06.08-07.05.12
[2017.06.08-13.05.12:457][528]LogWorld: Bringing up level for play took: 0.000972
[2017.06.08-13.05.12:488][528]LogContentBrowser: Native class hierarchy updated for 'MovieSceneCapture' in 0.0005 seconds. Added 11 classes and 0 folders.
[2017.06.08-13.05.12:489][528]PIE: Info Play in editor start time for /Game/Maps/UEDPIE_0_DOOM_FanArt_EngineRoom_001 -0.272
[2017.06.08-13.05.12:489][528]LogBlueprintUserMessages: Late PlayInEditor Detection: Level '/Game/Maps/DOOM_FanArt_EngineRoom_001.DOOM_FanArt_EngineRoom_001:PersistentLevel' has LevelScriptBlueprint '/Game/Maps/DOOM_FanArt_EngineRoom_001.DOOM_FanArt_EngineRoom_001:PersistentLevel.DOOM_FanArt_EngineRoom_001' with GeneratedClass '/Game/Maps/DOOM_FanArt_EngineRoom_001.DOOM_FanArt_EngineRoom_001_C' with ClassGeneratedBy '/Game/Maps/DOOM_FanArt_EngineRoom_001.DOOM_FanArt_EngineRoom_001:PersistentLevel.DOOM_FanArt_EngineRoom_001'
[2017.06.08-13.05.28:171][407]LogBlueprintUserMessages: Early EndPlayMap Detection: Level '/Game/Maps/DOOM_FanArt_EngineRoom_001.DOOM_FanArt_EngineRoom_001:PersistentLevel' has LevelScriptBlueprint '/Game/Maps/DOOM_FanArt_EngineRoom_001.DOOM_FanArt_EngineRoom_001:PersistentLevel.DOOM_FanArt_EngineRoom_001' with GeneratedClass '/Game/Maps/DOOM_FanArt_EngineRoom_001.DOOM_FanArt_EngineRoom_001_C' with ClassGeneratedBy '/Game/Maps/DOOM_FanArt_EngineRoom_001.DOOM_FanArt_EngineRoom_001:PersistentLevel.DOOM_FanArt_EngineRoom_001'
[2017.06.08-13.05.28:200][407]LogBlueprintUserMessages: Late EndPlayMap Detection: Level '/Game/Maps/DOOM_FanArt_EngineRoom_001.DOOM_FanArt_EngineRoom_001:PersistentLevel' has LevelScriptBlueprint '/Game/Maps/DOOM_FanArt_EngineRoom_001.DOOM_FanArt_EngineRoom_001:PersistentLevel.DOOM_FanArt_EngineRoom_001' with GeneratedClass '/Game/Maps/DOOM_FanArt_EngineRoom_001.DOOM_FanArt_EngineRoom_001_C' with ClassGeneratedBy '/Game/Maps/DOOM_FanArt_EngineRoom_001.DOOM_FanArt_EngineRoom_001:PersistentLevel.DOOM_FanArt_EngineRoom_001'
[2017.06.08-13.05.38:332][592]LogEditorActor: Deleted Actor: AtmosphericFog
[2017.06.08-13.05.38:338][592]LogEditorActor: Deleted 1 Actors (0.007 secs)
[2017.06.08-13.05.41:298][927]LogEditorActor: Deleted Actor: DirectionalLight
[2017.06.08-13.05.41:305][927]LogEditorActor: Deleted 1 Actors (0.007 secs)
[2017.06.08-13.05.52:712][411]LogEditorActor: Deleted Actor: DirectionalLight
[2017.06.08-13.05.52:719][411]LogEditorActor: Deleted 1 Actors (7.238 secs)
[2017.06.08-13.05.54:733][650]LogEditorActor: Deleted Actor: PointLight
[2017.06.08-13.05.54:740][650]LogEditorActor: Deleted 1 Actors (0.007 secs)
[2017.06.08-13.05.56:943][913]LogEditorActor: Deleted Actor: PointLight
[2017.06.08-13.05.56:951][913]LogEditorActor: Deleted 1 Actors (0.007 secs)
[2017.06.08-13.05.59:680][238]Cmd: CAMERA ALIGN ACTIVEVIEWPORTONLY
[2017.06.08-13.06.05:248][893]Cmd: CAMERA ALIGN ACTIVEVIEWPORTONLY
[2017.06.08-13.06.14:278][938]LogEditorActor: Deleted Actor: BP_Sky_Sphere_C
[2017.06.08-13.06.14:284][938]LogEditorActor: Deleted 1 Actors (0.006 secs)
[2017.06.08-13.06.31:176][877]LogEditorViewport: Clicking on Actor (LMB): StaticMeshActor (test)
[2017.06.08-13.06.35:888][423]LogEditorViewport: Clicking on Actor (LMB): StaticMeshActor (test)
[2017.06.08-13.07.42:313][869]Cmd: TRANSACTION UNDO
[2017.06.08-13.07.42:313][869]LogEditorTransaction: Undo Move Actors
[2017.06.08-13.08.17:161][981]LogEditorActor: Deleted Actor: PointLight
[2017.06.08-13.08.17:161][981]LogEditorActor: Deleted Actor: PointLight
[2017.06.08-13.08.17:162][981]LogEditorActor: Deleted Actor: PointLight
[2017.06.08-13.08.17:162][981]LogEditorActor: Deleted Actor: PointLight
[2017.06.08-13.08.20:061][981]LogEditorActor: Deleted Actor: GroupActor
[2017.06.08-13.08.20:067][981]LogEditorActor: Deleted 5 Actors (2.907 secs)
[2017.06.08-13.08.21:376][138]Cmd: TRANSACTION UNDO
[2017.06.08-13.08.21:376][138]LogEditorTransaction: Undo Delete selection
[2017.06.08-13.08.31:140][283]LogEditorActor: Deleted Actor: PointLight
[2017.06.08-13.08.31:141][283]LogEditorActor: Deleted Actor: PointLight
[2017.06.08-13.08.31:141][283]LogEditorActor: Deleted Actor: PointLight
[2017.06.08-13.08.31:141][283]LogEditorActor: Deleted Actor: PointLight
[2017.06.08-13.08.41:723][283]LogEditorActor: Deleted 4 Actors (10.583 secs)
[2017.06.08-13.08.43:516][498]Cmd: TRANSACTION UNDO
[2017.06.08-13.08.43:516][498]LogEditorTransaction: Undo Delete selection
[2017.06.08-13.08.45:975][787]LogEditorViewport: Clicking on Actor (context menu): StaticMeshActor (test)
[2017.06.08-13.08.48:825][118]LogEditorActor: Deleted Actor: PointLight
[2017.06.08-13.08.48:825][118]LogEditorActor: Deleted Actor: PointLight
[2017.06.08-13.08.48:826][118]LogEditorActor: Deleted Actor: PointLight
[2017.06.08-13.08.48:826][118]LogEditorActor: Deleted Actor: PointLight
[2017.06.08-13.08.50:183][118]LogEditorActor: Deleted Actor: GroupActor
[2017.06.08-13.08.50:189][118]LogEditorActor: Deleted 5 Actors (1.365 secs)
[2017.06.08-13.08.50:781][189]Cmd: TRANSACTION UNDO
[2017.06.08-13.08.50:781][189]LogEditorTransaction: Undo Delete selection
[2017.06.08-13.09.28:756][687]LogTemp: Repeting last play command: Selected Viewport
[2017.06.08-13.09.28:769][687]LogBlueprintUserMessages: Early PlayInEditor Detection: Level '/Game/Maps/DOOM_FanArt_EngineRoom_001.DOOM_FanArt_EngineRoom_001:PersistentLevel' has LevelScriptBlueprint '/Game/Maps/DOOM_FanArt_EngineRoom_001.DOOM_FanArt_EngineRoom_001:PersistentLevel.DOOM_FanArt_EngineRoom_001' with GeneratedClass '/Game/Maps/DOOM_FanArt_EngineRoom_001.DOOM_FanArt_EngineRoom_001_C' with ClassGeneratedBy '/Game/Maps/DOOM_FanArt_EngineRoom_001.DOOM_FanArt_EngineRoom_001:PersistentLevel.DOOM_FanArt_EngineRoom_001'
[2017.06.08-13.09.28:769][687]LogPlayLevel: PlayLevel: No blueprints needed recompiling
[2017.06.08-13.09.28:769][687]PIE: New page: PIE session: DOOM_FanArt_EngineRoom_001 (Jun 8, 2017, 1:09:28 AM)
[2017.06.08-13.09.28:769][687]LogPlayLevel: Creating play world package: /Game/Maps/UEDPIE_0_DOOM_FanArt_EngineRoom_001
[2017.06.08-13.09.28:770][687]LogPlayLevel: PIE: StaticDuplicateObject took: (0.001105s)
[2017.06.08-13.09.28:770][687]LogAIModule: Creating AISystem for world DOOM_FanArt_EngineRoom_001
[2017.06.08-13.09.28:771][687]LogPlayLevel: PIE: World Init took: (0.000592s)
[2017.06.08-13.09.28:771][687]LogPlayLevel: PIE: Created PIE world by copying editor world from /Game/Maps/DOOM_FanArt_EngineRoom_001.DOOM_FanArt_EngineRoom_001 to /Game/Maps/UEDPIE_0_DOOM_FanArt_EngineRoom_001.DOOM_FanArt_EngineRoom_001 (0.001835s)
[2017.06.08-13.09.28:783][687]LogInit: XAudio2 using 'SPDIF Interface (2- FiiO USB DAC-E10)' : 2 channels at 48 kHz using 16 bits per sample (channel mask 0x3)
[2017.06.08-13.09.28:786][687]LogInit: FAudioDevice initialized.
[2017.06.08-13.09.28:818][687]LogLoad: Game class is 'GameModeBase'
[2017.06.08-13.09.28:820][687]LogWorld: Bringing World /Game/Maps/UEDPIE_0_DOOM_FanArt_EngineRoom_001.DOOM_FanArt_EngineRoom_001 up for play (max tick rate 0) at 2017.06.08-07.09.28
[2017.06.08-13.09.28:820][687]LogWorld: Bringing up level for play took: 0.000777
[2017.06.08-13.09.28:821][687]PIE: Info Play in editor start time for /Game/Maps/UEDPIE_0_DOOM_FanArt_EngineRoom_001 0.061
[2017.06.08-13.09.28:821][687]LogBlueprintUserMessages: Late PlayInEditor Detection: Level '/Game/Maps/DOOM_FanArt_EngineRoom_001.DOOM_FanArt_EngineRoom_001:PersistentLevel' has LevelScriptBlueprint '/Game/Maps/DOOM_FanArt_EngineRoom_001.DOOM_FanArt_EngineRoom_001:PersistentLevel.DOOM_FanArt_EngineRoom_001' with GeneratedClass '/Game/Maps/DOOM_FanArt_EngineRoom_001.DOOM_FanArt_EngineRoom_001_C' with ClassGeneratedBy '/Game/Maps/DOOM_FanArt_EngineRoom_001.DOOM_FanArt_EngineRoom_001:PersistentLevel.DOOM_FanArt_EngineRoom_001'
[2017.06.08-13.09.31:992][ 67]LogBlueprintUserMessages: Early EndPlayMap Detection: Level '/Game/Maps/DOOM_FanArt_EngineRoom_001.DOOM_FanArt_EngineRoom_001:PersistentLevel' has LevelScriptBlueprint '/Game/Maps/DOOM_FanArt_EngineRoom_001.DOOM_FanArt_EngineRoom_001:PersistentLevel.DOOM_FanArt_EngineRoom_001' with GeneratedClass '/Game/Maps/DOOM_FanArt_EngineRoom_001.DOOM_FanArt_EngineRoom_001_C' with ClassGeneratedBy '/Game/Maps/DOOM_FanArt_EngineRoom_001.DOOM_FanArt_EngineRoom_001:PersistentLevel.DOOM_FanArt_EngineRoom_001'
[2017.06.08-13.09.32:029][ 67]LogBlueprintUserMessages: Late EndPlayMap Detection: Level '/Game/Maps/DOOM_FanArt_EngineRoom_001.DOOM_FanArt_EngineRoom_001:PersistentLevel' has LevelScriptBlueprint '/Game/Maps/DOOM_FanArt_EngineRoom_001.DOOM_FanArt_EngineRoom_001:PersistentLevel.DOOM_FanArt_EngineRoom_001' with GeneratedClass '/Game/Maps/DOOM_FanArt_EngineRoom_001.DOOM_FanArt_EngineRoom_001_C' with ClassGeneratedBy '/Game/Maps/DOOM_FanArt_EngineRoom_001.DOOM_FanArt_EngineRoom_001:PersistentLevel.DOOM_FanArt_EngineRoom_001'
[2017.06.08-13.09.34:413][330]LogEditorViewport: Clicking on Actor (LMB): CameraActor (CameraActor_concept)
[2017.06.08-13.09.42:086][211]LogTemp: Repeting last play command: Selected Viewport
[2017.06.08-13.09.42:096][211]LogBlueprintUserMessages: Early PlayInEditor Detection: Level '/Game/Maps/DOOM_FanArt_EngineRoom_001.DOOM_FanArt_EngineRoom_001:PersistentLevel' has LevelScriptBlueprint '/Game/Maps/DOOM_FanArt_EngineRoom_001.DOOM_FanArt_EngineRoom_001:PersistentLevel.DOOM_FanArt_EngineRoom_001' with GeneratedClass '/Game/Maps/DOOM_FanArt_EngineRoom_001.DOOM_FanArt_EngineRoom_001_C' with ClassGeneratedBy '/Game/Maps/DOOM_FanArt_EngineRoom_001.DOOM_FanArt_EngineRoom_001:PersistentLevel.DOOM_FanArt_EngineRoom_001'
[2017.06.08-13.09.42:096][211]LogPlayLevel: PlayLevel: No blueprints needed recompiling
[2017.06.08-13.09.42:097][211]PIE: New page: PIE session: DOOM_FanArt_EngineRoom_001 (Jun 8, 2017, 1:09:42 AM)
[2017.06.08-13.09.42:097][211]LogPlayLevel: Creating play world package: /Game/Maps/UEDPIE_0_DOOM_FanArt_EngineRoom_001
[2017.06.08-13.09.42:098][211]LogPlayLevel: PIE: StaticDuplicateObject took: (0.000972s)
[2017.06.08-13.09.42:098][211]LogAIModule: Creating AISystem for world DOOM_FanArt_EngineRoom_001
[2017.06.08-13.09.42:098][211]LogPlayLevel: PIE: World Init took: (0.000436s)
[2017.06.08-13.09.42:098][211]LogPlayLevel: PIE: Created PIE world by copying editor world from /Game/Maps/DOOM_FanArt_EngineRoom_001.DOOM_FanArt_EngineRoom_001 to /Game/Maps/UEDPIE_0_DOOM_FanArt_EngineRoom_001.DOOM_FanArt_EngineRoom_001 (0.001539s)
[2017.06.08-13.09.42:110][211]LogInit: XAudio2 using 'SPDIF Interface (2- FiiO USB DAC-E10)' : 2 channels at 48 kHz using 16 bits per sample (channel mask 0x3)
[2017.06.08-13.09.42:113][211]LogInit: FAudioDevice initialized.
[2017.06.08-13.09.42:145][211]LogLoad: Game class is 'GameModeBase'
[2017.06.08-13.09.42:147][211]LogWorld: Bringing World /Game/Maps/UEDPIE_0_DOOM_FanArt_EngineRoom_001.DOOM_FanArt_EngineRoom_001 up for play (max tick rate 0) at 2017.06.08-07.09.42
[2017.06.08-13.09.42:147][211]LogWorld: Bringing up level for play took: 0.000806
[2017.06.08-13.09.42:148][211]PIE: Info Play in editor start time for /Game/Maps/UEDPIE_0_DOOM_FanArt_EngineRoom_001 -0.612
[2017.06.08-13.09.42:148][211]LogBlueprintUserMessages: Late PlayInEditor Detection: Level '/Game/Maps/DOOM_FanArt_EngineRoom_001.DOOM_FanArt_EngineRoom_001:PersistentLevel' has LevelScriptBlueprint '/Game/Maps/DOOM_FanArt_EngineRoom_001.DOOM_FanArt_EngineRoom_001:PersistentLevel.DOOM_FanArt_EngineRoom_001' with GeneratedClass '/Game/Maps/DOOM_FanArt_EngineRoom_001.DOOM_FanArt_EngineRoom_001_C' with ClassGeneratedBy '/Game/Maps/DOOM_FanArt_EngineRoom_001.DOOM_FanArt_EngineRoom_001:PersistentLevel.DOOM_FanArt_EngineRoom_001'
[2017.06.08-13.11.09:765][724]LogBlueprintUserMessages: Early EndPlayMap Detection: Level '/Game/Maps/DOOM_FanArt_EngineRoom_001.DOOM_FanArt_EngineRoom_001:PersistentLevel' has LevelScriptBlueprint '/Game/Maps/DOOM_FanArt_EngineRoom_001.DOOM_FanArt_EngineRoom_001:PersistentLevel.DOOM_FanArt_EngineRoom_001' with GeneratedClass '/Game/Maps/DOOM_FanArt_EngineRoom_001.DOOM_FanArt_EngineRoom_001_C' with ClassGeneratedBy '/Game/Maps/DOOM_FanArt_EngineRoom_001.DOOM_FanArt_EngineRoom_001:PersistentLevel.DOOM_FanArt_EngineRoom_001'
[2017.06.08-13.11.09:828][724]LogBlueprintUserMessages: Late EndPlayMap Detection: Level '/Game/Maps/DOOM_FanArt_EngineRoom_001.DOOM_FanArt_EngineRoom_001:PersistentLevel' has LevelScriptBlueprint '/Game/Maps/DOOM_FanArt_EngineRoom_001.DOOM_FanArt_EngineRoom_001:PersistentLevel.DOOM_FanArt_EngineRoom_001' with GeneratedClass '/Game/Maps/DOOM_FanArt_EngineRoom_001.DOOM_FanArt_EngineRoom_001_C' with ClassGeneratedBy '/Game/Maps/DOOM_FanArt_EngineRoom_001.DOOM_FanArt_EngineRoom_001:PersistentLevel.DOOM_FanArt_EngineRoom_001'
[2017.06.08-13.11.12:812][ 64]LogSavePackage: Save=60.67ms
[2017.06.08-13.11.12:812][ 64]LogSavePackage: Moving '../../../../../../Users/AzurePC Intel/Documents/GitHub/Enviro_2/Enviro_2/Saved/DOOM_FanArt_EngineRoom_001BEEA9E26455E247190924586A6F008DE.tmp' to '../../../../../../Users/AzurePC Intel/Documents/GitHub/Enviro_2/Enviro_2/Content/Maps/DOOM_FanArt_EngineRoom_001.umap'
[2017.06.08-13.11.12:817][ 64]LogSavePackage:Display: Finished SavePackage ../../../../../../Users/AzurePC Intel/Documents/GitHub/Enviro_2/Enviro_2/Content/Maps/DOOM_FanArt_EngineRoom_001.umap
[2017.06.08-13.11.29:066][ 11]LogTemp: Repeting last play command: Selected Viewport
[2017.06.08-13.11.29:077][ 11]LogBlueprintUserMessages: Early PlayInEditor Detection: Level '/Game/Maps/DOOM_FanArt_EngineRoom_001.DOOM_FanArt_EngineRoom_001:PersistentLevel' has LevelScriptBlueprint '/Game/Maps/DOOM_FanArt_EngineRoom_001.DOOM_FanArt_EngineRoom_001:PersistentLevel.DOOM_FanArt_EngineRoom_001' with GeneratedClass '/Game/Maps/DOOM_FanArt_EngineRoom_001.DOOM_FanArt_EngineRoom_001_C' with ClassGeneratedBy '/Game/Maps/DOOM_FanArt_EngineRoom_001.DOOM_FanArt_EngineRoom_001:PersistentLevel.DOOM_FanArt_EngineRoom_001'
[2017.06.08-13.11.29:077][ 11]LogPlayLevel: PlayLevel: No blueprints needed recompiling
[2017.06.08-13.11.29:077][ 11]PIE: New page: PIE session: DOOM_FanArt_EngineRoom_001 (Jun 8, 2017, 1:11:29 AM)
[2017.06.08-13.11.29:077][ 11]LogPlayLevel: Creating play world package: /Game/Maps/UEDPIE_0_DOOM_FanArt_EngineRoom_001
[2017.06.08-13.11.29:078][ 11]LogPlayLevel: PIE: StaticDuplicateObject took: (0.001171s)
[2017.06.08-13.11.29:078][ 11]LogAIModule: Creating AISystem for world DOOM_FanArt_EngineRoom_001
[2017.06.08-13.11.29:078][ 11]LogPlayLevel: PIE: World Init took: (0.000437s)
[2017.06.08-13.11.29:078][ 11]LogPlayLevel: PIE: Created PIE world by copying editor world from /Game/Maps/DOOM_FanArt_EngineRoom_001.DOOM_FanArt_EngineRoom_001 to /Game/Maps/UEDPIE_0_DOOM_FanArt_EngineRoom_001.DOOM_FanArt_EngineRoom_001 (0.001743s)
[2017.06.08-13.11.29:090][ 11]LogInit: XAudio2 using 'SPDIF Interface (2- FiiO USB DAC-E10)' : 2 channels at 48 kHz using 16 bits per sample (channel mask 0x3)
[2017.06.08-13.11.29:093][ 11]LogInit: FAudioDevice initialized.
[2017.06.08-13.11.29:121][ 11]LogLoad: Game class is 'GameModeBase'
[2017.06.08-13.11.29:122][ 11]LogWorld: Bringing World /Game/Maps/UEDPIE_0_DOOM_FanArt_EngineRoom_001.DOOM_FanArt_EngineRoom_001 up for play (max tick rate 0) at 2017.06.08-07.11.29
[2017.06.08-13.11.29:122][ 11]LogWorld: Bringing up level for play took: 0.000717
[2017.06.08-13.11.29:123][ 11]PIE: Info Play in editor start time for /Game/Maps/UEDPIE_0_DOOM_FanArt_EngineRoom_001 0.363
[2017.06.08-13.11.29:123][ 11]LogBlueprintUserMessages: Late PlayInEditor Detection: Level '/Game/Maps/DOOM_FanArt_EngineRoom_001.DOOM_FanArt_EngineRoom_001:PersistentLevel' has LevelScriptBlueprint '/Game/Maps/DOOM_FanArt_EngineRoom_001.DOOM_FanArt_EngineRoom_001:PersistentLevel.DOOM_FanArt_EngineRoom_001' with GeneratedClass '/Game/Maps/DOOM_FanArt_EngineRoom_001.DOOM_FanArt_EngineRoom_001_C' with ClassGeneratedBy '/Game/Maps/DOOM_FanArt_EngineRoom_001.DOOM_FanArt_EngineRoom_001:PersistentLevel.DOOM_FanArt_EngineRoom_001'
[2017.06.08-13.11.56:498][295]LogBlueprintUserMessages: Early EndPlayMap Detection: Level '/Game/Maps/DOOM_FanArt_EngineRoom_001.DOOM_FanArt_EngineRoom_001:PersistentLevel' has LevelScriptBlueprint '/Game/Maps/DOOM_FanArt_EngineRoom_001.DOOM_FanArt_EngineRoom_001:PersistentLevel.DOOM_FanArt_EngineRoom_001' with GeneratedClass '/Game/Maps/DOOM_FanArt_EngineRoom_001.DOOM_FanArt_EngineRoom_001_C' with ClassGeneratedBy '/Game/Maps/DOOM_FanArt_EngineRoom_001.DOOM_FanArt_EngineRoom_001:PersistentLevel.DOOM_FanArt_EngineRoom_001'
[2017.06.08-13.11.56:566][295]LogBlueprintUserMessages: Late EndPlayMap Detection: Level '/Game/Maps/DOOM_FanArt_EngineRoom_001.DOOM_FanArt_EngineRoom_001:PersistentLevel' has LevelScriptBlueprint '/Game/Maps/DOOM_FanArt_EngineRoom_001.DOOM_FanArt_EngineRoom_001:PersistentLevel.DOOM_FanArt_EngineRoom_001' with GeneratedClass '/Game/Maps/DOOM_FanArt_EngineRoom_001.DOOM_FanArt_EngineRoom_001_C' with ClassGeneratedBy '/Game/Maps/DOOM_FanArt_EngineRoom_001.DOOM_FanArt_EngineRoom_001:PersistentLevel.DOOM_FanArt_EngineRoom_001'
[2017.06.08-13.11.58:928][574]LogEditorViewport: Clicking on Actor (LMB): StaticMeshActor (test)
[2017.06.08-13.12.01:162][833]LogTemp: Repeting last play command: Selected Viewport
[2017.06.08-13.12.01:174][833]LogBlueprintUserMessages: Early PlayInEditor Detection: Level '/Game/Maps/DOOM_FanArt_EngineRoom_001.DOOM_FanArt_EngineRoom_001:PersistentLevel' has LevelScriptBlueprint '/Game/Maps/DOOM_FanArt_EngineRoom_001.DOOM_FanArt_EngineRoom_001:PersistentLevel.DOOM_FanArt_EngineRoom_001' with GeneratedClass '/Game/Maps/DOOM_FanArt_EngineRoom_001.DOOM_FanArt_EngineRoom_001_C' with ClassGeneratedBy '/Game/Maps/DOOM_FanArt_EngineRoom_001.DOOM_FanArt_EngineRoom_001:PersistentLevel.DOOM_FanArt_EngineRoom_001'
[2017.06.08-13.12.01:174][833]LogPlayLevel: PlayLevel: No blueprints needed recompiling
[2017.06.08-13.12.01:174][833]PIE: New page: PIE session: DOOM_FanArt_EngineRoom_001 (Jun 8, 2017, 1:12:01 AM)
[2017.06.08-13.12.01:174][833]LogPlayLevel: Creating play world package: /Game/Maps/UEDPIE_0_DOOM_FanArt_EngineRoom_001
[2017.06.08-13.12.01:175][833]LogPlayLevel: PIE: StaticDuplicateObject took: (0.000961s)
[2017.06.08-13.12.01:175][833]LogAIModule: Creating AISystem for world DOOM_FanArt_EngineRoom_001
[2017.06.08-13.12.01:176][833]LogPlayLevel: PIE: World Init took: (0.000428s)
[2017.06.08-13.12.01:176][833]LogPlayLevel: PIE: Created PIE world by copying editor world from /Game/Maps/DOOM_FanArt_EngineRoom_001.DOOM_FanArt_EngineRoom_001 to /Game/Maps/UEDPIE_0_DOOM_FanArt_EngineRoom_001.DOOM_FanArt_EngineRoom_001 (0.001557s)
[2017.06.08-13.12.01:204][833]LogInit: XAudio2 using 'SPDIF Interface (2- FiiO USB DAC-E10)' : 2 channels at 48 kHz using 16 bits per sample (channel mask 0x3)
[2017.06.08-13.12.01:206][833]LogInit: FAudioDevice initialized.
[2017.06.08-13.12.01:243][833]LogLoad: Game class is 'GameModeBase'
[2017.06.08-13.12.01:244][833]LogWorld: Bringing World /Game/Maps/UEDPIE_0_DOOM_FanArt_EngineRoom_001.DOOM_FanArt_EngineRoom_001 up for play (max tick rate 0) at 2017.06.08-07.12.01
[2017.06.08-13.12.01:245][833]LogWorld: Bringing up level for play took: 0.000771
[2017.06.08-13.12.01:245][833]PIE: Info Play in editor start time for /Game/Maps/UEDPIE_0_DOOM_FanArt_EngineRoom_001 0.485
[2017.06.08-13.12.01:245][833]LogBlueprintUserMessages: Late PlayInEditor Detection: Level '/Game/Maps/DOOM_FanArt_EngineRoom_001.DOOM_FanArt_EngineRoom_001:PersistentLevel' has LevelScriptBlueprint '/Game/Maps/DOOM_FanArt_EngineRoom_001.DOOM_FanArt_EngineRoom_001:PersistentLevel.DOOM_FanArt_EngineRoom_001' with GeneratedClass '/Game/Maps/DOOM_FanArt_EngineRoom_001.DOOM_FanArt_EngineRoom_001_C' with ClassGeneratedBy '/Game/Maps/DOOM_FanArt_EngineRoom_001.DOOM_FanArt_EngineRoom_001:PersistentLevel.DOOM_FanArt_EngineRoom_001'
[2017.06.08-13.14.39:192][707]Cmd: LevelEditor.ToggleImmersive
[2017.06.08-13.14.39:317][708]LogRenderer: Reallocating scene render targets to support 1356x780 NumSamples 1 (Frame:18876).
[2017.06.08-13.14.39:378][709]LogRenderer: Reallocating scene render targets to support 1920x1080 NumSamples 1 (Frame:18878).
[2017.06.08-13.15.11:546][107]Cmd: LevelEditor.ToggleImmersive
[2017.06.08-13.15.22:400][608]Cmd: SELECT NONE
[2017.06.08-13.15.24:142][817]Cmd: SELECT NONE
[2017.06.08-13.15.28:420][330]LogBlueprintUserMessages: Early EndPlayMap Detection: Level '/Game/Maps/DOOM_FanArt_EngineRoom_001.DOOM_FanArt_EngineRoom_001:PersistentLevel' has LevelScriptBlueprint '/Game/Maps/DOOM_FanArt_EngineRoom_001.DOOM_FanArt_EngineRoom_001:PersistentLevel.DOOM_FanArt_EngineRoom_001' with GeneratedClass '/Game/Maps/DOOM_FanArt_EngineRoom_001.DOOM_FanArt_EngineRoom_001_C' with ClassGeneratedBy '/Game/Maps/DOOM_FanArt_EngineRoom_001.DOOM_FanArt_EngineRoom_001:PersistentLevel.DOOM_FanArt_EngineRoom_001'
[2017.06.08-13.15.28:464][330]LogBlueprintUserMessages: Late EndPlayMap Detection: Level '/Game/Maps/DOOM_FanArt_EngineRoom_001.DOOM_FanArt_EngineRoom_001:PersistentLevel' has LevelScriptBlueprint '/Game/Maps/DOOM_FanArt_EngineRoom_001.DOOM_FanArt_EngineRoom_001:PersistentLevel.DOOM_FanArt_EngineRoom_001' with GeneratedClass '/Game/Maps/DOOM_FanArt_EngineRoom_001.DOOM_FanArt_EngineRoom_001_C' with ClassGeneratedBy '/Game/Maps/DOOM_FanArt_EngineRoom_001.DOOM_FanArt_EngineRoom_001:PersistentLevel.DOOM_FanArt_EngineRoom_001'
[2017.06.08-13.15.33:006][829]LogSavePackage: Save=61.34ms
[2017.06.08-13.15.33:006][829]LogSavePackage: Moving '../../../../../../Users/AzurePC Intel/Documents/GitHub/Enviro_2/Enviro_2/Saved/DOOM_FanArt_EngineRoom_0018BF8783B4556F63EF08FCA835EAF2ACB.tmp' to '../../../../../../Users/AzurePC Intel/Documents/GitHub/Enviro_2/Enviro_2/Content/Maps/DOOM_FanArt_EngineRoom_001.umap'
[2017.06.08-13.15.33:007][829]LogSavePackage:Display: Finished SavePackage ../../../../../../Users/AzurePC Intel/Documents/GitHub/Enviro_2/Enviro_2/Content/Maps/DOOM_FanArt_EngineRoom_001.umap
[2017.06.08-13.15.34:226][962]Cmd: OBJ SAVEPACKAGE PACKAGE="/Game/Meshes/test" FILE="../../../../../../Users/AzurePC Intel/Documents/GitHub/Enviro_2/Enviro_2/Content/Meshes/test.uasset" SILENT=true
[2017.06.08-13.15.34:256][962]LogSavePackage: Save=18.58ms
[2017.06.08-13.15.34:256][962]LogSavePackage: Moving '../../../../../../Users/AzurePC Intel/Documents/GitHub/Enviro_2/Enviro_2/Saved/testBBEB171947B6658B660E8DB6E4401344.tmp' to '../../../../../../Users/AzurePC Intel/Documents/GitHub/Enviro_2/Enviro_2/Content/Meshes/test.uasset'
[2017.06.08-13.15.34:258][962]LogSavePackage:Display: Finished SavePackage ../../../../../../Users/AzurePC Intel/Documents/GitHub/Enviro_2/Enviro_2/Content/Meshes/test.uasset
[2017.06.08-16.41.53:412][213]LogSlate: Took 0.000188 seconds to synchronously load lazily loaded font '../../../Engine/Content/Editor/Slate/Fonts/Roboto-BoldCondensed.ttf' (158K)
[2017.06.08-16.41.57:773][729]LogEditorFactories: Performing atomic reimport of [H:/Box Sync/test.FBX]
[2017.06.08-16.41.57:799][729]LogFbx: Loading FBX Scene from H:/Box Sync/test.FBX
[2017.06.08-16.41.57:805][729]LogFbx: FBX Scene Loaded Succesfully
[2017.06.08-16.41.57:938][729]LogStaticMesh: Building static mesh test...
[2017.06.08-16.41.57:977][729]LogStaticMesh: Built static mesh [0.04s] /Game/Meshes/test.test
[2017.06.08-16.41.57:987][729]LogEditorFactories: -- imported successfully
[2017.06.08-16.43.01:262][595]LogFactory: FactoryCreateFile: StaticMesh with FbxFactory (0 0 H:\3D Resource\Characters\Character Scale reference UE4\6_1_scaleman.FBX)
[2017.06.08-16.43.01:272][595]LogFbx: ItemName: GlobalSettings, ItemCount : 1
[2017.06.08-16.43.01:272][595]LogFbx: ItemName: AnimationStack, ItemCount : 1
[2017.06.08-16.43.01:272][595]LogFbx: ItemName: AnimationLayer, ItemCount : 1
[2017.06.08-16.43.01:272][595]LogFbx: ItemName: Geometry, ItemCount : 1
[2017.06.08-16.43.01:272][595]LogFbx: ItemName: Material, ItemCount : 1
[2017.06.08-16.43.01:272][595]LogFbx: ItemName: Model, ItemCount : 1
[2017.06.08-16.43.01:276][595]LogFbx: Loading FBX Scene from H:\3D Resource\Characters\Character Scale reference UE4\6_1_scaleman.FBX
[2017.06.08-16.43.01:326][595]LogFbx: FBX Scene Loaded Succesfully
[2017.06.08-16.43.02:959][595]LogFbx: Loading FBX Scene from H:\3D Resource\Characters\Character Scale reference UE4\6_1_scaleman.FBX
[2017.06.08-16.43.03:010][595]LogFbx: FBX Scene Loaded Succesfully
[2017.06.08-16.43.03:151][595]LogStaticMesh: Building static mesh 6_1_scaleman...
[2017.06.08-16.43.03:577][595]LogStaticMesh: Built static mesh [0.43s] /Game/Meshes/6_1_scaleman.6_1_scaleman
[2017.06.08-16.43.08:252][ 88]LogActorFactory: Actor Factory created 6_1_scaleman
[2017.06.08-16.43.10:271][328]LogActorFactory: Actor Factory created 6_1_scaleman
[2017.06.08-16.43.12:624][568]LogActorFactory: Actor Factory created 6_1_scaleman
[2017.06.08-16.43.13:540][674]LogActorFactory: Actor Factory created 6_1_scaleman
[2017.06.08-16.43.15:425][865]LogActorFactory: Actor Factory created 6_1_scaleman
[2017.06.08-16.43.16:549][998]LogActorFactory: Actor Factory created 6_1_scaleman
[2017.06.08-16.43.19:592][327]LogActorFactory: Actor Factory created 6_1_scaleman
[2017.06.08-16.43.20:995][494]LogActorFactory: Actor Factory created 6_1_scaleman
[2017.06.08-16.43.25:228][994]Cmd: DELETE
[2017.06.08-16.43.25:228][994]Cmd: ACTOR DELETE
[2017.06.08-16.43.25:229][994]LogEditorActor: Deleted Actor: StaticMeshActor
[2017.06.08-16.43.25:235][994]LogEditorActor: Deleted 1 Actors (0.007 secs)
[2017.06.08-16.43.26:700][168]LogActorFactory: Actor Factory created 6_1_scaleman
[2017.06.08-16.43.30:127][578]LogActorFactory: Actor Factory created 6_1_scaleman
[2017.06.08-16.43.33:608][964]LogActorFactory: Actor Factory created 6_1_scaleman
[2017.06.08-16.43.35:444][182]LogActorFactory: Actor Factory created 6_1_scaleman
[2017.06.08-16.43.40:575][751]LogSavePackage: Save=63.78ms
[2017.06.08-16.43.40:575][751]LogSavePackage: Moving '../../../../../../Users/AzurePC Intel/Documents/GitHub/Enviro_2/Enviro_2/Saved/DOOM_FanArt_EngineRoom_001FD7178644E633046F33DC79BEC1E03B1.tmp' to '../../../../../../Users/AzurePC Intel/Documents/GitHub/Enviro_2/Enviro_2/Content/Maps/DOOM_FanArt_EngineRoom_001.umap'
[2017.06.08-16.43.40:577][751]LogSavePackage:Display: Finished SavePackage ../../../../../../Users/AzurePC Intel/Documents/GitHub/Enviro_2/Enviro_2/Content/Maps/DOOM_FanArt_EngineRoom_001.umap
[2017.06.08-16.43.40:605][751]LogFileHelpers: Saving map 'DOOM_FanArt_EngineRoom_001' took 0.148
[2017.06.08-16.43.40:619][751]Cmd: OBJ SAVEPACKAGE PACKAGE="/Game/Meshes/6_1_scaleman" FILE="../../../../../../Users/AzurePC Intel/Documents/GitHub/Enviro_2/Enviro_2/Content/Meshes/6_1_scaleman.uasset" SILENT=true
[2017.06.08-16.43.40:633][751]LogSavePackage: Save=12.68ms
[2017.06.08-16.43.40:633][751]LogSavePackage: Moving '../../../../../../Users/AzurePC Intel/Documents/GitHub/Enviro_2/Enviro_2/Saved/6_1_scalemanEAF46C764C93FD222A91A5A75B1CD2E2.tmp' to '../../../../../../Users/AzurePC Intel/Documents/GitHub/Enviro_2/Enviro_2/Content/Meshes/6_1_scaleman.uasset'
[2017.06.08-16.43.40:635][751]LogSavePackage:Display: Finished SavePackage ../../../../../../Users/AzurePC Intel/Documents/GitHub/Enviro_2/Enviro_2/Content/Meshes/6_1_scaleman.uasset
[2017.06.08-16.43.40:650][751]Cmd: OBJ SAVEPACKAGE PACKAGE="/Game/Meshes/test" FILE="../../../../../../Users/AzurePC Intel/Documents/GitHub/Enviro_2/Enviro_2/Content/Meshes/test.uasset" SILENT=true
[2017.06.08-16.43.40:674][751]LogSavePackage: Save=10.91ms
[2017.06.08-16.43.40:674][751]LogSavePackage: Moving '../../../../../../Users/AzurePC Intel/Documents/GitHub/Enviro_2/Enviro_2/Saved/test58745D484BA3AEE37586F9AFEB559EF4.tmp' to '../../../../../../Users/AzurePC Intel/Documents/GitHub/Enviro_2/Enviro_2/Content/Meshes/test.uasset'
[2017.06.08-16.43.40:677][751]LogSavePackage:Display: Finished SavePackage ../../../../../../Users/AzurePC Intel/Documents/GitHub/Enviro_2/Enviro_2/Content/Meshes/test.uasset
[2017.06.08-16.43.44:111][109]LogWindowsTextInputMethodSystem:Display: IME system now deactivated.
[2017.06.08-16.43.44:261][110]Cmd: QUIT_EDITOR
[2017.06.08-16.43.44:339][110]LogExit: Preparing to exit.
[2017.06.08-16.43.45:031][110]LogDirectoryWatcher: A directory notification for 'C:/Users/AzurePC Intel/Documents/GitHub/Enviro_2/Enviro_2/Content/' was aborted.
[2017.06.08-16.43.45:045][110]LogExit: Editor shut down
[2017.06.08-16.43.45:051][110]LogExit: Transaction tracking system shut down
[2017.06.08-16.43.45:091][110]LogObj: Freed 0b from 0 cluster array pools.
[2017.06.08-16.43.45:092][110]LogExit: Object subsystem successfully closed.
[2017.06.08-16.43.45:102][110]LogD3D11RHI: Shutdown
[2017.06.08-16.43.45:102][110]LogD3D11RHI: CleanupD3DDevice
[2017.06.08-16.43.45:179][110]LogD3D11RHI: ~FD3D11DynamicRHI
[2017.06.08-16.43.45:189][110]LogModuleManager: Shutting down and abandoning module MovieSceneCapture (530)
[2017.06.08-16.43.45:189][110]LogModuleManager: Shutting down and abandoning module HierarchicalLODOutliner (528)
[2017.06.08-16.43.45:189][110]LogModuleManager: Shutting down and abandoning module CrashTracker (526)
[2017.06.08-16.43.45:189][110]LogModuleManager: Shutting down and abandoning module SceneOutliner (524)
[2017.06.08-16.43.45:189][110]LogModuleManager: Shutting down and abandoning module AddContentDialog (522)
[2017.06.08-16.43.45:189][110]LogDirectoryWatcher: A directory notification for 'C:/Program Files/Epic Games/UE_4.16/FeaturePacks/' was aborted.
[2017.06.08-16.43.45:190][110]LogModuleManager: Shutting down and abandoning module WidgetCarousel (521)
[2017.06.08-16.43.45:190][110]LogModuleManager: Shutting down and abandoning module EditorWidgets (518)
[2017.06.08-16.43.45:190][110]LogModuleManager: Shutting down and abandoning module CollectionManager (516)
[2017.06.08-16.43.45:190][110]LogDirectoryWatcher: A directory notification for 'C:/Users/AzurePC Intel/Documents/GitHub/Enviro_2/Enviro_2/Content/Collections/' was aborted.
[2017.06.08-16.43.45:190][110]LogDirectoryWatcher: A directory notification for 'C:/Users/AzurePC Intel/Documents/GitHub/Enviro_2/Enviro_2/Content/Developers/AzurePCIntel/Collections/' was aborted.
[2017.06.08-16.43.45:190][110]LogDirectoryWatcher: A directory notification for 'C:/Users/AzurePC Intel/Documents/GitHub/Enviro_2/Enviro_2/Saved/Collections/' was aborted.
[2017.06.08-16.43.45:190][110]LogModuleManager: Shutting down and abandoning module StatsViewer (514)
[2017.06.08-16.43.45:190][110]LogModuleManager: Shutting down and abandoning module FoliageEdit (512)
[2017.06.08-16.43.45:190][110]LogModuleManager: Shutting down and abandoning module LandscapeEditor (510)
[2017.06.08-16.43.45:190][110]LogModuleManager: Shutting down and abandoning module MeshPaintMode (508)
[2017.06.08-16.43.45:191][110]LogModuleManager: Shutting down and abandoning module SceneDepthPickerMode (506)
[2017.06.08-16.43.45:191][110]LogModuleManager: Shutting down and abandoning module ActorPickerMode (504)
[2017.06.08-16.43.45:191][110]LogModuleManager: Shutting down and abandoning module GeometryMode (502)
[2017.06.08-16.43.45:191][110]LogModuleManager: Shutting down and abandoning module TextureAlignMode (500)
[2017.06.08-16.43.45:191][110]LogModuleManager: Shutting down and abandoning module BspMode (498)
[2017.06.08-16.43.45:191][110]LogModuleManager: Shutting down and abandoning module HardwareSurvey (496)
[2017.06.08-16.43.45:191][110]LogModuleManager: Shutting down and abandoning module SequenceRecorderSections (494)
[2017.06.08-16.43.45:191][110]LogModuleManager: Shutting down and abandoning module AutomationWorker (492)
[2017.06.08-16.43.45:191][110]LogModuleManager: Shutting down and abandoning module MatineeToLevelSequence (490)
[2017.06.08-16.43.45:191][110]LogModuleManager: Shutting down and abandoning module LevelSequenceEditor (488)
[2017.06.08-16.43.45:191][110]LogModuleManager: Shutting down and abandoning module PlacementMode (487)
[2017.06.08-16.43.45:191][110]LogModuleManager: Shutting down and abandoning module WmfMediaFactory (484)
[2017.06.08-16.43.45:191][110]LogModuleManager: Shutting down and abandoning module WmfMediaEditor (482)
[2017.06.08-16.43.45:191][110]LogModuleManager: Shutting down and abandoning module AvfMediaFactory (480)
[2017.06.08-16.43.45:191][110]LogModuleManager: Shutting down and abandoning module AvfMediaEditor (478)
[2017.06.08-16.43.45:191][110]LogModuleManager: Shutting down and abandoning module AndroidMediaFactory (476)
[2017.06.08-16.43.45:191][110]LogModuleManager: Shutting down and abandoning module Media (475)
[2017.06.08-16.43.45:191][110]LogModuleManager: Shutting down and abandoning module AndroidMediaEditor (472)
[2017.06.08-16.43.45:191][110]LogModuleManager: Shutting down and abandoning module CharacterAI (470)
[2017.06.08-16.43.45:191][110]LogModuleManager: Shutting down and abandoning module AudioCapture (468)
[2017.06.08-16.43.45:191][110]LogModuleManager: Shutting down and abandoning module SequenceRecorder (467)
[2017.06.08-16.43.45:191][110]LogModuleManager: Shutting down and abandoning module SmartSnapping (464)
[2017.06.08-16.43.45:191][110]LogModuleManager: Shutting down and abandoning module SessionServices (462)
[2017.06.08-16.43.45:191][110]LogModuleManager: Shutting down and abandoning module ViewportSnapping (460)
[2017.06.08-16.43.45:191][110]LogModuleManager: Shutting down and abandoning module ViewportInteraction (458)
[2017.06.08-16.43.45:191][110]LogModuleManager: Shutting down and abandoning module ClothPainter (456)
[2017.06.08-16.43.45:191][110]LogModuleManager: Shutting down and abandoning module LogVisualizer (454)
[2017.06.08-16.43.45:191][110]LogModuleManager: Shutting down and abandoning module IntroTutorials (452)
[2017.06.08-16.43.45:191][110]LogModuleManager: Shutting down and abandoning module GameProjectGeneration (451)
[2017.06.08-16.43.45:191][110]LogModuleManager: Shutting down and abandoning module EditorLiveStreaming (448)
[2017.06.08-16.43.45:191][110]LogModuleManager: Shutting down and abandoning module IOSPlatformEditor (446)
[2017.06.08-16.43.45:191][110]LogModuleManager: Shutting down and abandoning module HTML5PlatformEditor (444)
[2017.06.08-16.43.45:191][110]LogModuleManager: Shutting down and abandoning module AndroidPlatformEditor (442)
[2017.06.08-16.43.45:191][110]LogModuleManager: Shutting down and abandoning module AndroidDeviceDetection (441)
[2017.06.08-16.43.45:967][110]LogModuleManager: Shutting down and abandoning module IOSRuntimeSettings (438)
[2017.06.08-16.43.45:967][110]LogModuleManager: Shutting down and abandoning module AndroidRuntimeSettings (436)
[2017.06.08-16.43.45:967][110]LogModuleManager: Shutting down and abandoning module InputBindingEditor (434)
[2017.06.08-16.43.45:967][110]LogModuleManager: Shutting down and abandoning module MergeActors (432)
[2017.06.08-16.43.45:967][110]LogModuleManager: Shutting down and abandoning module SizeMap (430)
[2017.06.08-16.43.45:967][110]LogModuleManager: Shutting down and abandoning module TreeMap (428)
[2017.06.08-16.43.45:967][110]LogModuleManager: Shutting down and abandoning module ReferenceViewer (426)
[2017.06.08-16.43.45:967][110]LogModuleManager: Shutting down and abandoning module LocalizationDashboard (424)
[2017.06.08-16.43.45:967][110]LogModuleManager: Shutting down and abandoning module LocalizationService (423)
[2017.06.08-16.43.45:967][110]LogModuleManager: Shutting down and abandoning module HardwareTargeting (420)
[2017.06.08-16.43.45:967][110]LogModuleManager: Shutting down and abandoning module DeviceProfileEditor (418)
[2017.06.08-16.43.45:967][110]LogModuleManager: Shutting down and abandoning module UndoHistory (416)
[2017.06.08-16.43.45:967][110]LogModuleManager: Shutting down and abandoning module UserFeedback (414)
[2017.06.08-16.43.45:967][110]LogModuleManager: Shutting down and abandoning module XmlParser (412)
[2017.06.08-16.43.45:967][110]LogModuleManager: Shutting down and abandoning module Blutility (410)
[2017.06.08-16.43.45:967][110]LogModuleManager: Shutting down and abandoning module ProjectSettingsViewer (408)
[2017.06.08-16.43.45:967][110]LogModuleManager: Shutting down and abandoning module ProjectTargetPlatformEditor (407)
[2017.06.08-16.43.45:967][110]LogModuleManager: Shutting down and abandoning module EditorSettingsViewer (404)
[2017.06.08-16.43.45:967][110]LogModuleManager: Shutting down and abandoning module SettingsEditor (402)
[2017.06.08-16.43.45:967][110]LogModuleManager: Shutting down and abandoning module ProjectLauncher (400)
[2017.06.08-16.43.45:967][110]LogModuleManager: Shutting down and abandoning module SessionFrontend (398)
[2017.06.08-16.43.45:967][110]LogModuleManager: Shutting down and abandoning module ProfilerClient (396)
[2017.06.08-16.43.45:967][110]LogModuleManager: Shutting down and abandoning module DeviceManager (394)
[2017.06.08-16.43.45:967][110]LogModuleManager: Shutting down and abandoning module TargetDeviceServices (393)
[2017.06.08-16.43.46:031][110]LogModuleManager: Shutting down and abandoning module AutomationController (390)
[2017.06.08-16.43.46:031][110]LogModuleManager: Shutting down and abandoning module AutomationWindow (388)
[2017.06.08-16.43.46:031][110]LogModuleManager: Shutting down and abandoning module Layers (386)
[2017.06.08-16.43.46:031][110]LogModuleManager: Shutting down and abandoning module ComponentVisualizers (384)
[2017.06.08-16.43.46:031][110]LogModuleManager: Shutting down and abandoning module DetailCustomizations (382)
[2017.06.08-16.43.46:031][110]LogModuleManager: Shutting down and abandoning module PackagesDialog (380)
[2017.06.08-16.43.46:031][110]LogModuleManager: Shutting down and abandoning module Persona (378)
[2017.06.08-16.43.46:031][110]LogModuleManager: Shutting down and abandoning module AdvancedPreviewScene (377)
[2017.06.08-16.43.46:031][110]LogModuleManager: Shutting down and abandoning module AnimGraph (375)
[2017.06.08-16.43.46:031][110]LogModuleManager: Shutting down and abandoning module Kismet (372)
[2017.06.08-16.43.46:031][110]LogModuleManager: Shutting down and abandoning module ClassViewer (370)
[2017.06.08-16.43.46:031][110]LogModuleManager: Shutting down and abandoning module Toolbox (368)
[2017.06.08-16.43.46:031][110]LogModuleManager: Shutting down and abandoning module ModuleUI (366)
[2017.06.08-16.43.46:031][110]LogModuleManager: Shutting down and abandoning module MovieSceneTools (364)
[2017.06.08-16.43.46:031][110]LogModuleManager: Shutting down and abandoning module OutputLog (362)
[2017.06.08-16.43.46:031][110]LogModuleManager: Shutting down and abandoning module GammaUI (360)
[2017.06.08-16.43.46:031][110]LogModuleManager: Shutting down and abandoning module Documentation (358)
[2017.06.08-16.43.46:031][110]LogModuleManager: Shutting down and abandoning module MovieSceneTracks (356)
[2017.06.08-16.43.46:031][110]LogModuleManager: Shutting down and abandoning module MovieScene (354)
[2017.06.08-16.43.46:031][110]LogModuleManager: Shutting down and abandoning module Niagara (352)
[2017.06.08-16.43.46:031][110]LogModuleManager: Shutting down and abandoning module NiagaraEditor (351)
[2017.06.08-16.43.46:031][110]LogModuleManager: Shutting down and abandoning module StreamingPauseRendering (348)
[2017.06.08-16.43.46:031][110]LogModuleManager: Shutting down and abandoning module AnalyticsET (346)
[2017.06.08-16.43.46:031][110]LogModuleManager: Shutting down and abandoning module PortalServices (344)
[2017.06.08-16.43.46:031][110]LogModuleManager: Shutting down and abandoning module PortalRpc (342)
[2017.06.08-16.43.46:031][110]LogModuleManager: Shutting down and abandoning module MessagingRpc (340)
[2017.06.08-16.43.46:031][110]LogModuleManager: Shutting down and abandoning module AIModule (338)
[2017.06.08-16.43.46:031][110]LogModuleManager: Shutting down and abandoning module GameplayDebugger (337)
[2017.06.08-16.43.46:031][110]LogModuleManager: Shutting down and abandoning module AITestSuite (335)
[2017.06.08-16.43.46:031][110]LogModuleManager: Shutting down and abandoning module ProfilerService (332)
[2017.06.08-16.43.46:088][110]LogModuleManager: Shutting down and abandoning module TaskGraph (330)
[2017.06.08-16.43.46:088][110]LogModuleManager: Shutting down and abandoning module SubstanceEditor (328)
[2017.06.08-16.43.46:088][110]LogModuleManager: Shutting down and abandoning module SteamVRController (326)
[2017.06.08-16.43.46:088][110]LogModuleManager: Shutting down and abandoning module SteamVR (324)
[2017.06.08-16.43.46:088][110]LogModuleManager: Shutting down and abandoning module ProceduralMeshComponentEditor (322)
[2017.06.08-16.43.46:088][110]LogModuleManager: Shutting down and abandoning module ProceduralMeshComponent (320)
[2017.06.08-16.43.46:088][110]LogModuleManager: Shutting down and abandoning module OculusLibrary (318)
[2017.06.08-16.43.46:088][110]LogModuleManager: Shutting down and abandoning module OculusInput (316)
[2017.06.08-16.43.46:088][110]LogModuleManager: Shutting down and abandoning module MobilePatchingUtils (314)
[2017.06.08-16.43.46:088][110]LogModuleManager: Shutting down and abandoning module CustomMeshComponent (312)
[2017.06.08-16.43.46:088][110]LogModuleManager: Shutting down and abandoning module CableComponent (310)
[2017.06.08-16.43.46:088][110]LogModuleManager: Shutting down and abandoning module ArchVisCharacter (308)
[2017.06.08-16.43.46:088][110]LogModuleManager: Shutting down and abandoning module AndroidPermission (306)
[2017.06.08-16.43.46:088][110]LogModuleManager: Shutting down and abandoning module MediaPlayerEditor (302)
[2017.06.08-16.43.46:088][110]LogModuleManager: Shutting down and abandoning module HTML5Networking (300)
[2017.06.08-16.43.46:088][110]LogModuleManager: Shutting down and abandoning module AlembicImporter (298)
[2017.06.08-16.43.46:088][110]LogModuleManager: Shutting down and abandoning module AlembicLibrary (297)
[2017.06.08-16.43.46:088][110]LogModuleManager: Shutting down and abandoning module GeometryCache (296)
[2017.06.08-16.43.46:088][110]LogModuleManager: Shutting down and abandoning module GeometryCacheEd (295)
[2017.06.08-16.43.46:088][110]LogModuleManager: Shutting down and abandoning module SuperSearchEditor (290)
[2017.06.08-16.43.46:088][110]LogModuleManager: Shutting down and abandoning module SuperSearch (289)
[2017.06.08-16.43.46:088][110]LogModuleManager: Shutting down and abandoning module SpeedTreeImporter (286)
[2017.06.08-16.43.46:088][110]LogModuleManager: Shutting down and abandoning module PluginBrowser (284)
[2017.06.08-16.43.46:088][110]LogModuleManager: Shutting down and abandoning module MobileLauncherProfileWizard (282)
[2017.06.08-16.43.46:088][110]LogModuleManager: Shutting down and abandoning module VisualStudioSourceCodeAccess (280)
[2017.06.08-16.43.46:088][110]LogModuleManager: Shutting down and abandoning module DesktopPlatform (279)
[2017.06.08-16.43.46:088][110]LogModuleManager: Shutting down and abandoning module UObjectPlugin (276)
[2017.06.08-16.43.46:088][110]LogModuleManager: Shutting down and abandoning module SubversionSourceControl (274)
[2017.06.08-16.43.46:088][110]LogModuleManager: Shutting down and abandoning module PerforceSourceControl (272)
[2017.06.08-16.43.46:088][110]LogModuleManager: Shutting down and abandoning module GitSourceControl (270)
[2017.06.08-16.43.46:088][110]LogModuleManager: Shutting down and abandoning module SourceControl (269)
[2017.06.08-16.43.46:088][110]LogModuleManager: Shutting down and abandoning module LightPropagationVolumeEditor (266)
[2017.06.08-16.43.46:088][110]LogModuleManager: Shutting down and abandoning module PaperTiledImporter (264)
[2017.06.08-16.43.46:088][110]LogModuleManager: Shutting down and abandoning module PaperSpriteSheetImporter (262)
[2017.06.08-16.43.46:088][110]LogModuleManager: Shutting down and abandoning module Paper2DEditor (260)
[2017.06.08-16.43.46:088][110]LogModuleManager: Shutting down and abandoning module MeshPaint (259)
[2017.06.08-16.43.46:089][110]LogModuleManager: Shutting down and abandoning module LevelEditor (257)
[2017.06.08-16.43.46:089][110]LogModuleManager: Shutting down and abandoning module PixelInspectorModule (256)
[2017.06.08-16.43.46:089][110]LogModuleManager: Shutting down and abandoning module MainFrame (254)
[2017.06.08-16.43.46:089][110]LogModuleManager: Shutting down and abandoning module HotReload (253)
[2017.06.08-16.43.46:089][110]LogModuleManager: Shutting down and abandoning module PhysXVehiclesEditor (248)
[2017.06.08-16.43.46:089][110]LogModuleManager: Shutting down and abandoning module PhysXVehicles (246)
[2017.06.08-16.43.46:089][110]LogModuleManager: Shutting down and abandoning module LocationServicesBPLibrary (244)
[2017.06.08-16.43.46:089][110]LogModuleManager: Shutting down and abandoning module ImmediatePhysicsEditor (242)
[2017.06.08-16.43.46:089][110]LogModuleManager: Shutting down and abandoning module ImmediatePhysics (240)
[2017.06.08-16.43.46:089][110]LogModuleManager: Shutting down and abandoning module UdpMessaging (238)
[2017.06.08-16.43.46:189][110]LogModuleManager: Shutting down and abandoning module TcpMessaging (236)
[2017.06.08-16.43.46:290][110]LogModuleManager: Shutting down and abandoning module SubstanceCore (234)
[2017.06.08-16.43.46:290][110]LogModuleManager: Shutting down and abandoning module GameplayTagsEditor (232)
[2017.06.08-16.43.46:290][110]LogModuleManager: Shutting down and abandoning module FacialAnimationEditor (230)
[2017.06.08-16.43.46:290][110]LogModuleManager: Shutting down and abandoning module FacialAnimation (228)
[2017.06.08-16.43.46:290][110]LogModuleManager: Shutting down and abandoning module AssetManagerEditor (226)
[2017.06.08-16.43.46:290][110]LogModuleManager: Shutting down and abandoning module GraphEditor (225)
[2017.06.08-16.43.46:290][110]LogModuleManager: Shutting down and abandoning module ContentBrowser (223)
[2017.06.08-16.43.46:290][110]LogModuleManager: Shutting down and abandoning module LightPropagationVolumeRuntime (220)
[2017.06.08-16.43.46:290][110]LogModuleManager: Shutting down and abandoning module Paper2D (218)
[2017.06.08-16.43.46:290][110]LogModuleManager: Shutting down and abandoning module WindowsMoviePlayer (216)
[2017.06.08-16.43.46:290][110]LogModuleManager: Shutting down and abandoning module WmfMedia (214)
[2017.06.08-16.43.46:290][110]LogModuleManager: Shutting down and abandoning module ClothingSystemEditor (212)
[2017.06.08-16.43.46:291][110]LogModuleManager: Shutting down and abandoning module ClothingSystemRuntime (210)
[2017.06.08-16.43.46:291][110]LogModuleManager: Shutting down and abandoning module MediaAssets (208)
[2017.06.08-16.43.46:291][110]LogModuleManager: Shutting down and abandoning module GameLiveStreaming (206)
[2017.06.08-16.43.46:291][110]LogModuleManager: Shutting down and abandoning module VREditor (204)
[2017.06.08-16.43.46:291][110]LogModuleManager: Shutting down and abandoning module StringTableEditor (202)
[2017.06.08-16.43.46:291][110]LogModuleManager: Shutting down and abandoning module GameplayTasksEditor (200)
[2017.06.08-16.43.46:291][110]LogModuleManager: Shutting down and abandoning module BehaviorTreeEditor (198)
[2017.06.08-16.43.46:291][110]LogModuleManager: Shutting down and abandoning module FunctionalTesting (196)
[2017.06.08-16.43.46:291][110]LogModuleManager: Shutting down and abandoning module CollisionAnalyzer (194)
[2017.06.08-16.43.46:291][110]LogModuleManager: Shutting down and abandoning module UMG (192)
[2017.06.08-16.43.46:291][110]LogModuleManager: Shutting down and abandoning module UMGEditor (191)
[2017.06.08-16.43.46:291][110]LogModuleManager: Shutting down and abandoning module Sequencer (190)
[2017.06.08-16.43.46:291][110]LogModuleManager: Shutting down and abandoning module AssetTools (188)
[2017.06.08-16.43.46:291][110]LogModuleManager: Shutting down and abandoning module MessageLog (187)
[2017.06.08-16.43.46:291][110]LogModuleManager: Shutting down and abandoning module WorkspaceMenuStructure (186)
[2017.06.08-16.43.46:291][110]LogModuleManager: Shutting down and abandoning module SlateReflector (180)
[2017.06.08-16.43.46:291][110]LogModuleManager: Shutting down and abandoning module Slate (178)
[2017.06.08-16.43.46:291][110]LogModuleManager: Shutting down and abandoning module EditorStyle (176)
[2017.06.08-16.43.46:292][110]LogModuleManager: Shutting down and abandoning module SourceCodeAccess (174)
[2017.06.08-16.43.46:292][110]LogModuleManager: Shutting down and abandoning module HeadMountedDisplay (172)
[2017.06.08-16.43.46:292][110]LogModuleManager: Shutting down and abandoning module XAudio2 (170)
[2017.06.08-16.43.46:292][110]LogModuleManager: Shutting down and abandoning module Networking (168)
[2017.06.08-16.43.46:293][110]LogModuleManager: Shutting down and abandoning module Core (164)
[2017.06.08-16.43.46:293][110]LogModuleManager: Shutting down and abandoning module AssetRegistry (162)
[2017.06.08-16.43.46:474][110]LogDirectoryWatcher: A directory notification for '../../../Engine/Content/' was aborted.
[2017.06.08-16.43.46:475][110]LogDirectoryWatcher: A directory notification for '../../../../../../Users/AzurePC Intel/Documents/GitHub/Enviro_2/Enviro_2/Content/' was aborted.
[2017.06.08-16.43.46:475][110]LogDirectoryWatcher: A directory notification for '../../../Engine/Plugins/2D/Paper2D/Content/' was aborted.
[2017.06.08-16.43.46:475][110]LogDirectoryWatcher: A directory notification for '../../../Engine/Plugins/Runtime/GearVR/Content/' was aborted.
[2017.06.08-16.43.46:476][110]LogModuleManager: Shutting down and abandoning module DirectoryWatcher (161)
[2017.06.08-16.43.46:477][110]LogModuleManager: Shutting down and abandoning module KismetCompiler (158)
[2017.06.08-16.43.46:477][110]LogModuleManager: Shutting down and abandoning module LevelSequence (156)
[2017.06.08-16.43.46:477][110]LogModuleManager: Shutting down and abandoning module PhysXFormats (154)
[2017.06.08-16.43.46:477][110]LogModuleManager: Shutting down and abandoning module MeshUtilities (152)
[2017.06.08-16.43.46:477][110]LogModuleManager: Shutting down and abandoning module SimplygonSwarm (151)
[2017.06.08-16.43.46:477][110]LogModuleManager: Shutting down and abandoning module SimplygonMeshReduction (149)
[2017.06.08-16.43.46:477][110]LogModuleManager: Shutting down and abandoning module QuadricMeshReduction (147)
[2017.06.08-16.43.46:477][110]LogModuleManager: Shutting down and abandoning module DerivedDataCache (144)
[2017.06.08-16.43.46:543][110]LogDerivedDataCache: Shutdown
[2017.06.08-16.43.46:543][110]LogModuleManager: Shutting down and abandoning module TargetPlatform (142)
[2017.06.08-16.43.46:543][110]LogModuleManager: Shutting down and abandoning module VulkanShaderFormat (141)
[2017.06.08-16.43.46:543][110]LogModuleManager: Shutting down and abandoning module ShaderFormatVectorVM (139)
[2017.06.08-16.43.46:543][110]LogModuleManager: Shutting down and abandoning module ShaderFormatOpenGL (137)
[2017.06.08-16.43.46:543][110]LogModuleManager: Shutting down and abandoning module ShaderFormatD3D (135)
[2017.06.08-16.43.46:543][110]LogModuleManager: Shutting down and abandoning module MetalShaderFormat (133)
[2017.06.08-16.43.46:543][110]LogModuleManager: Shutting down and abandoning module TextureFormatUncompressed (131)
[2017.06.08-16.43.46:543][110]LogModuleManager: Shutting down and abandoning module TextureFormatPVR (129)
[2017.06.08-16.43.46:543][110]LogModuleManager: Shutting down and abandoning module TextureFormatDXT (127)
[2017.06.08-16.43.46:543][110]LogModuleManager: Shutting down and abandoning module TextureFormatIntelISPCTexComp (125)
[2017.06.08-16.43.46:543][110]LogModuleManager: Shutting down and abandoning module TextureFormatASTC (123)
[2017.06.08-16.43.46:543][110]LogModuleManager: Shutting down and abandoning module ImageWrapper (122)
[2017.06.08-16.43.46:543][110]LogModuleManager: Shutting down and abandoning module TextureFormatAndroid (119)
[2017.06.08-16.43.46:543][110]LogModuleManager: Shutting down and abandoning module AudioFormatOpus (117)
[2017.06.08-16.43.46:543][110]LogModuleManager: Shutting down and abandoning module AudioFormatOgg (115)
[2017.06.08-16.43.46:543][110]LogModuleManager: Shutting down and abandoning module AudioFormatADPCM (113)
[2017.06.08-16.43.46:543][110]LogModuleManager: Shutting down and abandoning module LinuxTargetPlatform (111)
[2017.06.08-16.43.46:543][110]LogModuleManager: Shutting down and abandoning module LinuxServerTargetPlatform (109)
[2017.06.08-16.43.46:543][110]LogModuleManager: Shutting down and abandoning module LinuxNoEditorTargetPlatform (107)
[2017.06.08-16.43.46:543][110]LogModuleManager: Shutting down and abandoning module LinuxClientTargetPlatform (105)
[2017.06.08-16.43.46:543][110]LogModuleManager: Shutting down and abandoning module TVOSTargetPlatform (103)
[2017.06.08-16.43.46:543][110]LogModuleManager: Shutting down and abandoning module Messaging (101)
[2017.06.08-16.43.46:543][110]LogModuleManager: Shutting down and abandoning module IOSTargetPlatform (99)
[2017.06.08-16.43.46:543][110]LogModuleManager: Shutting down and abandoning module HTML5TargetPlatform (97)
[2017.06.08-16.43.46:543][110]LogModuleManager: Shutting down and abandoning module Android_PVRTCTargetPlatform (95)
[2017.06.08-16.43.46:543][110]LogModuleManager: Shutting down and abandoning module Android_MultiTargetPlatform (93)
[2017.06.08-16.43.46:543][110]LogModuleManager: Shutting down and abandoning module Android_ETC2TargetPlatform (91)
[2017.06.08-16.43.46:543][110]LogModuleManager: Shutting down and abandoning module Android_ETC1TargetPlatform (89)
[2017.06.08-16.43.46:543][110]LogModuleManager: Shutting down and abandoning module Android_DXTTargetPlatform (87)
[2017.06.08-16.43.46:543][110]LogModuleManager: Shutting down and abandoning module Android_ATCTargetPlatform (85)
[2017.06.08-16.43.46:543][110]LogModuleManager: Shutting down and abandoning module Android_ASTCTargetPlatform (83)
[2017.06.08-16.43.46:543][110]LogModuleManager: Shutting down and abandoning module AndroidTargetPlatform (81)
[2017.06.08-16.43.46:543][110]LogModuleManager: Shutting down and abandoning module WindowsTargetPlatform (79)
[2017.06.08-16.43.46:543][110]LogModuleManager: Shutting down and abandoning module WindowsServerTargetPlatform (77)
[2017.06.08-16.43.46:543][110]LogModuleManager: Shutting down and abandoning module WindowsNoEditorTargetPlatform (75)
[2017.06.08-16.43.46:543][110]LogModuleManager: Shutting down and abandoning module WindowsClientTargetPlatform (73)
[2017.06.08-16.43.46:543][110]LogModuleManager: Shutting down and abandoning module MacTargetPlatform (71)
[2017.06.08-16.43.46:543][110]LogModuleManager: Shutting down and abandoning module MacServerTargetPlatform (69)
[2017.06.08-16.43.46:543][110]LogModuleManager: Shutting down and abandoning module MacNoEditorTargetPlatform (67)
[2017.06.08-16.43.46:543][110]LogModuleManager: Shutting down and abandoning module MacClientTargetPlatform (65)
[2017.06.08-16.43.46:543][110]LogModuleManager: Shutting down and abandoning module AllDesktopTargetPlatform (63)
[2017.06.08-16.43.46:543][110]LogModuleManager: Shutting down and abandoning module InputCore (60)
[2017.06.08-16.43.46:543][110]LogModuleManager: Shutting down and abandoning module Settings (58)
[2017.06.08-16.43.46:543][110]LogModuleManager: Shutting down and abandoning module OculusRift (56)
[2017.06.08-16.43.46:543][110]LogModuleManager: Shutting down and abandoning module GearVRController (54)
[2017.06.08-16.43.46:543][110]LogModuleManager: Shutting down and abandoning module GearVR (52)
[2017.06.08-16.43.46:543][110]LogModuleManager: Shutting down and abandoning module ExampleDeviceProfileSelector (50)
[2017.06.08-16.43.46:543][110]LogModuleManager: Shutting down and abandoning module OnlineBlueprintSupport (48)
[2017.06.08-16.43.46:543][110]LogModuleManager: Shutting down and abandoning module OnlineSubsystem (44)
[2017.06.08-16.43.46:543][110]LogOnline:Display: Unloading online subsystem: NULL
[2017.06.08-16.43.46:543][110]LogModuleManager: Shutting down and abandoning module XMPP (43)
[2017.06.08-16.43.46:543][110]LogModuleManager: Shutting down and abandoning module HTTP (41)
[2017.06.08-16.43.46:544][110]LogHttp:Display: Http module shutting down, but needs to wait on 1 outstanding Http requests:
[2017.06.08-16.43.46:544][110]LogHttp:Display: 	verb=[POST] url=[https://datarouter.ol.epicgames.com/datarouter/api/v1/public/data?SessionID=%7BCEDE3423-40BE-9188-2390-90A7092543AA%7D&AppID=UEEditor.Rocket.Release&AppVersion=4.16.1-3466753%2B%2B%2BUE4%2BRelease-4.16&UserID=da2c64f64af90778841cdbb7a9e7271c%7C4e59904afcc6489195f8095de720415d%7Ce6cec269-2a62-4e13-9f24-3ef9e02a4e7c&AppEnvironment=datacollector-binary&UploadType=eteventstream] status=Processing
[2017.06.08-16.43.46:555][110]LogModuleManager: Shutting down and abandoning module SSL (40)
[2017.06.08-16.43.46:555][110]LogModuleManager: Shutting down and abandoning module HTTPChunkInstaller (36)
[2017.06.08-16.43.46:555][110]LogModuleManager: Shutting down and abandoning module AnimationModifiers (34)
[2017.06.08-16.43.46:555][110]LogModuleManager: Shutting down and abandoning module PropertyEditor (33)
[2017.06.08-16.43.46:555][110]LogModuleManager: Shutting down and abandoning module AudioEditor (30)
[2017.06.08-16.43.46:555][110]LogModuleManager: Shutting down and abandoning module TextureCompressor (28)
[2017.06.08-16.43.46:555][110]LogModuleManager: Shutting down and abandoning module ShaderCore (26)
[2017.06.08-16.43.46:555][110]LogModuleManager: Shutting down and abandoning module Landscape (24)
[2017.06.08-16.43.46:555][110]LogModuleManager: Shutting down and abandoning module SlateRHIRenderer (22)
[2017.06.08-16.43.46:556][110]LogModuleManager: Shutting down and abandoning module OpenGLDrv (20)
[2017.06.08-16.43.46:556][110]LogModuleManager: Shutting down and abandoning module D3D11RHI (18)
[2017.06.08-16.43.46:556][110]LogModuleManager: Shutting down and abandoning module AnimGraphRuntime (16)
[2017.06.08-16.43.46:556][110]LogModuleManager: Shutting down and abandoning module Renderer (14)
[2017.06.08-16.43.46:556][110]LogModuleManager: Shutting down and abandoning module Engine (12)
[2017.06.08-16.43.46:556][110]LogModuleManager: Shutting down and abandoning module CoreUObject (10)
[2017.06.08-16.43.46:556][110]LogModuleManager: Shutting down and abandoning module NetworkFile (8)
[2017.06.08-16.43.46:556][110]LogModuleManager: Shutting down and abandoning module StreamingFile (6)
[2017.06.08-16.43.46:556][110]LogModuleManager: Shutting down and abandoning module SandboxFile (4)
[2017.06.08-16.43.46:556][110]LogModuleManager: Shutting down and abandoning module PakFile (2)
[2017.06.08-16.43.46:557][110]LogExit: Exiting.
[2017.06.08-16.43.46:566][110]Log file closed, 06/08/17 10:43:46
