Log file open, 06/08/17 10:56:32
LogInit:Display: Running engine for game: Enviro_2
LogPlatformFile: Not using cached read wrapper
LogInit:Display: RandInit(317237697) SRandInit(317237697).
LogTaskGraph: Started task graph with 5 named threads and 8 total threads with 1 sets of task threads.
LogStats: Stats thread started at 0.079228
LogInit: Using libcurl 7.47.1
LogInit:  - built for x86_64-pc-win32
LogInit:  - supports SSL with OpenSSL/1.0.2g
LogInit:  - supports HTTP deflate (compression) using libz 1.2.8
LogInit:  - other features:
LogInit:      CURL_VERSION_SSL
LogInit:      CURL_VERSION_LIBZ
LogInit:      CURL_VERSION_IPV6
LogInit:      CURL_VERSION_ASYNCHDNS
LogInit:      CURL_VERSION_LARGEFILE
LogInit:      CURL_VERSION_IDN
LogInit:  CurlRequestOptions (configurable via config and command line):
LogInit:  - bVerifyPeer = false  - Libcurl will NOT verify peer certificate
LogInit:  - bUseHttpProxy = false  - Libcurl will NOT use HTTP proxy
LogInit:  - bDontReuseConnections = false  - Libcurl will reuse connections
LogInit:  - CertBundlePath = nullptr  - Libcurl will use whatever was configured at build time.
LogInit: Build: ++UE4+Release-4.16-CL-3466753
LogInit: Engine Version: 4.16.1-3466753+++UE4+Release-4.16
LogInit: Compatible Engine Version: 4.16.0-3452394+++UE4+Release-4.16
LogInit: Net CL: 3452394
LogDevObjectVersion: Number of dev versions registered: 16
LogDevObjectVersion:   Dev-Blueprints (B0D832E4-1F89-4F0D-ACCF-7EB736FD4AA2): 9
LogDevObjectVersion:   Dev-Build (E1C64328-A22C-4D53-A36C-8E866417BD8C): 0
LogDevObjectVersion:   Dev-Core (375EC13C-06E4-48FB-B500-84F0262A717E): 2
LogDevObjectVersion:   Dev-Editor (E4B068ED-F494-42E9-A231-DA0B2E46BB41): 17
LogDevObjectVersion:   Dev-Framework (CFFC743F-43B0-4480-9391-14DF171D2073): 23
LogDevObjectVersion:   Dev-Mobile (B02B49B5-BB20-44E9-A304-32B752E40360): 0
LogDevObjectVersion:   Dev-Networking (A4E4105C-59A1-49B5-A7C5-40C4547EDFEE): 0
LogDevObjectVersion:   Dev-Online (39C831C9-5AE6-47DC-9A44-9C173E1C8E7C): 0
LogDevObjectVersion:   Dev-Physics (78F01B33-EBEA-4F98-B9B4-84EACCB95AA2): 0
LogDevObjectVersion:   Dev-Platform (6631380F-2D4D-43E0-8009-CF276956A95A): 0
LogDevObjectVersion:   Dev-Rendering (12F88B9F-8875-4AFC-A67C-D90C383ABD29): 15
LogDevObjectVersion:   Dev-Sequencer (7B5AE74C-D270-4C10-A958-57980B212A5A): 4
LogDevObjectVersion:   Dev-VR (D7296918-1DD6-4BDD-9DE2-64A83CC13884): 0
LogDevObjectVersion:   Dev-LoadTimes (C2A15278-BFE7-4AFE-6C17-90FF531DF755): 1
LogDevObjectVersion:   Private-Geometry (6EACA3D4-40EC-4CC1-B786-8BED09428FC5): 1
LogDevObjectVersion:   Dev-AnimPhys (29E575DD-E0A3-4627-9D10-D276232CDCEA): 3
LogInit: Compiled (64-bit): May 31 2017 02:03:30
LogInit: Compiled with Visual C++: 19.00.24215.01
LogInit: Build Configuration: Development
LogInit: Branch Name: ++UE4+Release-4.16
LogInit: Command line:  
LogInit: Base directory: C:/Program Files/Epic Games/UE_4.16/Engine/Binaries/Win64/
LogInit: Installed Engine Build: 1
LogInit: Presizing for max 8388607 objects, including 0 objects not considered by GC, pre-allocating 0 bytes for permanent pool.
LogInit: Object subsystem initialized
[2017.06.08-16.56.33:014][  0]LogInit: Selected Device Profile: [Windows]
[2017.06.08-16.56.33:014][  0]LogInit: Applying CVar settings loaded from the selected device profile: [Windows]
[2017.06.08-16.56.33:024][  0]LogInit: Computer: AZUREPCINTEL
[2017.06.08-16.56.33:024][  0]LogInit: User: AzurePCIntel
[2017.06.08-16.56.33:024][  0]LogInit: CPU Page size=4096, Cores=4
[2017.06.08-16.56.33:024][  0]LogInit: High frequency timer resolution =3.914063 MHz
[2017.06.08-16.56.33:024][  0]LogMemory: Memory total: Physical=16.0GB (16GB approx)
[2017.06.08-16.56.33:024][  0]LogMemory: Platform Memory Stats for Windows
[2017.06.08-16.56.33:024][  0]LogMemory: Process Physical Memory: 273.44 MB used, 273.44 MB peak
[2017.06.08-16.56.33:024][  0]LogMemory: Process Virtual Memory: 260.64 MB used, 260.64 MB peak
[2017.06.08-16.56.33:024][  0]LogMemory: Physical Memory: 7683.13 MB used,  8660.55 MB free, 16343.68 MB total
[2017.06.08-16.56.33:024][  0]LogMemory: Virtual Memory: 638.16 MB used,  8660.55 MB free, 134217728.00 MB total
[2017.06.08-16.56.33:079][  0]LogInit: Using OS detected language (en-US).
[2017.06.08-16.56.33:079][  0]LogInit: Using OS detected locale (en-US).
[2017.06.08-16.56.33:081][  0]LogTextLocalizationManager: No specific localization for 'en-US' exists, so the 'en' localization will be used.
[2017.06.08-16.56.33:812][  0]LogD3D11RHI: D3D11 adapters:
[2017.06.08-16.56.33:829][  0]LogD3D11RHI:    0. 'AMD Radeon (TM) R9 390 Series' (Feature Level 11_0)
[2017.06.08-16.56.33:829][  0]LogD3D11RHI:       8169/0/8171 MB DedicatedVideo/DedicatedSystem/SharedSystem, Outputs:2, VendorId:0x1002
[2017.06.08-16.56.33:831][  0]LogD3D11RHI:    1. 'Microsoft Basic Render Driver' (Feature Level 11_0)
[2017.06.08-16.56.33:831][  0]LogD3D11RHI:       0/0/8171 MB DedicatedVideo/DedicatedSystem/SharedSystem, Outputs:0, VendorId:0x1414
[2017.06.08-16.56.33:831][  0]LogD3D11RHI: Chosen D3D11 Adapter: 0
[2017.06.08-16.56.33:836][  0]LogD3D11RHI: Creating new Direct3DDevice
[2017.06.08-16.56.33:836][  0]LogD3D11RHI:     GPU DeviceId: 0x67b1 (for the marketing name, search the web for "GPU Device Id")
[2017.06.08-16.56.33:836][  0]LogWindows: EnumDisplayDevices:
[2017.06.08-16.56.33:836][  0]LogWindows:    0. 'AMD Radeon (TM) R9 390 Series' (P:1 D:1)
[2017.06.08-16.56.33:837][  0]LogWindows:    1. 'AMD Radeon (TM) R9 390 Series' (P:0 D:1)
[2017.06.08-16.56.33:837][  0]LogWindows:    2. 'AMD Radeon (TM) R9 390 Series' (P:0 D:0)
[2017.06.08-16.56.33:837][  0]LogWindows:    3. 'AMD Radeon (TM) R9 390 Series' (P:0 D:0)
[2017.06.08-16.56.33:837][  0]LogWindows:    4. 'AMD Radeon (TM) R9 390 Series' (P:0 D:0)
[2017.06.08-16.56.33:837][  0]LogWindows:    5. 'AMD Radeon (TM) R9 390 Series' (P:0 D:0)
[2017.06.08-16.56.33:837][  0]LogWindows: DebugString: FoundDriverCount:6 
[2017.06.08-16.56.33:837][  0]LogD3D11RHI:     Adapter Name: AMD Radeon (TM) R9 390 Series
[2017.06.08-16.56.33:837][  0]LogD3D11RHI:   Driver Version: Crimson ReLive 17.1.1 (internal:22.19.162.4, unified:22.19.162.4)
[2017.06.08-16.56.33:837][  0]LogD3D11RHI:      Driver Date: 4-24-2017
[2017.06.08-16.56.33:837][  0]LogRHI: Texture pool is 1361 MB (70% of 1945 MB)
[2017.06.08-16.56.33:869][  0]LogD3D11RHI: Async texture creation enabled
[2017.06.08-16.56.33:878][  0]LogD3D11RHI: GPU Timing Frequency: 27.000000 (Debug: 2 1)
[2017.06.08-16.56.33:878][  0]LogShaderCompilers: Guid format shader working directory is -19 characters bigger than the processId version (../../../../../../Users/AzurePC Intel/Documents/GitHub/Enviro_2/Enviro_2/Intermediate/Shaders/WorkingDirectory/13952/).
[2017.06.08-16.56.33:878][  0]LogShaderCompilers: Cleaned the shader compiler working directory 'C:/Users/AzurePC Intel/AppData/Local/Temp/UnrealShaderWorkingDir/AEB8A8B946CB4D060D13C28DD1BCB483/'.
[2017.06.08-16.56.33:878][  0]LogShaderCompilers:Display: Using Local Shader Compiler.
[2017.06.08-16.56.34:663][  0]LogTemp:Display: Loaded TP AllDesktopTargetPlatform
[2017.06.08-16.56.34:702][  0]LogTemp:Display: Loaded TP MacClientTargetPlatform
[2017.06.08-16.56.34:740][  0]LogTemp:Display: Loaded TP MacNoEditorTargetPlatform
[2017.06.08-16.56.34:779][  0]LogTemp:Display: Loaded TP MacServerTargetPlatform
[2017.06.08-16.56.34:817][  0]LogTemp:Display: Loaded TP MacTargetPlatform
[2017.06.08-16.56.34:857][  0]LogTemp:Display: Loaded TP WindowsClientTargetPlatform
[2017.06.08-16.56.34:894][  0]LogTemp:Display: Loaded TP WindowsNoEditorTargetPlatform
[2017.06.08-16.56.34:932][  0]LogTemp:Display: Loaded TP WindowsServerTargetPlatform
[2017.06.08-16.56.34:966][  0]LogTemp:Display: Loaded TP WindowsTargetPlatform
[2017.06.08-16.56.35:002][  0]LogTemp:Display: Loaded TP AndroidTargetPlatform
[2017.06.08-16.56.35:039][  0]LogTemp:Display: Loaded TP Android_ASTCTargetPlatform
[2017.06.08-16.56.35:077][  0]LogTemp:Display: Loaded TP Android_ATCTargetPlatform
[2017.06.08-16.56.35:113][  0]LogTemp:Display: Loaded TP Android_DXTTargetPlatform
[2017.06.08-16.56.35:151][  0]LogTemp:Display: Loaded TP Android_ETC1TargetPlatform
[2017.06.08-16.56.35:187][  0]LogTemp:Display: Loaded TP Android_ETC2TargetPlatform
[2017.06.08-16.56.35:265][  0]LogTemp:Display: Loaded TP Android_MultiTargetPlatform
[2017.06.08-16.56.35:265][  0]LogTemp:Display: Loaded TP Android_PVRTCTargetPlatform
[2017.06.08-16.56.35:294][  0]LogTemp:Display: Loaded TP HTML5TargetPlatform
[2017.06.08-16.56.35:369][  0]LogTemp:Display: Loaded TP IOSTargetPlatform
[2017.06.08-16.56.35:392][  0]LogTemp:Display: Loaded TP TVOSTargetPlatform
[2017.06.08-16.56.35:431][  0]LogTemp:Display: Loaded TP LinuxClientTargetPlatform
[2017.06.08-16.56.35:468][  0]LogTemp:Display: Loaded TP LinuxNoEditorTargetPlatform
[2017.06.08-16.56.35:505][  0]LogTemp:Display: Loaded TP LinuxServerTargetPlatform
[2017.06.08-16.56.35:543][  0]LogTemp:Display: Loaded TP LinuxTargetPlatform
[2017.06.08-16.56.35:543][  0]LogTargetPlatformManager:Display: Building Assets For Windows
[2017.06.08-16.56.35:931][  0]LogDerivedDataCache:Display: Max Cache Size: 512 MB
[2017.06.08-16.56.36:002][  0]LogDerivedDataCache: Loaded boot cache 0.07s 90MB C:/Users/AzurePC Intel/AppData/Local/UnrealEngine/4.16/DerivedDataCache/Boot.ddc.
[2017.06.08-16.56.36:002][  0]LogDerivedDataCache:Display: Loaded Boot cache: C:/Users/AzurePC Intel/AppData/Local/UnrealEngine/4.16/DerivedDataCache/Boot.ddc
[2017.06.08-16.56.36:002][  0]LogDerivedDataCache: FDerivedDataBackendGraph:  Pak pak cache file ../../../../../../Users/AzurePC Intel/Documents/GitHub/Enviro_2/Enviro_2/DerivedDataCache/DDC.ddp not found, will not use a pak cache.
[2017.06.08-16.56.36:002][  0]LogDerivedDataCache: Unable to find inner node Pak for hierarchical cache Hierarchy.
[2017.06.08-16.56.36:002][  0]LogDerivedDataCache: FDerivedDataBackendGraph:  CompressedPak pak cache file ../../../../../../Users/AzurePC Intel/Documents/GitHub/Enviro_2/Enviro_2/DerivedDataCache/Compressed.ddp not found, will not use a pak cache.
[2017.06.08-16.56.36:002][  0]LogDerivedDataCache: Unable to find inner node CompressedPak for hierarchical cache Hierarchy.
[2017.06.08-16.56.36:014][  0]LogDerivedDataCache:Display: Pak cache opened for reading ../../../Engine/DerivedDataCache/Compressed.ddp.
[2017.06.08-16.56.36:026][  0]LogDerivedDataCache: Using Local data cache path C:/Users/AzurePC Intel/AppData/Local/UnrealEngine/Common/DerivedDataCache: Writable
[2017.06.08-16.56.36:033][  0]LogMaterial: Verifying Global Shaders for PCD3D_SM5
[2017.06.08-16.56.36:033][  0]LogSlate: Using Freetype 2.6.0
[2017.06.08-16.56.36:034][  0]LogSlate: SlateFontCache - WITH_FREETYPE: 1, WITH_HARFBUZZ: 1
[2017.06.08-16.56.36:034][  0]LogSlate: SlateFontCache - WITH_FREETYPE: 1, WITH_HARFBUZZ: 1
[2017.06.08-16.56.36:269][  0]LogInit: Selected Device Profile: [Windows]
[2017.06.08-16.56.36:342][  0]LogContentStreaming: Texture pool size is 0.00 MB
[2017.06.08-16.56.36:460][  0]LogMeshUtilities: Using QuadricMeshReduction for automatic static mesh reduction
[2017.06.08-16.56.36:494][  0]LogSimplygon: Simplygon DLL not present - disabling.
[2017.06.08-16.56.36:529][  0]LogMeshUtilities: Using SimplygonSwarm for distributed automatic mesh merging
[2017.06.08-16.56.36:529][  0]LogMeshUtilities: No automatic skeletal mesh reduction module available
[2017.06.08-16.56.36:529][  0]LogMeshUtilities: No automatic mesh merging module available
[2017.06.08-16.56.36:949][  0]LogNetVersion: Enviro_2 , NetCL: 3452394, EngineNetVer: 2, GameNetVer: 0 (Checksum: 303638927)
[2017.06.08-16.56.37:003][  0]LogAssetRegistry: FAssetRegistry took 0.0252 seconds to start up
[2017.06.08-16.56.37:050][  0]LogPackageLocalizationCache: Processed 4 localized package path(s) for 2 prioritized culture(s) in 0.028153 seconds
[2017.06.08-16.56.37:054][  0]LogUObjectArray: 34194 objects as part of root set at end of initial load.
[2017.06.08-16.56.37:054][  0]LogUObjectAllocator: 7260416 out of 0 bytes used by permanent object pool.
[2017.06.08-16.56.37:054][  0]LogUObjectArray: CloseDisregardForGC: 0/0 objects in disregard for GC pool
[2017.06.08-16.56.37:103][  0]LogInit: WinSock: version 1.1 (2.2), MaxSocks=32767, MaxUdp=65467
[2017.06.08-16.56.38:999][  0]LogSubstanceCoreModule: Substance [CPU] Engine Loaded, Max Texture Size = 2048
[2017.06.08-16.56.39:022][  0]LogTcpMessaging: Initializing TcpMessaging bridge
[2017.06.08-16.56.39:055][  0]LogUdpMessaging: Initializing bridge on interface 0.0.0.0:0 to multicast group 230.0.0.1:6666.
[2017.06.08-16.56.39:462][  0]LogMaterial: Uniform references updated for custom material expression Custom.
[2017.06.08-16.56.39:786][  0]SourceControl: Info Source control is disabled
[2017.06.08-16.56.39:786][  0]SourceControl: Info Source control is disabled
[2017.06.08-16.56.39:823][  0]SourceControl: Info Source control is disabled
[2017.06.08-16.56.39:857][  0]SourceControl: Info Source control is disabled
[2017.06.08-16.56.40:363][  0]LogAndroidPermission: UAndroidPermissionCallbackProxy::GetInstance
[2017.06.08-16.56.40:849][  0]LogEngine: Initializing Engine...
[2017.06.08-16.56.40:849][  0]LogHMD: Failed to initialize OpenVR with code 110
[2017.06.08-16.56.41:018][  0]LogStats: UGameplayTagsManager::ConstructGameplayTagTree: Construct from data asset -  0.000 s
[2017.06.08-16.56.41:018][  0]LogStats: UGameplayTagsManager::ConstructGameplayTagTree: GameplayTagTreeChangedEvent.Broadcast -  0.000 s
[2017.06.08-16.56.41:121][  0]LogAIModule: Creating AISystem for world Untitled
[2017.06.08-16.56.41:130][  0]LogInit: XAudio2 using 'SPDIF Interface (2- FiiO USB DAC-E10)' : 2 channels at 48 kHz using 16 bits per sample (channel mask 0x3)
[2017.06.08-16.56.41:141][  0]LogInit: FAudioDevice initialized.
[2017.06.08-16.56.41:178][  0]LogDerivedDataCache: Saved boot cache 0.04s 90MB C:/Users/AzurePC Intel/AppData/Local/UnrealEngine/4.16/DerivedDataCache/Boot.ddc.
[2017.06.08-16.56.41:190][  0]LogInit: Texture streaming: Enabled
[2017.06.08-16.56.41:264][  0]LogEngineSessionManager: EngineSessionManager initialized
[2017.06.08-16.56.41:427][  0]LogInit: Transaction tracking system initialized
[2017.06.08-16.56.41:668][  0]BlueprintLog: New page: Editor Load
[2017.06.08-16.56.42:397][  0]LocalizationService: Info Localization service is disabled
[2017.06.08-16.56.42:903][  0]LogConsoleResponse:Display: 
[2017.06.08-16.56.43:018][  0]LogCook:Display: Max memory allowance for cook 16384mb min free memory 0mb
[2017.06.08-16.56.43:018][  0]LogCook:Display: Mobile HDR setting 1
[2017.06.08-16.56.43:780][  0]LogFileCache: Scanning file cache for directory 'C:/Users/AzurePC Intel/Documents/GitHub/Enviro_2/Enviro_2/Content/' took 0.01s
[2017.06.08-16.56.43:816][  0]SourceControl: Info Source control is disabled
[2017.06.08-16.56.43:816][  0]Cmd: MAP LOAD FILE="../../../../../../Users/AzurePC Intel/Documents/GitHub/Enviro_2/Enviro_2/Content/StarterContent/Maps/Minimal_Default.umap" TEMPLATE=0 SHOWPROGRESS=1 FEATURELEVEL=3
[2017.06.08-16.56.43:817][  0]LightingResults: New page: Lighting Build
[2017.06.08-16.56.43:849][  0]MapCheck: New page: Map Check
[2017.06.08-16.56.43:849][  0]LightingResults: New page: Lighting Build
[2017.06.08-16.56.44:088][  0]LogAIModule: Creating AISystem for world Minimal_Default
[2017.06.08-16.56.44:093][  0]LogEditorServer: Finished looking for orphan Actors (0.000 secs)
[2017.06.08-16.56.44:102][  0]Cmd: MAP CHECKDEP NOCLEARLOG
[2017.06.08-16.56.44:136][  0]MapCheck: Info Map check complete: 0 Error(s), 0 Warning(s), took 34.136ms to complete.
[2017.06.08-16.56.44:136][  0]LogFileHelpers: Loading map 'Minimal_Default' took 0.320
[2017.06.08-16.56.44:282][  0]LogCollectionManager: Loaded 0 collections in 0.001084 seconds
[2017.06.08-16.56.44:362][  0]LogFileCache: Scanning file cache for directory 'C:/Users/AzurePC Intel/Documents/GitHub/Enviro_2/Enviro_2/Saved/Collections/' took 0.01s
[2017.06.08-16.56.44:362][  0]LogFileCache: Scanning file cache for directory 'C:/Users/AzurePC Intel/Documents/GitHub/Enviro_2/Enviro_2/Content/Developers/AzurePCIntel/Collections/' took 0.01s
[2017.06.08-16.56.44:362][  0]LogFileCache: Scanning file cache for directory 'C:/Users/AzurePC Intel/Documents/GitHub/Enviro_2/Enviro_2/Content/Collections/' took 0.01s
[2017.06.08-16.56.44:362][  0]LogCollectionManager: Rebuilt the GUID cache for 0 collections in 0.000002 seconds
[2017.06.08-16.56.44:369][  0]LogContentBrowser: Native class hierarchy populated in 0.0069 seconds. Added 2343 classes and 497 folders.
[2017.06.08-16.56.44:421][  0]LogContentBrowser: Native class hierarchy updated for 'WidgetCarousel' in 0.0004 seconds. Added 0 classes and 0 folders.
[2017.06.08-16.56.44:452][  0]LogContentBrowser: Native class hierarchy updated for 'AddContentDialog' in 0.0004 seconds. Added 0 classes and 0 folders.
[2017.06.08-16.56.44:484][  0]LogContentBrowser: Native class hierarchy updated for 'SceneOutliner' in 0.0004 seconds. Added 1 classes and 2 folders.
[2017.06.08-16.56.44:514][  0]LogCrashTracker: Crashtracker disabled due to settings.
[2017.06.08-16.56.44:517][  0]LogSlate: Took 0.000143 seconds to synchronously load lazily loaded font '../../../Engine/Content/Slate/Fonts/Roboto-Regular.ttf' (155K)
[2017.06.08-16.56.44:518][  0]LogSlate: Took 0.000136 seconds to synchronously load lazily loaded font '../../../Engine/Content/Slate/Fonts/Roboto-Bold.ttf' (160K)
[2017.06.08-16.56.44:522][  0]LogSlate: Took 0.000198 seconds to synchronously load lazily loaded font '../../../Engine/Content/Editor/Slate/Fonts/FontAwesome.ttf' (139K)
[2017.06.08-16.56.44:589][  0]LogRenderer: Reallocating scene render targets to support 1208x704 NumSamples 1 (Frame:1).
[2017.06.08-16.56.44:701][  0]LogUObjectGlobals:Warning: Failed to find object 'Class None.'
[2017.06.08-16.56.44:763][  0]LogContentBrowser: Native class hierarchy updated for 'HierarchicalLODOutliner' in 0.0005 seconds. Added 1 classes and 2 folders.
[2017.06.08-16.56.44:763][  0]LogLoad: (Engine Initialization) Total time: 12.93 seconds
[2017.06.08-16.56.44:763][  0]LogLoad: (Engine Initialization) Total Blueprint compile time: 0.06 seconds
[2017.06.08-16.56.44:763][  0]LogExternalProfiler: No external profilers were discovered.  External profiling features will not be available.
[2017.06.08-16.56.45:098][  0]LogWindowsTextInputMethodSystem:Display: IME system now deactivated.
[2017.06.08-16.56.45:104][  0]LogOcInput: OculusInput pre-init called
[2017.06.08-16.56.45:104][  0]LogHMD: Starting GearVRController plugin
[2017.06.08-16.56.45:116][  0]LogAssetRegistry: Asset discovery search completed in 8.1347 seconds
[2017.06.08-16.56.45:117][  0]LogCollectionManager: Rebuilt the object cache for 0 collections in 0.000001 seconds (found 0 objects)
[2017.06.08-16.56.45:117][  0]LogCollectionManager: Fixed up redirectors for 0 collections in 0.000019 seconds (updated 0 objects)
[2017.06.08-16.56.45:117][  0]LogContentStreaming: Texture pool size now 1000 MB
[2017.06.08-16.56.45:139][  0]LogSlate: Took 0.000191 seconds to synchronously load lazily loaded font '../../../Engine/Content/Slate/Fonts/Roboto-Light.ttf' (159K)
[2017.06.08-16.58.23:846][537]LogSlate: Took 0.000101 seconds to synchronously load lazily loaded font '../../../Engine/Content/Slate/Fonts/Roboto-Light.ttf' (159K)
[2017.06.08-16.58.23:873][537]LogAIModule: Creating AISystem for world DOOM_FanArt_EngineRoom_001
[2017.06.08-16.58.23:885][537]Cmd: MAP LOAD FILE="../../../../../../Users/AzurePC Intel/Documents/GitHub/Enviro_2/Enviro_2/Content/Maps/DOOM_FanArt_EngineRoom_001.umap" TEMPLATE=0 SHOWPROGRESS=1 FEATURELEVEL=3
[2017.06.08-16.58.23:885][537]LightingResults: New page: Lighting Build
[2017.06.08-16.58.23:886][537]LoadErrors: New page: Loading map: DOOM_FanArt_EngineRoom_001.umap
[2017.06.08-16.58.23:886][537]MapCheck: New page: Map Check
[2017.06.08-16.58.23:886][537]LightingResults: New page: Lighting Build
[2017.06.08-16.58.23:894][537]LogEditorServer: Finished looking for orphan Actors (0.000 secs)
[2017.06.08-16.58.23:917][537]Cmd: MAP CHECKDEP NOCLEARLOG
[2017.06.08-16.58.23:952][537]MapCheck: Info Map check complete: 0 Error(s), 0 Warning(s), took 34.686ms to complete.
[2017.06.08-16.58.23:952][537]LogFileHelpers: Loading map 'DOOM_FanArt_EngineRoom_001' took 0.067
[2017.06.08-16.58.26:853][867]LogEditorViewport: Clicking on Actor (LMB): StaticMeshActor (test)
[2017.06.08-16.58.30:140][238]LogEditorViewport: Clicking on Actor (LMB): StaticMeshActor (test)
[2017.06.08-16.58.30:324][258]Cmd: CAMERA ALIGN ACTIVEVIEWPORTONLY
[2017.06.08-16.58.54:771][786]LogFactory: FactoryCreateFile: StaticMesh with FbxFactory (0 0 H:\Box Sync\WB_wall.FBX)
[2017.06.08-16.58.54:778][786]LogFbx: ItemName: GlobalSettings, ItemCount : 1
[2017.06.08-16.58.54:778][786]LogFbx: ItemName: AnimationStack, ItemCount : 1
[2017.06.08-16.58.54:778][786]LogFbx: ItemName: AnimationLayer, ItemCount : 1
[2017.06.08-16.58.54:778][786]LogFbx: ItemName: Model, ItemCount : 1
[2017.06.08-16.58.54:778][786]LogFbx: ItemName: Geometry, ItemCount : 1
[2017.06.08-16.58.54:778][786]LogFbx: ItemName: Material, ItemCount : 2
[2017.06.08-16.58.54:782][786]LogFbx: Loading FBX Scene from H:\Box Sync\WB_wall.FBX
[2017.06.08-16.58.54:787][786]LogFbx: FBX Scene Loaded Succesfully
[2017.06.08-16.59.03:142][786]LogFbx: Loading FBX Scene from H:\Box Sync\WB_wall.FBX
[2017.06.08-16.59.03:147][786]LogFbx: FBX Scene Loaded Succesfully
[2017.06.08-16.59.03:151][786]LogStaticMesh: Building static mesh WB_wall...
[2017.06.08-16.59.03:157][786]LogStaticMesh: Built static mesh [0.01s] /Game/Meshes/WB_wall.WB_wall
[2017.06.08-16.59.08:413][378]LogEditorViewport: Clicking on Actor (LMB): StaticMeshActor (test)
[2017.06.08-16.59.09:542][511]LogEditorViewport: Clicking on Actor (context menu): StaticMeshActor (test)
[2017.06.08-16.59.16:289][291]LogActorFactory: Actor Factory created test
[2017.06.08-16.59.16:302][291]EditorErrors: New page: Actor Reattachment
[2017.06.08-16.59.20:668][791]LogEditorViewport: Clicking on Actor (LMB): StaticMeshActor (test)
[2017.06.08-16.59.21:211][837]LogEditorViewport: Clicking on Actor (LMB): StaticMeshActor (test)
[2017.06.08-16.59.23:312][ 38]LogEditorViewport: Clicking on Actor (context menu): StaticMeshActor (test)
[2017.06.08-16.59.29:625][767]LogEditorViewport: Clicking on Actor (context menu): StaticMeshActor (test)
[2017.06.08-16.59.30:683][890]LogEditorViewport: Clicking on Actor (LMB): StaticMeshActor (test)
[2017.06.08-16.59.31:563][993]LogEditorViewport: Clicking on Actor (LMB): StaticMeshActor (test)
[2017.06.08-16.59.32:375][ 88]LogEditorViewport: Clicking on Actor (context menu): StaticMeshActor (test)
[2017.06.08-16.59.33:848][252]LogActorFactory: Actor Factory created WB_wall
[2017.06.08-16.59.33:861][252]EditorErrors: New page: Actor Reattachment
[2017.06.08-16.59.35:505][448]Cmd: TRANSACTION UNDO
[2017.06.08-16.59.35:505][448]LogEditorTransaction: Undo Replace Actor(s)
[2017.06.08-16.59.35:539][448]LogSlate: Took 0.000152 seconds to synchronously load lazily loaded font '../../../Engine/Content/Slate/Fonts/Roboto-Light.ttf' (159K)
[2017.06.08-16.59.36:151][520]LogEditorViewport: Clicking on Actor (context menu): StaticMeshActor (test)
[2017.06.08-16.59.38:059][734]LogActorFactory: Actor Factory created WB_wall
[2017.06.08-16.59.38:071][734]EditorErrors: New page: Actor Reattachment
[2017.06.08-16.59.50:472][520]LogFactory: FactoryCreateFile: StaticMesh with FbxFactory (0 0 H:\Box Sync\WB_stair.FBX)
[2017.06.08-16.59.50:478][520]LogFbx: ItemName: GlobalSettings, ItemCount : 1
[2017.06.08-16.59.50:478][520]LogFbx: ItemName: AnimationStack, ItemCount : 1
[2017.06.08-16.59.50:478][520]LogFbx: ItemName: AnimationLayer, ItemCount : 1
[2017.06.08-16.59.50:478][520]LogFbx: ItemName: Model, ItemCount : 9
[2017.06.08-16.59.50:478][520]LogFbx: ItemName: Geometry, ItemCount : 9
[2017.06.08-16.59.50:478][520]LogFbx: ItemName: Material, ItemCount : 1
[2017.06.08-16.59.50:482][520]LogFbx: Loading FBX Scene from H:\Box Sync\WB_stair.FBX
[2017.06.08-16.59.50:489][520]LogFbx: FBX Scene Loaded Succesfully
[2017.06.08-16.59.53:552][520]LogFbx: Loading FBX Scene from H:\Box Sync\WB_stair.FBX
[2017.06.08-16.59.53:559][520]LogFbx: FBX Scene Loaded Succesfully
[2017.06.08-16.59.53:561][520]LogFbx:Warning: Triangulating static mesh Object005
[2017.06.08-16.59.53:563][520]LogFbx:Warning: Triangulating static mesh Object006
[2017.06.08-16.59.53:564][520]LogFbx:Warning: Triangulating static mesh Object007
[2017.06.08-16.59.53:564][520]LogFbx:Warning: Triangulating static mesh Object008
[2017.06.08-16.59.53:565][520]LogFbx:Warning: Triangulating static mesh Object009
[2017.06.08-16.59.53:569][520]LogStaticMesh: Building static mesh WB_stair...
[2017.06.08-16.59.53:579][520]LogStaticMesh: Built static mesh [0.01s] /Game/Meshes/WB_stair.WB_stair
[2017.06.08-16.59.57:590][997]LogActorFactory: Actor Factory created WB_stair
[2017.06.08-16.59.58:571][111]LogActorFactory: Actor Factory created WB_stair
[2017.06.08-17.00.16:967][223]LogSavePackage: Save=68.90ms
[2017.06.08-17.00.16:967][223]LogSavePackage: Moving '../../../../../../Users/AzurePC Intel/Documents/GitHub/Enviro_2/Enviro_2/Saved/DOOM_FanArt_EngineRoom_001856908A2470A1DED6985AD8D0F2459B0.tmp' to '../../../../../../Users/AzurePC Intel/Documents/GitHub/Enviro_2/Enviro_2/Content/Maps/DOOM_FanArt_EngineRoom_001.umap'
[2017.06.08-17.00.16:969][223]LogSavePackage:Display: Finished SavePackage ../../../../../../Users/AzurePC Intel/Documents/GitHub/Enviro_2/Enviro_2/Content/Maps/DOOM_FanArt_EngineRoom_001.umap
[2017.06.08-17.00.16:987][223]LogFileHelpers: Saving map 'DOOM_FanArt_EngineRoom_001' took 0.142
[2017.06.08-17.00.17:002][223]Cmd: OBJ SAVEPACKAGE PACKAGE="/Game/Meshes/WB_wall" FILE="../../../../../../Users/AzurePC Intel/Documents/GitHub/Enviro_2/Enviro_2/Content/Meshes/WB_wall.uasset" SILENT=true
[2017.06.08-17.00.17:014][223]LogSavePackage: Save=10.61ms
[2017.06.08-17.00.17:014][223]LogSavePackage: Moving '../../../../../../Users/AzurePC Intel/Documents/GitHub/Enviro_2/Enviro_2/Saved/WB_wall3F6F3E004E1B93422FC38A88EB0B9CFC.tmp' to '../../../../../../Users/AzurePC Intel/Documents/GitHub/Enviro_2/Enviro_2/Content/Meshes/WB_wall.uasset'
[2017.06.08-17.00.17:016][223]LogSavePackage:Display: Finished SavePackage ../../../../../../Users/AzurePC Intel/Documents/GitHub/Enviro_2/Enviro_2/Content/Meshes/WB_wall.uasset
[2017.06.08-17.00.17:033][223]Cmd: OBJ SAVEPACKAGE PACKAGE="/Game/Meshes/WB_stair" FILE="../../../../../../Users/AzurePC Intel/Documents/GitHub/Enviro_2/Enviro_2/Content/Meshes/WB_stair.uasset" SILENT=true
[2017.06.08-17.00.17:045][223]LogSavePackage: Save=10.85ms
[2017.06.08-17.00.17:045][223]LogSavePackage: Moving '../../../../../../Users/AzurePC Intel/Documents/GitHub/Enviro_2/Enviro_2/Saved/WB_stair8AF520214491EF0B9E4FBD850742108E.tmp' to '../../../../../../Users/AzurePC Intel/Documents/GitHub/Enviro_2/Enviro_2/Content/Meshes/WB_stair.uasset'
[2017.06.08-17.00.17:047][223]LogSavePackage:Display: Finished SavePackage ../../../../../../Users/AzurePC Intel/Documents/GitHub/Enviro_2/Enviro_2/Content/Meshes/WB_stair.uasset
[2017.06.08-17.00.40:829][151]LogEditorViewport: Clicking on Actor (LMB): StaticMeshActor (test)
[2017.06.08-17.00.49:007][ 88]LogEditorActor: Deleted Actor: StaticMeshActor
[2017.06.08-17.00.49:013][ 88]LogEditorActor: Deleted 1 Actors (0.007 secs)
[2017.06.08-17.00.51:325][362]Cmd: TRANSACTION UNDO
[2017.06.08-17.00.51:325][362]LogEditorTransaction: Undo Delete selection
[2017.06.08-17.00.55:078][769]Cmd: CAMERA ALIGN ACTIVEVIEWPORTONLY
[2017.06.08-17.01.00:730][391]LogEditorViewport: Clicking on Actor (LMB): StaticMeshActor (WB_stair)
[2017.06.08-17.01.22:634][722]LogSavePackage: Save=63.33ms
[2017.06.08-17.01.22:634][722]LogSavePackage: Moving '../../../../../../Users/AzurePC Intel/Documents/GitHub/Enviro_2/Enviro_2/Saved/DOOM_FanArt_EngineRoom_0015A1735C34AEBCF65DC91488D292638F9.tmp' to '../../../../../../Users/AzurePC Intel/Documents/GitHub/Enviro_2/Enviro_2/Content/Maps/DOOM_FanArt_EngineRoom_001.umap'
[2017.06.08-17.01.22:636][722]LogSavePackage:Display: Finished SavePackage ../../../../../../Users/AzurePC Intel/Documents/GitHub/Enviro_2/Enviro_2/Content/Maps/DOOM_FanArt_EngineRoom_001.umap
[2017.06.08-17.01.22:663][722]LogFileHelpers: Saving map 'DOOM_FanArt_EngineRoom_001' took 0.139
[2017.06.08-17.07.01:181][695]LogFactory: FactoryCreateFile: StaticMesh with FbxFactory (0 0 H:\Box Sync\WB_L1_plateform.FBX)
[2017.06.08-17.07.01:187][695]LogFbx: ItemName: GlobalSettings, ItemCount : 1
[2017.06.08-17.07.01:187][695]LogFbx: ItemName: AnimationStack, ItemCount : 1
[2017.06.08-17.07.01:187][695]LogFbx: ItemName: AnimationLayer, ItemCount : 1
[2017.06.08-17.07.01:187][695]LogFbx: ItemName: Model, ItemCount : 5
[2017.06.08-17.07.01:187][695]LogFbx: ItemName: Geometry, ItemCount : 5
[2017.06.08-17.07.01:187][695]LogFbx: ItemName: Material, ItemCount : 1
[2017.06.08-17.07.01:191][695]LogFbx: Loading FBX Scene from H:\Box Sync\WB_L1_plateform.FBX
[2017.06.08-17.07.01:196][695]LogFbx: FBX Scene Loaded Succesfully
[2017.06.08-17.07.03:543][695]LogFbx: Loading FBX Scene from H:\Box Sync\WB_L1_plateform.FBX
[2017.06.08-17.07.03:550][695]LogFbx: FBX Scene Loaded Succesfully
[2017.06.08-17.07.03:552][695]LogFbx:Warning: Triangulating static mesh Box001
[2017.06.08-17.07.03:553][695]LogFbx:Warning: Triangulating static mesh Box003
[2017.06.08-17.07.03:553][695]LogFbx:Warning: Triangulating static mesh Box004
[2017.06.08-17.07.03:554][695]LogFbx:Warning: Triangulating static mesh Box005
[2017.06.08-17.07.03:556][695]LogStaticMesh: Building static mesh WB_L1_plateform...
[2017.06.08-17.07.03:560][695]LogStaticMesh: Built static mesh [0.00s] /Game/Meshes/WB_L1_plateform.WB_L1_plateform
[2017.06.08-17.07.05:147][881]LogActorFactory: Actor Factory created WB_L1_plateform
[2017.06.08-17.07.05:610][935]LogActorFactory: Actor Factory created WB_L1_plateform
[2017.06.08-17.13.31:373][654]LogFactory: FactoryCreateFile: StaticMesh with FbxFactory (0 0 H:\Box Sync\WB_topReactor.FBX)
[2017.06.08-17.13.31:378][654]LogFbx: ItemName: GlobalSettings, ItemCount : 1
[2017.06.08-17.13.31:379][654]LogFbx: ItemName: AnimationStack, ItemCount : 1
[2017.06.08-17.13.31:379][654]LogFbx: ItemName: AnimationLayer, ItemCount : 1
[2017.06.08-17.13.31:379][654]LogFbx: ItemName: Model, ItemCount : 2
[2017.06.08-17.13.31:379][654]LogFbx: ItemName: Geometry, ItemCount : 2
[2017.06.08-17.13.31:379][654]LogFbx: ItemName: Material, ItemCount : 1
[2017.06.08-17.13.31:382][654]LogFbx: Loading FBX Scene from H:\Box Sync\WB_topReactor.FBX
[2017.06.08-17.13.31:387][654]LogFbx: FBX Scene Loaded Succesfully
[2017.06.08-17.13.32:596][654]LogFbx: Loading FBX Scene from H:\Box Sync\WB_topReactor.FBX
[2017.06.08-17.13.32:601][654]LogFbx: FBX Scene Loaded Succesfully
[2017.06.08-17.13.32:603][654]LogFbx:Warning: Triangulating static mesh Object010
[2017.06.08-17.13.32:607][654]LogStaticMesh: Building static mesh WB_topReactor...
[2017.06.08-17.13.32:608][654]LogStaticMesh: Built static mesh [0.00s] /Game/Meshes/WB_topReactor.WB_topReactor
[2017.06.08-17.13.32:612][654]LogFactory: FactoryCreateFile: StaticMesh with FbxFactory (0 0 H:\Box Sync\WB_ArmReactor.FBX)
[2017.06.08-17.13.32:621][654]LogFbx: Loading FBX Scene from H:\Box Sync\WB_ArmReactor.FBX
[2017.06.08-17.13.32:627][654]LogFbx: FBX Scene Loaded Succesfully
[2017.06.08-17.13.32:631][654]LogStaticMesh: Building static mesh WB_ArmReactor...
[2017.06.08-17.13.32:644][654]LogStaticMesh: Built static mesh [0.01s] /Game/Meshes/WB_ArmReactor.WB_ArmReactor
[2017.06.08-17.13.32:651][654]LogFactory: FactoryCreateFile: StaticMesh with FbxFactory (0 0 H:\Box Sync\WB_base.FBX)
[2017.06.08-17.13.32:661][654]LogFbx: Loading FBX Scene from H:\Box Sync\WB_base.FBX
[2017.06.08-17.13.32:665][654]LogFbx: FBX Scene Loaded Succesfully
[2017.06.08-17.13.32:667][654]LogFbx:Warning: Triangulating static mesh Object002
[2017.06.08-17.13.32:672][654]LogStaticMesh: Building static mesh WB_base...
[2017.06.08-17.13.32:673][654]LogStaticMesh: Built static mesh [0.00s] /Game/Meshes/WB_base.WB_base
[2017.06.08-17.13.32:676][654]LogFactory: FactoryCreateFile: StaticMesh with FbxFactory (0 0 H:\Box Sync\WB_bottomReactor.FBX)
[2017.06.08-17.13.32:684][654]LogFbx: Loading FBX Scene from H:\Box Sync\WB_bottomReactor.FBX
[2017.06.08-17.13.32:690][654]LogFbx: FBX Scene Loaded Succesfully
[2017.06.08-17.13.32:692][654]LogFbx:Warning: Triangulating static mesh Object004
[2017.06.08-17.13.32:696][654]LogStaticMesh: Building static mesh WB_bottomReactor...
[2017.06.08-17.13.32:699][654]LogStaticMesh: Built static mesh [0.00s] /Game/Meshes/WB_bottomReactor.WB_bottomReactor
[2017.06.08-17.13.32:704][654]LogFactory: FactoryCreateFile: StaticMesh with FbxFactory (0 0 H:\Box Sync\WB_orb.FBX)
[2017.06.08-17.13.32:711][654]LogFbx: Loading FBX Scene from H:\Box Sync\WB_orb.FBX
[2017.06.08-17.13.32:716][654]LogFbx: FBX Scene Loaded Succesfully
[2017.06.08-17.13.32:717][654]LogFbx:Warning: Triangulating static mesh Sphere001
[2017.06.08-17.13.32:724][654]LogStaticMesh: Building static mesh WB_orb...
[2017.06.08-17.13.32:725][654]LogStaticMesh: Built static mesh [0.00s] /Game/Meshes/WB_orb.WB_orb
[2017.06.08-17.13.38:761][296]LogActorFactory: Actor Factory created WB_ArmReactor
[2017.06.08-17.13.39:222][349]LogActorFactory: Actor Factory created WB_ArmReactor
[2017.06.08-17.14.00:751][332]LogActorFactory: Actor Factory created WB_orb
[2017.06.08-17.14.01:169][380]LogActorFactory: Actor Factory created WB_orb
[2017.06.08-17.14.08:863][274]LogActorFactory: Actor Factory created WB_base
[2017.06.08-17.14.09:199][311]LogActorFactory: Actor Factory created WB_base
[2017.06.08-17.14.18:583][417]LogActorFactory: Actor Factory created WB_bottomReactor
[2017.06.08-17.14.18:827][444]LogActorFactory: Actor Factory created WB_bottomReactor
[2017.06.08-17.14.28:138][491]LogActorFactory: Actor Factory created WB_topReactor
[2017.06.08-17.14.28:922][582]LogActorFactory: Actor Factory created WB_topReactor
[2017.06.08-17.14.37:519][589]LogEditorViewport: Clicking on Actor (LMB): StaticMeshActor (WB_ArmReactor)
[2017.06.08-17.14.44:638][330]LogSavePackage: Save=69.42ms
[2017.06.08-17.14.44:638][330]LogSavePackage: Moving '../../../../../../Users/AzurePC Intel/Documents/GitHub/Enviro_2/Enviro_2/Saved/DOOM_FanArt_EngineRoom_0015812E57E4075166505BC31B72F63913A.tmp' to '../../../../../../Users/AzurePC Intel/Documents/GitHub/Enviro_2/Enviro_2/Content/Maps/DOOM_FanArt_EngineRoom_001.umap'
[2017.06.08-17.14.44:643][330]LogSavePackage:Display: Finished SavePackage ../../../../../../Users/AzurePC Intel/Documents/GitHub/Enviro_2/Enviro_2/Content/Maps/DOOM_FanArt_EngineRoom_001.umap
[2017.06.08-17.14.44:666][330]LogFileHelpers: Saving map 'DOOM_FanArt_EngineRoom_001' took 0.148
[2017.06.08-17.14.44:679][330]Cmd: OBJ SAVEPACKAGE PACKAGE="/Game/Meshes/WB_L1_plateform" FILE="../../../../../../Users/AzurePC Intel/Documents/GitHub/Enviro_2/Enviro_2/Content/Meshes/WB_L1_plateform.uasset" SILENT=true
[2017.06.08-17.14.44:690][330]LogSavePackage: Save=10.20ms
[2017.06.08-17.14.44:690][330]LogSavePackage: Moving '../../../../../../Users/AzurePC Intel/Documents/GitHub/Enviro_2/Enviro_2/Saved/WB_L1_plateform9AB016924D509E9E8FCA8A80EE916699.tmp' to '../../../../../../Users/AzurePC Intel/Documents/GitHub/Enviro_2/Enviro_2/Content/Meshes/WB_L1_plateform.uasset'
[2017.06.08-17.14.44:692][330]LogSavePackage:Display: Finished SavePackage ../../../../../../Users/AzurePC Intel/Documents/GitHub/Enviro_2/Enviro_2/Content/Meshes/WB_L1_plateform.uasset
[2017.06.08-17.14.44:710][330]Cmd: OBJ SAVEPACKAGE PACKAGE="/Game/Meshes/WB_topReactor" FILE="../../../../../../Users/AzurePC Intel/Documents/GitHub/Enviro_2/Enviro_2/Content/Meshes/WB_topReactor.uasset" SILENT=true
[2017.06.08-17.14.44:721][330]LogSavePackage: Save=10.63ms
[2017.06.08-17.14.44:721][330]LogSavePackage: Moving '../../../../../../Users/AzurePC Intel/Documents/GitHub/Enviro_2/Enviro_2/Saved/WB_topReactorD4D40E094D8E4F4693ABE9B259466603.tmp' to '../../../../../../Users/AzurePC Intel/Documents/GitHub/Enviro_2/Enviro_2/Content/Meshes/WB_topReactor.uasset'
[2017.06.08-17.14.44:723][330]LogSavePackage:Display: Finished SavePackage ../../../../../../Users/AzurePC Intel/Documents/GitHub/Enviro_2/Enviro_2/Content/Meshes/WB_topReactor.uasset
[2017.06.08-17.14.44:736][330]Cmd: OBJ SAVEPACKAGE PACKAGE="/Game/Meshes/WB_ArmReactor" FILE="../../../../../../Users/AzurePC Intel/Documents/GitHub/Enviro_2/Enviro_2/Content/Meshes/WB_ArmReactor.uasset" SILENT=true
[2017.06.08-17.14.44:747][330]LogSavePackage: Save=10.53ms
[2017.06.08-17.14.44:747][330]LogSavePackage: Moving '../../../../../../Users/AzurePC Intel/Documents/GitHub/Enviro_2/Enviro_2/Saved/WB_ArmReactorEDD93E7747E5DCD4FA9D31A6724FA329.tmp' to '../../../../../../Users/AzurePC Intel/Documents/GitHub/Enviro_2/Enviro_2/Content/Meshes/WB_ArmReactor.uasset'
[2017.06.08-17.14.44:749][330]LogSavePackage:Display: Finished SavePackage ../../../../../../Users/AzurePC Intel/Documents/GitHub/Enviro_2/Enviro_2/Content/Meshes/WB_ArmReactor.uasset
[2017.06.08-17.14.44:761][330]Cmd: OBJ SAVEPACKAGE PACKAGE="/Game/Meshes/WB_base" FILE="../../../../../../Users/AzurePC Intel/Documents/GitHub/Enviro_2/Enviro_2/Content/Meshes/WB_base.uasset" SILENT=true
[2017.06.08-17.14.44:773][330]LogSavePackage: Save=10.39ms
[2017.06.08-17.14.44:773][330]LogSavePackage: Moving '../../../../../../Users/AzurePC Intel/Documents/GitHub/Enviro_2/Enviro_2/Saved/WB_base220027504D5BD6C9C79B4F8312392F7B.tmp' to '../../../../../../Users/AzurePC Intel/Documents/GitHub/Enviro_2/Enviro_2/Content/Meshes/WB_base.uasset'
[2017.06.08-17.14.44:774][330]LogSavePackage:Display: Finished SavePackage ../../../../../../Users/AzurePC Intel/Documents/GitHub/Enviro_2/Enviro_2/Content/Meshes/WB_base.uasset
[2017.06.08-17.14.44:786][330]Cmd: OBJ SAVEPACKAGE PACKAGE="/Game/Meshes/WB_bottomReactor" FILE="../../../../../../Users/AzurePC Intel/Documents/GitHub/Enviro_2/Enviro_2/Content/Meshes/WB_bottomReactor.uasset" SILENT=true
[2017.06.08-17.14.44:798][330]LogSavePackage: Save=10.64ms
[2017.06.08-17.14.44:798][330]LogSavePackage: Moving '../../../../../../Users/AzurePC Intel/Documents/GitHub/Enviro_2/Enviro_2/Saved/WB_bottomReactor3F4DC1B54F03986DAD4941ACA24478A8.tmp' to '../../../../../../Users/AzurePC Intel/Documents/GitHub/Enviro_2/Enviro_2/Content/Meshes/WB_bottomReactor.uasset'
[2017.06.08-17.14.44:800][330]LogSavePackage:Display: Finished SavePackage ../../../../../../Users/AzurePC Intel/Documents/GitHub/Enviro_2/Enviro_2/Content/Meshes/WB_bottomReactor.uasset
[2017.06.08-17.14.44:812][330]Cmd: OBJ SAVEPACKAGE PACKAGE="/Game/Meshes/WB_orb" FILE="../../../../../../Users/AzurePC Intel/Documents/GitHub/Enviro_2/Enviro_2/Content/Meshes/WB_orb.uasset" SILENT=true
[2017.06.08-17.14.44:824][330]LogSavePackage: Save=10.72ms
[2017.06.08-17.14.44:824][330]LogSavePackage: Moving '../../../../../../Users/AzurePC Intel/Documents/GitHub/Enviro_2/Enviro_2/Saved/WB_orbAEFC308B4FEA790E2DD21594751ECE67.tmp' to '../../../../../../Users/AzurePC Intel/Documents/GitHub/Enviro_2/Enviro_2/Content/Meshes/WB_orb.uasset'
[2017.06.08-17.14.44:826][330]LogSavePackage:Display: Finished SavePackage ../../../../../../Users/AzurePC Intel/Documents/GitHub/Enviro_2/Enviro_2/Content/Meshes/WB_orb.uasset
[2017.06.08-17.14.47:514][647]LogTemp: Repeting last play command: Selected Viewport
[2017.06.08-17.14.47:542][647]LogBlueprintUserMessages: Early PlayInEditor Detection: Level '/Game/Maps/DOOM_FanArt_EngineRoom_001.DOOM_FanArt_EngineRoom_001:PersistentLevel' has LevelScriptBlueprint '/Game/Maps/DOOM_FanArt_EngineRoom_001.DOOM_FanArt_EngineRoom_001:PersistentLevel.DOOM_FanArt_EngineRoom_001' with GeneratedClass '/Game/Maps/DOOM_FanArt_EngineRoom_001.DOOM_FanArt_EngineRoom_001_C' with ClassGeneratedBy '/Game/Maps/DOOM_FanArt_EngineRoom_001.DOOM_FanArt_EngineRoom_001:PersistentLevel.DOOM_FanArt_EngineRoom_001'
[2017.06.08-17.14.47:542][647]LogPlayLevel: PlayLevel: No blueprints needed recompiling
[2017.06.08-17.14.47:542][647]PIE: New page: PIE session: DOOM_FanArt_EngineRoom_001 (Jun 8, 2017, 5:14:47 AM)
[2017.06.08-17.14.47:542][647]LogPlayLevel: Creating play world package: /Game/Maps/UEDPIE_0_DOOM_FanArt_EngineRoom_001
[2017.06.08-17.14.47:544][647]LogPlayLevel: PIE: StaticDuplicateObject took: (0.001521s)
[2017.06.08-17.14.47:544][647]LogAIModule: Creating AISystem for world DOOM_FanArt_EngineRoom_001
[2017.06.08-17.14.47:544][647]LogPlayLevel: PIE: World Init took: (0.000521s)
[2017.06.08-17.14.47:544][647]LogPlayLevel: PIE: Created PIE world by copying editor world from /Game/Maps/DOOM_FanArt_EngineRoom_001.DOOM_FanArt_EngineRoom_001 to /Game/Maps/UEDPIE_0_DOOM_FanArt_EngineRoom_001.DOOM_FanArt_EngineRoom_001 (0.002177s)
[2017.06.08-17.14.47:555][647]LogInit: XAudio2 using 'SPDIF Interface (2- FiiO USB DAC-E10)' : 2 channels at 48 kHz using 16 bits per sample (channel mask 0x3)
[2017.06.08-17.14.47:558][647]LogInit: FAudioDevice initialized.
[2017.06.08-17.14.47:599][647]LogLoad: Game class is 'GameModeBase'
[2017.06.08-17.14.47:601][647]LogWorld: Bringing World /Game/Maps/UEDPIE_0_DOOM_FanArt_EngineRoom_001.DOOM_FanArt_EngineRoom_001 up for play (max tick rate 0) at 2017.06.08-11.14.47
[2017.06.08-17.14.47:601][647]LogWorld: Bringing up level for play took: 0.000912
[2017.06.08-17.14.47:632][647]LogContentBrowser: Native class hierarchy updated for 'MovieSceneCapture' in 0.0005 seconds. Added 11 classes and 0 folders.
[2017.06.08-17.14.47:633][647]PIE: Info Play in editor start time for /Game/Maps/UEDPIE_0_DOOM_FanArt_EngineRoom_001 0.874
[2017.06.08-17.14.47:633][647]LogBlueprintUserMessages: Late PlayInEditor Detection: Level '/Game/Maps/DOOM_FanArt_EngineRoom_001.DOOM_FanArt_EngineRoom_001:PersistentLevel' has LevelScriptBlueprint '/Game/Maps/DOOM_FanArt_EngineRoom_001.DOOM_FanArt_EngineRoom_001:PersistentLevel.DOOM_FanArt_EngineRoom_001' with GeneratedClass '/Game/Maps/DOOM_FanArt_EngineRoom_001.DOOM_FanArt_EngineRoom_001_C' with ClassGeneratedBy '/Game/Maps/DOOM_FanArt_EngineRoom_001.DOOM_FanArt_EngineRoom_001:PersistentLevel.DOOM_FanArt_EngineRoom_001'
[2017.06.08-17.15.57:623][438]LogFactory: FactoryCreateFile: StaticMesh with FbxFactory (0 0 H:\Box Sync\WB_plateformRail.FBX)
[2017.06.08-17.15.57:626][438]LogFbx: ItemName: GlobalSettings, ItemCount : 1
[2017.06.08-17.15.57:626][438]LogFbx: ItemName: AnimationStack, ItemCount : 1
[2017.06.08-17.15.57:626][438]LogFbx: ItemName: AnimationLayer, ItemCount : 1
[2017.06.08-17.15.57:626][438]LogFbx: ItemName: Model, ItemCount : 1
[2017.06.08-17.15.57:626][438]LogFbx: ItemName: Geometry, ItemCount : 1
[2017.06.08-17.15.57:626][438]LogFbx: ItemName: Material, ItemCount : 1
[2017.06.08-17.15.57:630][438]LogFbx: Loading FBX Scene from H:\Box Sync\WB_plateformRail.FBX
[2017.06.08-17.15.57:634][438]LogFbx: FBX Scene Loaded Succesfully
[2017.06.08-17.15.58:925][438]LogFbx: Loading FBX Scene from H:\Box Sync\WB_plateformRail.FBX
[2017.06.08-17.15.58:930][438]LogFbx: FBX Scene Loaded Succesfully
[2017.06.08-17.15.58:932][438]LogFbx:Warning: Triangulating static mesh Box002
[2017.06.08-17.15.58:934][438]LogStaticMesh: Building static mesh WB_plateformRail...
[2017.06.08-17.15.58:938][438]LogStaticMesh: Built static mesh [0.00s] /Game/Meshes/WB_plateformRail.WB_plateformRail
[2017.06.08-17.16.01:550][750]Cmd: SELECT NONE
[2017.06.08-17.16.04:726][ 14]Cmd: SELECT NONE
[2017.06.08-17.16.05:993][166]LogBlueprintUserMessages: Early EndPlayMap Detection: Level '/Game/Maps/DOOM_FanArt_EngineRoom_001.DOOM_FanArt_EngineRoom_001:PersistentLevel' has LevelScriptBlueprint '/Game/Maps/DOOM_FanArt_EngineRoom_001.DOOM_FanArt_EngineRoom_001:PersistentLevel.DOOM_FanArt_EngineRoom_001' with GeneratedClass '/Game/Maps/DOOM_FanArt_EngineRoom_001.DOOM_FanArt_EngineRoom_001_C' with ClassGeneratedBy '/Game/Maps/DOOM_FanArt_EngineRoom_001.DOOM_FanArt_EngineRoom_001:PersistentLevel.DOOM_FanArt_EngineRoom_001'
[2017.06.08-17.16.06:038][166]LogBlueprintUserMessages: Late EndPlayMap Detection: Level '/Game/Maps/DOOM_FanArt_EngineRoom_001.DOOM_FanArt_EngineRoom_001:PersistentLevel' has LevelScriptBlueprint '/Game/Maps/DOOM_FanArt_EngineRoom_001.DOOM_FanArt_EngineRoom_001:PersistentLevel.DOOM_FanArt_EngineRoom_001' with GeneratedClass '/Game/Maps/DOOM_FanArt_EngineRoom_001.DOOM_FanArt_EngineRoom_001_C' with ClassGeneratedBy '/Game/Maps/DOOM_FanArt_EngineRoom_001.DOOM_FanArt_EngineRoom_001:PersistentLevel.DOOM_FanArt_EngineRoom_001'
[2017.06.08-17.16.09:334][498]LogActorFactory: Actor Factory created WB_bottomReactor
[2017.06.08-17.16.10:120][589]LogActorFactory: Actor Factory created WB_bottomReactor
[2017.06.08-17.16.11:219][717]Cmd: TRANSACTION UNDO
[2017.06.08-17.16.11:219][717]LogEditorTransaction: Undo Create Actors
[2017.06.08-17.16.13:139][937]LogActorFactory: Actor Factory created WB_plateformRail
[2017.06.08-17.16.13:582][974]LogActorFactory: Actor Factory created WB_plateformRail
[2017.06.08-17.16.23:226][104]LogSavePackage: Save=68.04ms
[2017.06.08-17.16.23:226][104]LogSavePackage: Moving '../../../../../../Users/AzurePC Intel/Documents/GitHub/Enviro_2/Enviro_2/Saved/DOOM_FanArt_EngineRoom_0017288F5284A47B996C16B85B889959C96.tmp' to '../../../../../../Users/AzurePC Intel/Documents/GitHub/Enviro_2/Enviro_2/Content/Maps/DOOM_FanArt_EngineRoom_001.umap'
[2017.06.08-17.16.23:228][104]LogSavePackage:Display: Finished SavePackage ../../../../../../Users/AzurePC Intel/Documents/GitHub/Enviro_2/Enviro_2/Content/Maps/DOOM_FanArt_EngineRoom_001.umap
[2017.06.08-17.16.23:246][104]LogFileHelpers: Saving map 'DOOM_FanArt_EngineRoom_001' took 0.138
[2017.06.08-17.16.23:258][104]Cmd: OBJ SAVEPACKAGE PACKAGE="/Game/Meshes/WB_plateformRail" FILE="../../../../../../Users/AzurePC Intel/Documents/GitHub/Enviro_2/Enviro_2/Content/Meshes/WB_plateformRail.uasset" SILENT=true
[2017.06.08-17.16.23:270][104]LogSavePackage: Save=10.45ms
[2017.06.08-17.16.23:270][104]LogSavePackage: Moving '../../../../../../Users/AzurePC Intel/Documents/GitHub/Enviro_2/Enviro_2/Saved/WB_plateformRailED96F5754DE84C0CD07C26ABA6AD74EC.tmp' to '../../../../../../Users/AzurePC Intel/Documents/GitHub/Enviro_2/Enviro_2/Content/Meshes/WB_plateformRail.uasset'
[2017.06.08-17.16.23:271][104]LogSavePackage:Display: Finished SavePackage ../../../../../../Users/AzurePC Intel/Documents/GitHub/Enviro_2/Enviro_2/Content/Meshes/WB_plateformRail.uasset
[2017.06.08-17.16.24:859][285]LogTemp: Repeting last play command: Selected Viewport
[2017.06.08-17.16.24:870][285]LogBlueprintUserMessages: Early PlayInEditor Detection: Level '/Game/Maps/DOOM_FanArt_EngineRoom_001.DOOM_FanArt_EngineRoom_001:PersistentLevel' has LevelScriptBlueprint '/Game/Maps/DOOM_FanArt_EngineRoom_001.DOOM_FanArt_EngineRoom_001:PersistentLevel.DOOM_FanArt_EngineRoom_001' with GeneratedClass '/Game/Maps/DOOM_FanArt_EngineRoom_001.DOOM_FanArt_EngineRoom_001_C' with ClassGeneratedBy '/Game/Maps/DOOM_FanArt_EngineRoom_001.DOOM_FanArt_EngineRoom_001:PersistentLevel.DOOM_FanArt_EngineRoom_001'
[2017.06.08-17.16.24:870][285]LogPlayLevel: PlayLevel: No blueprints needed recompiling
[2017.06.08-17.16.24:870][285]PIE: New page: PIE session: DOOM_FanArt_EngineRoom_001 (Jun 8, 2017, 5:16:24 AM)
[2017.06.08-17.16.24:870][285]LogPlayLevel: Creating play world package: /Game/Maps/UEDPIE_0_DOOM_FanArt_EngineRoom_001
[2017.06.08-17.16.24:872][285]LogPlayLevel: PIE: StaticDuplicateObject took: (0.001755s)
[2017.06.08-17.16.24:872][285]LogAIModule: Creating AISystem for world DOOM_FanArt_EngineRoom_001
[2017.06.08-17.16.24:872][285]LogPlayLevel: PIE: World Init took: (0.000460s)
[2017.06.08-17.16.24:872][285]LogPlayLevel: PIE: Created PIE world by copying editor world from /Game/Maps/DOOM_FanArt_EngineRoom_001.DOOM_FanArt_EngineRoom_001 to /Game/Maps/UEDPIE_0_DOOM_FanArt_EngineRoom_001.DOOM_FanArt_EngineRoom_001 (0.002355s)
[2017.06.08-17.16.24:884][285]LogInit: XAudio2 using 'SPDIF Interface (2- FiiO USB DAC-E10)' : 2 channels at 48 kHz using 16 bits per sample (channel mask 0x3)
[2017.06.08-17.16.24:887][285]LogInit: FAudioDevice initialized.
[2017.06.08-17.16.24:914][285]LogLoad: Game class is 'GameModeBase'
[2017.06.08-17.16.24:916][285]LogWorld: Bringing World /Game/Maps/UEDPIE_0_DOOM_FanArt_EngineRoom_001.DOOM_FanArt_EngineRoom_001 up for play (max tick rate 0) at 2017.06.08-11.16.24
[2017.06.08-17.16.24:916][285]LogWorld: Bringing up level for play took: 0.001088
[2017.06.08-17.16.24:917][285]PIE: Info Play in editor start time for /Game/Maps/UEDPIE_0_DOOM_FanArt_EngineRoom_001 0.158
[2017.06.08-17.16.24:917][285]LogBlueprintUserMessages: Late PlayInEditor Detection: Level '/Game/Maps/DOOM_FanArt_EngineRoom_001.DOOM_FanArt_EngineRoom_001:PersistentLevel' has LevelScriptBlueprint '/Game/Maps/DOOM_FanArt_EngineRoom_001.DOOM_FanArt_EngineRoom_001:PersistentLevel.DOOM_FanArt_EngineRoom_001' with GeneratedClass '/Game/Maps/DOOM_FanArt_EngineRoom_001.DOOM_FanArt_EngineRoom_001_C' with ClassGeneratedBy '/Game/Maps/DOOM_FanArt_EngineRoom_001.DOOM_FanArt_EngineRoom_001:PersistentLevel.DOOM_FanArt_EngineRoom_001'
[2017.06.08-17.16.44:114][588]LogBlueprintUserMessages: Early EndPlayMap Detection: Level '/Game/Maps/DOOM_FanArt_EngineRoom_001.DOOM_FanArt_EngineRoom_001:PersistentLevel' has LevelScriptBlueprint '/Game/Maps/DOOM_FanArt_EngineRoom_001.DOOM_FanArt_EngineRoom_001:PersistentLevel.DOOM_FanArt_EngineRoom_001' with GeneratedClass '/Game/Maps/DOOM_FanArt_EngineRoom_001.DOOM_FanArt_EngineRoom_001_C' with ClassGeneratedBy '/Game/Maps/DOOM_FanArt_EngineRoom_001.DOOM_FanArt_EngineRoom_001:PersistentLevel.DOOM_FanArt_EngineRoom_001'
[2017.06.08-17.16.44:159][588]LogBlueprintUserMessages: Late EndPlayMap Detection: Level '/Game/Maps/DOOM_FanArt_EngineRoom_001.DOOM_FanArt_EngineRoom_001:PersistentLevel' has LevelScriptBlueprint '/Game/Maps/DOOM_FanArt_EngineRoom_001.DOOM_FanArt_EngineRoom_001:PersistentLevel.DOOM_FanArt_EngineRoom_001' with GeneratedClass '/Game/Maps/DOOM_FanArt_EngineRoom_001.DOOM_FanArt_EngineRoom_001_C' with ClassGeneratedBy '/Game/Maps/DOOM_FanArt_EngineRoom_001.DOOM_FanArt_EngineRoom_001:PersistentLevel.DOOM_FanArt_EngineRoom_001'
[2017.06.08-17.16.48:711][107]LogEditorViewport: Clicking on Actor (LMB): PointLight (PointLight3)
[2017.06.08-17.16.55:555][839]LogEditorViewport: Clicking on Actor (LMB): PointLight (PointLight5)
[2017.06.08-17.17.07:934][229]LogEditorViewport: Clicking on Actor (LMB): PointLight (PointLight3)
[2017.06.08-17.17.11:488][620]LogEditorViewport: Clicking on Actor (LMB): PointLight (PointLight2)
[2017.06.08-17.17.17:598][271]LogEditorViewport: Clicking on Actor (LMB): PointLight (PointLight4)
[2017.06.08-17.17.26:577][270]LogTemp: Repeting last play command: Selected Viewport
[2017.06.08-17.17.26:588][270]LogBlueprintUserMessages: Early PlayInEditor Detection: Level '/Game/Maps/DOOM_FanArt_EngineRoom_001.DOOM_FanArt_EngineRoom_001:PersistentLevel' has LevelScriptBlueprint '/Game/Maps/DOOM_FanArt_EngineRoom_001.DOOM_FanArt_EngineRoom_001:PersistentLevel.DOOM_FanArt_EngineRoom_001' with GeneratedClass '/Game/Maps/DOOM_FanArt_EngineRoom_001.DOOM_FanArt_EngineRoom_001_C' with ClassGeneratedBy '/Game/Maps/DOOM_FanArt_EngineRoom_001.DOOM_FanArt_EngineRoom_001:PersistentLevel.DOOM_FanArt_EngineRoom_001'
[2017.06.08-17.17.26:588][270]LogPlayLevel: PlayLevel: No blueprints needed recompiling
[2017.06.08-17.17.26:588][270]PIE: New page: PIE session: DOOM_FanArt_EngineRoom_001 (Jun 8, 2017, 5:17:26 AM)
[2017.06.08-17.17.26:588][270]LogPlayLevel: Creating play world package: /Game/Maps/UEDPIE_0_DOOM_FanArt_EngineRoom_001
[2017.06.08-17.17.26:589][270]LogPlayLevel: PIE: StaticDuplicateObject took: (0.001361s)
[2017.06.08-17.17.26:589][270]LogAIModule: Creating AISystem for world DOOM_FanArt_EngineRoom_001
[2017.06.08-17.17.26:590][270]LogPlayLevel: PIE: World Init took: (0.000486s)
[2017.06.08-17.17.26:590][270]LogPlayLevel: PIE: Created PIE world by copying editor world from /Game/Maps/DOOM_FanArt_EngineRoom_001.DOOM_FanArt_EngineRoom_001 to /Game/Maps/UEDPIE_0_DOOM_FanArt_EngineRoom_001.DOOM_FanArt_EngineRoom_001 (0.001996s)
[2017.06.08-17.17.26:601][270]LogInit: XAudio2 using 'SPDIF Interface (2- FiiO USB DAC-E10)' : 2 channels at 48 kHz using 16 bits per sample (channel mask 0x3)
[2017.06.08-17.17.26:603][270]LogInit: FAudioDevice initialized.
[2017.06.08-17.17.26:633][270]LogLoad: Game class is 'GameModeBase'
[2017.06.08-17.17.26:635][270]LogWorld: Bringing World /Game/Maps/UEDPIE_0_DOOM_FanArt_EngineRoom_001.DOOM_FanArt_EngineRoom_001 up for play (max tick rate 0) at 2017.06.08-11.17.26
[2017.06.08-17.17.26:635][270]LogWorld: Bringing up level for play took: 0.000911
[2017.06.08-17.17.26:636][270]PIE: Info Play in editor start time for /Game/Maps/UEDPIE_0_DOOM_FanArt_EngineRoom_001 -0.124
[2017.06.08-17.17.26:636][270]LogBlueprintUserMessages: Late PlayInEditor Detection: Level '/Game/Maps/DOOM_FanArt_EngineRoom_001.DOOM_FanArt_EngineRoom_001:PersistentLevel' has LevelScriptBlueprint '/Game/Maps/DOOM_FanArt_EngineRoom_001.DOOM_FanArt_EngineRoom_001:PersistentLevel.DOOM_FanArt_EngineRoom_001' with GeneratedClass '/Game/Maps/DOOM_FanArt_EngineRoom_001.DOOM_FanArt_EngineRoom_001_C' with ClassGeneratedBy '/Game/Maps/DOOM_FanArt_EngineRoom_001.DOOM_FanArt_EngineRoom_001:PersistentLevel.DOOM_FanArt_EngineRoom_001'
[2017.06.08-17.17.27:606][386]LogBlueprintUserMessages: Early EndPlayMap Detection: Level '/Game/Maps/DOOM_FanArt_EngineRoom_001.DOOM_FanArt_EngineRoom_001:PersistentLevel' has LevelScriptBlueprint '/Game/Maps/DOOM_FanArt_EngineRoom_001.DOOM_FanArt_EngineRoom_001:PersistentLevel.DOOM_FanArt_EngineRoom_001' with GeneratedClass '/Game/Maps/DOOM_FanArt_EngineRoom_001.DOOM_FanArt_EngineRoom_001_C' with ClassGeneratedBy '/Game/Maps/DOOM_FanArt_EngineRoom_001.DOOM_FanArt_EngineRoom_001:PersistentLevel.DOOM_FanArt_EngineRoom_001'
[2017.06.08-17.17.27:646][386]LogBlueprintUserMessages: Late EndPlayMap Detection: Level '/Game/Maps/DOOM_FanArt_EngineRoom_001.DOOM_FanArt_EngineRoom_001:PersistentLevel' has LevelScriptBlueprint '/Game/Maps/DOOM_FanArt_EngineRoom_001.DOOM_FanArt_EngineRoom_001:PersistentLevel.DOOM_FanArt_EngineRoom_001' with GeneratedClass '/Game/Maps/DOOM_FanArt_EngineRoom_001.DOOM_FanArt_EngineRoom_001_C' with ClassGeneratedBy '/Game/Maps/DOOM_FanArt_EngineRoom_001.DOOM_FanArt_EngineRoom_001:PersistentLevel.DOOM_FanArt_EngineRoom_001'
[2017.06.08-17.17.29:447][581]LogSavePackage: Save=67.75ms
[2017.06.08-17.17.29:447][581]LogSavePackage: Moving '../../../../../../Users/AzurePC Intel/Documents/GitHub/Enviro_2/Enviro_2/Saved/DOOM_FanArt_EngineRoom_0017F5D06234A1CC6A777CBCCA4A1E2AED4.tmp' to '../../../../../../Users/AzurePC Intel/Documents/GitHub/Enviro_2/Enviro_2/Content/Maps/DOOM_FanArt_EngineRoom_001.umap'
[2017.06.08-17.17.29:448][581]LogSavePackage:Display: Finished SavePackage ../../../../../../Users/AzurePC Intel/Documents/GitHub/Enviro_2/Enviro_2/Content/Maps/DOOM_FanArt_EngineRoom_001.umap
[2017.06.08-17.17.29:466][581]LogFileHelpers: Saving map 'DOOM_FanArt_EngineRoom_001' took 0.134
[2017.06.08-17.17.47:463][662]LogWindowsTextInputMethodSystem:Display: IME system now deactivated.
[2017.06.08-17.17.47:613][663]Cmd: QUIT_EDITOR
[2017.06.08-17.17.48:105][663]LogExit: Preparing to exit.
[2017.06.08-17.17.48:584][663]LogDirectoryWatcher: A directory notification for 'C:/Users/AzurePC Intel/Documents/GitHub/Enviro_2/Enviro_2/Content/' was aborted.
[2017.06.08-17.17.48:596][663]LogExit: Editor shut down
[2017.06.08-17.17.48:599][663]LogExit: Transaction tracking system shut down
[2017.06.08-17.17.48:659][663]LogObj: Freed 0b from 0 cluster array pools.
[2017.06.08-17.17.48:659][663]LogExit: Object subsystem successfully closed.
[2017.06.08-17.17.48:678][663]LogD3D11RHI: Shutdown
[2017.06.08-17.17.48:678][663]LogD3D11RHI: CleanupD3DDevice
[2017.06.08-17.17.48:771][663]LogD3D11RHI: ~FD3D11DynamicRHI
[2017.06.08-17.17.48:781][663]LogModuleManager: Shutting down and abandoning module MovieSceneCapture (530)
[2017.06.08-17.17.48:781][663]LogModuleManager: Shutting down and abandoning module HierarchicalLODOutliner (528)
[2017.06.08-17.17.48:782][663]LogModuleManager: Shutting down and abandoning module CrashTracker (526)
[2017.06.08-17.17.48:782][663]LogModuleManager: Shutting down and abandoning module SceneOutliner (524)
[2017.06.08-17.17.48:782][663]LogModuleManager: Shutting down and abandoning module AddContentDialog (522)
[2017.06.08-17.17.48:782][663]LogDirectoryWatcher: A directory notification for 'C:/Program Files/Epic Games/UE_4.16/FeaturePacks/' was aborted.
[2017.06.08-17.17.48:782][663]LogModuleManager: Shutting down and abandoning module WidgetCarousel (521)
[2017.06.08-17.17.48:782][663]LogModuleManager: Shutting down and abandoning module EditorWidgets (518)
[2017.06.08-17.17.48:782][663]LogModuleManager: Shutting down and abandoning module CollectionManager (516)
[2017.06.08-17.17.48:782][663]LogDirectoryWatcher: A directory notification for 'C:/Users/AzurePC Intel/Documents/GitHub/Enviro_2/Enviro_2/Content/Collections/' was aborted.
[2017.06.08-17.17.48:782][663]LogDirectoryWatcher: A directory notification for 'C:/Users/AzurePC Intel/Documents/GitHub/Enviro_2/Enviro_2/Content/Developers/AzurePCIntel/Collections/' was aborted.
[2017.06.08-17.17.48:782][663]LogDirectoryWatcher: A directory notification for 'C:/Users/AzurePC Intel/Documents/GitHub/Enviro_2/Enviro_2/Saved/Collections/' was aborted.
[2017.06.08-17.17.48:782][663]LogModuleManager: Shutting down and abandoning module StatsViewer (514)
[2017.06.08-17.17.48:782][663]LogModuleManager: Shutting down and abandoning module FoliageEdit (512)
[2017.06.08-17.17.48:782][663]LogModuleManager: Shutting down and abandoning module LandscapeEditor (510)
[2017.06.08-17.17.48:782][663]LogModuleManager: Shutting down and abandoning module MeshPaintMode (508)
[2017.06.08-17.17.48:782][663]LogModuleManager: Shutting down and abandoning module SceneDepthPickerMode (506)
[2017.06.08-17.17.48:782][663]LogModuleManager: Shutting down and abandoning module ActorPickerMode (504)
[2017.06.08-17.17.48:782][663]LogModuleManager: Shutting down and abandoning module GeometryMode (502)
[2017.06.08-17.17.48:782][663]LogModuleManager: Shutting down and abandoning module TextureAlignMode (500)
[2017.06.08-17.17.48:782][663]LogModuleManager: Shutting down and abandoning module BspMode (498)
[2017.06.08-17.17.48:782][663]LogModuleManager: Shutting down and abandoning module HardwareSurvey (496)
[2017.06.08-17.17.48:782][663]LogModuleManager: Shutting down and abandoning module SequenceRecorderSections (494)
[2017.06.08-17.17.48:782][663]LogModuleManager: Shutting down and abandoning module AutomationWorker (492)
[2017.06.08-17.17.48:782][663]LogModuleManager: Shutting down and abandoning module MatineeToLevelSequence (490)
[2017.06.08-17.17.48:782][663]LogModuleManager: Shutting down and abandoning module LevelSequenceEditor (488)
[2017.06.08-17.17.48:782][663]LogModuleManager: Shutting down and abandoning module PlacementMode (487)
[2017.06.08-17.17.48:783][663]LogModuleManager: Shutting down and abandoning module WmfMediaFactory (484)
[2017.06.08-17.17.48:783][663]LogModuleManager: Shutting down and abandoning module WmfMediaEditor (482)
[2017.06.08-17.17.48:783][663]LogModuleManager: Shutting down and abandoning module AvfMediaFactory (480)
[2017.06.08-17.17.48:783][663]LogModuleManager: Shutting down and abandoning module AvfMediaEditor (478)
[2017.06.08-17.17.48:783][663]LogModuleManager: Shutting down and abandoning module AndroidMediaFactory (476)
[2017.06.08-17.17.48:783][663]LogModuleManager: Shutting down and abandoning module Media (475)
[2017.06.08-17.17.48:783][663]LogModuleManager: Shutting down and abandoning module AndroidMediaEditor (472)
[2017.06.08-17.17.48:783][663]LogModuleManager: Shutting down and abandoning module CharacterAI (470)
[2017.06.08-17.17.48:783][663]LogModuleManager: Shutting down and abandoning module AudioCapture (468)
[2017.06.08-17.17.48:783][663]LogModuleManager: Shutting down and abandoning module SequenceRecorder (467)
[2017.06.08-17.17.48:783][663]LogModuleManager: Shutting down and abandoning module SmartSnapping (464)
[2017.06.08-17.17.48:783][663]LogModuleManager: Shutting down and abandoning module SessionServices (462)
[2017.06.08-17.17.48:783][663]LogModuleManager: Shutting down and abandoning module ViewportSnapping (460)
[2017.06.08-17.17.48:783][663]LogModuleManager: Shutting down and abandoning module ViewportInteraction (458)
[2017.06.08-17.17.48:783][663]LogModuleManager: Shutting down and abandoning module ClothPainter (456)
[2017.06.08-17.17.48:783][663]LogModuleManager: Shutting down and abandoning module LogVisualizer (454)
[2017.06.08-17.17.48:783][663]LogModuleManager: Shutting down and abandoning module IntroTutorials (452)
[2017.06.08-17.17.48:783][663]LogModuleManager: Shutting down and abandoning module GameProjectGeneration (451)
[2017.06.08-17.17.48:783][663]LogModuleManager: Shutting down and abandoning module EditorLiveStreaming (448)
[2017.06.08-17.17.48:783][663]LogModuleManager: Shutting down and abandoning module IOSPlatformEditor (446)
[2017.06.08-17.17.48:783][663]LogModuleManager: Shutting down and abandoning module HTML5PlatformEditor (444)
[2017.06.08-17.17.48:783][663]LogModuleManager: Shutting down and abandoning module AndroidPlatformEditor (442)
[2017.06.08-17.17.48:783][663]LogModuleManager: Shutting down and abandoning module AndroidDeviceDetection (441)
[2017.06.08-17.17.49:069][663]LogModuleManager: Shutting down and abandoning module IOSRuntimeSettings (438)
[2017.06.08-17.17.49:069][663]LogModuleManager: Shutting down and abandoning module AndroidRuntimeSettings (436)
[2017.06.08-17.17.49:069][663]LogModuleManager: Shutting down and abandoning module InputBindingEditor (434)
[2017.06.08-17.17.49:069][663]LogModuleManager: Shutting down and abandoning module MergeActors (432)
[2017.06.08-17.17.49:069][663]LogModuleManager: Shutting down and abandoning module SizeMap (430)
[2017.06.08-17.17.49:069][663]LogModuleManager: Shutting down and abandoning module TreeMap (428)
[2017.06.08-17.17.49:069][663]LogModuleManager: Shutting down and abandoning module ReferenceViewer (426)
[2017.06.08-17.17.49:069][663]LogModuleManager: Shutting down and abandoning module LocalizationDashboard (424)
[2017.06.08-17.17.49:069][663]LogModuleManager: Shutting down and abandoning module LocalizationService (423)
[2017.06.08-17.17.49:069][663]LogModuleManager: Shutting down and abandoning module HardwareTargeting (420)
[2017.06.08-17.17.49:069][663]LogModuleManager: Shutting down and abandoning module DeviceProfileEditor (418)
[2017.06.08-17.17.49:069][663]LogModuleManager: Shutting down and abandoning module UndoHistory (416)
[2017.06.08-17.17.49:069][663]LogModuleManager: Shutting down and abandoning module UserFeedback (414)
[2017.06.08-17.17.49:069][663]LogModuleManager: Shutting down and abandoning module XmlParser (412)
[2017.06.08-17.17.49:069][663]LogModuleManager: Shutting down and abandoning module Blutility (410)
[2017.06.08-17.17.49:069][663]LogModuleManager: Shutting down and abandoning module ProjectSettingsViewer (408)
[2017.06.08-17.17.49:069][663]LogModuleManager: Shutting down and abandoning module ProjectTargetPlatformEditor (407)
[2017.06.08-17.17.49:069][663]LogModuleManager: Shutting down and abandoning module EditorSettingsViewer (404)
[2017.06.08-17.17.49:069][663]LogModuleManager: Shutting down and abandoning module SettingsEditor (402)
[2017.06.08-17.17.49:069][663]LogModuleManager: Shutting down and abandoning module ProjectLauncher (400)
[2017.06.08-17.17.49:069][663]LogModuleManager: Shutting down and abandoning module SessionFrontend (398)
[2017.06.08-17.17.49:069][663]LogModuleManager: Shutting down and abandoning module ProfilerClient (396)
[2017.06.08-17.17.49:069][663]LogModuleManager: Shutting down and abandoning module DeviceManager (394)
[2017.06.08-17.17.49:069][663]LogModuleManager: Shutting down and abandoning module TargetDeviceServices (393)
[2017.06.08-17.17.49:133][663]LogModuleManager: Shutting down and abandoning module AutomationController (390)
[2017.06.08-17.17.49:133][663]LogModuleManager: Shutting down and abandoning module AutomationWindow (388)
[2017.06.08-17.17.49:133][663]LogModuleManager: Shutting down and abandoning module Layers (386)
[2017.06.08-17.17.49:133][663]LogModuleManager: Shutting down and abandoning module ComponentVisualizers (384)
[2017.06.08-17.17.49:133][663]LogModuleManager: Shutting down and abandoning module DetailCustomizations (382)
[2017.06.08-17.17.49:133][663]LogModuleManager: Shutting down and abandoning module PackagesDialog (380)
[2017.06.08-17.17.49:133][663]LogModuleManager: Shutting down and abandoning module Persona (378)
[2017.06.08-17.17.49:133][663]LogModuleManager: Shutting down and abandoning module AdvancedPreviewScene (377)
[2017.06.08-17.17.49:133][663]LogModuleManager: Shutting down and abandoning module AnimGraph (375)
[2017.06.08-17.17.49:133][663]LogModuleManager: Shutting down and abandoning module Kismet (372)
[2017.06.08-17.17.49:133][663]LogModuleManager: Shutting down and abandoning module ClassViewer (370)
[2017.06.08-17.17.49:133][663]LogModuleManager: Shutting down and abandoning module Toolbox (368)
[2017.06.08-17.17.49:133][663]LogModuleManager: Shutting down and abandoning module ModuleUI (366)
[2017.06.08-17.17.49:133][663]LogModuleManager: Shutting down and abandoning module MovieSceneTools (364)
[2017.06.08-17.17.49:133][663]LogModuleManager: Shutting down and abandoning module OutputLog (362)
[2017.06.08-17.17.49:133][663]LogModuleManager: Shutting down and abandoning module GammaUI (360)
[2017.06.08-17.17.49:133][663]LogModuleManager: Shutting down and abandoning module Documentation (358)
[2017.06.08-17.17.49:133][663]LogModuleManager: Shutting down and abandoning module MovieSceneTracks (356)
[2017.06.08-17.17.49:133][663]LogModuleManager: Shutting down and abandoning module MovieScene (354)
[2017.06.08-17.17.49:133][663]LogModuleManager: Shutting down and abandoning module Niagara (352)
[2017.06.08-17.17.49:133][663]LogModuleManager: Shutting down and abandoning module NiagaraEditor (351)
[2017.06.08-17.17.49:133][663]LogModuleManager: Shutting down and abandoning module StreamingPauseRendering (348)
[2017.06.08-17.17.49:133][663]LogModuleManager: Shutting down and abandoning module AnalyticsET (346)
[2017.06.08-17.17.49:133][663]LogModuleManager: Shutting down and abandoning module PortalServices (344)
[2017.06.08-17.17.49:133][663]LogModuleManager: Shutting down and abandoning module PortalRpc (342)
[2017.06.08-17.17.49:133][663]LogModuleManager: Shutting down and abandoning module MessagingRpc (340)
[2017.06.08-17.17.49:133][663]LogModuleManager: Shutting down and abandoning module AIModule (338)
[2017.06.08-17.17.49:133][663]LogModuleManager: Shutting down and abandoning module GameplayDebugger (337)
[2017.06.08-17.17.49:133][663]LogModuleManager: Shutting down and abandoning module AITestSuite (335)
[2017.06.08-17.17.49:133][663]LogModuleManager: Shutting down and abandoning module ProfilerService (332)
[2017.06.08-17.17.49:168][663]LogModuleManager: Shutting down and abandoning module TaskGraph (330)
[2017.06.08-17.17.49:168][663]LogModuleManager: Shutting down and abandoning module SubstanceEditor (328)
[2017.06.08-17.17.49:168][663]LogModuleManager: Shutting down and abandoning module SteamVRController (326)
[2017.06.08-17.17.49:168][663]LogModuleManager: Shutting down and abandoning module SteamVR (324)
[2017.06.08-17.17.49:168][663]LogModuleManager: Shutting down and abandoning module ProceduralMeshComponentEditor (322)
[2017.06.08-17.17.49:168][663]LogModuleManager: Shutting down and abandoning module ProceduralMeshComponent (320)
[2017.06.08-17.17.49:168][663]LogModuleManager: Shutting down and abandoning module OculusLibrary (318)
[2017.06.08-17.17.49:168][663]LogModuleManager: Shutting down and abandoning module OculusInput (316)
[2017.06.08-17.17.49:168][663]LogModuleManager: Shutting down and abandoning module MobilePatchingUtils (314)
[2017.06.08-17.17.49:168][663]LogModuleManager: Shutting down and abandoning module CustomMeshComponent (312)
[2017.06.08-17.17.49:168][663]LogModuleManager: Shutting down and abandoning module CableComponent (310)
[2017.06.08-17.17.49:168][663]LogModuleManager: Shutting down and abandoning module ArchVisCharacter (308)
[2017.06.08-17.17.49:168][663]LogModuleManager: Shutting down and abandoning module AndroidPermission (306)
[2017.06.08-17.17.49:168][663]LogModuleManager: Shutting down and abandoning module MediaPlayerEditor (302)
[2017.06.08-17.17.49:168][663]LogModuleManager: Shutting down and abandoning module HTML5Networking (300)
[2017.06.08-17.17.49:168][663]LogModuleManager: Shutting down and abandoning module AlembicImporter (298)
[2017.06.08-17.17.49:168][663]LogModuleManager: Shutting down and abandoning module AlembicLibrary (297)
[2017.06.08-17.17.49:168][663]LogModuleManager: Shutting down and abandoning module GeometryCache (296)
[2017.06.08-17.17.49:168][663]LogModuleManager: Shutting down and abandoning module GeometryCacheEd (295)
[2017.06.08-17.17.49:168][663]LogModuleManager: Shutting down and abandoning module SuperSearchEditor (290)
[2017.06.08-17.17.49:168][663]LogModuleManager: Shutting down and abandoning module SuperSearch (289)
[2017.06.08-17.17.49:168][663]LogModuleManager: Shutting down and abandoning module SpeedTreeImporter (286)
[2017.06.08-17.17.49:168][663]LogModuleManager: Shutting down and abandoning module PluginBrowser (284)
[2017.06.08-17.17.49:168][663]LogModuleManager: Shutting down and abandoning module MobileLauncherProfileWizard (282)
[2017.06.08-17.17.49:168][663]LogModuleManager: Shutting down and abandoning module VisualStudioSourceCodeAccess (280)
[2017.06.08-17.17.49:168][663]LogModuleManager: Shutting down and abandoning module DesktopPlatform (279)
[2017.06.08-17.17.49:168][663]LogModuleManager: Shutting down and abandoning module UObjectPlugin (276)
[2017.06.08-17.17.49:168][663]LogModuleManager: Shutting down and abandoning module SubversionSourceControl (274)
[2017.06.08-17.17.49:168][663]LogModuleManager: Shutting down and abandoning module PerforceSourceControl (272)
[2017.06.08-17.17.49:168][663]LogModuleManager: Shutting down and abandoning module GitSourceControl (270)
[2017.06.08-17.17.49:168][663]LogModuleManager: Shutting down and abandoning module SourceControl (269)
[2017.06.08-17.17.49:168][663]LogModuleManager: Shutting down and abandoning module LightPropagationVolumeEditor (266)
[2017.06.08-17.17.49:168][663]LogModuleManager: Shutting down and abandoning module PaperTiledImporter (264)
[2017.06.08-17.17.49:168][663]LogModuleManager: Shutting down and abandoning module PaperSpriteSheetImporter (262)
[2017.06.08-17.17.49:168][663]LogModuleManager: Shutting down and abandoning module Paper2DEditor (260)
[2017.06.08-17.17.49:168][663]LogModuleManager: Shutting down and abandoning module MeshPaint (259)
[2017.06.08-17.17.49:168][663]LogModuleManager: Shutting down and abandoning module LevelEditor (257)
[2017.06.08-17.17.49:169][663]LogModuleManager: Shutting down and abandoning module PixelInspectorModule (256)
[2017.06.08-17.17.49:169][663]LogModuleManager: Shutting down and abandoning module MainFrame (254)
[2017.06.08-17.17.49:169][663]LogModuleManager: Shutting down and abandoning module HotReload (253)
[2017.06.08-17.17.49:169][663]LogModuleManager: Shutting down and abandoning module PhysXVehiclesEditor (248)
[2017.06.08-17.17.49:169][663]LogModuleManager: Shutting down and abandoning module PhysXVehicles (246)
[2017.06.08-17.17.49:169][663]LogModuleManager: Shutting down and abandoning module LocationServicesBPLibrary (244)
[2017.06.08-17.17.49:169][663]LogModuleManager: Shutting down and abandoning module ImmediatePhysicsEditor (242)
[2017.06.08-17.17.49:169][663]LogModuleManager: Shutting down and abandoning module ImmediatePhysics (240)
[2017.06.08-17.17.49:169][663]LogModuleManager: Shutting down and abandoning module UdpMessaging (238)
[2017.06.08-17.17.49:270][663]LogModuleManager: Shutting down and abandoning module TcpMessaging (236)
[2017.06.08-17.17.49:371][663]LogModuleManager: Shutting down and abandoning module SubstanceCore (234)
[2017.06.08-17.17.49:371][663]LogModuleManager: Shutting down and abandoning module GameplayTagsEditor (232)
[2017.06.08-17.17.49:371][663]LogModuleManager: Shutting down and abandoning module FacialAnimationEditor (230)
[2017.06.08-17.17.49:371][663]LogModuleManager: Shutting down and abandoning module FacialAnimation (228)
[2017.06.08-17.17.49:371][663]LogModuleManager: Shutting down and abandoning module AssetManagerEditor (226)
[2017.06.08-17.17.49:371][663]LogModuleManager: Shutting down and abandoning module GraphEditor (225)
[2017.06.08-17.17.49:371][663]LogModuleManager: Shutting down and abandoning module ContentBrowser (223)
[2017.06.08-17.17.49:371][663]LogModuleManager: Shutting down and abandoning module LightPropagationVolumeRuntime (220)
[2017.06.08-17.17.49:371][663]LogModuleManager: Shutting down and abandoning module Paper2D (218)
[2017.06.08-17.17.49:371][663]LogModuleManager: Shutting down and abandoning module WindowsMoviePlayer (216)
[2017.06.08-17.17.49:371][663]LogModuleManager: Shutting down and abandoning module WmfMedia (214)
[2017.06.08-17.17.49:371][663]LogModuleManager: Shutting down and abandoning module ClothingSystemEditor (212)
[2017.06.08-17.17.49:371][663]LogModuleManager: Shutting down and abandoning module ClothingSystemRuntime (210)
[2017.06.08-17.17.49:371][663]LogModuleManager: Shutting down and abandoning module MediaAssets (208)
[2017.06.08-17.17.49:371][663]LogModuleManager: Shutting down and abandoning module GameLiveStreaming (206)
[2017.06.08-17.17.49:371][663]LogModuleManager: Shutting down and abandoning module VREditor (204)
[2017.06.08-17.17.49:372][663]LogModuleManager: Shutting down and abandoning module StringTableEditor (202)
[2017.06.08-17.17.49:372][663]LogModuleManager: Shutting down and abandoning module GameplayTasksEditor (200)
[2017.06.08-17.17.49:372][663]LogModuleManager: Shutting down and abandoning module BehaviorTreeEditor (198)
[2017.06.08-17.17.49:372][663]LogModuleManager: Shutting down and abandoning module FunctionalTesting (196)
[2017.06.08-17.17.49:372][663]LogModuleManager: Shutting down and abandoning module CollisionAnalyzer (194)
[2017.06.08-17.17.49:372][663]LogModuleManager: Shutting down and abandoning module UMG (192)
[2017.06.08-17.17.49:372][663]LogModuleManager: Shutting down and abandoning module UMGEditor (191)
[2017.06.08-17.17.49:372][663]LogModuleManager: Shutting down and abandoning module Sequencer (190)
[2017.06.08-17.17.49:372][663]LogModuleManager: Shutting down and abandoning module AssetTools (188)
[2017.06.08-17.17.49:372][663]LogModuleManager: Shutting down and abandoning module MessageLog (187)
[2017.06.08-17.17.49:372][663]LogModuleManager: Shutting down and abandoning module WorkspaceMenuStructure (186)
[2017.06.08-17.17.49:372][663]LogModuleManager: Shutting down and abandoning module SlateReflector (180)
[2017.06.08-17.17.49:372][663]LogModuleManager: Shutting down and abandoning module Slate (178)
[2017.06.08-17.17.49:372][663]LogModuleManager: Shutting down and abandoning module EditorStyle (176)
[2017.06.08-17.17.49:373][663]LogModuleManager: Shutting down and abandoning module SourceCodeAccess (174)
[2017.06.08-17.17.49:373][663]LogModuleManager: Shutting down and abandoning module HeadMountedDisplay (172)
[2017.06.08-17.17.49:373][663]LogModuleManager: Shutting down and abandoning module XAudio2 (170)
[2017.06.08-17.17.49:373][663]LogModuleManager: Shutting down and abandoning module Networking (168)
[2017.06.08-17.17.49:373][663]LogModuleManager: Shutting down and abandoning module Core (164)
[2017.06.08-17.17.49:373][663]LogModuleManager: Shutting down and abandoning module AssetRegistry (162)
[2017.06.08-17.17.49:472][663]LogDirectoryWatcher: A directory notification for '../../../Engine/Content/' was aborted.
[2017.06.08-17.17.49:472][663]LogDirectoryWatcher: A directory notification for '../../../../../../Users/AzurePC Intel/Documents/GitHub/Enviro_2/Enviro_2/Content/' was aborted.
[2017.06.08-17.17.49:472][663]LogDirectoryWatcher: A directory notification for '../../../Engine/Plugins/2D/Paper2D/Content/' was aborted.
[2017.06.08-17.17.49:472][663]LogDirectoryWatcher: A directory notification for '../../../Engine/Plugins/Runtime/GearVR/Content/' was aborted.
[2017.06.08-17.17.49:474][663]LogModuleManager: Shutting down and abandoning module DirectoryWatcher (161)
[2017.06.08-17.17.49:474][663]LogModuleManager: Shutting down and abandoning module KismetCompiler (158)
[2017.06.08-17.17.49:474][663]LogModuleManager: Shutting down and abandoning module LevelSequence (156)
[2017.06.08-17.17.49:474][663]LogModuleManager: Shutting down and abandoning module PhysXFormats (154)
[2017.06.08-17.17.49:474][663]LogModuleManager: Shutting down and abandoning module MeshUtilities (152)
[2017.06.08-17.17.49:474][663]LogModuleManager: Shutting down and abandoning module SimplygonSwarm (151)
[2017.06.08-17.17.49:474][663]LogModuleManager: Shutting down and abandoning module SimplygonMeshReduction (149)
[2017.06.08-17.17.49:474][663]LogModuleManager: Shutting down and abandoning module QuadricMeshReduction (147)
[2017.06.08-17.17.49:474][663]LogModuleManager: Shutting down and abandoning module DerivedDataCache (144)
[2017.06.08-17.17.49:520][663]LogDerivedDataCache: Shutdown
[2017.06.08-17.17.49:520][663]LogModuleManager: Shutting down and abandoning module TargetPlatform (142)
[2017.06.08-17.17.49:520][663]LogModuleManager: Shutting down and abandoning module VulkanShaderFormat (141)
[2017.06.08-17.17.49:520][663]LogModuleManager: Shutting down and abandoning module ShaderFormatVectorVM (139)
[2017.06.08-17.17.49:520][663]LogModuleManager: Shutting down and abandoning module ShaderFormatOpenGL (137)
[2017.06.08-17.17.49:520][663]LogModuleManager: Shutting down and abandoning module ShaderFormatD3D (135)
[2017.06.08-17.17.49:520][663]LogModuleManager: Shutting down and abandoning module MetalShaderFormat (133)
[2017.06.08-17.17.49:520][663]LogModuleManager: Shutting down and abandoning module TextureFormatUncompressed (131)
[2017.06.08-17.17.49:520][663]LogModuleManager: Shutting down and abandoning module TextureFormatPVR (129)
[2017.06.08-17.17.49:520][663]LogModuleManager: Shutting down and abandoning module TextureFormatDXT (127)
[2017.06.08-17.17.49:520][663]LogModuleManager: Shutting down and abandoning module TextureFormatIntelISPCTexComp (125)
[2017.06.08-17.17.49:520][663]LogModuleManager: Shutting down and abandoning module TextureFormatASTC (123)
[2017.06.08-17.17.49:520][663]LogModuleManager: Shutting down and abandoning module ImageWrapper (122)
[2017.06.08-17.17.49:520][663]LogModuleManager: Shutting down and abandoning module TextureFormatAndroid (119)
[2017.06.08-17.17.49:520][663]LogModuleManager: Shutting down and abandoning module AudioFormatOpus (117)
[2017.06.08-17.17.49:520][663]LogModuleManager: Shutting down and abandoning module AudioFormatOgg (115)
[2017.06.08-17.17.49:520][663]LogModuleManager: Shutting down and abandoning module AudioFormatADPCM (113)
[2017.06.08-17.17.49:520][663]LogModuleManager: Shutting down and abandoning module LinuxTargetPlatform (111)
[2017.06.08-17.17.49:520][663]LogModuleManager: Shutting down and abandoning module LinuxServerTargetPlatform (109)
[2017.06.08-17.17.49:520][663]LogModuleManager: Shutting down and abandoning module LinuxNoEditorTargetPlatform (107)
[2017.06.08-17.17.49:520][663]LogModuleManager: Shutting down and abandoning module LinuxClientTargetPlatform (105)
[2017.06.08-17.17.49:520][663]LogModuleManager: Shutting down and abandoning module TVOSTargetPlatform (103)
[2017.06.08-17.17.49:520][663]LogModuleManager: Shutting down and abandoning module Messaging (101)
[2017.06.08-17.17.49:520][663]LogModuleManager: Shutting down and abandoning module IOSTargetPlatform (99)
[2017.06.08-17.17.49:520][663]LogModuleManager: Shutting down and abandoning module HTML5TargetPlatform (97)
[2017.06.08-17.17.49:520][663]LogModuleManager: Shutting down and abandoning module Android_PVRTCTargetPlatform (95)
[2017.06.08-17.17.49:520][663]LogModuleManager: Shutting down and abandoning module Android_MultiTargetPlatform (93)
[2017.06.08-17.17.49:520][663]LogModuleManager: Shutting down and abandoning module Android_ETC2TargetPlatform (91)
[2017.06.08-17.17.49:520][663]LogModuleManager: Shutting down and abandoning module Android_ETC1TargetPlatform (89)
[2017.06.08-17.17.49:520][663]LogModuleManager: Shutting down and abandoning module Android_DXTTargetPlatform (87)
[2017.06.08-17.17.49:520][663]LogModuleManager: Shutting down and abandoning module Android_ATCTargetPlatform (85)
[2017.06.08-17.17.49:520][663]LogModuleManager: Shutting down and abandoning module Android_ASTCTargetPlatform (83)
[2017.06.08-17.17.49:520][663]LogModuleManager: Shutting down and abandoning module AndroidTargetPlatform (81)
[2017.06.08-17.17.49:520][663]LogModuleManager: Shutting down and abandoning module WindowsTargetPlatform (79)
[2017.06.08-17.17.49:520][663]LogModuleManager: Shutting down and abandoning module WindowsServerTargetPlatform (77)
[2017.06.08-17.17.49:520][663]LogModuleManager: Shutting down and abandoning module WindowsNoEditorTargetPlatform (75)
[2017.06.08-17.17.49:520][663]LogModuleManager: Shutting down and abandoning module WindowsClientTargetPlatform (73)
[2017.06.08-17.17.49:520][663]LogModuleManager: Shutting down and abandoning module MacTargetPlatform (71)
[2017.06.08-17.17.49:520][663]LogModuleManager: Shutting down and abandoning module MacServerTargetPlatform (69)
[2017.06.08-17.17.49:520][663]LogModuleManager: Shutting down and abandoning module MacNoEditorTargetPlatform (67)
[2017.06.08-17.17.49:520][663]LogModuleManager: Shutting down and abandoning module MacClientTargetPlatform (65)
[2017.06.08-17.17.49:520][663]LogModuleManager: Shutting down and abandoning module AllDesktopTargetPlatform (63)
[2017.06.08-17.17.49:520][663]LogModuleManager: Shutting down and abandoning module InputCore (60)
[2017.06.08-17.17.49:520][663]LogModuleManager: Shutting down and abandoning module Settings (58)
[2017.06.08-17.17.49:521][663]LogModuleManager: Shutting down and abandoning module OculusRift (56)
[2017.06.08-17.17.49:521][663]LogModuleManager: Shutting down and abandoning module GearVRController (54)
[2017.06.08-17.17.49:521][663]LogModuleManager: Shutting down and abandoning module GearVR (52)
[2017.06.08-17.17.49:521][663]LogModuleManager: Shutting down and abandoning module ExampleDeviceProfileSelector (50)
[2017.06.08-17.17.49:521][663]LogModuleManager: Shutting down and abandoning module OnlineBlueprintSupport (48)
[2017.06.08-17.17.49:521][663]LogModuleManager: Shutting down and abandoning module OnlineSubsystem (44)
[2017.06.08-17.17.49:521][663]LogOnline:Display: Unloading online subsystem: NULL
[2017.06.08-17.17.49:521][663]LogModuleManager: Shutting down and abandoning module XMPP (43)
[2017.06.08-17.17.49:521][663]LogModuleManager: Shutting down and abandoning module HTTP (41)
[2017.06.08-17.17.49:521][663]LogHttp:Display: Http module shutting down, but needs to wait on 1 outstanding Http requests:
[2017.06.08-17.17.49:521][663]LogHttp:Display: 	verb=[POST] url=[https://datarouter.ol.epicgames.com/datarouter/api/v1/public/data?SessionID=%7B585EEA84-420F-1ADD-8A56-44ADA4D9C137%7D&AppID=UEEditor.Rocket.Release&AppVersion=4.16.1-3466753%2B%2B%2BUE4%2BRelease-4.16&UserID=da2c64f64af90778841cdbb7a9e7271c%7C4e59904afcc6489195f8095de720415d%7Ce6cec269-2a62-4e13-9f24-3ef9e02a4e7c&AppEnvironment=datacollector-binary&UploadType=eteventstream] status=Processing
[2017.06.08-17.17.49:534][663]LogModuleManager: Shutting down and abandoning module SSL (40)
[2017.06.08-17.17.49:535][663]LogModuleManager: Shutting down and abandoning module HTTPChunkInstaller (36)
[2017.06.08-17.17.49:535][663]LogModuleManager: Shutting down and abandoning module AnimationModifiers (34)
[2017.06.08-17.17.49:535][663]LogModuleManager: Shutting down and abandoning module PropertyEditor (33)
[2017.06.08-17.17.49:535][663]LogModuleManager: Shutting down and abandoning module AudioEditor (30)
[2017.06.08-17.17.49:535][663]LogModuleManager: Shutting down and abandoning module TextureCompressor (28)
[2017.06.08-17.17.49:535][663]LogModuleManager: Shutting down and abandoning module ShaderCore (26)
[2017.06.08-17.17.49:535][663]LogModuleManager: Shutting down and abandoning module Landscape (24)
[2017.06.08-17.17.49:535][663]LogModuleManager: Shutting down and abandoning module SlateRHIRenderer (22)
[2017.06.08-17.17.49:536][663]LogModuleManager: Shutting down and abandoning module OpenGLDrv (20)
[2017.06.08-17.17.49:536][663]LogModuleManager: Shutting down and abandoning module D3D11RHI (18)
[2017.06.08-17.17.49:536][663]LogModuleManager: Shutting down and abandoning module AnimGraphRuntime (16)
[2017.06.08-17.17.49:536][663]LogModuleManager: Shutting down and abandoning module Renderer (14)
[2017.06.08-17.17.49:536][663]LogModuleManager: Shutting down and abandoning module Engine (12)
[2017.06.08-17.17.49:536][663]LogModuleManager: Shutting down and abandoning module CoreUObject (10)
[2017.06.08-17.17.49:536][663]LogModuleManager: Shutting down and abandoning module NetworkFile (8)
[2017.06.08-17.17.49:536][663]LogModuleManager: Shutting down and abandoning module StreamingFile (6)
[2017.06.08-17.17.49:536][663]LogModuleManager: Shutting down and abandoning module SandboxFile (4)
[2017.06.08-17.17.49:536][663]LogModuleManager: Shutting down and abandoning module PakFile (2)
[2017.06.08-17.17.49:537][663]LogExit: Exiting.
[2017.06.08-17.17.49:546][663]Log file closed, 06/08/17 11:17:49
