Log file open, 06/21/17 14:44:15
LogInit:Display: Running engine for game: Enviro_2
LogPlatformFile: Not using cached read wrapper
LogInit:Display: RandInit(421057006) SRandInit(421057006).
LogTaskGraph: Started task graph with 5 named threads and 8 total threads with 1 sets of task threads.
LogStats: Stats thread started at 0.080533
LogInit: Using libcurl 7.47.1
LogInit:  - built for x86_64-pc-win32
LogInit:  - supports SSL with OpenSSL/1.0.2g
LogInit:  - supports HTTP deflate (compression) using libz 1.2.8
LogInit:  - other features:
LogInit:      CURL_VERSION_SSL
LogInit:      CURL_VERSION_LIBZ
LogInit:      CURL_VERSION_IPV6
LogInit:      CURL_VERSION_ASYNCHDNS
LogInit:      CURL_VERSION_LARGEFILE
LogInit:      CURL_VERSION_IDN
LogInit:  CurlRequestOptions (configurable via config and command line):
LogInit:  - bVerifyPeer = false  - Libcurl will NOT verify peer certificate
LogInit:  - bUseHttpProxy = false  - Libcurl will NOT use HTTP proxy
LogInit:  - bDontReuseConnections = false  - Libcurl will reuse connections
LogInit:  - CertBundlePath = nullptr  - Libcurl will use whatever was configured at build time.
LogInit: Build: ++UE4+Release-4.16-CL-3466753
LogInit: Engine Version: 4.16.1-3466753+++UE4+Release-4.16
LogInit: Compatible Engine Version: 4.16.0-3452394+++UE4+Release-4.16
LogInit: Net CL: 3452394
LogDevObjectVersion: Number of dev versions registered: 16
LogDevObjectVersion:   Dev-Blueprints (B0D832E4-1F89-4F0D-ACCF-7EB736FD4AA2): 9
LogDevObjectVersion:   Dev-Build (E1C64328-A22C-4D53-A36C-8E866417BD8C): 0
LogDevObjectVersion:   Dev-Core (375EC13C-06E4-48FB-B500-84F0262A717E): 2
LogDevObjectVersion:   Dev-Editor (E4B068ED-F494-42E9-A231-DA0B2E46BB41): 17
LogDevObjectVersion:   Dev-Framework (CFFC743F-43B0-4480-9391-14DF171D2073): 23
LogDevObjectVersion:   Dev-Mobile (B02B49B5-BB20-44E9-A304-32B752E40360): 0
LogDevObjectVersion:   Dev-Networking (A4E4105C-59A1-49B5-A7C5-40C4547EDFEE): 0
LogDevObjectVersion:   Dev-Online (39C831C9-5AE6-47DC-9A44-9C173E1C8E7C): 0
LogDevObjectVersion:   Dev-Physics (78F01B33-EBEA-4F98-B9B4-84EACCB95AA2): 0
LogDevObjectVersion:   Dev-Platform (6631380F-2D4D-43E0-8009-CF276956A95A): 0
LogDevObjectVersion:   Dev-Rendering (12F88B9F-8875-4AFC-A67C-D90C383ABD29): 15
LogDevObjectVersion:   Dev-Sequencer (7B5AE74C-D270-4C10-A958-57980B212A5A): 4
LogDevObjectVersion:   Dev-VR (D7296918-1DD6-4BDD-9DE2-64A83CC13884): 0
LogDevObjectVersion:   Dev-LoadTimes (C2A15278-BFE7-4AFE-6C17-90FF531DF755): 1
LogDevObjectVersion:   Private-Geometry (6EACA3D4-40EC-4CC1-B786-8BED09428FC5): 1
LogDevObjectVersion:   Dev-AnimPhys (29E575DD-E0A3-4627-9D10-D276232CDCEA): 3
LogInit: Compiled (64-bit): May 31 2017 02:03:30
LogInit: Compiled with Visual C++: 19.00.24215.01
LogInit: Build Configuration: Development
LogInit: Branch Name: ++UE4+Release-4.16
LogInit: Command line:  
LogInit: Base directory: C:/Program Files/Epic Games/UE_4.16/Engine/Binaries/Win64/
LogInit: Installed Engine Build: 1
LogInit: Presizing for max 8388607 objects, including 0 objects not considered by GC, pre-allocating 0 bytes for permanent pool.
LogInit: Object subsystem initialized
[2017.06.21-20.44.16:227][  0]LogInit: Selected Device Profile: [Windows]
[2017.06.21-20.44.16:227][  0]LogInit: Applying CVar settings loaded from the selected device profile: [Windows]
[2017.06.21-20.44.16:236][  0]LogInit: Computer: AZUREPCINTEL
[2017.06.21-20.44.16:236][  0]LogInit: User: AzurePCIntel
[2017.06.21-20.44.16:236][  0]LogInit: CPU Page size=4096, Cores=4
[2017.06.21-20.44.16:236][  0]LogInit: High frequency timer resolution =3.914065 MHz
[2017.06.21-20.44.16:236][  0]LogMemory: Memory total: Physical=16.0GB (16GB approx)
[2017.06.21-20.44.16:236][  0]LogMemory: Platform Memory Stats for Windows
[2017.06.21-20.44.16:236][  0]LogMemory: Process Physical Memory: 273.76 MB used, 273.76 MB peak
[2017.06.21-20.44.16:236][  0]LogMemory: Process Virtual Memory: 260.76 MB used, 260.76 MB peak
[2017.06.21-20.44.16:236][  0]LogMemory: Physical Memory: 8830.93 MB used,  7512.75 MB free, 16343.68 MB total
[2017.06.21-20.44.16:236][  0]LogMemory: Virtual Memory: 638.16 MB used,  7512.75 MB free, 134217728.00 MB total
[2017.06.21-20.44.16:292][  0]LogInit: Using OS detected language (en-US).
[2017.06.21-20.44.16:292][  0]LogInit: Using OS detected locale (en-US).
[2017.06.21-20.44.16:294][  0]LogTextLocalizationManager: No specific localization for 'en-US' exists, so the 'en' localization will be used.
[2017.06.21-20.44.17:090][  0]LogD3D11RHI: D3D11 adapters:
[2017.06.21-20.44.17:101][  0]LogD3D11RHI:    0. 'AMD Radeon (TM) R9 390 Series' (Feature Level 11_0)
[2017.06.21-20.44.17:101][  0]LogD3D11RHI:       8169/0/8171 MB DedicatedVideo/DedicatedSystem/SharedSystem, Outputs:2, VendorId:0x1002
[2017.06.21-20.44.17:101][  0]LogD3D11RHI:    1. 'Microsoft Basic Render Driver' (Feature Level 11_0)
[2017.06.21-20.44.17:101][  0]LogD3D11RHI:       0/0/8171 MB DedicatedVideo/DedicatedSystem/SharedSystem, Outputs:0, VendorId:0x1414
[2017.06.21-20.44.17:101][  0]LogD3D11RHI: Chosen D3D11 Adapter: 0
[2017.06.21-20.44.17:106][  0]LogD3D11RHI: Creating new Direct3DDevice
[2017.06.21-20.44.17:106][  0]LogD3D11RHI:     GPU DeviceId: 0x67b1 (for the marketing name, search the web for "GPU Device Id")
[2017.06.21-20.44.17:106][  0]LogWindows: EnumDisplayDevices:
[2017.06.21-20.44.17:106][  0]LogWindows:    0. 'AMD Radeon (TM) R9 390 Series' (P:1 D:1)
[2017.06.21-20.44.17:106][  0]LogWindows:    1. 'AMD Radeon (TM) R9 390 Series' (P:0 D:1)
[2017.06.21-20.44.17:106][  0]LogWindows:    2. 'AMD Radeon (TM) R9 390 Series' (P:0 D:0)
[2017.06.21-20.44.17:106][  0]LogWindows:    3. 'AMD Radeon (TM) R9 390 Series' (P:0 D:0)
[2017.06.21-20.44.17:106][  0]LogWindows:    4. 'AMD Radeon (TM) R9 390 Series' (P:0 D:0)
[2017.06.21-20.44.17:106][  0]LogWindows:    5. 'AMD Radeon (TM) R9 390 Series' (P:0 D:0)
[2017.06.21-20.44.17:107][  0]LogWindows: DebugString: FoundDriverCount:6 
[2017.06.21-20.44.17:107][  0]LogD3D11RHI:     Adapter Name: AMD Radeon (TM) R9 390 Series
[2017.06.21-20.44.17:107][  0]LogD3D11RHI:   Driver Version: Crimson ReLive 17.1.1 (internal:22.19.162.4, unified:22.19.162.4)
[2017.06.21-20.44.17:107][  0]LogD3D11RHI:      Driver Date: 4-24-2017
[2017.06.21-20.44.17:107][  0]LogRHI: Texture pool is 1361 MB (70% of 1945 MB)
[2017.06.21-20.44.17:134][  0]LogD3D11RHI: Async texture creation enabled
[2017.06.21-20.44.17:143][  0]LogD3D11RHI: GPU Timing Frequency: 27.000000 (Debug: 2 1)
[2017.06.21-20.44.17:144][  0]LogShaderCompilers: Guid format shader working directory is -18 characters bigger than the processId version (../../../../../../Users/AzurePC Intel/Documents/GitHub/Enviro_2/Enviro_2/Intermediate/Shaders/WorkingDirectory/7924/).
[2017.06.21-20.44.17:144][  0]LogShaderCompilers: Cleaned the shader compiler working directory 'C:/Users/AzurePC Intel/AppData/Local/Temp/UnrealShaderWorkingDir/5D00B4734ADADA0CE2666B8CCEFD0475/'.
[2017.06.21-20.44.17:144][  0]LogShaderCompilers:Display: Using Local Shader Compiler.
[2017.06.21-20.44.17:917][  0]LogTemp:Display: Loaded TP AllDesktopTargetPlatform
[2017.06.21-20.44.17:955][  0]LogTemp:Display: Loaded TP MacClientTargetPlatform
[2017.06.21-20.44.17:996][  0]LogTemp:Display: Loaded TP MacNoEditorTargetPlatform
[2017.06.21-20.44.18:034][  0]LogTemp:Display: Loaded TP MacServerTargetPlatform
[2017.06.21-20.44.18:073][  0]LogTemp:Display: Loaded TP MacTargetPlatform
[2017.06.21-20.44.18:109][  0]LogTemp:Display: Loaded TP WindowsClientTargetPlatform
[2017.06.21-20.44.18:147][  0]LogTemp:Display: Loaded TP WindowsNoEditorTargetPlatform
[2017.06.21-20.44.18:184][  0]LogTemp:Display: Loaded TP WindowsServerTargetPlatform
[2017.06.21-20.44.18:218][  0]LogTemp:Display: Loaded TP WindowsTargetPlatform
[2017.06.21-20.44.18:254][  0]LogTemp:Display: Loaded TP AndroidTargetPlatform
[2017.06.21-20.44.18:291][  0]LogTemp:Display: Loaded TP Android_ASTCTargetPlatform
[2017.06.21-20.44.18:327][  0]LogTemp:Display: Loaded TP Android_ATCTargetPlatform
[2017.06.21-20.44.18:364][  0]LogTemp:Display: Loaded TP Android_DXTTargetPlatform
[2017.06.21-20.44.18:401][  0]LogTemp:Display: Loaded TP Android_ETC1TargetPlatform
[2017.06.21-20.44.18:436][  0]LogTemp:Display: Loaded TP Android_ETC2TargetPlatform
[2017.06.21-20.44.18:510][  0]LogTemp:Display: Loaded TP Android_MultiTargetPlatform
[2017.06.21-20.44.18:510][  0]LogTemp:Display: Loaded TP Android_PVRTCTargetPlatform
[2017.06.21-20.44.18:542][  0]LogTemp:Display: Loaded TP HTML5TargetPlatform
[2017.06.21-20.44.18:617][  0]LogTemp:Display: Loaded TP IOSTargetPlatform
[2017.06.21-20.44.18:640][  0]LogTemp:Display: Loaded TP TVOSTargetPlatform
[2017.06.21-20.44.18:678][  0]LogTemp:Display: Loaded TP LinuxClientTargetPlatform
[2017.06.21-20.44.18:715][  0]LogTemp:Display: Loaded TP LinuxNoEditorTargetPlatform
[2017.06.21-20.44.18:751][  0]LogTemp:Display: Loaded TP LinuxServerTargetPlatform
[2017.06.21-20.44.18:788][  0]LogTemp:Display: Loaded TP LinuxTargetPlatform
[2017.06.21-20.44.18:788][  0]LogTargetPlatformManager:Display: Building Assets For Windows
[2017.06.21-20.44.19:174][  0]LogDerivedDataCache:Display: Max Cache Size: 512 MB
[2017.06.21-20.44.19:261][  0]LogDerivedDataCache: Loaded boot cache 0.09s 90MB C:/Users/AzurePC Intel/AppData/Local/UnrealEngine/4.16/DerivedDataCache/Boot.ddc.
[2017.06.21-20.44.19:261][  0]LogDerivedDataCache:Display: Loaded Boot cache: C:/Users/AzurePC Intel/AppData/Local/UnrealEngine/4.16/DerivedDataCache/Boot.ddc
[2017.06.21-20.44.19:261][  0]LogDerivedDataCache: FDerivedDataBackendGraph:  Pak pak cache file ../../../../../../Users/AzurePC Intel/Documents/GitHub/Enviro_2/Enviro_2/DerivedDataCache/DDC.ddp not found, will not use a pak cache.
[2017.06.21-20.44.19:261][  0]LogDerivedDataCache: Unable to find inner node Pak for hierarchical cache Hierarchy.
[2017.06.21-20.44.19:261][  0]LogDerivedDataCache: FDerivedDataBackendGraph:  CompressedPak pak cache file ../../../../../../Users/AzurePC Intel/Documents/GitHub/Enviro_2/Enviro_2/DerivedDataCache/Compressed.ddp not found, will not use a pak cache.
[2017.06.21-20.44.19:261][  0]LogDerivedDataCache: Unable to find inner node CompressedPak for hierarchical cache Hierarchy.
[2017.06.21-20.44.19:273][  0]LogDerivedDataCache:Display: Pak cache opened for reading ../../../Engine/DerivedDataCache/Compressed.ddp.
[2017.06.21-20.44.19:284][  0]LogDerivedDataCache: Using Local data cache path C:/Users/AzurePC Intel/AppData/Local/UnrealEngine/Common/DerivedDataCache: Writable
[2017.06.21-20.44.19:291][  0]LogMaterial: Verifying Global Shaders for PCD3D_SM5
[2017.06.21-20.44.19:292][  0]LogSlate: Using Freetype 2.6.0
[2017.06.21-20.44.19:292][  0]LogSlate: SlateFontCache - WITH_FREETYPE: 1, WITH_HARFBUZZ: 1
[2017.06.21-20.44.19:292][  0]LogSlate: SlateFontCache - WITH_FREETYPE: 1, WITH_HARFBUZZ: 1
[2017.06.21-20.44.19:532][  0]LogInit: Selected Device Profile: [Windows]
[2017.06.21-20.44.19:610][  0]LogContentStreaming: Texture pool size is 0.00 MB
[2017.06.21-20.44.19:728][  0]LogMeshUtilities: Using QuadricMeshReduction for automatic static mesh reduction
[2017.06.21-20.44.19:760][  0]LogSimplygon: Simplygon DLL not present - disabling.
[2017.06.21-20.44.19:795][  0]LogMeshUtilities: Using SimplygonSwarm for distributed automatic mesh merging
[2017.06.21-20.44.19:795][  0]LogMeshUtilities: No automatic skeletal mesh reduction module available
[2017.06.21-20.44.19:795][  0]LogMeshUtilities: No automatic mesh merging module available
[2017.06.21-20.44.20:216][  0]LogNetVersion: Enviro_2 , NetCL: 3452394, EngineNetVer: 2, GameNetVer: 0 (Checksum: 303638927)
[2017.06.21-20.44.20:269][  0]LogAssetRegistry: FAssetRegistry took 0.0248 seconds to start up
[2017.06.21-20.44.20:320][  0]LogPackageLocalizationCache: Processed 4 localized package path(s) for 2 prioritized culture(s) in 0.034613 seconds
[2017.06.21-20.44.20:324][  0]LogUObjectArray: 34194 objects as part of root set at end of initial load.
[2017.06.21-20.44.20:324][  0]LogUObjectAllocator: 7260416 out of 0 bytes used by permanent object pool.
[2017.06.21-20.44.20:324][  0]LogUObjectArray: CloseDisregardForGC: 0/0 objects in disregard for GC pool
[2017.06.21-20.44.20:372][  0]LogInit: WinSock: version 1.1 (2.2), MaxSocks=32767, MaxUdp=65467
[2017.06.21-20.44.22:204][  0]LogSubstanceCoreModule: Substance [CPU] Engine Loaded, Max Texture Size = 2048
[2017.06.21-20.44.22:227][  0]LogTcpMessaging: Initializing TcpMessaging bridge
[2017.06.21-20.44.22:258][  0]LogUdpMessaging: Initializing bridge on interface 0.0.0.0:0 to multicast group 230.0.0.1:6666.
[2017.06.21-20.44.22:649][  0]LogMaterial: Uniform references updated for custom material expression Custom.
[2017.06.21-20.44.22:947][  0]SourceControl: Info Source control is disabled
[2017.06.21-20.44.22:948][  0]SourceControl: Info Source control is disabled
[2017.06.21-20.44.22:981][  0]SourceControl: Info Source control is disabled
[2017.06.21-20.44.23:016][  0]SourceControl: Info Source control is disabled
[2017.06.21-20.44.23:524][  0]LogAndroidPermission: UAndroidPermissionCallbackProxy::GetInstance
[2017.06.21-20.44.23:993][  0]LogEngine: Initializing Engine...
[2017.06.21-20.44.23:993][  0]LogHMD: Failed to initialize OpenVR with code 110
[2017.06.21-20.44.24:165][  0]LogStats: UGameplayTagsManager::ConstructGameplayTagTree: Construct from data asset -  0.000 s
[2017.06.21-20.44.24:165][  0]LogStats: UGameplayTagsManager::ConstructGameplayTagTree: GameplayTagTreeChangedEvent.Broadcast -  0.000 s
[2017.06.21-20.44.24:264][  0]LogAIModule: Creating AISystem for world Untitled
[2017.06.21-20.44.24:272][  0]LogInit: XAudio2 using 'SPDIF Interface (2- FiiO USB DAC-E10)' : 2 channels at 48 kHz using 16 bits per sample (channel mask 0x3)
[2017.06.21-20.44.24:278][  0]LogInit: FAudioDevice initialized.
[2017.06.21-20.44.24:318][  0]LogDerivedDataCache: Saved boot cache 0.04s 90MB C:/Users/AzurePC Intel/AppData/Local/UnrealEngine/4.16/DerivedDataCache/Boot.ddc.
[2017.06.21-20.44.24:331][  0]LogInit: Texture streaming: Enabled
[2017.06.21-20.44.24:402][  0]LogEngineSessionManager: EngineSessionManager initialized
[2017.06.21-20.44.24:564][  0]LogInit: Transaction tracking system initialized
[2017.06.21-20.44.24:790][  0]BlueprintLog: New page: Editor Load
[2017.06.21-20.44.25:479][  0]LocalizationService: Info Localization service is disabled
[2017.06.21-20.44.25:989][  0]LogConsoleResponse:Display: 
[2017.06.21-20.44.26:107][  0]LogCook:Display: Max memory allowance for cook 16384mb min free memory 0mb
[2017.06.21-20.44.26:107][  0]LogCook:Display: Mobile HDR setting 1
[2017.06.21-20.44.26:844][  0]LogFileCache: Scanning file cache for directory 'C:/Users/AzurePC Intel/Documents/GitHub/Enviro_2/Enviro_2/Content/' took 0.02s
[2017.06.21-20.44.26:844][  0]SourceControl: Info Source control is disabled
[2017.06.21-20.44.26:844][  0]Cmd: MAP LOAD FILE="../../../../../../Users/AzurePC Intel/Documents/GitHub/Enviro_2/Enviro_2/Content/StarterContent/Maps/Minimal_Default.umap" TEMPLATE=0 SHOWPROGRESS=1 FEATURELEVEL=3
[2017.06.21-20.44.26:844][  0]LightingResults: New page: Lighting Build
[2017.06.21-20.44.26:874][  0]MapCheck: New page: Map Check
[2017.06.21-20.44.26:874][  0]LightingResults: New page: Lighting Build
[2017.06.21-20.44.26:988][  0]LogAIModule: Creating AISystem for world Minimal_Default
[2017.06.21-20.44.26:993][  0]LogEditorServer: Finished looking for orphan Actors (0.000 secs)
[2017.06.21-20.44.26:999][  0]Cmd: MAP CHECKDEP NOCLEARLOG
[2017.06.21-20.44.27:034][  0]MapCheck: Info Map check complete: 0 Error(s), 0 Warning(s), took 35.148ms to complete.
[2017.06.21-20.44.27:035][  0]LogFileHelpers: Loading map 'Minimal_Default' took 0.191
[2017.06.21-20.44.27:191][  0]LogCollectionManager: Loaded 0 collections in 0.001142 seconds
[2017.06.21-20.44.27:270][  0]LogFileCache: Scanning file cache for directory 'C:/Users/AzurePC Intel/Documents/GitHub/Enviro_2/Enviro_2/Saved/Collections/' took 0.01s
[2017.06.21-20.44.27:270][  0]LogFileCache: Scanning file cache for directory 'C:/Users/AzurePC Intel/Documents/GitHub/Enviro_2/Enviro_2/Content/Developers/AzurePCIntel/Collections/' took 0.01s
[2017.06.21-20.44.27:270][  0]LogFileCache: Scanning file cache for directory 'C:/Users/AzurePC Intel/Documents/GitHub/Enviro_2/Enviro_2/Content/Collections/' took 0.01s
[2017.06.21-20.44.27:270][  0]LogCollectionManager: Rebuilt the GUID cache for 0 collections in 0.000002 seconds
[2017.06.21-20.44.27:277][  0]LogContentBrowser: Native class hierarchy populated in 0.0067 seconds. Added 2343 classes and 497 folders.
[2017.06.21-20.44.27:324][  0]LogContentBrowser: Native class hierarchy updated for 'WidgetCarousel' in 0.0004 seconds. Added 0 classes and 0 folders.
[2017.06.21-20.44.27:353][  0]LogContentBrowser: Native class hierarchy updated for 'AddContentDialog' in 0.0004 seconds. Added 0 classes and 0 folders.
[2017.06.21-20.44.27:383][  0]LogContentBrowser: Native class hierarchy updated for 'SceneOutliner' in 0.0004 seconds. Added 1 classes and 2 folders.
[2017.06.21-20.44.27:439][  0]LogCrashTracker: Crashtracker disabled due to settings.
[2017.06.21-20.44.27:442][  0]LogSlate: Took 0.000172 seconds to synchronously load lazily loaded font '../../../Engine/Content/Slate/Fonts/Roboto-Regular.ttf' (155K)
[2017.06.21-20.44.27:444][  0]LogSlate: Took 0.000143 seconds to synchronously load lazily loaded font '../../../Engine/Content/Slate/Fonts/Roboto-Bold.ttf' (160K)
[2017.06.21-20.44.27:447][  0]LogSlate: Took 0.000152 seconds to synchronously load lazily loaded font '../../../Engine/Content/Editor/Slate/Fonts/FontAwesome.ttf' (139K)
[2017.06.21-20.44.27:521][  0]LogRenderer: Reallocating scene render targets to support 1164x636 NumSamples 1 (Frame:1).
[2017.06.21-20.44.27:627][  0]LogUObjectGlobals:Warning: Failed to find object 'Class None.'
[2017.06.21-20.44.27:682][  0]LogContentBrowser: Native class hierarchy updated for 'HierarchicalLODOutliner' in 0.0004 seconds. Added 1 classes and 2 folders.
[2017.06.21-20.44.27:682][  0]LogLoad: (Engine Initialization) Total time: 12.69 seconds
[2017.06.21-20.44.27:682][  0]LogLoad: (Engine Initialization) Total Blueprint compile time: 0.03 seconds
[2017.06.21-20.44.27:682][  0]LogExternalProfiler: No external profilers were discovered.  External profiling features will not be available.
[2017.06.21-20.44.27:692][  0]LogWindowsTextInputMethodSystem:Display: IME system now deactivated.
[2017.06.21-20.44.27:693][  0]LogOcInput: OculusInput pre-init called
[2017.06.21-20.44.27:693][  0]LogHMD: Starting GearVRController plugin
[2017.06.21-20.44.27:708][  0]LogAssetRegistry: Asset discovery search completed in 7.4612 seconds
[2017.06.21-20.44.27:710][  0]LogCollectionManager: Rebuilt the object cache for 0 collections in 0.000001 seconds (found 0 objects)
[2017.06.21-20.44.27:710][  0]LogCollectionManager: Fixed up redirectors for 0 collections in 0.000017 seconds (updated 0 objects)
[2017.06.21-20.44.27:712][  0]LogContentStreaming: Texture pool size now 1000 MB
[2017.06.21-20.44.30:826][362]LogSlate: Took 0.000131 seconds to synchronously load lazily loaded font '../../../Engine/Content/Slate/Fonts/Roboto-Light.ttf' (159K)
[2017.06.21-20.44.43:884][897]LogSlate: Took 0.000097 seconds to synchronously load lazily loaded font '../../../Engine/Content/Slate/Fonts/Roboto-Light.ttf' (159K)
[2017.06.21-20.44.44:553][897]LogAIModule: Creating AISystem for world DOOM_FanArt_Reactor_01
[2017.06.21-20.44.44:565][897]Cmd: MAP LOAD FILE="../../../../../../Users/AzurePC Intel/Documents/GitHub/Enviro_2/Enviro_2/Content/Maps/DOOM_FanArt_Reactor_01.umap" TEMPLATE=0 SHOWPROGRESS=1 FEATURELEVEL=3
[2017.06.21-20.44.44:565][897]LightingResults: New page: Lighting Build
[2017.06.21-20.44.44:566][897]LoadErrors: New page: Loading map: DOOM_FanArt_Reactor_01.umap
[2017.06.21-20.44.44:566][897]MapCheck: New page: Map Check
[2017.06.21-20.44.44:566][897]LightingResults: New page: Lighting Build
[2017.06.21-20.44.44:612][897]LogEditorServer: Finished looking for orphan Actors (0.000 secs)
[2017.06.21-20.44.44:639][897]Cmd: MAP CHECKDEP NOCLEARLOG
[2017.06.21-20.44.44:676][897]MapCheck: Info Map check complete: 0 Error(s), 0 Warning(s), took 37.082ms to complete.
[2017.06.21-20.44.44:676][897]LogFileHelpers: Loading map 'DOOM_FanArt_Reactor_01' took 0.111
[2017.06.21-20.44.48:279][262]LogEditorViewport: Clicking on Actor (LMB): PointLight (PointLight7)
[2017.06.21-20.44.55:330][ 92]LogEditorViewport: Clicking on Actor (LMB): StaticMeshActor (wb_lv3)
[2017.06.21-20.44.55:715][130]LogEditorViewport: Clicking on Actor (LMB): StaticMeshActor (WB_orb)
[2017.06.21-20.45.00:236][657]LogSlate: Took 0.000231 seconds to synchronously load lazily loaded font '../../../Engine/Content/Editor/Slate/Fonts/Roboto-Italic.ttf' (157K)
[2017.06.21-20.45.02:908][972]MapCheck: New page: Map Check
[2017.06.21-20.45.02:927][972]Cmd: MAP REBUILD ALLVISIBLE
[2017.06.21-20.45.02:927][972]LogEditorServer: Rebuildmap Clear paths rebuilt
[2017.06.21-20.45.03:026][972]LogMaterial: Missing cached shader map for material FDebugViewModeMaterialProxy WorldGridMaterial, compiling. Is special engine material.
[2017.06.21-20.45.03:031][972]LogMaterial: Missing cached shader map for material FDebugViewModeMaterialProxy MatineeCam_mat, compiling. 
[2017.06.21-20.45.03:036][972]LogMaterial: Missing cached shader map for material FDebugViewModeMaterialProxy white, compiling. 
[2017.06.21-20.45.03:040][972]LogMaterial: Missing cached shader map for material FDebugViewModeMaterialProxy M_orb, compiling. 
[2017.06.21-20.45.03:432][972]TextureStreamingBuild:Display: Compiling optional shaders took 0.412 seconds.
[2017.06.21-20.45.03:435][972]LogLevel:Display: Export Material TexCoord Scales took 0.003 seconds.
[2017.06.21-20.45.03:467][972]TextureStreamingBuild:Display: Build Texture Streaming took 0.032 seconds.
[2017.06.21-20.45.03:475][972]LightingResults: New page: Lighting Build - Jun 21, 2017, 8:45:03 AM
[2017.06.21-20.45.03:498][972]LogSwarmInterface: [OpenConnection] Registering TCP channel ...
[2017.06.21-20.45.03:541][972]LogSwarmInterface: [OpenConnection] Connecting to agent ...
[2017.06.21-20.45.03:546][972]LogSwarmInterface: [TryOpenConnection] Testing the Agent
[2017.06.21-20.45.04:051][972]LogSwarmInterface: [TryOpenConnection] Opening Connection to Agent
[2017.06.21-20.45.04:051][972]LogSwarmInterface: [TryOpenConnection] Local Process ID is 7924
[2017.06.21-20.45.06:140][972]LogStaticLightingSystem: Running Lightmass w/ ImmediateImport mode ENABLED
[2017.06.21-20.45.06:140][972]LogStaticLightingSystem: Running Lightmass w/ ImmediateProcess mode ENABLED
[2017.06.21-20.45.06:140][972]LogStaticLightingSystem: Running Lightmass w/ Sorting mode ENABLED
[2017.06.21-20.45.06:140][972]LogStaticLightingSystem: Running Lightmass w/ Mapping paddings ENABLED
[2017.06.21-20.45.06:140][972]LogStaticLightingSystem: Running Lightmass w/ Mapping debug paddings DISABLED
[2017.06.21-20.45.06:236][972]Cmd: MAP CHECK DONTDISPLAYDIALOG
[2017.06.21-20.45.06:236][972]MapCheck: New page: DOOM_FanArt_Reactor_01 - Jun 21, 2017, 8:45:06 AM
[2017.06.21-20.45.06:274][972]MapCheck: Info Map check complete: 0 Error(s), 0 Warning(s), took 38ms to complete.
[2017.06.21-20.45.06:295][972]LogEditorBuildUtils: Build time 0:03
[2017.06.21-20.45.10:908][372]LightingResults:Warning: Warning ST_Reactor1 Object has overlapping UVs.
[2017.06.21-20.45.10:908][372]LightingResults: Info ST_Reactor1 Lightmap UV are overlapping by 98.3%. Please adjust content - Enable Error Coloring to visualize.
[2017.06.21-20.45.10:968][378]LightingResults:Warning: Warning ST_lv3_Wall-support Object has overlapping UVs.
[2017.06.21-20.45.10:968][378]LightingResults: Info ST_lv3_Wall-support Lightmap UV are overlapping by 41.7%. Please adjust content - Enable Error Coloring to visualize.
[2017.06.21-20.45.11:029][384]LightingResults:Warning: Warning ST_Stairs-platform_lv3 Object has overlapping UVs.
[2017.06.21-20.45.11:029][384]LightingResults: Info ST_Stairs-platform_lv3 Lightmap UV are overlapping by 35.9%. Please adjust content - Enable Error Coloring to visualize.
[2017.06.21-20.45.11:381][419]LightingResults:Warning: Warning ST_Stairs-platform2 Object has overlapping UVs.
[2017.06.21-20.45.11:381][419]LightingResults: Info ST_Stairs-platform2 Lightmap UV are overlapping by 30.9%. Please adjust content - Enable Error Coloring to visualize.
[2017.06.21-20.45.11:582][437]LightingResults:Warning: Warning ST_Stairs-platform2 Object has overlapping UVs.
[2017.06.21-20.45.11:582][437]LightingResults: Info ST_Stairs-platform2 Lightmap UV are overlapping by 30.9%. Please adjust content - Enable Error Coloring to visualize.
[2017.06.21-20.45.21:293][384]LightingResults:Warning: Warning ST_lv1 Object has overlapping UVs.
[2017.06.21-20.45.21:293][384]LightingResults: Info ST_lv1 Lightmap UV are overlapping by 11.7%. Please adjust content - Enable Error Coloring to visualize.
[2017.06.21-20.45.21:329][388]Job is a success!
[2017.06.21-20.45.21:423][389]LogTexture:Display: Building textures: HQ_Lightmap0_1 (AutoDXT, 512X512)
[2017.06.21-20.45.21:423][389]LogTexture:Display: Building textures: LQ_Lightmap_0_1 (DXT1, 512X512)
[2017.06.21-20.45.21:423][389]LogTexture:Display: Building textures: HQ_Lightmap0_2 (AutoDXT, 128X128)
[2017.06.21-20.45.21:423][389]LogTexture:Display: Building textures: LQ_Lightmap_0_2 (DXT1, 128X128)
[2017.06.21-20.45.21:452][389]Lightmass on AZUREPCINTEL: 14.6 sec total, 1.11 sec importing, 1.04 sec setup, 1.02 sec photons, 11.4 sec processing, 0 ms extra exporting [25/25 mappings]. Threads: 1:20 min total, 20.0 sec processing.
[2017.06.21-20.45.21:473][389]LogStaticLightingSystem: Illumination: 17.9 sec (27 ms encoding lightmaps, 0 ms encoding shadowmaps)
[2017.06.21-20.45.21:473][389]LogStaticLightingSystem: Lightmap texture memory:  0.5 MB (0.5 MB streaming, 0.0 MB non-streaming), 4 textures
[2017.06.21-20.45.21:473][389]LogStaticLightingSystem: Shadowmap texture memory: 0.0 MB (0.0 MB streaming, 0.0 MB non-streaming), 0 textures
[2017.06.21-20.45.22:145][389]DumpUnbuiltLightIteractions
[2017.06.21-20.45.22:145][389]Lights with unbuilt interactions: 0
[2017.06.21-20.45.22:145][389]
[2017.06.21-20.45.22:145][389]Primitives with unbuilt interactions: 0
[2017.06.21-20.45.22:160][390]Cmd: MAP CHECK NOTIFYRESULTS
[2017.06.21-20.45.22:160][390]MapCheck: New page: DOOM_FanArt_Reactor_01 - Jun 21, 2017, 8:45:22 AM
[2017.06.21-20.45.22:198][390]MapCheck: Info Map check complete: 0 Error(s), 0 Warning(s), took 37.916ms to complete.
[2017.06.21-20.45.49:160][927]MapCheck: New page: Map Check
[2017.06.21-20.45.49:181][927]Cmd: MAP REBUILD ALLVISIBLE
[2017.06.21-20.45.49:181][927]LogEditorServer: Rebuildmap Clear paths rebuilt
[2017.06.21-20.45.49:249][927]LogMaterial: Missing cached shader map for material FDebugViewModeMaterialProxy WorldGridMaterial, compiling. Is special engine material.
[2017.06.21-20.45.49:254][927]LogMaterial: Missing cached shader map for material FDebugViewModeMaterialProxy MatineeCam_mat, compiling. 
[2017.06.21-20.45.49:259][927]LogMaterial: Missing cached shader map for material FDebugViewModeMaterialProxy white, compiling. 
[2017.06.21-20.45.49:263][927]LogMaterial: Missing cached shader map for material FDebugViewModeMaterialProxy M_orb, compiling. 
[2017.06.21-20.45.49:646][927]TextureStreamingBuild:Display: Compiling optional shaders took 0.400 seconds.
[2017.06.21-20.45.49:647][927]LogLevel:Display: Export Material TexCoord Scales took 0.001 seconds.
[2017.06.21-20.45.49:679][927]TextureStreamingBuild:Display: Build Texture Streaming took 0.032 seconds.
[2017.06.21-20.45.49:687][927]LightingResults: New page: Lighting Build - Jun 21, 2017, 8:45:49 AM
[2017.06.21-20.45.49:692][927]LogSwarmInterface: [OpenConnection] Registering TCP channel ...
[2017.06.21-20.45.49:693][927]LogSwarmInterface: [OpenConnection] Connecting to agent ...
[2017.06.21-20.45.49:693][927]LogSwarmInterface: [TryOpenConnection] Testing the Agent
[2017.06.21-20.45.49:694][927]LogSwarmInterface: [TryOpenConnection] Opening Connection to Agent
[2017.06.21-20.45.49:694][927]LogSwarmInterface: [TryOpenConnection] Local Process ID is 7924
[2017.06.21-20.45.54:202][927]LogStaticLightingSystem: Running Lightmass w/ ImmediateImport mode ENABLED
[2017.06.21-20.45.54:202][927]LogStaticLightingSystem: Running Lightmass w/ ImmediateProcess mode ENABLED
[2017.06.21-20.45.54:202][927]LogStaticLightingSystem: Running Lightmass w/ Sorting mode ENABLED
[2017.06.21-20.45.54:202][927]LogStaticLightingSystem: Running Lightmass w/ Mapping paddings ENABLED
[2017.06.21-20.45.54:202][927]LogStaticLightingSystem: Running Lightmass w/ Mapping debug paddings DISABLED
[2017.06.21-20.45.54:282][927]Cmd: MAP CHECK DONTDISPLAYDIALOG
[2017.06.21-20.45.54:282][927]MapCheck: New page: DOOM_FanArt_Reactor_01 - Jun 21, 2017, 8:45:54 AM
[2017.06.21-20.45.54:282][927]MapCheck:Error: Error WorldSettings_1 Maps need lighting rebuilt 
[2017.06.21-20.45.54:319][927]MapCheck: Info Map check complete: 1 Error(s), 0 Warning(s), took 36.233ms to complete.
[2017.06.21-20.45.54:340][927]LogEditorBuildUtils: Build time 0:05
[2017.06.21-20.45.59:546][366]LightingResults:Warning: Warning ST_Reactor1 Object has overlapping UVs.
[2017.06.21-20.45.59:546][366]LightingResults: Info ST_Reactor1 Lightmap UV are overlapping by 98.3%. Please adjust content - Enable Error Coloring to visualize.
[2017.06.21-20.46.00:099][415]LightingResults:Warning: Warning ST_lv3_Wall-support Object has overlapping UVs.
[2017.06.21-20.46.00:099][415]LightingResults: Info ST_lv3_Wall-support Lightmap UV are overlapping by 41.7%. Please adjust content - Enable Error Coloring to visualize.
[2017.06.21-20.46.00:099][415]LightingResults:Warning: Warning ST_Stairs-platform_lv3 Object has overlapping UVs.
[2017.06.21-20.46.00:099][415]LightingResults: Info ST_Stairs-platform_lv3 Lightmap UV are overlapping by 35.9%. Please adjust content - Enable Error Coloring to visualize.
[2017.06.21-20.46.00:420][442]LightingResults:Warning: Warning ST_Stairs-platform2 Object has overlapping UVs.
[2017.06.21-20.46.00:420][442]LightingResults: Info ST_Stairs-platform2 Lightmap UV are overlapping by 30.9%. Please adjust content - Enable Error Coloring to visualize.
[2017.06.21-20.46.00:772][472]LightingResults:Warning: Warning ST_Stairs-platform2 Object has overlapping UVs.
[2017.06.21-20.46.00:772][472]LightingResults: Info ST_Stairs-platform2 Lightmap UV are overlapping by 30.9%. Please adjust content - Enable Error Coloring to visualize.
[2017.06.21-20.46.11:338][487]LightingResults:Warning: Warning ST_lv1 Object has overlapping UVs.
[2017.06.21-20.46.11:338][487]LightingResults: Info ST_lv1 Lightmap UV are overlapping by 11.7%. Please adjust content - Enable Error Coloring to visualize.
[2017.06.21-20.46.11:363][490]Job is a success!
[2017.06.21-20.46.11:557][491]LogTexture:Display: Building textures: HQ_Lightmap1_1 (AutoDXT, 512X512)
[2017.06.21-20.46.11:557][491]LogTexture:Display: Building textures: LQ_Lightmap_1_1 (DXT1, 512X512)
[2017.06.21-20.46.11:557][491]LogTexture:Display: Building textures: HQ_Lightmap1_2 (AutoDXT, 128X128)
[2017.06.21-20.46.11:557][491]LogTexture:Display: Building textures: LQ_Lightmap_1_2 (DXT1, 128X128)
[2017.06.21-20.46.11:557][491]LogTexture:Display: Building textures: ShadowMapTexture2D_1 (G8, 64X64)
[2017.06.21-20.46.11:557][491]LogTexture:Display: Building textures: ShadowMapTexture2D_0 (G8, 512X64)
[2017.06.21-20.46.11:571][491]Lightmass on AZUREPCINTEL: 16.7 sec total, 1.10 sec importing, 1.03 sec setup, 1.67 sec photons, 12.9 sec processing, 0 ms extra exporting [25/25 mappings]. Threads: 1:30 min total, 25.3 sec processing.
[2017.06.21-20.46.11:576][491]LogStaticLightingSystem: Illumination: 21.8 sec (115 ms encoding lightmaps, 13 ms encoding shadowmaps)
[2017.06.21-20.46.11:576][491]LogStaticLightingSystem: Lightmap texture memory:  0.5 MB (0.5 MB streaming, 0.0 MB non-streaming), 4 textures
[2017.06.21-20.46.11:576][491]LogStaticLightingSystem: Shadowmap texture memory: 0.0 MB (0.0 MB streaming, 0.0 MB non-streaming), 2 textures
[2017.06.21-20.46.12:209][491]DumpUnbuiltLightIteractions
[2017.06.21-20.46.12:209][491]Lights with unbuilt interactions: 0
[2017.06.21-20.46.12:209][491]
[2017.06.21-20.46.12:209][491]Primitives with unbuilt interactions: 0
[2017.06.21-20.46.12:222][492]Cmd: MAP CHECK NOTIFYRESULTS
[2017.06.21-20.46.12:222][492]MapCheck: New page: DOOM_FanArt_Reactor_01 - Jun 21, 2017, 8:46:12 AM
[2017.06.21-20.46.12:258][492]MapCheck: Info Map check complete: 0 Error(s), 0 Warning(s), took 36.175ms to complete.
[2017.06.21-20.46.24:564][929]LogEditorViewport: Clicking on Actor (LMB): StaticMeshActor (wb_lv3)
[2017.06.21-20.46.32:558][757]LogEditorViewport: Clicking on Actor (LMB): PointLight (PointLight)
[2017.06.21-20.46.37:822][295]LogEditorViewport: Clicking on Actor (LMB): StaticMeshActor (ST_Reactor2)
[2017.06.21-20.46.39:717][516]LogEditorViewport: Clicking on Actor (LMB): StaticMeshActor (ST_Reactor2)
[2017.06.21-20.46.43:346][854]LogRenderer: Reallocating scene render targets to support 1432x964 NumSamples 1 (Frame:1).
[2017.06.21-20.50.23:638][837]Cmd: QUIT_EDITOR
[2017.06.21-20.50.23:651][837]LogWindowsTextInputMethodSystem:Display: IME system now deactivated.
[2017.06.21-20.50.23:661][837]LogExit: Preparing to exit.
[2017.06.21-20.50.24:481][837]LogDirectoryWatcher: A directory notification for 'C:/Users/AzurePC Intel/Documents/GitHub/Enviro_2/Enviro_2/Content/' was aborted.
[2017.06.21-20.50.24:493][837]LogExit: Editor shut down
[2017.06.21-20.50.24:496][837]LogExit: Transaction tracking system shut down
[2017.06.21-20.50.24:576][837]LogObj: Freed 0b from 0 cluster array pools.
[2017.06.21-20.50.24:576][837]LogExit: Object subsystem successfully closed.
[2017.06.21-20.50.24:614][837]LogD3D11RHI: Shutdown
[2017.06.21-20.50.24:614][837]LogD3D11RHI: CleanupD3DDevice
[2017.06.21-20.50.24:713][837]LogD3D11RHI: ~FD3D11DynamicRHI
[2017.06.21-20.50.24:725][837]LogModuleManager: Shutting down and abandoning module StaticMeshEditor (532)
[2017.06.21-20.50.24:725][837]LogModuleManager: Shutting down and abandoning module HierarchicalLODUtilities (530)
[2017.06.21-20.50.24:725][837]LogModuleManager: Shutting down and abandoning module HierarchicalLODOutliner (528)
[2017.06.21-20.50.24:725][837]LogModuleManager: Shutting down and abandoning module CrashTracker (526)
[2017.06.21-20.50.24:725][837]LogModuleManager: Shutting down and abandoning module SceneOutliner (524)
[2017.06.21-20.50.24:725][837]LogModuleManager: Shutting down and abandoning module AddContentDialog (522)
[2017.06.21-20.50.24:725][837]LogDirectoryWatcher: A directory notification for 'C:/Program Files/Epic Games/UE_4.16/FeaturePacks/' was aborted.
[2017.06.21-20.50.24:727][837]LogModuleManager: Shutting down and abandoning module WidgetCarousel (521)
[2017.06.21-20.50.24:727][837]LogModuleManager: Shutting down and abandoning module EditorWidgets (518)
[2017.06.21-20.50.24:727][837]LogModuleManager: Shutting down and abandoning module CollectionManager (516)
[2017.06.21-20.50.24:727][837]LogDirectoryWatcher: A directory notification for 'C:/Users/AzurePC Intel/Documents/GitHub/Enviro_2/Enviro_2/Content/Collections/' was aborted.
[2017.06.21-20.50.24:727][837]LogDirectoryWatcher: A directory notification for 'C:/Users/AzurePC Intel/Documents/GitHub/Enviro_2/Enviro_2/Content/Developers/AzurePCIntel/Collections/' was aborted.
[2017.06.21-20.50.24:727][837]LogDirectoryWatcher: A directory notification for 'C:/Users/AzurePC Intel/Documents/GitHub/Enviro_2/Enviro_2/Saved/Collections/' was aborted.
[2017.06.21-20.50.24:727][837]LogModuleManager: Shutting down and abandoning module StatsViewer (514)
[2017.06.21-20.50.24:727][837]LogModuleManager: Shutting down and abandoning module FoliageEdit (512)
[2017.06.21-20.50.24:727][837]LogModuleManager: Shutting down and abandoning module LandscapeEditor (510)
[2017.06.21-20.50.24:727][837]LogModuleManager: Shutting down and abandoning module MeshPaintMode (508)
[2017.06.21-20.50.24:727][837]LogModuleManager: Shutting down and abandoning module SceneDepthPickerMode (506)
[2017.06.21-20.50.24:727][837]LogModuleManager: Shutting down and abandoning module ActorPickerMode (504)
[2017.06.21-20.50.24:727][837]LogModuleManager: Shutting down and abandoning module GeometryMode (502)
[2017.06.21-20.50.24:727][837]LogModuleManager: Shutting down and abandoning module TextureAlignMode (500)
[2017.06.21-20.50.24:727][837]LogModuleManager: Shutting down and abandoning module BspMode (498)
[2017.06.21-20.50.24:727][837]LogModuleManager: Shutting down and abandoning module HardwareSurvey (496)
[2017.06.21-20.50.24:727][837]LogModuleManager: Shutting down and abandoning module SequenceRecorderSections (494)
[2017.06.21-20.50.24:727][837]LogModuleManager: Shutting down and abandoning module AutomationWorker (492)
[2017.06.21-20.50.24:727][837]LogModuleManager: Shutting down and abandoning module MatineeToLevelSequence (490)
[2017.06.21-20.50.24:727][837]LogModuleManager: Shutting down and abandoning module LevelSequenceEditor (488)
[2017.06.21-20.50.24:727][837]LogModuleManager: Shutting down and abandoning module PlacementMode (487)
[2017.06.21-20.50.24:727][837]LogModuleManager: Shutting down and abandoning module WmfMediaFactory (484)
[2017.06.21-20.50.24:727][837]LogModuleManager: Shutting down and abandoning module WmfMediaEditor (482)
[2017.06.21-20.50.24:727][837]LogModuleManager: Shutting down and abandoning module AvfMediaFactory (480)
[2017.06.21-20.50.24:727][837]LogModuleManager: Shutting down and abandoning module AvfMediaEditor (478)
[2017.06.21-20.50.24:727][837]LogModuleManager: Shutting down and abandoning module AndroidMediaFactory (476)
[2017.06.21-20.50.24:727][837]LogModuleManager: Shutting down and abandoning module Media (475)
[2017.06.21-20.50.24:727][837]LogModuleManager: Shutting down and abandoning module AndroidMediaEditor (472)
[2017.06.21-20.50.24:727][837]LogModuleManager: Shutting down and abandoning module CharacterAI (470)
[2017.06.21-20.50.24:727][837]LogModuleManager: Shutting down and abandoning module AudioCapture (468)
[2017.06.21-20.50.24:727][837]LogModuleManager: Shutting down and abandoning module SequenceRecorder (467)
[2017.06.21-20.50.24:727][837]LogModuleManager: Shutting down and abandoning module SmartSnapping (464)
[2017.06.21-20.50.24:727][837]LogModuleManager: Shutting down and abandoning module SessionServices (462)
[2017.06.21-20.50.24:727][837]LogModuleManager: Shutting down and abandoning module ViewportSnapping (460)
[2017.06.21-20.50.24:727][837]LogModuleManager: Shutting down and abandoning module ViewportInteraction (458)
[2017.06.21-20.50.24:727][837]LogModuleManager: Shutting down and abandoning module ClothPainter (456)
[2017.06.21-20.50.24:727][837]LogModuleManager: Shutting down and abandoning module LogVisualizer (454)
[2017.06.21-20.50.24:727][837]LogModuleManager: Shutting down and abandoning module IntroTutorials (452)
[2017.06.21-20.50.24:728][837]LogModuleManager: Shutting down and abandoning module GameProjectGeneration (451)
[2017.06.21-20.50.24:728][837]LogModuleManager: Shutting down and abandoning module EditorLiveStreaming (448)
[2017.06.21-20.50.24:728][837]LogModuleManager: Shutting down and abandoning module IOSPlatformEditor (446)
[2017.06.21-20.50.24:728][837]LogModuleManager: Shutting down and abandoning module HTML5PlatformEditor (444)
[2017.06.21-20.50.24:728][837]LogModuleManager: Shutting down and abandoning module AndroidPlatformEditor (442)
[2017.06.21-20.50.24:728][837]LogModuleManager: Shutting down and abandoning module AndroidDeviceDetection (441)
[2017.06.21-20.50.24:840][837]LogModuleManager: Shutting down and abandoning module IOSRuntimeSettings (438)
[2017.06.21-20.50.24:840][837]LogModuleManager: Shutting down and abandoning module AndroidRuntimeSettings (436)
[2017.06.21-20.50.24:840][837]LogModuleManager: Shutting down and abandoning module InputBindingEditor (434)
[2017.06.21-20.50.24:840][837]LogModuleManager: Shutting down and abandoning module MergeActors (432)
[2017.06.21-20.50.24:840][837]LogModuleManager: Shutting down and abandoning module SizeMap (430)
[2017.06.21-20.50.24:840][837]LogModuleManager: Shutting down and abandoning module TreeMap (428)
[2017.06.21-20.50.24:840][837]LogModuleManager: Shutting down and abandoning module ReferenceViewer (426)
[2017.06.21-20.50.24:840][837]LogModuleManager: Shutting down and abandoning module LocalizationDashboard (424)
[2017.06.21-20.50.24:840][837]LogModuleManager: Shutting down and abandoning module LocalizationService (423)
[2017.06.21-20.50.24:840][837]LogModuleManager: Shutting down and abandoning module HardwareTargeting (420)
[2017.06.21-20.50.24:840][837]LogModuleManager: Shutting down and abandoning module DeviceProfileEditor (418)
[2017.06.21-20.50.24:840][837]LogModuleManager: Shutting down and abandoning module UndoHistory (416)
[2017.06.21-20.50.24:840][837]LogModuleManager: Shutting down and abandoning module UserFeedback (414)
[2017.06.21-20.50.24:840][837]LogModuleManager: Shutting down and abandoning module XmlParser (412)
[2017.06.21-20.50.24:840][837]LogModuleManager: Shutting down and abandoning module Blutility (410)
[2017.06.21-20.50.24:840][837]LogModuleManager: Shutting down and abandoning module ProjectSettingsViewer (408)
[2017.06.21-20.50.24:840][837]LogModuleManager: Shutting down and abandoning module ProjectTargetPlatformEditor (407)
[2017.06.21-20.50.24:840][837]LogModuleManager: Shutting down and abandoning module EditorSettingsViewer (404)
[2017.06.21-20.50.24:840][837]LogModuleManager: Shutting down and abandoning module SettingsEditor (402)
[2017.06.21-20.50.24:840][837]LogModuleManager: Shutting down and abandoning module ProjectLauncher (400)
[2017.06.21-20.50.24:840][837]LogModuleManager: Shutting down and abandoning module SessionFrontend (398)
[2017.06.21-20.50.24:840][837]LogModuleManager: Shutting down and abandoning module ProfilerClient (396)
[2017.06.21-20.50.24:840][837]LogModuleManager: Shutting down and abandoning module DeviceManager (394)
[2017.06.21-20.50.24:840][837]LogModuleManager: Shutting down and abandoning module TargetDeviceServices (393)
[2017.06.21-20.50.24:903][837]LogModuleManager: Shutting down and abandoning module AutomationController (390)
[2017.06.21-20.50.24:903][837]LogModuleManager: Shutting down and abandoning module AutomationWindow (388)
[2017.06.21-20.50.24:903][837]LogModuleManager: Shutting down and abandoning module Layers (386)
[2017.06.21-20.50.24:903][837]LogModuleManager: Shutting down and abandoning module ComponentVisualizers (384)
[2017.06.21-20.50.24:903][837]LogModuleManager: Shutting down and abandoning module DetailCustomizations (382)
[2017.06.21-20.50.24:903][837]LogModuleManager: Shutting down and abandoning module PackagesDialog (380)
[2017.06.21-20.50.24:903][837]LogModuleManager: Shutting down and abandoning module Persona (378)
[2017.06.21-20.50.24:903][837]LogModuleManager: Shutting down and abandoning module AdvancedPreviewScene (377)
[2017.06.21-20.50.24:903][837]LogModuleManager: Shutting down and abandoning module AnimGraph (375)
[2017.06.21-20.50.24:903][837]LogModuleManager: Shutting down and abandoning module Kismet (372)
[2017.06.21-20.50.24:904][837]LogModuleManager: Shutting down and abandoning module ClassViewer (370)
[2017.06.21-20.50.24:904][837]LogModuleManager: Shutting down and abandoning module Toolbox (368)
[2017.06.21-20.50.24:904][837]LogModuleManager: Shutting down and abandoning module ModuleUI (366)
[2017.06.21-20.50.24:904][837]LogModuleManager: Shutting down and abandoning module MovieSceneTools (364)
[2017.06.21-20.50.24:904][837]LogModuleManager: Shutting down and abandoning module OutputLog (362)
[2017.06.21-20.50.24:904][837]LogModuleManager: Shutting down and abandoning module GammaUI (360)
[2017.06.21-20.50.24:904][837]LogModuleManager: Shutting down and abandoning module Documentation (358)
[2017.06.21-20.50.24:904][837]LogModuleManager: Shutting down and abandoning module MovieSceneTracks (356)
[2017.06.21-20.50.24:904][837]LogModuleManager: Shutting down and abandoning module MovieScene (354)
[2017.06.21-20.50.24:904][837]LogModuleManager: Shutting down and abandoning module Niagara (352)
[2017.06.21-20.50.24:904][837]LogModuleManager: Shutting down and abandoning module NiagaraEditor (351)
[2017.06.21-20.50.24:904][837]LogModuleManager: Shutting down and abandoning module StreamingPauseRendering (348)
[2017.06.21-20.50.24:904][837]LogModuleManager: Shutting down and abandoning module AnalyticsET (346)
[2017.06.21-20.50.24:904][837]LogModuleManager: Shutting down and abandoning module PortalServices (344)
[2017.06.21-20.50.24:904][837]LogModuleManager: Shutting down and abandoning module PortalRpc (342)
[2017.06.21-20.50.24:904][837]LogModuleManager: Shutting down and abandoning module MessagingRpc (340)
[2017.06.21-20.50.24:904][837]LogModuleManager: Shutting down and abandoning module AIModule (338)
[2017.06.21-20.50.24:904][837]LogModuleManager: Shutting down and abandoning module GameplayDebugger (337)
[2017.06.21-20.50.24:904][837]LogModuleManager: Shutting down and abandoning module AITestSuite (335)
[2017.06.21-20.50.24:904][837]LogModuleManager: Shutting down and abandoning module ProfilerService (332)
[2017.06.21-20.50.25:120][837]LogModuleManager: Shutting down and abandoning module TaskGraph (330)
[2017.06.21-20.50.25:120][837]LogModuleManager: Shutting down and abandoning module SubstanceEditor (328)
[2017.06.21-20.50.25:120][837]LogModuleManager: Shutting down and abandoning module SteamVRController (326)
[2017.06.21-20.50.25:120][837]LogModuleManager: Shutting down and abandoning module SteamVR (324)
[2017.06.21-20.50.25:120][837]LogModuleManager: Shutting down and abandoning module ProceduralMeshComponentEditor (322)
[2017.06.21-20.50.25:120][837]LogModuleManager: Shutting down and abandoning module ProceduralMeshComponent (320)
[2017.06.21-20.50.25:120][837]LogModuleManager: Shutting down and abandoning module OculusLibrary (318)
[2017.06.21-20.50.25:120][837]LogModuleManager: Shutting down and abandoning module OculusInput (316)
[2017.06.21-20.50.25:120][837]LogModuleManager: Shutting down and abandoning module MobilePatchingUtils (314)
[2017.06.21-20.50.25:120][837]LogModuleManager: Shutting down and abandoning module CustomMeshComponent (312)
[2017.06.21-20.50.25:120][837]LogModuleManager: Shutting down and abandoning module CableComponent (310)
[2017.06.21-20.50.25:120][837]LogModuleManager: Shutting down and abandoning module ArchVisCharacter (308)
[2017.06.21-20.50.25:120][837]LogModuleManager: Shutting down and abandoning module AndroidPermission (306)
[2017.06.21-20.50.25:120][837]LogModuleManager: Shutting down and abandoning module MediaPlayerEditor (302)
[2017.06.21-20.50.25:120][837]LogModuleManager: Shutting down and abandoning module HTML5Networking (300)
[2017.06.21-20.50.25:120][837]LogModuleManager: Shutting down and abandoning module AlembicImporter (298)
[2017.06.21-20.50.25:120][837]LogModuleManager: Shutting down and abandoning module AlembicLibrary (297)
[2017.06.21-20.50.25:120][837]LogModuleManager: Shutting down and abandoning module GeometryCache (296)
[2017.06.21-20.50.25:120][837]LogModuleManager: Shutting down and abandoning module GeometryCacheEd (295)
[2017.06.21-20.50.25:120][837]LogModuleManager: Shutting down and abandoning module SuperSearchEditor (290)
[2017.06.21-20.50.25:120][837]LogModuleManager: Shutting down and abandoning module SuperSearch (289)
[2017.06.21-20.50.25:120][837]LogModuleManager: Shutting down and abandoning module SpeedTreeImporter (286)
[2017.06.21-20.50.25:120][837]LogModuleManager: Shutting down and abandoning module PluginBrowser (284)
[2017.06.21-20.50.25:120][837]LogModuleManager: Shutting down and abandoning module MobileLauncherProfileWizard (282)
[2017.06.21-20.50.25:120][837]LogModuleManager: Shutting down and abandoning module VisualStudioSourceCodeAccess (280)
[2017.06.21-20.50.25:120][837]LogModuleManager: Shutting down and abandoning module DesktopPlatform (279)
[2017.06.21-20.50.25:120][837]LogModuleManager: Shutting down and abandoning module UObjectPlugin (276)
[2017.06.21-20.50.25:120][837]LogModuleManager: Shutting down and abandoning module SubversionSourceControl (274)
[2017.06.21-20.50.25:120][837]LogModuleManager: Shutting down and abandoning module PerforceSourceControl (272)
[2017.06.21-20.50.25:120][837]LogModuleManager: Shutting down and abandoning module GitSourceControl (270)
[2017.06.21-20.50.25:120][837]LogModuleManager: Shutting down and abandoning module SourceControl (269)
[2017.06.21-20.50.25:120][837]LogModuleManager: Shutting down and abandoning module LightPropagationVolumeEditor (266)
[2017.06.21-20.50.25:120][837]LogModuleManager: Shutting down and abandoning module PaperTiledImporter (264)
[2017.06.21-20.50.25:120][837]LogModuleManager: Shutting down and abandoning module PaperSpriteSheetImporter (262)
[2017.06.21-20.50.25:120][837]LogModuleManager: Shutting down and abandoning module Paper2DEditor (260)
[2017.06.21-20.50.25:120][837]LogModuleManager: Shutting down and abandoning module MeshPaint (259)
[2017.06.21-20.50.25:120][837]LogModuleManager: Shutting down and abandoning module LevelEditor (257)
[2017.06.21-20.50.25:121][837]LogModuleManager: Shutting down and abandoning module PixelInspectorModule (256)
[2017.06.21-20.50.25:121][837]LogModuleManager: Shutting down and abandoning module MainFrame (254)
[2017.06.21-20.50.25:121][837]LogModuleManager: Shutting down and abandoning module HotReload (253)
[2017.06.21-20.50.25:121][837]LogModuleManager: Shutting down and abandoning module PhysXVehiclesEditor (248)
[2017.06.21-20.50.25:121][837]LogModuleManager: Shutting down and abandoning module PhysXVehicles (246)
[2017.06.21-20.50.25:121][837]LogModuleManager: Shutting down and abandoning module LocationServicesBPLibrary (244)
[2017.06.21-20.50.25:121][837]LogModuleManager: Shutting down and abandoning module ImmediatePhysicsEditor (242)
[2017.06.21-20.50.25:121][837]LogModuleManager: Shutting down and abandoning module ImmediatePhysics (240)
[2017.06.21-20.50.25:121][837]LogModuleManager: Shutting down and abandoning module UdpMessaging (238)
[2017.06.21-20.50.25:222][837]LogModuleManager: Shutting down and abandoning module TcpMessaging (236)
[2017.06.21-20.50.25:343][837]LogModuleManager: Shutting down and abandoning module SubstanceCore (234)
[2017.06.21-20.50.25:344][837]LogModuleManager: Shutting down and abandoning module GameplayTagsEditor (232)
[2017.06.21-20.50.25:344][837]LogModuleManager: Shutting down and abandoning module FacialAnimationEditor (230)
[2017.06.21-20.50.25:344][837]LogModuleManager: Shutting down and abandoning module FacialAnimation (228)
[2017.06.21-20.50.25:344][837]LogModuleManager: Shutting down and abandoning module AssetManagerEditor (226)
[2017.06.21-20.50.25:344][837]LogModuleManager: Shutting down and abandoning module GraphEditor (225)
[2017.06.21-20.50.25:344][837]LogModuleManager: Shutting down and abandoning module ContentBrowser (223)
[2017.06.21-20.50.25:344][837]LogModuleManager: Shutting down and abandoning module LightPropagationVolumeRuntime (220)
[2017.06.21-20.50.25:344][837]LogModuleManager: Shutting down and abandoning module Paper2D (218)
[2017.06.21-20.50.25:344][837]LogModuleManager: Shutting down and abandoning module WindowsMoviePlayer (216)
[2017.06.21-20.50.25:344][837]LogModuleManager: Shutting down and abandoning module WmfMedia (214)
[2017.06.21-20.50.25:344][837]LogModuleManager: Shutting down and abandoning module ClothingSystemEditor (212)
[2017.06.21-20.50.25:344][837]LogModuleManager: Shutting down and abandoning module ClothingSystemRuntime (210)
[2017.06.21-20.50.25:344][837]LogModuleManager: Shutting down and abandoning module MediaAssets (208)
[2017.06.21-20.50.25:344][837]LogModuleManager: Shutting down and abandoning module GameLiveStreaming (206)
[2017.06.21-20.50.25:344][837]LogModuleManager: Shutting down and abandoning module VREditor (204)
[2017.06.21-20.50.25:345][837]LogModuleManager: Shutting down and abandoning module StringTableEditor (202)
[2017.06.21-20.50.25:345][837]LogModuleManager: Shutting down and abandoning module GameplayTasksEditor (200)
[2017.06.21-20.50.25:345][837]LogModuleManager: Shutting down and abandoning module BehaviorTreeEditor (198)
[2017.06.21-20.50.25:345][837]LogModuleManager: Shutting down and abandoning module FunctionalTesting (196)
[2017.06.21-20.50.25:345][837]LogModuleManager: Shutting down and abandoning module CollisionAnalyzer (194)
[2017.06.21-20.50.25:345][837]LogModuleManager: Shutting down and abandoning module UMG (192)
[2017.06.21-20.50.25:345][837]LogModuleManager: Shutting down and abandoning module UMGEditor (191)
[2017.06.21-20.50.25:345][837]LogModuleManager: Shutting down and abandoning module Sequencer (190)
[2017.06.21-20.50.25:345][837]LogModuleManager: Shutting down and abandoning module AssetTools (188)
[2017.06.21-20.50.25:345][837]LogModuleManager: Shutting down and abandoning module MessageLog (187)
[2017.06.21-20.50.25:345][837]LogModuleManager: Shutting down and abandoning module WorkspaceMenuStructure (186)
[2017.06.21-20.50.25:345][837]LogModuleManager: Shutting down and abandoning module SlateReflector (180)
[2017.06.21-20.50.25:345][837]LogModuleManager: Shutting down and abandoning module Slate (178)
[2017.06.21-20.50.25:345][837]LogModuleManager: Shutting down and abandoning module EditorStyle (176)
[2017.06.21-20.50.25:346][837]LogModuleManager: Shutting down and abandoning module SourceCodeAccess (174)
[2017.06.21-20.50.25:346][837]LogModuleManager: Shutting down and abandoning module HeadMountedDisplay (172)
[2017.06.21-20.50.25:346][837]LogModuleManager: Shutting down and abandoning module XAudio2 (170)
[2017.06.21-20.50.25:346][837]LogModuleManager: Shutting down and abandoning module Networking (168)
[2017.06.21-20.50.25:346][837]LogModuleManager: Shutting down and abandoning module Core (164)
[2017.06.21-20.50.25:346][837]LogModuleManager: Shutting down and abandoning module AssetRegistry (162)
[2017.06.21-20.50.25:486][837]LogDirectoryWatcher: A directory notification for '../../../Engine/Content/' was aborted.
[2017.06.21-20.50.25:486][837]LogDirectoryWatcher: A directory notification for '../../../../../../Users/AzurePC Intel/Documents/GitHub/Enviro_2/Enviro_2/Content/' was aborted.
[2017.06.21-20.50.25:486][837]LogDirectoryWatcher: A directory notification for '../../../Engine/Plugins/2D/Paper2D/Content/' was aborted.
[2017.06.21-20.50.25:486][837]LogDirectoryWatcher: A directory notification for '../../../Engine/Plugins/Runtime/GearVR/Content/' was aborted.
[2017.06.21-20.50.25:490][837]LogModuleManager: Shutting down and abandoning module DirectoryWatcher (161)
[2017.06.21-20.50.25:490][837]LogModuleManager: Shutting down and abandoning module KismetCompiler (158)
[2017.06.21-20.50.25:490][837]LogModuleManager: Shutting down and abandoning module LevelSequence (156)
[2017.06.21-20.50.25:490][837]LogModuleManager: Shutting down and abandoning module PhysXFormats (154)
[2017.06.21-20.50.25:490][837]LogModuleManager: Shutting down and abandoning module MeshUtilities (152)
[2017.06.21-20.50.25:490][837]LogModuleManager: Shutting down and abandoning module SimplygonSwarm (151)
[2017.06.21-20.50.25:490][837]LogModuleManager: Shutting down and abandoning module SimplygonMeshReduction (149)
[2017.06.21-20.50.25:490][837]LogModuleManager: Shutting down and abandoning module QuadricMeshReduction (147)
[2017.06.21-20.50.25:490][837]LogModuleManager: Shutting down and abandoning module DerivedDataCache (144)
[2017.06.21-20.50.25:497][837]LogDerivedDataCache: Shutdown
[2017.06.21-20.50.25:497][837]LogModuleManager: Shutting down and abandoning module TargetPlatform (142)
[2017.06.21-20.50.25:497][837]LogModuleManager: Shutting down and abandoning module VulkanShaderFormat (141)
[2017.06.21-20.50.25:497][837]LogModuleManager: Shutting down and abandoning module ShaderFormatVectorVM (139)
[2017.06.21-20.50.25:497][837]LogModuleManager: Shutting down and abandoning module ShaderFormatOpenGL (137)
[2017.06.21-20.50.25:497][837]LogModuleManager: Shutting down and abandoning module ShaderFormatD3D (135)
[2017.06.21-20.50.25:497][837]LogModuleManager: Shutting down and abandoning module MetalShaderFormat (133)
[2017.06.21-20.50.25:497][837]LogModuleManager: Shutting down and abandoning module TextureFormatUncompressed (131)
[2017.06.21-20.50.25:497][837]LogModuleManager: Shutting down and abandoning module TextureFormatPVR (129)
[2017.06.21-20.50.25:497][837]LogModuleManager: Shutting down and abandoning module TextureFormatDXT (127)
[2017.06.21-20.50.25:497][837]LogModuleManager: Shutting down and abandoning module TextureFormatIntelISPCTexComp (125)
[2017.06.21-20.50.25:498][837]LogModuleManager: Shutting down and abandoning module TextureFormatASTC (123)
[2017.06.21-20.50.25:498][837]LogModuleManager: Shutting down and abandoning module ImageWrapper (122)
[2017.06.21-20.50.25:498][837]LogModuleManager: Shutting down and abandoning module TextureFormatAndroid (119)
[2017.06.21-20.50.25:498][837]LogModuleManager: Shutting down and abandoning module AudioFormatOpus (117)
[2017.06.21-20.50.25:498][837]LogModuleManager: Shutting down and abandoning module AudioFormatOgg (115)
[2017.06.21-20.50.25:498][837]LogModuleManager: Shutting down and abandoning module AudioFormatADPCM (113)
[2017.06.21-20.50.25:498][837]LogModuleManager: Shutting down and abandoning module LinuxTargetPlatform (111)
[2017.06.21-20.50.25:498][837]LogModuleManager: Shutting down and abandoning module LinuxServerTargetPlatform (109)
[2017.06.21-20.50.25:498][837]LogModuleManager: Shutting down and abandoning module LinuxNoEditorTargetPlatform (107)
[2017.06.21-20.50.25:498][837]LogModuleManager: Shutting down and abandoning module LinuxClientTargetPlatform (105)
[2017.06.21-20.50.25:498][837]LogModuleManager: Shutting down and abandoning module TVOSTargetPlatform (103)
[2017.06.21-20.50.25:498][837]LogModuleManager: Shutting down and abandoning module Messaging (101)
[2017.06.21-20.50.25:498][837]LogModuleManager: Shutting down and abandoning module IOSTargetPlatform (99)
[2017.06.21-20.50.25:498][837]LogModuleManager: Shutting down and abandoning module HTML5TargetPlatform (97)
[2017.06.21-20.50.25:498][837]LogModuleManager: Shutting down and abandoning module Android_PVRTCTargetPlatform (95)
[2017.06.21-20.50.25:498][837]LogModuleManager: Shutting down and abandoning module Android_MultiTargetPlatform (93)
[2017.06.21-20.50.25:498][837]LogModuleManager: Shutting down and abandoning module Android_ETC2TargetPlatform (91)
[2017.06.21-20.50.25:498][837]LogModuleManager: Shutting down and abandoning module Android_ETC1TargetPlatform (89)
[2017.06.21-20.50.25:498][837]LogModuleManager: Shutting down and abandoning module Android_DXTTargetPlatform (87)
[2017.06.21-20.50.25:498][837]LogModuleManager: Shutting down and abandoning module Android_ATCTargetPlatform (85)
[2017.06.21-20.50.25:498][837]LogModuleManager: Shutting down and abandoning module Android_ASTCTargetPlatform (83)
[2017.06.21-20.50.25:498][837]LogModuleManager: Shutting down and abandoning module AndroidTargetPlatform (81)
[2017.06.21-20.50.25:498][837]LogModuleManager: Shutting down and abandoning module WindowsTargetPlatform (79)
[2017.06.21-20.50.25:498][837]LogModuleManager: Shutting down and abandoning module WindowsServerTargetPlatform (77)
[2017.06.21-20.50.25:498][837]LogModuleManager: Shutting down and abandoning module WindowsNoEditorTargetPlatform (75)
[2017.06.21-20.50.25:498][837]LogModuleManager: Shutting down and abandoning module WindowsClientTargetPlatform (73)
[2017.06.21-20.50.25:498][837]LogModuleManager: Shutting down and abandoning module MacTargetPlatform (71)
[2017.06.21-20.50.25:498][837]LogModuleManager: Shutting down and abandoning module MacServerTargetPlatform (69)
[2017.06.21-20.50.25:498][837]LogModuleManager: Shutting down and abandoning module MacNoEditorTargetPlatform (67)
[2017.06.21-20.50.25:498][837]LogModuleManager: Shutting down and abandoning module MacClientTargetPlatform (65)
[2017.06.21-20.50.25:498][837]LogModuleManager: Shutting down and abandoning module AllDesktopTargetPlatform (63)
[2017.06.21-20.50.25:498][837]LogModuleManager: Shutting down and abandoning module InputCore (60)
[2017.06.21-20.50.25:498][837]LogModuleManager: Shutting down and abandoning module Settings (58)
[2017.06.21-20.50.25:498][837]LogModuleManager: Shutting down and abandoning module OculusRift (56)
[2017.06.21-20.50.25:498][837]LogModuleManager: Shutting down and abandoning module GearVRController (54)
[2017.06.21-20.50.25:498][837]LogModuleManager: Shutting down and abandoning module GearVR (52)
[2017.06.21-20.50.25:498][837]LogModuleManager: Shutting down and abandoning module ExampleDeviceProfileSelector (50)
[2017.06.21-20.50.25:498][837]LogModuleManager: Shutting down and abandoning module OnlineBlueprintSupport (48)
[2017.06.21-20.50.25:498][837]LogModuleManager: Shutting down and abandoning module OnlineSubsystem (44)
[2017.06.21-20.50.25:498][837]LogOnline:Display: Unloading online subsystem: NULL
[2017.06.21-20.50.25:498][837]LogModuleManager: Shutting down and abandoning module XMPP (43)
[2017.06.21-20.50.25:498][837]LogModuleManager: Shutting down and abandoning module HTTP (41)
[2017.06.21-20.50.25:498][837]LogHttp:Display: Http module shutting down, but needs to wait on 1 outstanding Http requests:
[2017.06.21-20.50.25:498][837]LogHttp:Display: 	verb=[POST] url=[https://datarouter.ol.epicgames.com/datarouter/api/v1/public/data?SessionID=%7BC1310FF5-4F2F-DD81-C869-56A168291EEC%7D&AppID=UEEditor.Rocket.Release&AppVersion=4.16.1-3466753%2B%2B%2BUE4%2BRelease-4.16&UserID=da2c64f64af90778841cdbb7a9e7271c%7C4e59904afcc6489195f8095de720415d%7Ce6cec269-2a62-4e13-9f24-3ef9e02a4e7c&AppEnvironment=datacollector-binary&UploadType=eteventstream] status=Processing
[2017.06.21-20.50.25:503][837]LogModuleManager: Shutting down and abandoning module SSL (40)
[2017.06.21-20.50.25:504][837]LogModuleManager: Shutting down and abandoning module HTTPChunkInstaller (36)
[2017.06.21-20.50.25:504][837]LogModuleManager: Shutting down and abandoning module AnimationModifiers (34)
[2017.06.21-20.50.25:504][837]LogModuleManager: Shutting down and abandoning module PropertyEditor (33)
[2017.06.21-20.50.25:504][837]LogModuleManager: Shutting down and abandoning module AudioEditor (30)
[2017.06.21-20.50.25:504][837]LogModuleManager: Shutting down and abandoning module TextureCompressor (28)
[2017.06.21-20.50.25:504][837]LogModuleManager: Shutting down and abandoning module ShaderCore (26)
[2017.06.21-20.50.25:504][837]LogModuleManager: Shutting down and abandoning module Landscape (24)
[2017.06.21-20.50.25:504][837]LogModuleManager: Shutting down and abandoning module SlateRHIRenderer (22)
[2017.06.21-20.50.25:506][837]LogModuleManager: Shutting down and abandoning module OpenGLDrv (20)
[2017.06.21-20.50.25:506][837]LogModuleManager: Shutting down and abandoning module D3D11RHI (18)
[2017.06.21-20.50.25:506][837]LogModuleManager: Shutting down and abandoning module AnimGraphRuntime (16)
[2017.06.21-20.50.25:506][837]LogModuleManager: Shutting down and abandoning module Renderer (14)
[2017.06.21-20.50.25:506][837]LogModuleManager: Shutting down and abandoning module Engine (12)
[2017.06.21-20.50.25:506][837]LogModuleManager: Shutting down and abandoning module CoreUObject (10)
[2017.06.21-20.50.25:506][837]LogModuleManager: Shutting down and abandoning module NetworkFile (8)
[2017.06.21-20.50.25:506][837]LogModuleManager: Shutting down and abandoning module StreamingFile (6)
[2017.06.21-20.50.25:506][837]LogModuleManager: Shutting down and abandoning module SandboxFile (4)
[2017.06.21-20.50.25:506][837]LogModuleManager: Shutting down and abandoning module PakFile (2)
[2017.06.21-20.50.25:507][837]LogExit: Exiting.
[2017.06.21-20.50.25:519][837]Log file closed, 06/21/17 14:50:25
