Log file open, 06/19/17 23:32:47
LogInit:Display: Running engine for game: Enviro_2
LogPlatformFile: Not using cached read wrapper
LogInit:Display: RandInit(-2053135984) SRandInit(-2053135984).
LogTaskGraph: Started task graph with 5 named threads and 8 total threads with 1 sets of task threads.
LogStats: Stats thread started at 0.079739
LogInit: Using libcurl 7.47.1
LogInit:  - built for x86_64-pc-win32
LogInit:  - supports SSL with OpenSSL/1.0.2g
LogInit:  - supports HTTP deflate (compression) using libz 1.2.8
LogInit:  - other features:
LogInit:      CURL_VERSION_SSL
LogInit:      CURL_VERSION_LIBZ
LogInit:      CURL_VERSION_IPV6
LogInit:      CURL_VERSION_ASYNCHDNS
LogInit:      CURL_VERSION_LARGEFILE
LogInit:      CURL_VERSION_IDN
LogInit:  CurlRequestOptions (configurable via config and command line):
LogInit:  - bVerifyPeer = false  - Libcurl will NOT verify peer certificate
LogInit:  - bUseHttpProxy = false  - Libcurl will NOT use HTTP proxy
LogInit:  - bDontReuseConnections = false  - Libcurl will reuse connections
LogInit:  - CertBundlePath = nullptr  - Libcurl will use whatever was configured at build time.
LogInit: Build: ++UE4+Release-4.16-CL-3466753
LogInit: Engine Version: 4.16.1-3466753+++UE4+Release-4.16
LogInit: Compatible Engine Version: 4.16.0-3452394+++UE4+Release-4.16
LogInit: Net CL: 3452394
LogDevObjectVersion: Number of dev versions registered: 16
LogDevObjectVersion:   Dev-Blueprints (B0D832E4-1F89-4F0D-ACCF-7EB736FD4AA2): 9
LogDevObjectVersion:   Dev-Build (E1C64328-A22C-4D53-A36C-8E866417BD8C): 0
LogDevObjectVersion:   Dev-Core (375EC13C-06E4-48FB-B500-84F0262A717E): 2
LogDevObjectVersion:   Dev-Editor (E4B068ED-F494-42E9-A231-DA0B2E46BB41): 17
LogDevObjectVersion:   Dev-Framework (CFFC743F-43B0-4480-9391-14DF171D2073): 23
LogDevObjectVersion:   Dev-Mobile (B02B49B5-BB20-44E9-A304-32B752E40360): 0
LogDevObjectVersion:   Dev-Networking (A4E4105C-59A1-49B5-A7C5-40C4547EDFEE): 0
LogDevObjectVersion:   Dev-Online (39C831C9-5AE6-47DC-9A44-9C173E1C8E7C): 0
LogDevObjectVersion:   Dev-Physics (78F01B33-EBEA-4F98-B9B4-84EACCB95AA2): 0
LogDevObjectVersion:   Dev-Platform (6631380F-2D4D-43E0-8009-CF276956A95A): 0
LogDevObjectVersion:   Dev-Rendering (12F88B9F-8875-4AFC-A67C-D90C383ABD29): 15
LogDevObjectVersion:   Dev-Sequencer (7B5AE74C-D270-4C10-A958-57980B212A5A): 4
LogDevObjectVersion:   Dev-VR (D7296918-1DD6-4BDD-9DE2-64A83CC13884): 0
LogDevObjectVersion:   Dev-LoadTimes (C2A15278-BFE7-4AFE-6C17-90FF531DF755): 1
LogDevObjectVersion:   Private-Geometry (6EACA3D4-40EC-4CC1-B786-8BED09428FC5): 1
LogDevObjectVersion:   Dev-AnimPhys (29E575DD-E0A3-4627-9D10-D276232CDCEA): 3
LogInit: Compiled (64-bit): May 31 2017 02:03:30
LogInit: Compiled with Visual C++: 19.00.24215.01
LogInit: Build Configuration: Development
LogInit: Branch Name: ++UE4+Release-4.16
LogInit: Command line:  
LogInit: Base directory: C:/Program Files/Epic Games/UE_4.16/Engine/Binaries/Win64/
LogInit: Installed Engine Build: 1
LogInit: Presizing for max 8388607 objects, including 0 objects not considered by GC, pre-allocating 0 bytes for permanent pool.
LogInit: Object subsystem initialized
[2017.06.20-05.32.47:664][  0]LogInit: Selected Device Profile: [Windows]
[2017.06.20-05.32.47:664][  0]LogInit: Applying CVar settings loaded from the selected device profile: [Windows]
[2017.06.20-05.32.47:672][  0]LogInit: Computer: AZUREPCINTEL
[2017.06.20-05.32.47:672][  0]LogInit: User: AzurePCIntel
[2017.06.20-05.32.47:672][  0]LogInit: CPU Page size=4096, Cores=4
[2017.06.20-05.32.47:672][  0]LogInit: High frequency timer resolution =3.914065 MHz
[2017.06.20-05.32.47:672][  0]LogMemory: Memory total: Physical=16.0GB (16GB approx)
[2017.06.20-05.32.47:672][  0]LogMemory: Platform Memory Stats for Windows
[2017.06.20-05.32.47:672][  0]LogMemory: Process Physical Memory: 273.46 MB used, 273.46 MB peak
[2017.06.20-05.32.47:672][  0]LogMemory: Process Virtual Memory: 260.62 MB used, 260.62 MB peak
[2017.06.20-05.32.47:672][  0]LogMemory: Physical Memory: 5409.16 MB used,  10934.52 MB free, 16343.68 MB total
[2017.06.20-05.32.47:672][  0]LogMemory: Virtual Memory: 638.16 MB used,  10934.52 MB free, 134217728.00 MB total
[2017.06.20-05.32.47:722][  0]LogInit: Using OS detected language (en-US).
[2017.06.20-05.32.47:722][  0]LogInit: Using OS detected locale (en-US).
[2017.06.20-05.32.47:725][  0]LogTextLocalizationManager: No specific localization for 'en-US' exists, so the 'en' localization will be used.
[2017.06.20-05.32.48:485][  0]LogD3D11RHI: D3D11 adapters:
[2017.06.20-05.32.48:498][  0]LogD3D11RHI:    0. 'AMD Radeon (TM) R9 390 Series' (Feature Level 11_0)
[2017.06.20-05.32.48:498][  0]LogD3D11RHI:       8169/0/8171 MB DedicatedVideo/DedicatedSystem/SharedSystem, Outputs:2, VendorId:0x1002
[2017.06.20-05.32.48:499][  0]LogD3D11RHI:    1. 'Microsoft Basic Render Driver' (Feature Level 11_0)
[2017.06.20-05.32.48:499][  0]LogD3D11RHI:       0/0/8171 MB DedicatedVideo/DedicatedSystem/SharedSystem, Outputs:0, VendorId:0x1414
[2017.06.20-05.32.48:499][  0]LogD3D11RHI: Chosen D3D11 Adapter: 0
[2017.06.20-05.32.48:503][  0]LogD3D11RHI: Creating new Direct3DDevice
[2017.06.20-05.32.48:504][  0]LogD3D11RHI:     GPU DeviceId: 0x67b1 (for the marketing name, search the web for "GPU Device Id")
[2017.06.20-05.32.48:504][  0]LogWindows: EnumDisplayDevices:
[2017.06.20-05.32.48:504][  0]LogWindows:    0. 'AMD Radeon (TM) R9 390 Series' (P:1 D:1)
[2017.06.20-05.32.48:504][  0]LogWindows:    1. 'AMD Radeon (TM) R9 390 Series' (P:0 D:1)
[2017.06.20-05.32.48:504][  0]LogWindows:    2. 'AMD Radeon (TM) R9 390 Series' (P:0 D:0)
[2017.06.20-05.32.48:504][  0]LogWindows:    3. 'AMD Radeon (TM) R9 390 Series' (P:0 D:0)
[2017.06.20-05.32.48:504][  0]LogWindows:    4. 'AMD Radeon (TM) R9 390 Series' (P:0 D:0)
[2017.06.20-05.32.48:504][  0]LogWindows:    5. 'AMD Radeon (TM) R9 390 Series' (P:0 D:0)
[2017.06.20-05.32.48:505][  0]LogWindows: DebugString: FoundDriverCount:6 
[2017.06.20-05.32.48:505][  0]LogD3D11RHI:     Adapter Name: AMD Radeon (TM) R9 390 Series
[2017.06.20-05.32.48:505][  0]LogD3D11RHI:   Driver Version: Crimson ReLive 17.1.1 (internal:22.19.162.4, unified:22.19.162.4)
[2017.06.20-05.32.48:505][  0]LogD3D11RHI:      Driver Date: 4-24-2017
[2017.06.20-05.32.48:505][  0]LogRHI: Texture pool is 1361 MB (70% of 1945 MB)
[2017.06.20-05.32.48:539][  0]LogD3D11RHI: Async texture creation enabled
[2017.06.20-05.32.48:549][  0]LogD3D11RHI: GPU Timing Frequency: 27.000000 (Debug: 2 1)
[2017.06.20-05.32.48:549][  0]LogShaderCompilers: Guid format shader working directory is -19 characters bigger than the processId version (../../../../../../Users/AzurePC Intel/Documents/GitHub/Enviro_2/Enviro_2/Intermediate/Shaders/WorkingDirectory/11456/).
[2017.06.20-05.32.48:549][  0]LogShaderCompilers: Cleaned the shader compiler working directory 'C:/Users/AzurePC Intel/AppData/Local/Temp/UnrealShaderWorkingDir/EA343A25473448ADCEF0898B33D47002/'.
[2017.06.20-05.32.48:549][  0]LogShaderCompilers:Display: Using Local Shader Compiler.
[2017.06.20-05.32.49:329][  0]LogTemp:Display: Loaded TP AllDesktopTargetPlatform
[2017.06.20-05.32.49:377][  0]LogTemp:Display: Loaded TP MacClientTargetPlatform
[2017.06.20-05.32.49:413][  0]LogTemp:Display: Loaded TP MacNoEditorTargetPlatform
[2017.06.20-05.32.49:450][  0]LogTemp:Display: Loaded TP MacServerTargetPlatform
[2017.06.20-05.32.49:487][  0]LogTemp:Display: Loaded TP MacTargetPlatform
[2017.06.20-05.32.49:524][  0]LogTemp:Display: Loaded TP WindowsClientTargetPlatform
[2017.06.20-05.32.49:560][  0]LogTemp:Display: Loaded TP WindowsNoEditorTargetPlatform
[2017.06.20-05.32.49:596][  0]LogTemp:Display: Loaded TP WindowsServerTargetPlatform
[2017.06.20-05.32.49:629][  0]LogTemp:Display: Loaded TP WindowsTargetPlatform
[2017.06.20-05.32.49:665][  0]LogTemp:Display: Loaded TP AndroidTargetPlatform
[2017.06.20-05.32.49:703][  0]LogTemp:Display: Loaded TP Android_ASTCTargetPlatform
[2017.06.20-05.32.49:739][  0]LogTemp:Display: Loaded TP Android_ATCTargetPlatform
[2017.06.20-05.32.49:777][  0]LogTemp:Display: Loaded TP Android_DXTTargetPlatform
[2017.06.20-05.32.49:814][  0]LogTemp:Display: Loaded TP Android_ETC1TargetPlatform
[2017.06.20-05.32.49:852][  0]LogTemp:Display: Loaded TP Android_ETC2TargetPlatform
[2017.06.20-05.32.49:926][  0]LogTemp:Display: Loaded TP Android_MultiTargetPlatform
[2017.06.20-05.32.49:926][  0]LogTemp:Display: Loaded TP Android_PVRTCTargetPlatform
[2017.06.20-05.32.49:954][  0]LogTemp:Display: Loaded TP HTML5TargetPlatform
[2017.06.20-05.32.50:029][  0]LogTemp:Display: Loaded TP IOSTargetPlatform
[2017.06.20-05.32.50:052][  0]LogTemp:Display: Loaded TP TVOSTargetPlatform
[2017.06.20-05.32.50:088][  0]LogTemp:Display: Loaded TP LinuxClientTargetPlatform
[2017.06.20-05.32.50:133][  0]LogTemp:Display: Loaded TP LinuxNoEditorTargetPlatform
[2017.06.20-05.32.50:174][  0]LogTemp:Display: Loaded TP LinuxServerTargetPlatform
[2017.06.20-05.32.50:216][  0]LogTemp:Display: Loaded TP LinuxTargetPlatform
[2017.06.20-05.32.50:216][  0]LogTargetPlatformManager:Display: Building Assets For Windows
[2017.06.20-05.32.50:586][  0]LogDerivedDataCache:Display: Max Cache Size: 512 MB
[2017.06.20-05.32.50:659][  0]LogDerivedDataCache: Loaded boot cache 0.07s 90MB C:/Users/AzurePC Intel/AppData/Local/UnrealEngine/4.16/DerivedDataCache/Boot.ddc.
[2017.06.20-05.32.50:659][  0]LogDerivedDataCache:Display: Loaded Boot cache: C:/Users/AzurePC Intel/AppData/Local/UnrealEngine/4.16/DerivedDataCache/Boot.ddc
[2017.06.20-05.32.50:659][  0]LogDerivedDataCache: FDerivedDataBackendGraph:  Pak pak cache file ../../../../../../Users/AzurePC Intel/Documents/GitHub/Enviro_2/Enviro_2/DerivedDataCache/DDC.ddp not found, will not use a pak cache.
[2017.06.20-05.32.50:659][  0]LogDerivedDataCache: Unable to find inner node Pak for hierarchical cache Hierarchy.
[2017.06.20-05.32.50:659][  0]LogDerivedDataCache: FDerivedDataBackendGraph:  CompressedPak pak cache file ../../../../../../Users/AzurePC Intel/Documents/GitHub/Enviro_2/Enviro_2/DerivedDataCache/Compressed.ddp not found, will not use a pak cache.
[2017.06.20-05.32.50:659][  0]LogDerivedDataCache: Unable to find inner node CompressedPak for hierarchical cache Hierarchy.
[2017.06.20-05.32.50:671][  0]LogDerivedDataCache:Display: Pak cache opened for reading ../../../Engine/DerivedDataCache/Compressed.ddp.
[2017.06.20-05.32.50:683][  0]LogDerivedDataCache: Using Local data cache path C:/Users/AzurePC Intel/AppData/Local/UnrealEngine/Common/DerivedDataCache: Writable
[2017.06.20-05.32.50:690][  0]LogMaterial: Verifying Global Shaders for PCD3D_SM5
[2017.06.20-05.32.50:690][  0]LogSlate: Using Freetype 2.6.0
[2017.06.20-05.32.50:691][  0]LogSlate: SlateFontCache - WITH_FREETYPE: 1, WITH_HARFBUZZ: 1
[2017.06.20-05.32.50:691][  0]LogSlate: SlateFontCache - WITH_FREETYPE: 1, WITH_HARFBUZZ: 1
[2017.06.20-05.32.50:935][  0]LogInit: Selected Device Profile: [Windows]
[2017.06.20-05.32.51:007][  0]LogContentStreaming: Texture pool size is 0.00 MB
[2017.06.20-05.32.51:129][  0]LogMeshUtilities: Using QuadricMeshReduction for automatic static mesh reduction
[2017.06.20-05.32.51:168][  0]LogSimplygon: Simplygon DLL not present - disabling.
[2017.06.20-05.32.51:221][  0]LogMeshUtilities: Using SimplygonSwarm for distributed automatic mesh merging
[2017.06.20-05.32.51:221][  0]LogMeshUtilities: No automatic skeletal mesh reduction module available
[2017.06.20-05.32.51:221][  0]LogMeshUtilities: No automatic mesh merging module available
[2017.06.20-05.32.51:647][  0]LogNetVersion: Enviro_2 , NetCL: 3452394, EngineNetVer: 2, GameNetVer: 0 (Checksum: 303638927)
[2017.06.20-05.32.51:698][  0]LogAssetRegistry: FAssetRegistry took 0.0251 seconds to start up
[2017.06.20-05.32.51:744][  0]LogPackageLocalizationCache: Processed 4 localized package path(s) for 2 prioritized culture(s) in 0.030381 seconds
[2017.06.20-05.32.51:749][  0]LogUObjectArray: 34194 objects as part of root set at end of initial load.
[2017.06.20-05.32.51:749][  0]LogUObjectAllocator: 7260416 out of 0 bytes used by permanent object pool.
[2017.06.20-05.32.51:749][  0]LogUObjectArray: CloseDisregardForGC: 0/0 objects in disregard for GC pool
[2017.06.20-05.32.51:794][  0]LogInit: WinSock: version 1.1 (2.2), MaxSocks=32767, MaxUdp=65467
[2017.06.20-05.32.53:600][  0]LogSubstanceCoreModule: Substance [CPU] Engine Loaded, Max Texture Size = 2048
[2017.06.20-05.32.53:622][  0]LogTcpMessaging: Initializing TcpMessaging bridge
[2017.06.20-05.32.53:653][  0]LogUdpMessaging: Initializing bridge on interface 0.0.0.0:0 to multicast group 230.0.0.1:6666.
[2017.06.20-05.32.54:058][  0]LogMaterial: Uniform references updated for custom material expression Custom.
[2017.06.20-05.32.54:362][  0]SourceControl: Info Source control is disabled
[2017.06.20-05.32.54:363][  0]SourceControl: Info Source control is disabled
[2017.06.20-05.32.54:397][  0]SourceControl: Info Source control is disabled
[2017.06.20-05.32.54:429][  0]SourceControl: Info Source control is disabled
[2017.06.20-05.32.54:917][  0]LogAndroidPermission: UAndroidPermissionCallbackProxy::GetInstance
[2017.06.20-05.32.55:415][  0]LogEngine: Initializing Engine...
[2017.06.20-05.32.55:416][  0]LogHMD: Failed to initialize OpenVR with code 110
[2017.06.20-05.32.55:566][  0]LogStats: UGameplayTagsManager::ConstructGameplayTagTree: Construct from data asset -  0.000 s
[2017.06.20-05.32.55:566][  0]LogStats: UGameplayTagsManager::ConstructGameplayTagTree: GameplayTagTreeChangedEvent.Broadcast -  0.000 s
[2017.06.20-05.32.55:658][  0]LogAIModule: Creating AISystem for world Untitled
[2017.06.20-05.32.55:666][  0]LogInit: XAudio2 using 'SPDIF Interface (2- FiiO USB DAC-E10)' : 2 channels at 48 kHz using 16 bits per sample (channel mask 0x3)
[2017.06.20-05.32.55:678][  0]LogInit: FAudioDevice initialized.
[2017.06.20-05.32.55:712][  0]LogDerivedDataCache: Saved boot cache 0.03s 90MB C:/Users/AzurePC Intel/AppData/Local/UnrealEngine/4.16/DerivedDataCache/Boot.ddc.
[2017.06.20-05.32.55:719][  0]LogInit: Texture streaming: Enabled
[2017.06.20-05.32.55:794][  0]LogEngineSessionManager: EngineSessionManager initialized
[2017.06.20-05.32.55:958][  0]LogInit: Transaction tracking system initialized
[2017.06.20-05.32.56:202][  0]BlueprintLog: New page: Editor Load
[2017.06.20-05.32.56:932][  0]LocalizationService: Info Localization service is disabled
[2017.06.20-05.32.57:432][  0]LogConsoleResponse:Display: 
[2017.06.20-05.32.57:546][  0]LogCook:Display: Max memory allowance for cook 16384mb min free memory 0mb
[2017.06.20-05.32.57:546][  0]LogCook:Display: Mobile HDR setting 1
[2017.06.20-05.32.58:333][  0]LogFileCache: Scanning file cache for directory 'C:/Users/AzurePC Intel/Documents/GitHub/Enviro_2/Enviro_2/Content/' took 0.02s
[2017.06.20-05.32.58:333][  0]SourceControl: Info Source control is disabled
[2017.06.20-05.32.58:333][  0]Cmd: MAP LOAD FILE="../../../../../../Users/AzurePC Intel/Documents/GitHub/Enviro_2/Enviro_2/Content/StarterContent/Maps/Minimal_Default.umap" TEMPLATE=0 SHOWPROGRESS=1 FEATURELEVEL=3
[2017.06.20-05.32.58:333][  0]LightingResults: New page: Lighting Build
[2017.06.20-05.32.58:371][  0]MapCheck: New page: Map Check
[2017.06.20-05.32.58:371][  0]LightingResults: New page: Lighting Build
[2017.06.20-05.32.58:486][  0]LogAIModule: Creating AISystem for world Minimal_Default
[2017.06.20-05.32.58:490][  0]LogEditorServer: Finished looking for orphan Actors (0.000 secs)
[2017.06.20-05.32.58:497][  0]Cmd: MAP CHECKDEP NOCLEARLOG
[2017.06.20-05.32.58:535][  0]MapCheck: Info Map check complete: 0 Error(s), 0 Warning(s), took 38.081ms to complete.
[2017.06.20-05.32.58:535][  0]LogFileHelpers: Loading map 'Minimal_Default' took 0.202
[2017.06.20-05.32.58:683][  0]LogCollectionManager: Loaded 0 collections in 0.001119 seconds
[2017.06.20-05.32.58:760][  0]LogFileCache: Scanning file cache for directory 'C:/Users/AzurePC Intel/Documents/GitHub/Enviro_2/Enviro_2/Saved/Collections/' took 0.01s
[2017.06.20-05.32.58:760][  0]LogFileCache: Scanning file cache for directory 'C:/Users/AzurePC Intel/Documents/GitHub/Enviro_2/Enviro_2/Content/Developers/AzurePCIntel/Collections/' took 0.01s
[2017.06.20-05.32.58:760][  0]LogFileCache: Scanning file cache for directory 'C:/Users/AzurePC Intel/Documents/GitHub/Enviro_2/Enviro_2/Content/Collections/' took 0.01s
[2017.06.20-05.32.58:760][  0]LogCollectionManager: Rebuilt the GUID cache for 0 collections in 0.000001 seconds
[2017.06.20-05.32.58:767][  0]LogContentBrowser: Native class hierarchy populated in 0.0068 seconds. Added 2343 classes and 497 folders.
[2017.06.20-05.32.58:816][  0]LogContentBrowser: Native class hierarchy updated for 'WidgetCarousel' in 0.0004 seconds. Added 0 classes and 0 folders.
[2017.06.20-05.32.58:846][  0]LogContentBrowser: Native class hierarchy updated for 'AddContentDialog' in 0.0004 seconds. Added 0 classes and 0 folders.
[2017.06.20-05.32.58:878][  0]LogContentBrowser: Native class hierarchy updated for 'SceneOutliner' in 0.0004 seconds. Added 1 classes and 2 folders.
[2017.06.20-05.32.58:908][  0]LogCrashTracker: Crashtracker disabled due to settings.
[2017.06.20-05.32.58:912][  0]LogSlate: Took 0.000163 seconds to synchronously load lazily loaded font '../../../Engine/Content/Slate/Fonts/Roboto-Regular.ttf' (155K)
[2017.06.20-05.32.58:914][  0]LogSlate: Took 0.000146 seconds to synchronously load lazily loaded font '../../../Engine/Content/Slate/Fonts/Roboto-Bold.ttf' (160K)
[2017.06.20-05.32.58:916][  0]LogSlate: Took 0.000190 seconds to synchronously load lazily loaded font '../../../Engine/Content/Editor/Slate/Fonts/FontAwesome.ttf' (139K)
[2017.06.20-05.32.58:986][  0]LogRenderer: Reallocating scene render targets to support 1212x636 NumSamples 1 (Frame:1).
[2017.06.20-05.32.59:113][  0]LogUObjectGlobals:Warning: Failed to find object 'Class None.'
[2017.06.20-05.32.59:168][  0]LogContentBrowser: Native class hierarchy updated for 'HierarchicalLODOutliner' in 0.0005 seconds. Added 1 classes and 2 folders.
[2017.06.20-05.32.59:168][  0]LogLoad: (Engine Initialization) Total time: 12.76 seconds
[2017.06.20-05.32.59:168][  0]LogLoad: (Engine Initialization) Total Blueprint compile time: 0.03 seconds
[2017.06.20-05.32.59:168][  0]LogExternalProfiler: No external profilers were discovered.  External profiling features will not be available.
[2017.06.20-05.32.59:507][  0]LogOcInput: OculusInput pre-init called
[2017.06.20-05.32.59:507][  0]LogHMD: Starting GearVRController plugin
[2017.06.20-05.32.59:523][  0]LogContentStreaming: Texture pool size now 1000 MB
[2017.06.20-05.32.59:536][  0]LogSlate: Took 0.000131 seconds to synchronously load lazily loaded font '../../../Engine/Content/Slate/Fonts/Roboto-Light.ttf' (159K)
[2017.06.20-05.32.59:848][  1]LogAssetRegistry: Asset discovery search completed in 8.1717 seconds
[2017.06.20-05.32.59:850][  1]LogCollectionManager: Rebuilt the object cache for 0 collections in 0.000001 seconds (found 0 objects)
[2017.06.20-05.32.59:850][  1]LogCollectionManager: Fixed up redirectors for 0 collections in 0.000019 seconds (updated 0 objects)
[2017.06.20-05.35.46:923][964]LogEditorFactories: Performing atomic reimport of [H:/Box Sync/Environment Challenges/Enviro_2/Pre Production/Models & Textures/ST_HeroAsset.fbx]
[2017.06.20-05.35.46:938][964]LogSlate: Took 0.000109 seconds to synchronously load lazily loaded font '../../../Engine/Content/Slate/Fonts/Roboto-Light.ttf' (159K)
[2017.06.20-05.35.46:955][964]LogFbx: Loading FBX Scene from H:/Box Sync/Environment Challenges/Enviro_2/Pre Production/Models & Textures/ST_HeroAsset.fbx
[2017.06.20-05.35.46:970][964]LogFbx: FBX Scene Loaded Succesfully
[2017.06.20-05.35.47:023][964]LogStaticMesh: Building static mesh ST_HeroAsset...
[2017.06.20-05.35.47:218][964]LogStaticMesh: Built static mesh [0.19s] /Game/Meshes/ST_HeroAsset.ST_HeroAsset
[2017.06.20-05.35.47:254][964]LogStaticMesh:Warning: ST_HeroAsset has degenerate tangent bases which will result in incorrect shading.  MikkTSpace relies on tangent bases and may result in mesh corruption, consider disabling this option.
[2017.06.20-05.35.47:257][964]LogEditorFactories: -- imported successfully
[2017.06.20-05.35.47:259][964]FBXImport:Warning: Warning No smoothing group information was found in this FBX scene.  Please make sure to enable the 'Export Smoothing Groups' option in the FBX Exporter plug-in before exporting the file.  Even for tools that don't support smoothing groups, the FBX Exporter will generate appropriate smoothing data at export-time so that correct vertex normals can be inferred while importing. 
[2017.06.20-05.35.47:259][964]FBXImport:Warning: Warning ST_HeroAsset has degenerate tangent bases which will result in incorrect shading.  MikkTSpace relies on tangent bases and may result in mesh corruption, consider disabling this option. 
[2017.06.20-05.35.47:328][964]LogSlate: Took 0.000135 seconds to synchronously load lazily loaded font '../../../Engine/Content/Slate/Fonts/Roboto-Light.ttf' (159K)
[2017.06.20-05.35.51:049][334]LogAIModule: Creating AISystem for world DOOM_FanArt_Reactor_01
[2017.06.20-05.35.53:185][334]Cmd: MAP LOAD FILE="../../../../../../Users/AzurePC Intel/Documents/GitHub/Enviro_2/Enviro_2/Content/Maps/DOOM_FanArt_Reactor_01.umap" TEMPLATE=0 SHOWPROGRESS=1 FEATURELEVEL=3
[2017.06.20-05.35.53:186][334]LightingResults: New page: Lighting Build
[2017.06.20-05.35.53:186][334]LoadErrors: New page: Loading map: DOOM_FanArt_Reactor_01.umap
[2017.06.20-05.35.53:187][334]MapCheck: New page: Map Check
[2017.06.20-05.35.53:187][334]LightingResults: New page: Lighting Build
[2017.06.20-05.35.53:202][334]LogEditorServer: Finished looking for orphan Actors (0.000 secs)
[2017.06.20-05.35.53:234][334]Cmd: MAP CHECKDEP NOCLEARLOG
[2017.06.20-05.35.53:269][334]MapCheck: Info Map check complete: 0 Error(s), 0 Warning(s), took 35.264ms to complete.
[2017.06.20-05.35.53:269][334]LogFileHelpers: Loading map 'DOOM_FanArt_Reactor_01' took 0.085
[2017.06.20-05.35.56:501][684]LogEditorViewport: Clicking on Actor (LMB): StaticMeshActor (WB_HeroAssets)
[2017.06.20-05.36.01:377][223]LogEditorViewport: Clicking on Actor (context menu): StaticMeshActor (WB_HeroAssets)
[2017.06.20-05.36.06:693][822]LogEditorViewport: Clicking on Actor (context menu): StaticMeshActor (WB_HeroAssets)
[2017.06.20-05.36.07:691][926]LogActorFactory: Actor Factory created ST_HeroAsset
[2017.06.20-05.36.07:704][926]EditorErrors: New page: Actor Reattachment
[2017.06.20-05.36.09:608][152]Cmd: TRANSACTION UNDO
[2017.06.20-05.36.09:608][152]LogEditorTransaction: Undo Replace Actor(s)
[2017.06.20-05.36.10:659][270]LogEditorViewport: Clicking on Actor (context menu): StaticMeshActor (WB_HeroAssets)
[2017.06.20-05.36.19:706][333]Cmd: TRANSACTION UNDO
[2017.06.20-05.36.19:706][333]LogEditorTransaction: Undo Move Actors
[2017.06.20-05.36.22:503][657]LogEditorViewport: Clicking on Actor (context menu): Emitter (P_Mist_Lit_Still4)
[2017.06.20-05.36.23:439][753]LogEditorViewport: Clicking on Actor (LMB): StaticMeshActor (WB_HeroAssets)
[2017.06.20-05.36.24:023][818]LogEditorViewport: Clicking on Actor (context menu): StaticMeshActor (WB_HeroAssets)
[2017.06.20-05.36.25:072][926]LogActorFactory: Actor Factory created ST_HeroAsset
[2017.06.20-05.36.25:085][926]EditorErrors: New page: Actor Reattachment
[2017.06.20-05.36.32:507][811]Cmd: TRANSACTION UNDO
[2017.06.20-05.36.32:507][811]LogEditorTransaction: Undo Replace Actor(s)
[2017.06.20-05.36.34:865][ 81]LogEditorViewport: Clicking on Actor (context menu): StaticMeshActor (WB_HeroAssets)
[2017.06.20-05.36.38:413][473]LogActorFactory: Actor Factory created ST_HeroAsset
[2017.06.20-05.36.38:426][473]EditorErrors: New page: Actor Reattachment
[2017.06.20-05.36.43:532][ 66]LogEditorViewport: Clicking Background
[2017.06.20-05.36.44:344][148]LogEditorViewport: Clicking on Actor (LMB): StaticMeshActor (WB_HeroAssets)
[2017.06.20-05.36.56:683][563]LogEditorViewport: Clicking on Actor (LMB): StaticMeshActor (WB_HeroAssets)
[2017.06.20-05.37.31:721][614]LogSavePackage: Save=90.77ms
[2017.06.20-05.37.31:721][614]LogSavePackage: Moving '../../../../../../Users/AzurePC Intel/Documents/GitHub/Enviro_2/Enviro_2/Saved/DOOM_FanArt_Reactor_012D255F4146BE5FD1E8CC309C1CC3687D.tmp' to '../../../../../../Users/AzurePC Intel/Documents/GitHub/Enviro_2/Enviro_2/Content/Maps/DOOM_FanArt_Reactor_01.umap'
[2017.06.20-05.37.31:725][614]LogSavePackage:Display: Finished SavePackage ../../../../../../Users/AzurePC Intel/Documents/GitHub/Enviro_2/Enviro_2/Content/Maps/DOOM_FanArt_Reactor_01.umap
[2017.06.20-05.37.31:751][614]LogFileHelpers: Saving map 'DOOM_FanArt_Reactor_01' took 0.172
[2017.06.20-05.37.31:764][614]Cmd: OBJ SAVEPACKAGE PACKAGE="/Game/Meshes/ST_HeroAsset" FILE="../../../../../../Users/AzurePC Intel/Documents/GitHub/Enviro_2/Enviro_2/Content/Meshes/ST_HeroAsset.uasset" SILENT=true
[2017.06.20-05.37.31:784][614]LogSavePackage: Save=11.63ms
[2017.06.20-05.37.31:784][614]LogSavePackage: Moving '../../../../../../Users/AzurePC Intel/Documents/GitHub/Enviro_2/Enviro_2/Saved/ST_HeroAssetA10483EC4BC5EE8FAF873AA3F3F0D0E3.tmp' to '../../../../../../Users/AzurePC Intel/Documents/GitHub/Enviro_2/Enviro_2/Content/Meshes/ST_HeroAsset.uasset'
[2017.06.20-05.37.31:787][614]LogSavePackage:Display: Finished SavePackage ../../../../../../Users/AzurePC Intel/Documents/GitHub/Enviro_2/Enviro_2/Content/Meshes/ST_HeroAsset.uasset
[2017.06.20-05.37.32:711][723]LogTemp: Repeting last play command: Selected Viewport
[2017.06.20-05.37.32:764][723]LogBlueprintUserMessages: Early PlayInEditor Detection: Level '/Game/Maps/DOOM_FanArt_Reactor_01.DOOM_FanArt_Reactor_01:PersistentLevel' has LevelScriptBlueprint '/Game/Maps/DOOM_FanArt_Reactor_01.DOOM_FanArt_Reactor_01:PersistentLevel.DOOM_FanArt_Reactor_01' with GeneratedClass '/Game/Maps/DOOM_FanArt_Reactor_01.DOOM_FanArt_Reactor_01_C' with ClassGeneratedBy '/Game/Maps/DOOM_FanArt_Reactor_01.DOOM_FanArt_Reactor_01:PersistentLevel.DOOM_FanArt_Reactor_01'
[2017.06.20-05.37.32:764][723]LogPlayLevel: PlayLevel: No blueprints needed recompiling
[2017.06.20-05.37.32:765][723]PIE: New page: PIE session: DOOM_FanArt_Reactor_01 (Jun 19, 2017, 5:37:32 PM)
[2017.06.20-05.37.32:765][723]LogPlayLevel: Creating play world package: /Game/Maps/UEDPIE_0_DOOM_FanArt_Reactor_01
[2017.06.20-05.37.32:767][723]LogPlayLevel: PIE: StaticDuplicateObject took: (0.002054s)
[2017.06.20-05.37.32:767][723]LogAIModule: Creating AISystem for world DOOM_FanArt_Reactor_01
[2017.06.20-05.37.32:767][723]LogPlayLevel: PIE: World Init took: (0.000423s)
[2017.06.20-05.37.32:767][723]LogPlayLevel: PIE: Created PIE world by copying editor world from /Game/Maps/DOOM_FanArt_Reactor_01.DOOM_FanArt_Reactor_01 to /Game/Maps/UEDPIE_0_DOOM_FanArt_Reactor_01.DOOM_FanArt_Reactor_01 (0.002616s)
[2017.06.20-05.37.32:778][723]LogInit: XAudio2 using 'SPDIF Interface (2- FiiO USB DAC-E10)' : 2 channels at 48 kHz using 16 bits per sample (channel mask 0x3)
[2017.06.20-05.37.32:781][723]LogInit: FAudioDevice initialized.
[2017.06.20-05.37.32:823][723]LogLoad: Game class is 'GameModeBase'
[2017.06.20-05.37.32:826][723]LogWorld: Bringing World /Game/Maps/UEDPIE_0_DOOM_FanArt_Reactor_01.DOOM_FanArt_Reactor_01 up for play (max tick rate 0) at 2017.06.19-23.37.32
[2017.06.20-05.37.32:829][723]LogWorld: Bringing up level for play took: 0.004288
[2017.06.20-05.37.32:859][723]LogContentBrowser: Native class hierarchy updated for 'MovieSceneCapture' in 0.0005 seconds. Added 11 classes and 0 folders.
[2017.06.20-05.37.32:860][723]PIE: Info Play in editor start time for /Game/Maps/UEDPIE_0_DOOM_FanArt_Reactor_01 -0.242
[2017.06.20-05.37.32:860][723]LogBlueprintUserMessages: Late PlayInEditor Detection: Level '/Game/Maps/DOOM_FanArt_Reactor_01.DOOM_FanArt_Reactor_01:PersistentLevel' has LevelScriptBlueprint '/Game/Maps/DOOM_FanArt_Reactor_01.DOOM_FanArt_Reactor_01:PersistentLevel.DOOM_FanArt_Reactor_01' with GeneratedClass '/Game/Maps/DOOM_FanArt_Reactor_01.DOOM_FanArt_Reactor_01_C' with ClassGeneratedBy '/Game/Maps/DOOM_FanArt_Reactor_01.DOOM_FanArt_Reactor_01:PersistentLevel.DOOM_FanArt_Reactor_01'
[2017.06.20-05.37.39:109][470]LogBlueprintUserMessages: Early EndPlayMap Detection: Level '/Game/Maps/DOOM_FanArt_Reactor_01.DOOM_FanArt_Reactor_01:PersistentLevel' has LevelScriptBlueprint '/Game/Maps/DOOM_FanArt_Reactor_01.DOOM_FanArt_Reactor_01:PersistentLevel.DOOM_FanArt_Reactor_01' with GeneratedClass '/Game/Maps/DOOM_FanArt_Reactor_01.DOOM_FanArt_Reactor_01_C' with ClassGeneratedBy '/Game/Maps/DOOM_FanArt_Reactor_01.DOOM_FanArt_Reactor_01:PersistentLevel.DOOM_FanArt_Reactor_01'
[2017.06.20-05.37.39:153][470]LogBlueprintUserMessages: Late EndPlayMap Detection: Level '/Game/Maps/DOOM_FanArt_Reactor_01.DOOM_FanArt_Reactor_01:PersistentLevel' has LevelScriptBlueprint '/Game/Maps/DOOM_FanArt_Reactor_01.DOOM_FanArt_Reactor_01:PersistentLevel.DOOM_FanArt_Reactor_01' with GeneratedClass '/Game/Maps/DOOM_FanArt_Reactor_01.DOOM_FanArt_Reactor_01_C' with ClassGeneratedBy '/Game/Maps/DOOM_FanArt_Reactor_01.DOOM_FanArt_Reactor_01:PersistentLevel.DOOM_FanArt_Reactor_01'
[2017.06.20-06.20.35:963][176]LogSavePackage: Save=108.64ms
[2017.06.20-06.20.35:963][176]LogSavePackage: Moving '../../../../../../Users/AzurePC Intel/Documents/GitHub/Enviro_2/Enviro_2/Saved/DOOM_FanArt_Reactor_01175EF3414E2AEE6484B54080413F4A05.tmp' to '../../../../../../Users/AzurePC Intel/Documents/GitHub/Enviro_2/Enviro_2/Content/Maps/DOOM_FanArt_Reactor_01.umap'
[2017.06.20-06.20.35:965][176]LogSavePackage:Display: Finished SavePackage ../../../../../../Users/AzurePC Intel/Documents/GitHub/Enviro_2/Enviro_2/Content/Maps/DOOM_FanArt_Reactor_01.umap
[2017.06.20-06.20.37:287][300]Cmd: QUIT_EDITOR
[2017.06.20-06.20.38:022][300]LogWindowsTextInputMethodSystem:Display: IME system now deactivated.
[2017.06.20-06.20.38:036][300]LogExit: Preparing to exit.
[2017.06.20-06.20.38:728][300]LogDirectoryWatcher: A directory notification for 'C:/Users/AzurePC Intel/Documents/GitHub/Enviro_2/Enviro_2/Content/' was aborted.
[2017.06.20-06.20.38:790][300]LogExit: Editor shut down
[2017.06.20-06.20.38:813][300]LogExit: Transaction tracking system shut down
[2017.06.20-06.20.39:141][300]LogObj: Freed 0b from 0 cluster array pools.
[2017.06.20-06.20.39:141][300]LogExit: Object subsystem successfully closed.
[2017.06.20-06.20.39:199][300]LogD3D11RHI: Shutdown
[2017.06.20-06.20.39:199][300]LogD3D11RHI: CleanupD3DDevice
[2017.06.20-06.20.39:285][300]LogD3D11RHI: ~FD3D11DynamicRHI
[2017.06.20-06.20.39:296][300]LogModuleManager: Shutting down and abandoning module MovieSceneCapture (532)
[2017.06.20-06.20.39:297][300]LogModuleManager: Shutting down and abandoning module HierarchicalLODUtilities (530)
[2017.06.20-06.20.39:297][300]LogModuleManager: Shutting down and abandoning module HierarchicalLODOutliner (528)
[2017.06.20-06.20.39:297][300]LogModuleManager: Shutting down and abandoning module CrashTracker (526)
[2017.06.20-06.20.39:297][300]LogModuleManager: Shutting down and abandoning module SceneOutliner (524)
[2017.06.20-06.20.39:297][300]LogModuleManager: Shutting down and abandoning module AddContentDialog (522)
[2017.06.20-06.20.39:297][300]LogDirectoryWatcher: A directory notification for 'C:/Program Files/Epic Games/UE_4.16/FeaturePacks/' was aborted.
[2017.06.20-06.20.39:301][300]LogModuleManager: Shutting down and abandoning module WidgetCarousel (521)
[2017.06.20-06.20.39:301][300]LogModuleManager: Shutting down and abandoning module EditorWidgets (518)
[2017.06.20-06.20.39:301][300]LogModuleManager: Shutting down and abandoning module CollectionManager (516)
[2017.06.20-06.20.39:301][300]LogDirectoryWatcher: A directory notification for 'C:/Users/AzurePC Intel/Documents/GitHub/Enviro_2/Enviro_2/Content/Collections/' was aborted.
[2017.06.20-06.20.39:301][300]LogDirectoryWatcher: A directory notification for 'C:/Users/AzurePC Intel/Documents/GitHub/Enviro_2/Enviro_2/Content/Developers/AzurePCIntel/Collections/' was aborted.
[2017.06.20-06.20.39:301][300]LogDirectoryWatcher: A directory notification for 'C:/Users/AzurePC Intel/Documents/GitHub/Enviro_2/Enviro_2/Saved/Collections/' was aborted.
[2017.06.20-06.20.39:301][300]LogModuleManager: Shutting down and abandoning module StatsViewer (514)
[2017.06.20-06.20.39:301][300]LogModuleManager: Shutting down and abandoning module FoliageEdit (512)
[2017.06.20-06.20.39:301][300]LogModuleManager: Shutting down and abandoning module LandscapeEditor (510)
[2017.06.20-06.20.39:301][300]LogModuleManager: Shutting down and abandoning module MeshPaintMode (508)
[2017.06.20-06.20.39:301][300]LogModuleManager: Shutting down and abandoning module SceneDepthPickerMode (506)
[2017.06.20-06.20.39:301][300]LogModuleManager: Shutting down and abandoning module ActorPickerMode (504)
[2017.06.20-06.20.39:301][300]LogModuleManager: Shutting down and abandoning module GeometryMode (502)
[2017.06.20-06.20.39:301][300]LogModuleManager: Shutting down and abandoning module TextureAlignMode (500)
[2017.06.20-06.20.39:301][300]LogModuleManager: Shutting down and abandoning module BspMode (498)
[2017.06.20-06.20.39:301][300]LogModuleManager: Shutting down and abandoning module HardwareSurvey (496)
[2017.06.20-06.20.39:301][300]LogModuleManager: Shutting down and abandoning module SequenceRecorderSections (494)
[2017.06.20-06.20.39:301][300]LogModuleManager: Shutting down and abandoning module AutomationWorker (492)
[2017.06.20-06.20.39:301][300]LogModuleManager: Shutting down and abandoning module MatineeToLevelSequence (490)
[2017.06.20-06.20.39:301][300]LogModuleManager: Shutting down and abandoning module LevelSequenceEditor (488)
[2017.06.20-06.20.39:301][300]LogModuleManager: Shutting down and abandoning module PlacementMode (487)
[2017.06.20-06.20.39:301][300]LogModuleManager: Shutting down and abandoning module WmfMediaFactory (484)
[2017.06.20-06.20.39:301][300]LogModuleManager: Shutting down and abandoning module WmfMediaEditor (482)
[2017.06.20-06.20.39:301][300]LogModuleManager: Shutting down and abandoning module AvfMediaFactory (480)
[2017.06.20-06.20.39:301][300]LogModuleManager: Shutting down and abandoning module AvfMediaEditor (478)
[2017.06.20-06.20.39:301][300]LogModuleManager: Shutting down and abandoning module AndroidMediaFactory (476)
[2017.06.20-06.20.39:301][300]LogModuleManager: Shutting down and abandoning module Media (475)
[2017.06.20-06.20.39:301][300]LogModuleManager: Shutting down and abandoning module AndroidMediaEditor (472)
[2017.06.20-06.20.39:301][300]LogModuleManager: Shutting down and abandoning module CharacterAI (470)
[2017.06.20-06.20.39:301][300]LogModuleManager: Shutting down and abandoning module AudioCapture (468)
[2017.06.20-06.20.39:301][300]LogModuleManager: Shutting down and abandoning module SequenceRecorder (467)
[2017.06.20-06.20.39:301][300]LogModuleManager: Shutting down and abandoning module SmartSnapping (464)
[2017.06.20-06.20.39:301][300]LogModuleManager: Shutting down and abandoning module SessionServices (462)
[2017.06.20-06.20.39:301][300]LogModuleManager: Shutting down and abandoning module ViewportSnapping (460)
[2017.06.20-06.20.39:301][300]LogModuleManager: Shutting down and abandoning module ViewportInteraction (458)
[2017.06.20-06.20.39:301][300]LogModuleManager: Shutting down and abandoning module ClothPainter (456)
[2017.06.20-06.20.39:301][300]LogModuleManager: Shutting down and abandoning module LogVisualizer (454)
[2017.06.20-06.20.39:301][300]LogModuleManager: Shutting down and abandoning module IntroTutorials (452)
[2017.06.20-06.20.39:301][300]LogModuleManager: Shutting down and abandoning module GameProjectGeneration (451)
[2017.06.20-06.20.39:301][300]LogModuleManager: Shutting down and abandoning module EditorLiveStreaming (448)
[2017.06.20-06.20.39:301][300]LogModuleManager: Shutting down and abandoning module IOSPlatformEditor (446)
[2017.06.20-06.20.39:301][300]LogModuleManager: Shutting down and abandoning module HTML5PlatformEditor (444)
[2017.06.20-06.20.39:301][300]LogModuleManager: Shutting down and abandoning module AndroidPlatformEditor (442)
[2017.06.20-06.20.39:301][300]LogModuleManager: Shutting down and abandoning module AndroidDeviceDetection (441)
[2017.06.20-06.20.40:185][300]LogModuleManager: Shutting down and abandoning module IOSRuntimeSettings (438)
[2017.06.20-06.20.40:185][300]LogModuleManager: Shutting down and abandoning module AndroidRuntimeSettings (436)
[2017.06.20-06.20.40:185][300]LogModuleManager: Shutting down and abandoning module InputBindingEditor (434)
[2017.06.20-06.20.40:185][300]LogModuleManager: Shutting down and abandoning module MergeActors (432)
[2017.06.20-06.20.40:185][300]LogModuleManager: Shutting down and abandoning module SizeMap (430)
[2017.06.20-06.20.40:185][300]LogModuleManager: Shutting down and abandoning module TreeMap (428)
[2017.06.20-06.20.40:185][300]LogModuleManager: Shutting down and abandoning module ReferenceViewer (426)
[2017.06.20-06.20.40:185][300]LogModuleManager: Shutting down and abandoning module LocalizationDashboard (424)
[2017.06.20-06.20.40:185][300]LogModuleManager: Shutting down and abandoning module LocalizationService (423)
[2017.06.20-06.20.40:185][300]LogModuleManager: Shutting down and abandoning module HardwareTargeting (420)
[2017.06.20-06.20.40:185][300]LogModuleManager: Shutting down and abandoning module DeviceProfileEditor (418)
[2017.06.20-06.20.40:185][300]LogModuleManager: Shutting down and abandoning module UndoHistory (416)
[2017.06.20-06.20.40:185][300]LogModuleManager: Shutting down and abandoning module UserFeedback (414)
[2017.06.20-06.20.40:185][300]LogModuleManager: Shutting down and abandoning module XmlParser (412)
[2017.06.20-06.20.40:185][300]LogModuleManager: Shutting down and abandoning module Blutility (410)
[2017.06.20-06.20.40:185][300]LogModuleManager: Shutting down and abandoning module ProjectSettingsViewer (408)
[2017.06.20-06.20.40:185][300]LogModuleManager: Shutting down and abandoning module ProjectTargetPlatformEditor (407)
[2017.06.20-06.20.40:185][300]LogModuleManager: Shutting down and abandoning module EditorSettingsViewer (404)
[2017.06.20-06.20.40:185][300]LogModuleManager: Shutting down and abandoning module SettingsEditor (402)
[2017.06.20-06.20.40:185][300]LogModuleManager: Shutting down and abandoning module ProjectLauncher (400)
[2017.06.20-06.20.40:185][300]LogModuleManager: Shutting down and abandoning module SessionFrontend (398)
[2017.06.20-06.20.40:185][300]LogModuleManager: Shutting down and abandoning module ProfilerClient (396)
[2017.06.20-06.20.40:185][300]LogModuleManager: Shutting down and abandoning module DeviceManager (394)
[2017.06.20-06.20.40:185][300]LogModuleManager: Shutting down and abandoning module TargetDeviceServices (393)
[2017.06.20-06.20.40:252][300]LogModuleManager: Shutting down and abandoning module AutomationController (390)
[2017.06.20-06.20.40:252][300]LogModuleManager: Shutting down and abandoning module AutomationWindow (388)
[2017.06.20-06.20.40:252][300]LogModuleManager: Shutting down and abandoning module Layers (386)
[2017.06.20-06.20.40:252][300]LogModuleManager: Shutting down and abandoning module ComponentVisualizers (384)
[2017.06.20-06.20.40:252][300]LogModuleManager: Shutting down and abandoning module DetailCustomizations (382)
[2017.06.20-06.20.40:252][300]LogModuleManager: Shutting down and abandoning module PackagesDialog (380)
[2017.06.20-06.20.40:252][300]LogModuleManager: Shutting down and abandoning module Persona (378)
[2017.06.20-06.20.40:252][300]LogModuleManager: Shutting down and abandoning module AdvancedPreviewScene (377)
[2017.06.20-06.20.40:252][300]LogModuleManager: Shutting down and abandoning module AnimGraph (375)
[2017.06.20-06.20.40:252][300]LogModuleManager: Shutting down and abandoning module Kismet (372)
[2017.06.20-06.20.40:252][300]LogModuleManager: Shutting down and abandoning module ClassViewer (370)
[2017.06.20-06.20.40:252][300]LogModuleManager: Shutting down and abandoning module Toolbox (368)
[2017.06.20-06.20.40:252][300]LogModuleManager: Shutting down and abandoning module ModuleUI (366)
[2017.06.20-06.20.40:252][300]LogModuleManager: Shutting down and abandoning module MovieSceneTools (364)
[2017.06.20-06.20.40:252][300]LogModuleManager: Shutting down and abandoning module OutputLog (362)
[2017.06.20-06.20.40:252][300]LogModuleManager: Shutting down and abandoning module GammaUI (360)
[2017.06.20-06.20.40:252][300]LogModuleManager: Shutting down and abandoning module Documentation (358)
[2017.06.20-06.20.40:252][300]LogModuleManager: Shutting down and abandoning module MovieSceneTracks (356)
[2017.06.20-06.20.40:252][300]LogModuleManager: Shutting down and abandoning module MovieScene (354)
[2017.06.20-06.20.40:252][300]LogModuleManager: Shutting down and abandoning module Niagara (352)
[2017.06.20-06.20.40:252][300]LogModuleManager: Shutting down and abandoning module NiagaraEditor (351)
[2017.06.20-06.20.40:252][300]LogModuleManager: Shutting down and abandoning module StreamingPauseRendering (348)
[2017.06.20-06.20.40:252][300]LogModuleManager: Shutting down and abandoning module AnalyticsET (346)
[2017.06.20-06.20.40:252][300]LogModuleManager: Shutting down and abandoning module PortalServices (344)
[2017.06.20-06.20.40:252][300]LogModuleManager: Shutting down and abandoning module PortalRpc (342)
[2017.06.20-06.20.40:252][300]LogModuleManager: Shutting down and abandoning module MessagingRpc (340)
[2017.06.20-06.20.40:252][300]LogModuleManager: Shutting down and abandoning module AIModule (338)
[2017.06.20-06.20.40:252][300]LogModuleManager: Shutting down and abandoning module GameplayDebugger (337)
[2017.06.20-06.20.40:252][300]LogModuleManager: Shutting down and abandoning module AITestSuite (335)
[2017.06.20-06.20.40:252][300]LogModuleManager: Shutting down and abandoning module ProfilerService (332)
[2017.06.20-06.20.40:298][300]LogModuleManager: Shutting down and abandoning module TaskGraph (330)
[2017.06.20-06.20.40:298][300]LogModuleManager: Shutting down and abandoning module SubstanceEditor (328)
[2017.06.20-06.20.40:298][300]LogModuleManager: Shutting down and abandoning module SteamVRController (326)
[2017.06.20-06.20.40:298][300]LogModuleManager: Shutting down and abandoning module SteamVR (324)
[2017.06.20-06.20.40:298][300]LogModuleManager: Shutting down and abandoning module ProceduralMeshComponentEditor (322)
[2017.06.20-06.20.40:298][300]LogModuleManager: Shutting down and abandoning module ProceduralMeshComponent (320)
[2017.06.20-06.20.40:298][300]LogModuleManager: Shutting down and abandoning module OculusLibrary (318)
[2017.06.20-06.20.40:298][300]LogModuleManager: Shutting down and abandoning module OculusInput (316)
[2017.06.20-06.20.40:298][300]LogModuleManager: Shutting down and abandoning module MobilePatchingUtils (314)
[2017.06.20-06.20.40:298][300]LogModuleManager: Shutting down and abandoning module CustomMeshComponent (312)
[2017.06.20-06.20.40:298][300]LogModuleManager: Shutting down and abandoning module CableComponent (310)
[2017.06.20-06.20.40:298][300]LogModuleManager: Shutting down and abandoning module ArchVisCharacter (308)
[2017.06.20-06.20.40:298][300]LogModuleManager: Shutting down and abandoning module AndroidPermission (306)
[2017.06.20-06.20.40:298][300]LogModuleManager: Shutting down and abandoning module MediaPlayerEditor (302)
[2017.06.20-06.20.40:298][300]LogModuleManager: Shutting down and abandoning module HTML5Networking (300)
[2017.06.20-06.20.40:298][300]LogModuleManager: Shutting down and abandoning module AlembicImporter (298)
[2017.06.20-06.20.40:298][300]LogModuleManager: Shutting down and abandoning module AlembicLibrary (297)
[2017.06.20-06.20.40:298][300]LogModuleManager: Shutting down and abandoning module GeometryCache (296)
[2017.06.20-06.20.40:298][300]LogModuleManager: Shutting down and abandoning module GeometryCacheEd (295)
[2017.06.20-06.20.40:298][300]LogModuleManager: Shutting down and abandoning module SuperSearchEditor (290)
[2017.06.20-06.20.40:298][300]LogModuleManager: Shutting down and abandoning module SuperSearch (289)
[2017.06.20-06.20.40:298][300]LogModuleManager: Shutting down and abandoning module SpeedTreeImporter (286)
[2017.06.20-06.20.40:298][300]LogModuleManager: Shutting down and abandoning module PluginBrowser (284)
[2017.06.20-06.20.40:298][300]LogModuleManager: Shutting down and abandoning module MobileLauncherProfileWizard (282)
[2017.06.20-06.20.40:298][300]LogModuleManager: Shutting down and abandoning module VisualStudioSourceCodeAccess (280)
[2017.06.20-06.20.40:298][300]LogModuleManager: Shutting down and abandoning module DesktopPlatform (279)
[2017.06.20-06.20.40:298][300]LogModuleManager: Shutting down and abandoning module UObjectPlugin (276)
[2017.06.20-06.20.40:298][300]LogModuleManager: Shutting down and abandoning module SubversionSourceControl (274)
[2017.06.20-06.20.40:298][300]LogModuleManager: Shutting down and abandoning module PerforceSourceControl (272)
[2017.06.20-06.20.40:298][300]LogModuleManager: Shutting down and abandoning module GitSourceControl (270)
[2017.06.20-06.20.40:298][300]LogModuleManager: Shutting down and abandoning module SourceControl (269)
[2017.06.20-06.20.40:298][300]LogModuleManager: Shutting down and abandoning module LightPropagationVolumeEditor (266)
[2017.06.20-06.20.40:298][300]LogModuleManager: Shutting down and abandoning module PaperTiledImporter (264)
[2017.06.20-06.20.40:299][300]LogModuleManager: Shutting down and abandoning module PaperSpriteSheetImporter (262)
[2017.06.20-06.20.40:299][300]LogModuleManager: Shutting down and abandoning module Paper2DEditor (260)
[2017.06.20-06.20.40:299][300]LogModuleManager: Shutting down and abandoning module MeshPaint (259)
[2017.06.20-06.20.40:299][300]LogModuleManager: Shutting down and abandoning module LevelEditor (257)
[2017.06.20-06.20.40:299][300]LogModuleManager: Shutting down and abandoning module PixelInspectorModule (256)
[2017.06.20-06.20.40:299][300]LogModuleManager: Shutting down and abandoning module MainFrame (254)
[2017.06.20-06.20.40:299][300]LogModuleManager: Shutting down and abandoning module HotReload (253)
[2017.06.20-06.20.40:300][300]LogModuleManager: Shutting down and abandoning module PhysXVehiclesEditor (248)
[2017.06.20-06.20.40:300][300]LogModuleManager: Shutting down and abandoning module PhysXVehicles (246)
[2017.06.20-06.20.40:300][300]LogModuleManager: Shutting down and abandoning module LocationServicesBPLibrary (244)
[2017.06.20-06.20.40:300][300]LogModuleManager: Shutting down and abandoning module ImmediatePhysicsEditor (242)
[2017.06.20-06.20.40:300][300]LogModuleManager: Shutting down and abandoning module ImmediatePhysics (240)
[2017.06.20-06.20.40:300][300]LogModuleManager: Shutting down and abandoning module UdpMessaging (238)
[2017.06.20-06.20.40:400][300]LogModuleManager: Shutting down and abandoning module TcpMessaging (236)
[2017.06.20-06.20.40:500][300]LogModuleManager: Shutting down and abandoning module SubstanceCore (234)
[2017.06.20-06.20.40:500][300]LogModuleManager: Shutting down and abandoning module GameplayTagsEditor (232)
[2017.06.20-06.20.40:500][300]LogModuleManager: Shutting down and abandoning module FacialAnimationEditor (230)
[2017.06.20-06.20.40:500][300]LogModuleManager: Shutting down and abandoning module FacialAnimation (228)
[2017.06.20-06.20.40:500][300]LogModuleManager: Shutting down and abandoning module AssetManagerEditor (226)
[2017.06.20-06.20.40:500][300]LogModuleManager: Shutting down and abandoning module GraphEditor (225)
[2017.06.20-06.20.40:500][300]LogModuleManager: Shutting down and abandoning module ContentBrowser (223)
[2017.06.20-06.20.40:501][300]LogModuleManager: Shutting down and abandoning module LightPropagationVolumeRuntime (220)
[2017.06.20-06.20.40:501][300]LogModuleManager: Shutting down and abandoning module Paper2D (218)
[2017.06.20-06.20.40:501][300]LogModuleManager: Shutting down and abandoning module WindowsMoviePlayer (216)
[2017.06.20-06.20.40:501][300]LogModuleManager: Shutting down and abandoning module WmfMedia (214)
[2017.06.20-06.20.40:501][300]LogModuleManager: Shutting down and abandoning module ClothingSystemEditor (212)
[2017.06.20-06.20.40:501][300]LogModuleManager: Shutting down and abandoning module ClothingSystemRuntime (210)
[2017.06.20-06.20.40:501][300]LogModuleManager: Shutting down and abandoning module MediaAssets (208)
[2017.06.20-06.20.40:501][300]LogModuleManager: Shutting down and abandoning module GameLiveStreaming (206)
[2017.06.20-06.20.40:501][300]LogModuleManager: Shutting down and abandoning module VREditor (204)
[2017.06.20-06.20.40:501][300]LogModuleManager: Shutting down and abandoning module StringTableEditor (202)
[2017.06.20-06.20.40:501][300]LogModuleManager: Shutting down and abandoning module GameplayTasksEditor (200)
[2017.06.20-06.20.40:501][300]LogModuleManager: Shutting down and abandoning module BehaviorTreeEditor (198)
[2017.06.20-06.20.40:501][300]LogModuleManager: Shutting down and abandoning module FunctionalTesting (196)
[2017.06.20-06.20.40:501][300]LogModuleManager: Shutting down and abandoning module CollisionAnalyzer (194)
[2017.06.20-06.20.40:501][300]LogModuleManager: Shutting down and abandoning module UMG (192)
[2017.06.20-06.20.40:501][300]LogModuleManager: Shutting down and abandoning module UMGEditor (191)
[2017.06.20-06.20.40:501][300]LogModuleManager: Shutting down and abandoning module Sequencer (190)
[2017.06.20-06.20.40:501][300]LogModuleManager: Shutting down and abandoning module AssetTools (188)
[2017.06.20-06.20.40:501][300]LogModuleManager: Shutting down and abandoning module MessageLog (187)
[2017.06.20-06.20.40:501][300]LogModuleManager: Shutting down and abandoning module WorkspaceMenuStructure (186)
[2017.06.20-06.20.40:501][300]LogModuleManager: Shutting down and abandoning module SlateReflector (180)
[2017.06.20-06.20.40:501][300]LogModuleManager: Shutting down and abandoning module Slate (178)
[2017.06.20-06.20.40:501][300]LogModuleManager: Shutting down and abandoning module EditorStyle (176)
[2017.06.20-06.20.40:503][300]LogModuleManager: Shutting down and abandoning module SourceCodeAccess (174)
[2017.06.20-06.20.40:503][300]LogModuleManager: Shutting down and abandoning module HeadMountedDisplay (172)
[2017.06.20-06.20.40:503][300]LogModuleManager: Shutting down and abandoning module XAudio2 (170)
[2017.06.20-06.20.40:503][300]LogModuleManager: Shutting down and abandoning module Networking (168)
[2017.06.20-06.20.40:503][300]LogModuleManager: Shutting down and abandoning module Core (164)
[2017.06.20-06.20.40:503][300]LogModuleManager: Shutting down and abandoning module AssetRegistry (162)
[2017.06.20-06.20.40:629][300]LogDirectoryWatcher: A directory notification for '../../../Engine/Content/' was aborted.
[2017.06.20-06.20.40:629][300]LogDirectoryWatcher: A directory notification for '../../../../../../Users/AzurePC Intel/Documents/GitHub/Enviro_2/Enviro_2/Content/' was aborted.
[2017.06.20-06.20.40:629][300]LogDirectoryWatcher: A directory notification for '../../../Engine/Plugins/2D/Paper2D/Content/' was aborted.
[2017.06.20-06.20.40:629][300]LogDirectoryWatcher: A directory notification for '../../../Engine/Plugins/Runtime/GearVR/Content/' was aborted.
[2017.06.20-06.20.40:633][300]LogModuleManager: Shutting down and abandoning module DirectoryWatcher (161)
[2017.06.20-06.20.40:636][300]LogModuleManager: Shutting down and abandoning module KismetCompiler (158)
[2017.06.20-06.20.40:636][300]LogModuleManager: Shutting down and abandoning module LevelSequence (156)
[2017.06.20-06.20.40:636][300]LogModuleManager: Shutting down and abandoning module PhysXFormats (154)
[2017.06.20-06.20.40:636][300]LogModuleManager: Shutting down and abandoning module MeshUtilities (152)
[2017.06.20-06.20.40:636][300]LogModuleManager: Shutting down and abandoning module SimplygonSwarm (151)
[2017.06.20-06.20.40:636][300]LogModuleManager: Shutting down and abandoning module SimplygonMeshReduction (149)
[2017.06.20-06.20.40:636][300]LogModuleManager: Shutting down and abandoning module QuadricMeshReduction (147)
[2017.06.20-06.20.40:636][300]LogModuleManager: Shutting down and abandoning module DerivedDataCache (144)
[2017.06.20-06.20.40:664][300]LogDerivedDataCache: Shutdown
[2017.06.20-06.20.40:664][300]LogModuleManager: Shutting down and abandoning module TargetPlatform (142)
[2017.06.20-06.20.40:664][300]LogModuleManager: Shutting down and abandoning module VulkanShaderFormat (141)
[2017.06.20-06.20.40:664][300]LogModuleManager: Shutting down and abandoning module ShaderFormatVectorVM (139)
[2017.06.20-06.20.40:664][300]LogModuleManager: Shutting down and abandoning module ShaderFormatOpenGL (137)
[2017.06.20-06.20.40:664][300]LogModuleManager: Shutting down and abandoning module ShaderFormatD3D (135)
[2017.06.20-06.20.40:664][300]LogModuleManager: Shutting down and abandoning module MetalShaderFormat (133)
[2017.06.20-06.20.40:664][300]LogModuleManager: Shutting down and abandoning module TextureFormatUncompressed (131)
[2017.06.20-06.20.40:664][300]LogModuleManager: Shutting down and abandoning module TextureFormatPVR (129)
[2017.06.20-06.20.40:664][300]LogModuleManager: Shutting down and abandoning module TextureFormatDXT (127)
[2017.06.20-06.20.40:664][300]LogModuleManager: Shutting down and abandoning module TextureFormatIntelISPCTexComp (125)
[2017.06.20-06.20.40:664][300]LogModuleManager: Shutting down and abandoning module TextureFormatASTC (123)
[2017.06.20-06.20.40:664][300]LogModuleManager: Shutting down and abandoning module ImageWrapper (122)
[2017.06.20-06.20.40:664][300]LogModuleManager: Shutting down and abandoning module TextureFormatAndroid (119)
[2017.06.20-06.20.40:664][300]LogModuleManager: Shutting down and abandoning module AudioFormatOpus (117)
[2017.06.20-06.20.40:664][300]LogModuleManager: Shutting down and abandoning module AudioFormatOgg (115)
[2017.06.20-06.20.40:664][300]LogModuleManager: Shutting down and abandoning module AudioFormatADPCM (113)
[2017.06.20-06.20.40:664][300]LogModuleManager: Shutting down and abandoning module LinuxTargetPlatform (111)
[2017.06.20-06.20.40:664][300]LogModuleManager: Shutting down and abandoning module LinuxServerTargetPlatform (109)
[2017.06.20-06.20.40:664][300]LogModuleManager: Shutting down and abandoning module LinuxNoEditorTargetPlatform (107)
[2017.06.20-06.20.40:664][300]LogModuleManager: Shutting down and abandoning module LinuxClientTargetPlatform (105)
[2017.06.20-06.20.40:664][300]LogModuleManager: Shutting down and abandoning module TVOSTargetPlatform (103)
[2017.06.20-06.20.40:664][300]LogModuleManager: Shutting down and abandoning module Messaging (101)
[2017.06.20-06.20.40:664][300]LogModuleManager: Shutting down and abandoning module IOSTargetPlatform (99)
[2017.06.20-06.20.40:664][300]LogModuleManager: Shutting down and abandoning module HTML5TargetPlatform (97)
[2017.06.20-06.20.40:664][300]LogModuleManager: Shutting down and abandoning module Android_PVRTCTargetPlatform (95)
[2017.06.20-06.20.40:664][300]LogModuleManager: Shutting down and abandoning module Android_MultiTargetPlatform (93)
[2017.06.20-06.20.40:664][300]LogModuleManager: Shutting down and abandoning module Android_ETC2TargetPlatform (91)
[2017.06.20-06.20.40:664][300]LogModuleManager: Shutting down and abandoning module Android_ETC1TargetPlatform (89)
[2017.06.20-06.20.40:664][300]LogModuleManager: Shutting down and abandoning module Android_DXTTargetPlatform (87)
[2017.06.20-06.20.40:664][300]LogModuleManager: Shutting down and abandoning module Android_ATCTargetPlatform (85)
[2017.06.20-06.20.40:664][300]LogModuleManager: Shutting down and abandoning module Android_ASTCTargetPlatform (83)
[2017.06.20-06.20.40:664][300]LogModuleManager: Shutting down and abandoning module AndroidTargetPlatform (81)
[2017.06.20-06.20.40:664][300]LogModuleManager: Shutting down and abandoning module WindowsTargetPlatform (79)
[2017.06.20-06.20.40:664][300]LogModuleManager: Shutting down and abandoning module WindowsServerTargetPlatform (77)
[2017.06.20-06.20.40:664][300]LogModuleManager: Shutting down and abandoning module WindowsNoEditorTargetPlatform (75)
[2017.06.20-06.20.40:664][300]LogModuleManager: Shutting down and abandoning module WindowsClientTargetPlatform (73)
[2017.06.20-06.20.40:664][300]LogModuleManager: Shutting down and abandoning module MacTargetPlatform (71)
[2017.06.20-06.20.40:664][300]LogModuleManager: Shutting down and abandoning module MacServerTargetPlatform (69)
[2017.06.20-06.20.40:664][300]LogModuleManager: Shutting down and abandoning module MacNoEditorTargetPlatform (67)
[2017.06.20-06.20.40:664][300]LogModuleManager: Shutting down and abandoning module MacClientTargetPlatform (65)
[2017.06.20-06.20.40:664][300]LogModuleManager: Shutting down and abandoning module AllDesktopTargetPlatform (63)
[2017.06.20-06.20.40:665][300]LogModuleManager: Shutting down and abandoning module InputCore (60)
[2017.06.20-06.20.40:665][300]LogModuleManager: Shutting down and abandoning module Settings (58)
[2017.06.20-06.20.40:665][300]LogModuleManager: Shutting down and abandoning module OculusRift (56)
[2017.06.20-06.20.40:665][300]LogModuleManager: Shutting down and abandoning module GearVRController (54)
[2017.06.20-06.20.40:665][300]LogModuleManager: Shutting down and abandoning module GearVR (52)
[2017.06.20-06.20.40:665][300]LogModuleManager: Shutting down and abandoning module ExampleDeviceProfileSelector (50)
[2017.06.20-06.20.40:665][300]LogModuleManager: Shutting down and abandoning module OnlineBlueprintSupport (48)
[2017.06.20-06.20.40:665][300]LogModuleManager: Shutting down and abandoning module OnlineSubsystem (44)
[2017.06.20-06.20.40:665][300]LogOnline:Display: Unloading online subsystem: NULL
[2017.06.20-06.20.40:665][300]LogModuleManager: Shutting down and abandoning module XMPP (43)
[2017.06.20-06.20.40:665][300]LogModuleManager: Shutting down and abandoning module HTTP (41)
[2017.06.20-06.20.40:665][300]LogHttp:Display: Http module shutting down, but needs to wait on 1 outstanding Http requests:
[2017.06.20-06.20.40:665][300]LogHttp:Display: 	verb=[POST] url=[https://datarouter.ol.epicgames.com/datarouter/api/v1/public/data?SessionID=%7BC056C2E1-4220-0FC9-B33F-17A949BDDC42%7D&AppID=UEEditor.Rocket.Release&AppVersion=4.16.1-3466753%2B%2B%2BUE4%2BRelease-4.16&UserID=da2c64f64af90778841cdbb7a9e7271c%7C4e59904afcc6489195f8095de720415d%7Ce6cec269-2a62-4e13-9f24-3ef9e02a4e7c&AppEnvironment=datacollector-binary&UploadType=eteventstream] status=Processing
[2017.06.20-06.20.40:689][300]LogModuleManager: Shutting down and abandoning module SSL (40)
[2017.06.20-06.20.40:690][300]LogModuleManager: Shutting down and abandoning module HTTPChunkInstaller (36)
[2017.06.20-06.20.40:690][300]LogModuleManager: Shutting down and abandoning module AnimationModifiers (34)
[2017.06.20-06.20.40:690][300]LogModuleManager: Shutting down and abandoning module PropertyEditor (33)
[2017.06.20-06.20.40:690][300]LogModuleManager: Shutting down and abandoning module AudioEditor (30)
[2017.06.20-06.20.40:690][300]LogModuleManager: Shutting down and abandoning module TextureCompressor (28)
[2017.06.20-06.20.40:690][300]LogModuleManager: Shutting down and abandoning module ShaderCore (26)
[2017.06.20-06.20.40:690][300]LogModuleManager: Shutting down and abandoning module Landscape (24)
[2017.06.20-06.20.40:690][300]LogModuleManager: Shutting down and abandoning module SlateRHIRenderer (22)
[2017.06.20-06.20.40:692][300]LogModuleManager: Shutting down and abandoning module OpenGLDrv (20)
[2017.06.20-06.20.40:692][300]LogModuleManager: Shutting down and abandoning module D3D11RHI (18)
[2017.06.20-06.20.40:692][300]LogModuleManager: Shutting down and abandoning module AnimGraphRuntime (16)
[2017.06.20-06.20.40:692][300]LogModuleManager: Shutting down and abandoning module Renderer (14)
[2017.06.20-06.20.40:692][300]LogModuleManager: Shutting down and abandoning module Engine (12)
[2017.06.20-06.20.40:692][300]LogModuleManager: Shutting down and abandoning module CoreUObject (10)
[2017.06.20-06.20.40:692][300]LogModuleManager: Shutting down and abandoning module NetworkFile (8)
[2017.06.20-06.20.40:692][300]LogModuleManager: Shutting down and abandoning module StreamingFile (6)
[2017.06.20-06.20.40:692][300]LogModuleManager: Shutting down and abandoning module SandboxFile (4)
[2017.06.20-06.20.40:692][300]LogModuleManager: Shutting down and abandoning module PakFile (2)
[2017.06.20-06.20.40:693][300]LogExit: Exiting.
[2017.06.20-06.20.40:706][300]Log file closed, 06/20/17 00:20:40
