Log file open, 06/17/17 00:09:26
LogInit:Display: Running engine for game: Enviro_2
LogPlatformFile: Not using cached read wrapper
LogInit:Display: RandInit(1336470103) SRandInit(1336470104).
LogTaskGraph: Started task graph with 5 named threads and 8 total threads with 1 sets of task threads.
LogStats: Stats thread started at 0.079775
LogInit: Using libcurl 7.47.1
LogInit:  - built for x86_64-pc-win32
LogInit:  - supports SSL with OpenSSL/1.0.2g
LogInit:  - supports HTTP deflate (compression) using libz 1.2.8
LogInit:  - other features:
LogInit:      CURL_VERSION_SSL
LogInit:      CURL_VERSION_LIBZ
LogInit:      CURL_VERSION_IPV6
LogInit:      CURL_VERSION_ASYNCHDNS
LogInit:      CURL_VERSION_LARGEFILE
LogInit:      CURL_VERSION_IDN
LogInit:  CurlRequestOptions (configurable via config and command line):
LogInit:  - bVerifyPeer = false  - Libcurl will NOT verify peer certificate
LogInit:  - bUseHttpProxy = false  - Libcurl will NOT use HTTP proxy
LogInit:  - bDontReuseConnections = false  - Libcurl will reuse connections
LogInit:  - CertBundlePath = nullptr  - Libcurl will use whatever was configured at build time.
LogInit: Build: ++UE4+Release-4.16-CL-3466753
LogInit: Engine Version: 4.16.1-3466753+++UE4+Release-4.16
LogInit: Compatible Engine Version: 4.16.0-3452394+++UE4+Release-4.16
LogInit: Net CL: 3452394
LogDevObjectVersion: Number of dev versions registered: 16
LogDevObjectVersion:   Dev-Blueprints (B0D832E4-1F89-4F0D-ACCF-7EB736FD4AA2): 9
LogDevObjectVersion:   Dev-Build (E1C64328-A22C-4D53-A36C-8E866417BD8C): 0
LogDevObjectVersion:   Dev-Core (375EC13C-06E4-48FB-B500-84F0262A717E): 2
LogDevObjectVersion:   Dev-Editor (E4B068ED-F494-42E9-A231-DA0B2E46BB41): 17
LogDevObjectVersion:   Dev-Framework (CFFC743F-43B0-4480-9391-14DF171D2073): 23
LogDevObjectVersion:   Dev-Mobile (B02B49B5-BB20-44E9-A304-32B752E40360): 0
LogDevObjectVersion:   Dev-Networking (A4E4105C-59A1-49B5-A7C5-40C4547EDFEE): 0
LogDevObjectVersion:   Dev-Online (39C831C9-5AE6-47DC-9A44-9C173E1C8E7C): 0
LogDevObjectVersion:   Dev-Physics (78F01B33-EBEA-4F98-B9B4-84EACCB95AA2): 0
LogDevObjectVersion:   Dev-Platform (6631380F-2D4D-43E0-8009-CF276956A95A): 0
LogDevObjectVersion:   Dev-Rendering (12F88B9F-8875-4AFC-A67C-D90C383ABD29): 15
LogDevObjectVersion:   Dev-Sequencer (7B5AE74C-D270-4C10-A958-57980B212A5A): 4
LogDevObjectVersion:   Dev-VR (D7296918-1DD6-4BDD-9DE2-64A83CC13884): 0
LogDevObjectVersion:   Dev-LoadTimes (C2A15278-BFE7-4AFE-6C17-90FF531DF755): 1
LogDevObjectVersion:   Private-Geometry (6EACA3D4-40EC-4CC1-B786-8BED09428FC5): 1
LogDevObjectVersion:   Dev-AnimPhys (29E575DD-E0A3-4627-9D10-D276232CDCEA): 3
LogInit: Compiled (64-bit): May 31 2017 02:03:30
LogInit: Compiled with Visual C++: 19.00.24215.01
LogInit: Build Configuration: Development
LogInit: Branch Name: ++UE4+Release-4.16
LogInit: Command line:  
LogInit: Base directory: C:/Program Files/Epic Games/UE_4.16/Engine/Binaries/Win64/
LogInit: Installed Engine Build: 1
LogInit: Presizing for max 8388607 objects, including 0 objects not considered by GC, pre-allocating 0 bytes for permanent pool.
LogInit: Object subsystem initialized
[2017.06.17-06.09.26:973][  0]LogInit: Selected Device Profile: [Windows]
[2017.06.17-06.09.26:973][  0]LogInit: Applying CVar settings loaded from the selected device profile: [Windows]
[2017.06.17-06.09.26:982][  0]LogInit: Computer: AZUREPCINTEL
[2017.06.17-06.09.26:982][  0]LogInit: User: AzurePCIntel
[2017.06.17-06.09.26:982][  0]LogInit: CPU Page size=4096, Cores=4
[2017.06.17-06.09.26:982][  0]LogInit: High frequency timer resolution =3.914065 MHz
[2017.06.17-06.09.26:982][  0]LogMemory: Memory total: Physical=16.0GB (16GB approx)
[2017.06.17-06.09.26:982][  0]LogMemory: Platform Memory Stats for Windows
[2017.06.17-06.09.26:982][  0]LogMemory: Process Physical Memory: 273.49 MB used, 273.49 MB peak
[2017.06.17-06.09.26:982][  0]LogMemory: Process Virtual Memory: 260.67 MB used, 260.67 MB peak
[2017.06.17-06.09.26:982][  0]LogMemory: Physical Memory: 5003.95 MB used,  11339.73 MB free, 16343.68 MB total
[2017.06.17-06.09.26:982][  0]LogMemory: Virtual Memory: 638.16 MB used,  11339.73 MB free, 134217728.00 MB total
[2017.06.17-06.09.27:034][  0]LogInit: Using OS detected language (en-US).
[2017.06.17-06.09.27:034][  0]LogInit: Using OS detected locale (en-US).
[2017.06.17-06.09.27:036][  0]LogTextLocalizationManager: No specific localization for 'en-US' exists, so the 'en' localization will be used.
[2017.06.17-06.09.27:755][  0]LogD3D11RHI: D3D11 adapters:
[2017.06.17-06.09.27:772][  0]LogD3D11RHI:    0. 'AMD Radeon (TM) R9 390 Series' (Feature Level 11_0)
[2017.06.17-06.09.27:772][  0]LogD3D11RHI:       8169/0/8171 MB DedicatedVideo/DedicatedSystem/SharedSystem, Outputs:2, VendorId:0x1002
[2017.06.17-06.09.27:773][  0]LogD3D11RHI:    1. 'Microsoft Basic Render Driver' (Feature Level 11_0)
[2017.06.17-06.09.27:773][  0]LogD3D11RHI:       0/0/8171 MB DedicatedVideo/DedicatedSystem/SharedSystem, Outputs:0, VendorId:0x1414
[2017.06.17-06.09.27:773][  0]LogD3D11RHI: Chosen D3D11 Adapter: 0
[2017.06.17-06.09.27:777][  0]LogD3D11RHI: Creating new Direct3DDevice
[2017.06.17-06.09.27:777][  0]LogD3D11RHI:     GPU DeviceId: 0x67b1 (for the marketing name, search the web for "GPU Device Id")
[2017.06.17-06.09.27:777][  0]LogWindows: EnumDisplayDevices:
[2017.06.17-06.09.27:777][  0]LogWindows:    0. 'AMD Radeon (TM) R9 390 Series' (P:1 D:1)
[2017.06.17-06.09.27:777][  0]LogWindows:    1. 'AMD Radeon (TM) R9 390 Series' (P:0 D:1)
[2017.06.17-06.09.27:778][  0]LogWindows:    2. 'AMD Radeon (TM) R9 390 Series' (P:0 D:0)
[2017.06.17-06.09.27:778][  0]LogWindows:    3. 'AMD Radeon (TM) R9 390 Series' (P:0 D:0)
[2017.06.17-06.09.27:778][  0]LogWindows:    4. 'AMD Radeon (TM) R9 390 Series' (P:0 D:0)
[2017.06.17-06.09.27:778][  0]LogWindows:    5. 'AMD Radeon (TM) R9 390 Series' (P:0 D:0)
[2017.06.17-06.09.27:778][  0]LogWindows: DebugString: FoundDriverCount:6 
[2017.06.17-06.09.27:778][  0]LogD3D11RHI:     Adapter Name: AMD Radeon (TM) R9 390 Series
[2017.06.17-06.09.27:778][  0]LogD3D11RHI:   Driver Version: Crimson ReLive 17.1.1 (internal:22.19.162.4, unified:22.19.162.4)
[2017.06.17-06.09.27:778][  0]LogD3D11RHI:      Driver Date: 4-24-2017
[2017.06.17-06.09.27:778][  0]LogRHI: Texture pool is 1361 MB (70% of 1945 MB)
[2017.06.17-06.09.27:807][  0]LogD3D11RHI: Async texture creation enabled
[2017.06.17-06.09.27:817][  0]LogD3D11RHI: GPU Timing Frequency: 27.000000 (Debug: 2 1)
[2017.06.17-06.09.27:817][  0]LogShaderCompilers: Guid format shader working directory is -18 characters bigger than the processId version (../../../../../../Users/AzurePC Intel/Documents/GitHub/Enviro_2/Enviro_2/Intermediate/Shaders/WorkingDirectory/5380/).
[2017.06.17-06.09.27:817][  0]LogShaderCompilers: Cleaned the shader compiler working directory 'C:/Users/AzurePC Intel/AppData/Local/Temp/UnrealShaderWorkingDir/D96788CD464430CD0E5636B818F4689B/'.
[2017.06.17-06.09.27:817][  0]LogShaderCompilers:Display: Using Local Shader Compiler.
[2017.06.17-06.09.28:542][  0]LogTemp:Display: Loaded TP AllDesktopTargetPlatform
[2017.06.17-06.09.28:578][  0]LogTemp:Display: Loaded TP MacClientTargetPlatform
[2017.06.17-06.09.28:614][  0]LogTemp:Display: Loaded TP MacNoEditorTargetPlatform
[2017.06.17-06.09.28:650][  0]LogTemp:Display: Loaded TP MacServerTargetPlatform
[2017.06.17-06.09.28:686][  0]LogTemp:Display: Loaded TP MacTargetPlatform
[2017.06.17-06.09.28:723][  0]LogTemp:Display: Loaded TP WindowsClientTargetPlatform
[2017.06.17-06.09.28:763][  0]LogTemp:Display: Loaded TP WindowsNoEditorTargetPlatform
[2017.06.17-06.09.28:804][  0]LogTemp:Display: Loaded TP WindowsServerTargetPlatform
[2017.06.17-06.09.28:838][  0]LogTemp:Display: Loaded TP WindowsTargetPlatform
[2017.06.17-06.09.28:873][  0]LogTemp:Display: Loaded TP AndroidTargetPlatform
[2017.06.17-06.09.28:909][  0]LogTemp:Display: Loaded TP Android_ASTCTargetPlatform
[2017.06.17-06.09.28:944][  0]LogTemp:Display: Loaded TP Android_ATCTargetPlatform
[2017.06.17-06.09.28:980][  0]LogTemp:Display: Loaded TP Android_DXTTargetPlatform
[2017.06.17-06.09.29:016][  0]LogTemp:Display: Loaded TP Android_ETC1TargetPlatform
[2017.06.17-06.09.29:051][  0]LogTemp:Display: Loaded TP Android_ETC2TargetPlatform
[2017.06.17-06.09.29:121][  0]LogTemp:Display: Loaded TP Android_MultiTargetPlatform
[2017.06.17-06.09.29:121][  0]LogTemp:Display: Loaded TP Android_PVRTCTargetPlatform
[2017.06.17-06.09.29:150][  0]LogTemp:Display: Loaded TP HTML5TargetPlatform
[2017.06.17-06.09.29:224][  0]LogTemp:Display: Loaded TP IOSTargetPlatform
[2017.06.17-06.09.29:246][  0]LogTemp:Display: Loaded TP TVOSTargetPlatform
[2017.06.17-06.09.29:282][  0]LogTemp:Display: Loaded TP LinuxClientTargetPlatform
[2017.06.17-06.09.29:318][  0]LogTemp:Display: Loaded TP LinuxNoEditorTargetPlatform
[2017.06.17-06.09.29:354][  0]LogTemp:Display: Loaded TP LinuxServerTargetPlatform
[2017.06.17-06.09.29:390][  0]LogTemp:Display: Loaded TP LinuxTargetPlatform
[2017.06.17-06.09.29:390][  0]LogTargetPlatformManager:Display: Building Assets For Windows
[2017.06.17-06.09.29:746][  0]LogDerivedDataCache:Display: Max Cache Size: 512 MB
[2017.06.17-06.09.29:819][  0]LogDerivedDataCache: Loaded boot cache 0.07s 90MB C:/Users/AzurePC Intel/AppData/Local/UnrealEngine/4.16/DerivedDataCache/Boot.ddc.
[2017.06.17-06.09.29:819][  0]LogDerivedDataCache:Display: Loaded Boot cache: C:/Users/AzurePC Intel/AppData/Local/UnrealEngine/4.16/DerivedDataCache/Boot.ddc
[2017.06.17-06.09.29:819][  0]LogDerivedDataCache: FDerivedDataBackendGraph:  Pak pak cache file ../../../../../../Users/AzurePC Intel/Documents/GitHub/Enviro_2/Enviro_2/DerivedDataCache/DDC.ddp not found, will not use a pak cache.
[2017.06.17-06.09.29:819][  0]LogDerivedDataCache: Unable to find inner node Pak for hierarchical cache Hierarchy.
[2017.06.17-06.09.29:819][  0]LogDerivedDataCache: FDerivedDataBackendGraph:  CompressedPak pak cache file ../../../../../../Users/AzurePC Intel/Documents/GitHub/Enviro_2/Enviro_2/DerivedDataCache/Compressed.ddp not found, will not use a pak cache.
[2017.06.17-06.09.29:819][  0]LogDerivedDataCache: Unable to find inner node CompressedPak for hierarchical cache Hierarchy.
[2017.06.17-06.09.29:832][  0]LogDerivedDataCache:Display: Pak cache opened for reading ../../../Engine/DerivedDataCache/Compressed.ddp.
[2017.06.17-06.09.29:843][  0]LogDerivedDataCache: Using Local data cache path C:/Users/AzurePC Intel/AppData/Local/UnrealEngine/Common/DerivedDataCache: Writable
[2017.06.17-06.09.29:850][  0]LogMaterial: Verifying Global Shaders for PCD3D_SM5
[2017.06.17-06.09.29:851][  0]LogSlate: Using Freetype 2.6.0
[2017.06.17-06.09.29:851][  0]LogSlate: SlateFontCache - WITH_FREETYPE: 1, WITH_HARFBUZZ: 1
[2017.06.17-06.09.29:851][  0]LogSlate: SlateFontCache - WITH_FREETYPE: 1, WITH_HARFBUZZ: 1
[2017.06.17-06.09.30:085][  0]LogInit: Selected Device Profile: [Windows]
[2017.06.17-06.09.30:154][  0]LogContentStreaming: Texture pool size is 0.00 MB
[2017.06.17-06.09.30:271][  0]LogMeshUtilities: Using QuadricMeshReduction for automatic static mesh reduction
[2017.06.17-06.09.30:303][  0]LogSimplygon: Simplygon DLL not present - disabling.
[2017.06.17-06.09.30:336][  0]LogMeshUtilities: Using SimplygonSwarm for distributed automatic mesh merging
[2017.06.17-06.09.30:336][  0]LogMeshUtilities: No automatic skeletal mesh reduction module available
[2017.06.17-06.09.30:336][  0]LogMeshUtilities: No automatic mesh merging module available
[2017.06.17-06.09.30:753][  0]LogNetVersion: Enviro_2 , NetCL: 3452394, EngineNetVer: 2, GameNetVer: 0 (Checksum: 303638927)
[2017.06.17-06.09.30:805][  0]LogAssetRegistry: FAssetRegistry took 0.0255 seconds to start up
[2017.06.17-06.09.30:847][  0]LogPackageLocalizationCache: Processed 4 localized package path(s) for 2 prioritized culture(s) in 0.025989 seconds
[2017.06.17-06.09.30:851][  0]LogUObjectArray: 34194 objects as part of root set at end of initial load.
[2017.06.17-06.09.30:851][  0]LogUObjectAllocator: 7260424 out of 0 bytes used by permanent object pool.
[2017.06.17-06.09.30:851][  0]LogUObjectArray: CloseDisregardForGC: 0/0 objects in disregard for GC pool
[2017.06.17-06.09.30:898][  0]LogInit: WinSock: version 1.1 (2.2), MaxSocks=32767, MaxUdp=65467
[2017.06.17-06.09.32:654][  0]LogSubstanceCoreModule: Substance [CPU] Engine Loaded, Max Texture Size = 2048
[2017.06.17-06.09.32:675][  0]LogTcpMessaging: Initializing TcpMessaging bridge
[2017.06.17-06.09.32:709][  0]LogUdpMessaging: Initializing bridge on interface 0.0.0.0:0 to multicast group 230.0.0.1:6666.
[2017.06.17-06.09.33:093][  0]LogMaterial: Uniform references updated for custom material expression Custom.
[2017.06.17-06.09.33:373][  0]SourceControl: Info Source control is disabled
[2017.06.17-06.09.33:373][  0]SourceControl: Info Source control is disabled
[2017.06.17-06.09.33:406][  0]SourceControl: Info Source control is disabled
[2017.06.17-06.09.33:439][  0]SourceControl: Info Source control is disabled
[2017.06.17-06.09.33:909][  0]LogAndroidPermission: UAndroidPermissionCallbackProxy::GetInstance
[2017.06.17-06.09.34:367][  0]LogEngine: Initializing Engine...
[2017.06.17-06.09.34:367][  0]LogHMD: Failed to initialize OpenVR with code 110
[2017.06.17-06.09.34:517][  0]LogStats: UGameplayTagsManager::ConstructGameplayTagTree: Construct from data asset -  0.000 s
[2017.06.17-06.09.34:517][  0]LogStats: UGameplayTagsManager::ConstructGameplayTagTree: GameplayTagTreeChangedEvent.Broadcast -  0.000 s
[2017.06.17-06.09.34:611][  0]LogAIModule: Creating AISystem for world Untitled
[2017.06.17-06.09.34:619][  0]LogInit: XAudio2 using 'SPDIF Interface (2- FiiO USB DAC-E10)' : 2 channels at 48 kHz using 16 bits per sample (channel mask 0x3)
[2017.06.17-06.09.34:631][  0]LogInit: FAudioDevice initialized.
[2017.06.17-06.09.34:663][  0]LogDerivedDataCache: Saved boot cache 0.03s 90MB C:/Users/AzurePC Intel/AppData/Local/UnrealEngine/4.16/DerivedDataCache/Boot.ddc.
[2017.06.17-06.09.34:669][  0]LogInit: Texture streaming: Enabled
[2017.06.17-06.09.34:739][  0]LogEngineSessionManager: EngineSessionManager initialized
[2017.06.17-06.09.34:894][  0]LogInit: Transaction tracking system initialized
[2017.06.17-06.09.35:119][  0]BlueprintLog: New page: Editor Load
[2017.06.17-06.09.35:807][  0]LocalizationService: Info Localization service is disabled
[2017.06.17-06.09.36:306][  0]LogConsoleResponse:Display: 
[2017.06.17-06.09.36:421][  0]LogCook:Display: Max memory allowance for cook 16384mb min free memory 0mb
[2017.06.17-06.09.36:421][  0]LogCook:Display: Mobile HDR setting 1
[2017.06.17-06.09.37:144][  0]LogFileCache: Scanning file cache for directory 'C:/Users/AzurePC Intel/Documents/GitHub/Enviro_2/Enviro_2/Content/' took 0.02s
[2017.06.17-06.09.37:144][  0]SourceControl: Info Source control is disabled
[2017.06.17-06.09.37:144][  0]Cmd: MAP LOAD FILE="../../../../../../Users/AzurePC Intel/Documents/GitHub/Enviro_2/Enviro_2/Content/StarterContent/Maps/Minimal_Default.umap" TEMPLATE=0 SHOWPROGRESS=1 FEATURELEVEL=3
[2017.06.17-06.09.37:145][  0]LightingResults: New page: Lighting Build
[2017.06.17-06.09.37:174][  0]MapCheck: New page: Map Check
[2017.06.17-06.09.37:175][  0]LightingResults: New page: Lighting Build
[2017.06.17-06.09.37:283][  0]LogAIModule: Creating AISystem for world Minimal_Default
[2017.06.17-06.09.37:289][  0]LogEditorServer: Finished looking for orphan Actors (0.000 secs)
[2017.06.17-06.09.37:297][  0]Cmd: MAP CHECKDEP NOCLEARLOG
[2017.06.17-06.09.37:330][  0]MapCheck: Info Map check complete: 0 Error(s), 0 Warning(s), took 32.673ms to complete.
[2017.06.17-06.09.37:330][  0]LogFileHelpers: Loading map 'Minimal_Default' took 0.186
[2017.06.17-06.09.37:481][  0]LogCollectionManager: Loaded 0 collections in 0.001122 seconds
[2017.06.17-06.09.37:557][  0]LogFileCache: Scanning file cache for directory 'C:/Users/AzurePC Intel/Documents/GitHub/Enviro_2/Enviro_2/Saved/Collections/' took 0.01s
[2017.06.17-06.09.37:557][  0]LogFileCache: Scanning file cache for directory 'C:/Users/AzurePC Intel/Documents/GitHub/Enviro_2/Enviro_2/Content/Developers/AzurePCIntel/Collections/' took 0.01s
[2017.06.17-06.09.37:557][  0]LogFileCache: Scanning file cache for directory 'C:/Users/AzurePC Intel/Documents/GitHub/Enviro_2/Enviro_2/Content/Collections/' took 0.01s
[2017.06.17-06.09.37:557][  0]LogCollectionManager: Rebuilt the GUID cache for 0 collections in 0.000001 seconds
[2017.06.17-06.09.37:564][  0]LogContentBrowser: Native class hierarchy populated in 0.0067 seconds. Added 2343 classes and 497 folders.
[2017.06.17-06.09.37:610][  0]LogContentBrowser: Native class hierarchy updated for 'WidgetCarousel' in 0.0004 seconds. Added 0 classes and 0 folders.
[2017.06.17-06.09.37:635][  0]LogContentBrowser: Native class hierarchy updated for 'AddContentDialog' in 0.0004 seconds. Added 0 classes and 0 folders.
[2017.06.17-06.09.37:666][  0]LogContentBrowser: Native class hierarchy updated for 'SceneOutliner' in 0.0004 seconds. Added 1 classes and 2 folders.
[2017.06.17-06.09.37:694][  0]LogCrashTracker: Crashtracker disabled due to settings.
[2017.06.17-06.09.37:697][  0]LogSlate: Took 0.000144 seconds to synchronously load lazily loaded font '../../../Engine/Content/Slate/Fonts/Roboto-Regular.ttf' (155K)
[2017.06.17-06.09.37:699][  0]LogSlate: Took 0.000129 seconds to synchronously load lazily loaded font '../../../Engine/Content/Slate/Fonts/Roboto-Bold.ttf' (160K)
[2017.06.17-06.09.37:702][  0]LogSlate: Took 0.000158 seconds to synchronously load lazily loaded font '../../../Engine/Content/Editor/Slate/Fonts/FontAwesome.ttf' (139K)
[2017.06.17-06.09.37:767][  0]LogRenderer: Reallocating scene render targets to support 1192x588 NumSamples 1 (Frame:1).
[2017.06.17-06.09.37:878][  0]LogUObjectGlobals:Warning: Failed to find object 'Class None.'
[2017.06.17-06.09.37:932][  0]LogContentBrowser: Native class hierarchy updated for 'HierarchicalLODOutliner' in 0.0004 seconds. Added 1 classes and 2 folders.
[2017.06.17-06.09.37:932][  0]LogLoad: (Engine Initialization) Total time: 12.17 seconds
[2017.06.17-06.09.37:932][  0]LogLoad: (Engine Initialization) Total Blueprint compile time: 0.03 seconds
[2017.06.17-06.09.37:932][  0]LogExternalProfiler: No external profilers were discovered.  External profiling features will not be available.
[2017.06.17-06.09.37:942][  0]LogWindowsTextInputMethodSystem:Display: IME system now deactivated.
[2017.06.17-06.09.37:943][  0]LogOcInput: OculusInput pre-init called
[2017.06.17-06.09.37:943][  0]LogHMD: Starting GearVRController plugin
[2017.06.17-06.09.37:964][  0]LogContentStreaming: Texture pool size now 1000 MB
[2017.06.17-06.09.37:977][  0]LogSlate: Took 0.000113 seconds to synchronously load lazily loaded font '../../../Engine/Content/Slate/Fonts/Roboto-Light.ttf' (159K)
[2017.06.17-06.09.37:995][  1]LogAssetRegistry: Asset discovery search completed in 7.2123 seconds
[2017.06.17-06.09.37:997][  1]LogCollectionManager: Rebuilt the object cache for 0 collections in 0.000001 seconds (found 0 objects)
[2017.06.17-06.09.37:997][  1]LogCollectionManager: Fixed up redirectors for 0 collections in 0.000031 seconds (updated 0 objects)
[2017.06.17-06.09.46:219][979]LogSlate: Took 0.000099 seconds to synchronously load lazily loaded font '../../../Engine/Content/Slate/Fonts/Roboto-Light.ttf' (159K)
[2017.06.17-06.09.46:809][979]LogAIModule: Creating AISystem for world DOOM_FanArt_Reactor_01
[2017.06.17-06.09.46:822][979]Cmd: MAP LOAD FILE="../../../../../../Users/AzurePC Intel/Documents/GitHub/Enviro_2/Enviro_2/Content/Maps/DOOM_FanArt_Reactor_01.umap" TEMPLATE=0 SHOWPROGRESS=1 FEATURELEVEL=3
[2017.06.17-06.09.46:822][979]LightingResults: New page: Lighting Build
[2017.06.17-06.09.46:822][979]LoadErrors: New page: Loading map: DOOM_FanArt_Reactor_01.umap
[2017.06.17-06.09.46:823][979]MapCheck: New page: Map Check
[2017.06.17-06.09.46:823][979]LightingResults: New page: Lighting Build
[2017.06.17-06.09.46:841][979]LogEditorServer: Finished looking for orphan Actors (0.000 secs)
[2017.06.17-06.09.46:866][979]Cmd: MAP CHECKDEP NOCLEARLOG
[2017.06.17-06.09.46:900][979]MapCheck: Info Map check complete: 0 Error(s), 0 Warning(s), took 34.263ms to complete.
[2017.06.17-06.09.46:900][979]LogFileHelpers: Loading map 'DOOM_FanArt_Reactor_01' took 0.079
[2017.06.17-06.10.06:558][409]LogFactory: FactoryCreateFile: StaticMesh with FbxFactory (0 0 H:\Box Sync\Environment Challenges\Enviro_2\Pre Production\Models & Textures\ST_Stairs-platform2.fbx)
[2017.06.17-06.10.06:565][409]LogFbx: ItemName: GlobalSettings, ItemCount : 1
[2017.06.17-06.10.06:565][409]LogFbx: ItemName: AnimationStack, ItemCount : 1
[2017.06.17-06.10.06:565][409]LogFbx: ItemName: AnimationLayer, ItemCount : 1
[2017.06.17-06.10.06:565][409]LogFbx: ItemName: Geometry, ItemCount : 1
[2017.06.17-06.10.06:565][409]LogFbx: ItemName: Material, ItemCount : 4
[2017.06.17-06.10.06:565][409]LogFbx: ItemName: Model, ItemCount : 1
[2017.06.17-06.10.06:569][409]LogFbx: Loading FBX Scene from H:\Box Sync\Environment Challenges\Enviro_2\Pre Production\Models & Textures\ST_Stairs-platform2.fbx
[2017.06.17-06.10.06:591][409]LogFbx: FBX Scene Loaded Succesfully
[2017.06.17-06.10.09:582][409]LogFbx: Loading FBX Scene from H:\Box Sync\Environment Challenges\Enviro_2\Pre Production\Models & Textures\ST_Stairs-platform2.fbx
[2017.06.17-06.10.09:604][409]LogFbx: FBX Scene Loaded Succesfully
[2017.06.17-06.10.09:607][409]LogFbx:Warning: Triangulating static mesh polySurface1420
[2017.06.17-06.10.11:969][409]LogStaticMesh: Building static mesh ST_Stairs-platform2...
[2017.06.17-06.10.12:023][409]LogMeshUtilities: Invalid vertex normals found for mesh. Forcing recomputation of vertex normals for MikkTSpace. Fix mesh or disable "Use MikkTSpace Tangent Space" to avoid forced recomputation of normals.
[2017.06.17-06.10.12:860][409]LogStaticMesh: Built static mesh [0.89s] /Game/Meshes/ST_Stairs-platform2.ST_Stairs-platform2
[2017.06.17-06.10.12:958][409]LogStaticMesh:Warning: ST_Stairs-platform2 has degenerate tangent bases which will result in incorrect shading.  MikkTSpace relies on tangent bases and may result in mesh corruption, consider disabling this option.
[2017.06.17-06.10.12:960][409]LogSlate: Took 0.000105 seconds to synchronously load lazily loaded font '../../../Engine/Content/Slate/Fonts/Roboto-Regular.ttf' (155K)
[2017.06.17-06.10.12:961][409]FBXImport:Warning: Warning No smoothing group information was found in this FBX scene.  Please make sure to enable the 'Export Smoothing Groups' option in the FBX Exporter plug-in before exporting the file.  Even for tools that don't support smoothing groups, the FBX Exporter will generate appropriate smoothing data at export-time so that correct vertex normals can be inferred while importing. 
[2017.06.17-06.10.12:961][409]FBXImport:Warning: Warning ST_Stairs-platform2 has degenerate tangent bases which will result in incorrect shading.  MikkTSpace relies on tangent bases and may result in mesh corruption, consider disabling this option. 
[2017.06.17-06.10.17:992][885]LogRenderer: Reallocating scene render targets to support 1192x760 NumSamples 1 (Frame:1).
[2017.06.17-06.10.20:458][ 10]LogRenderer: Reallocating scene render targets to support 1432x964 NumSamples 1 (Frame:128).
[2017.06.17-06.10.51:635][795]LogActorFactory: Actor Factory created ST_Stairs-platform2
[2017.06.17-06.10.53:704][939]LogActorFactory: Actor Factory created ST_Stairs-platform2
[2017.06.17-06.11.42:473][497]Cmd: TRANSACTION UNDO
[2017.06.17-06.11.42:473][497]LogEditorTransaction: Undo Move Actors
[2017.06.17-06.11.42:576][497]LogSlate: Took 0.000162 seconds to synchronously load lazily loaded font '../../../Engine/Content/Slate/Fonts/Roboto-Light.ttf' (159K)
[2017.06.17-06.11.43:921][624]LogEditorViewport: Clicking on Actor (LMB): StaticMeshActor (ST_Stairs-platform2)
[2017.06.17-06.11.53:097][492]Cmd: TRANSACTION UNDO
[2017.06.17-06.11.53:098][492]LogEditorTransaction: Undo Move Actors
[2017.06.17-06.12.19:548][672]Cmd: TRANSACTION UNDO
[2017.06.17-06.12.19:548][672]LogEditorTransaction: Undo Move Actors
[2017.06.17-06.13.05:506][373]LogEditorViewport: Clicking on Actor (LMB): StaticMeshActor (lv3)
[2017.06.17-06.13.06:834][526]LogEditorViewport: Clicking on Actor (LMB): StaticMeshActor (Stair)
[2017.06.17-06.13.07:747][629]LogEditorViewport: Clicking on Actor (LMB): StaticMeshActor (ST_Stairs-platform2)
[2017.06.17-06.13.22:170][751]Cmd: TRANSACTION UNDO
[2017.06.17-06.13.22:170][751]LogEditorTransaction: Undo Move Actors
[2017.06.17-06.13.44:739][498]LogEditorViewport: Clicking on Actor (LMB): StaticMeshActor (Stair)
[2017.06.17-06.13.46:753][641]LogEditorViewport: Clicking on Actor (LMB): StaticMeshActor (ST_Stairs-platform2)
[2017.06.17-06.14.13:607][  8]LogEditorViewport: Clicking on Actor (LMB): StaticMeshActor (lv2)
[2017.06.17-06.14.23:109][860]LogSlate: Took 0.000141 seconds to synchronously load lazily loaded font '../../../Engine/Content/Editor/Slate/Fonts/Roboto-Italic.ttf' (157K)
[2017.06.17-06.14.41:311][423]LogMaterial: Missing cached shader map for material M_Purple, compiling. 
[2017.06.17-06.14.43:255][581]LogMaterial: Missing cached shader map for material M_Purple, compiling. 
[2017.06.17-06.14.43:353][581]LogMaterial: Missing cached shader map for material M_Purple, compiling. 
[2017.06.17-06.14.43:367][581]LogMaterial: Missing cached shader map for material M_Purple, compiling. 
[2017.06.17-06.14.43:406][581]LogMaterial: Missing cached shader map for material FMatExpressionPreview MaterialExpressionConstant3Vector_1, compiling. 
[2017.06.17-06.14.43:424][581]LogSlate: Took 0.004534 seconds to synchronously load lazily loaded font '../../../Engine/Content/Editor/Slate/Fonts/Roboto-BoldCondensed.ttf' (158K)
[2017.06.17-06.14.46:931][926]LogMaterial: Missing cached shader map for material M_Purple, compiling. 
[2017.06.17-06.14.46:943][926]LogMaterial: Missing cached shader map for material FMatExpressionPreview MaterialExpressionConstant3Vector_1, compiling. 
[2017.06.17-06.14.51:877][459]LogMaterial: Missing cached shader map for material M_Purple, compiling. 
[2017.06.17-06.14.51:891][459]LogMaterial: Missing cached shader map for material FMatExpressionPreview MaterialExpressionConstant3Vector_1, compiling. 
[2017.06.17-06.14.52:784][526]LogMaterial: Missing cached shader map for material M_Purple, compiling. 
[2017.06.17-06.14.52:795][526]LogMaterial: Missing cached shader map for material FMatExpressionPreview MaterialExpressionConstant3Vector_1, compiling. 
[2017.06.17-06.14.53:571][583]LogMaterial: Missing cached shader map for material M_Purple, compiling. 
[2017.06.17-06.14.53:587][583]LogMaterial: Missing cached shader map for material FMatExpressionPreview MaterialExpressionConstant3Vector_1, compiling. 
[2017.06.17-06.14.55:981][823]LogMaterialEditor: Applying material M_Purple
[2017.06.17-06.14.56:398][823]LogMaterial: Missing cached shader map for material M_Purple, compiling. 
[2017.06.17-06.14.56:438][823]LogMaterial: Missing cached shader map for material M_Purple, compiling. 
[2017.06.17-06.14.56:469][823]LogMaterial: Missing cached shader map for material M_Purple, compiling. 
[2017.06.17-06.14.56:504][823]LogMaterial: Missing cached shader map for material FDebugViewModeMaterialProxy M_Purple, compiling. 
[2017.06.17-06.14.56:993][823]TextureStreamingBuild:Display: Compiling optional shaders took 0.495 seconds.
[2017.06.17-06.15.04:305][476]LogEditorViewport: Clicking on Actor (LMB): StaticMeshActor (ST_Stairs-platform2)
[2017.06.17-06.15.10:147][938]LogEditorViewport: Clicking on Actor (LMB): StaticMeshActor (ST_lv1)
[2017.06.17-06.15.11:399][ 46]LogSavePackage: Save=88.21ms
[2017.06.17-06.15.11:399][ 46]LogSavePackage: Moving '../../../../../../Users/AzurePC Intel/Documents/GitHub/Enviro_2/Enviro_2/Saved/DOOM_FanArt_Reactor_019441A5164658B235BE07919C7D18FAFA.tmp' to '../../../../../../Users/AzurePC Intel/Documents/GitHub/Enviro_2/Enviro_2/Content/Maps/DOOM_FanArt_Reactor_01.umap'
[2017.06.17-06.15.11:402][ 46]LogSavePackage:Display: Finished SavePackage ../../../../../../Users/AzurePC Intel/Documents/GitHub/Enviro_2/Enviro_2/Content/Maps/DOOM_FanArt_Reactor_01.umap
[2017.06.17-06.15.18:705][584]LogEditorViewport: Clicking on Actor (LMB): StaticMeshActor (Stair)
[2017.06.17-06.15.20:322][699]LogEditorViewport: Clicking on Actor (LMB): StaticMeshActor (ST_Stairs-platform2)
[2017.06.17-06.16.14:681][850]LogEditorViewport: Clicking on Actor (LMB): StaticMeshActor (ST_lv1)
[2017.06.17-06.16.17:273][121]LogEditorViewport: Clicking on Actor (LMB): StaticMeshActor (Stair)
[2017.06.17-06.16.17:979][201]LogEditorViewport: Clicking on Actor (LMB): StaticMeshActor (ST_Stairs-platform2)
[2017.06.17-06.16.20:429][461]LogEditorViewport: Clicking on Actor (LMB): StaticMeshActor (Stair)
[2017.06.17-06.16.28:302][371]LogEditorViewport: Clicking on Actor (LMB): StaticMeshActor (ST_Stairs-platform2)
[2017.06.17-06.17.53:057][373]LogActorFactory: Actor Factory created 6_1_scaleman
[2017.06.17-06.17.53:709][447]LogActorFactory: Actor Factory created 6_1_scaleman
[2017.06.17-06.18.53:931][968]LogEditorViewport: Clicking on Actor (context menu): StaticMeshActor (lv2)
[2017.06.17-06.18.54:245][997]LogEditorViewport: Clicking on Actor (LMB): StaticMeshActor (ST_Stairs-platform2)
[2017.06.17-06.28.11:391][896]LogEditorViewport: Clicking on Actor (LMB): PointLight (PointLight)
[2017.06.17-06.28.19:615][877]Cmd: DELETE
[2017.06.17-06.28.19:615][877]Cmd: ACTOR DELETE
[2017.06.17-06.28.19:615][877]LogEditorActor: Deleted Actor: PointLight
[2017.06.17-06.28.19:625][877]LogEditorActor: Deleted 1 Actors (0.010 secs)
[2017.06.17-06.28.24:298][412]LogSavePackage: Save=88.59ms
[2017.06.17-06.28.24:298][412]LogSavePackage: Moving '../../../../../../Users/AzurePC Intel/Documents/GitHub/Enviro_2/Enviro_2/Saved/DOOM_FanArt_Reactor_01D565516A4A3A7FA4CC40D4AC7C4761FF.tmp' to '../../../../../../Users/AzurePC Intel/Documents/GitHub/Enviro_2/Enviro_2/Content/Maps/DOOM_FanArt_Reactor_01.umap'
[2017.06.17-06.28.24:324][412]LogSavePackage:Display: Finished SavePackage ../../../../../../Users/AzurePC Intel/Documents/GitHub/Enviro_2/Enviro_2/Content/Maps/DOOM_FanArt_Reactor_01.umap
[2017.06.17-06.28.24:354][412]LogFileHelpers: Saving map 'DOOM_FanArt_Reactor_01' took 0.204
[2017.06.17-06.28.24:368][412]Cmd: OBJ SAVEPACKAGE PACKAGE="/Game/Meshes/ST_Stairs-platform2" FILE="../../../../../../Users/AzurePC Intel/Documents/GitHub/Enviro_2/Enviro_2/Content/Meshes/ST_Stairs-platform2.uasset" SILENT=true
[2017.06.17-06.28.24:382][412]LogSavePackage: Save=11.92ms
[2017.06.17-06.28.24:382][412]LogSavePackage: Moving '../../../../../../Users/AzurePC Intel/Documents/GitHub/Enviro_2/Enviro_2/Saved/ST_Stairs-platform2CEADF1EC45B036C6A78AD4B1227DF2FF.tmp' to '../../../../../../Users/AzurePC Intel/Documents/GitHub/Enviro_2/Enviro_2/Content/Meshes/ST_Stairs-platform2.uasset'
[2017.06.17-06.28.24:383][412]LogSavePackage:Display: Finished SavePackage ../../../../../../Users/AzurePC Intel/Documents/GitHub/Enviro_2/Enviro_2/Content/Meshes/ST_Stairs-platform2.uasset
[2017.06.17-06.28.24:400][412]Cmd: OBJ SAVEPACKAGE PACKAGE="/Game/Meshes/Materials/M_Purple" FILE="../../../../../../Users/AzurePC Intel/Documents/GitHub/Enviro_2/Enviro_2/Content/Meshes/Materials/M_Purple.uasset" SILENT=true
[2017.06.17-06.28.24:412][412]LogSavePackage: Save=11.48ms
[2017.06.17-06.28.24:412][412]LogSavePackage: Moving '../../../../../../Users/AzurePC Intel/Documents/GitHub/Enviro_2/Enviro_2/Saved/M_PurpleC075DF3141A74331991A878C39368DB6.tmp' to '../../../../../../Users/AzurePC Intel/Documents/GitHub/Enviro_2/Enviro_2/Content/Meshes/Materials/M_Purple.uasset'
[2017.06.17-06.28.24:414][412]LogSavePackage:Display: Finished SavePackage ../../../../../../Users/AzurePC Intel/Documents/GitHub/Enviro_2/Enviro_2/Content/Meshes/Materials/M_Purple.uasset
[2017.06.17-06.28.43:818][692]LogWindowsTextInputMethodSystem:Display: IME system now deactivated.
[2017.06.17-06.28.43:973][693]Cmd: QUIT_EDITOR
[2017.06.17-06.28.44:008][693]LogExit: Preparing to exit.
[2017.06.17-06.28.45:208][693]LogDirectoryWatcher: A directory notification for 'C:/Users/AzurePC Intel/Documents/GitHub/Enviro_2/Enviro_2/Content/' was aborted.
[2017.06.17-06.28.45:223][693]LogExit: Editor shut down
[2017.06.17-06.28.45:225][693]LogExit: Transaction tracking system shut down
[2017.06.17-06.28.45:292][693]LogObj: Freed 0b from 0 cluster array pools.
[2017.06.17-06.28.45:292][693]LogExit: Object subsystem successfully closed.
[2017.06.17-06.28.45:319][693]LogD3D11RHI: Shutdown
[2017.06.17-06.28.45:319][693]LogD3D11RHI: CleanupD3DDevice
[2017.06.17-06.28.45:497][693]LogD3D11RHI: ~FD3D11DynamicRHI
[2017.06.17-06.28.45:507][693]LogModuleManager: Shutting down and abandoning module MaterialEditor (532)
[2017.06.17-06.28.45:507][693]LogModuleManager: Shutting down and abandoning module StaticMeshEditor (530)
[2017.06.17-06.28.45:507][693]LogModuleManager: Shutting down and abandoning module HierarchicalLODOutliner (528)
[2017.06.17-06.28.45:507][693]LogModuleManager: Shutting down and abandoning module CrashTracker (526)
[2017.06.17-06.28.45:507][693]LogModuleManager: Shutting down and abandoning module SceneOutliner (524)
[2017.06.17-06.28.45:507][693]LogModuleManager: Shutting down and abandoning module AddContentDialog (522)
[2017.06.17-06.28.45:507][693]LogDirectoryWatcher: A directory notification for 'C:/Program Files/Epic Games/UE_4.16/FeaturePacks/' was aborted.
[2017.06.17-06.28.45:508][693]LogModuleManager: Shutting down and abandoning module WidgetCarousel (521)
[2017.06.17-06.28.45:508][693]LogModuleManager: Shutting down and abandoning module EditorWidgets (518)
[2017.06.17-06.28.45:508][693]LogModuleManager: Shutting down and abandoning module CollectionManager (516)
[2017.06.17-06.28.45:508][693]LogDirectoryWatcher: A directory notification for 'C:/Users/AzurePC Intel/Documents/GitHub/Enviro_2/Enviro_2/Content/Collections/' was aborted.
[2017.06.17-06.28.45:508][693]LogDirectoryWatcher: A directory notification for 'C:/Users/AzurePC Intel/Documents/GitHub/Enviro_2/Enviro_2/Content/Developers/AzurePCIntel/Collections/' was aborted.
[2017.06.17-06.28.45:508][693]LogDirectoryWatcher: A directory notification for 'C:/Users/AzurePC Intel/Documents/GitHub/Enviro_2/Enviro_2/Saved/Collections/' was aborted.
[2017.06.17-06.28.45:508][693]LogModuleManager: Shutting down and abandoning module StatsViewer (514)
[2017.06.17-06.28.45:508][693]LogModuleManager: Shutting down and abandoning module FoliageEdit (512)
[2017.06.17-06.28.45:508][693]LogModuleManager: Shutting down and abandoning module LandscapeEditor (510)
[2017.06.17-06.28.45:508][693]LogModuleManager: Shutting down and abandoning module MeshPaintMode (508)
[2017.06.17-06.28.45:508][693]LogModuleManager: Shutting down and abandoning module SceneDepthPickerMode (506)
[2017.06.17-06.28.45:508][693]LogModuleManager: Shutting down and abandoning module ActorPickerMode (504)
[2017.06.17-06.28.45:508][693]LogModuleManager: Shutting down and abandoning module GeometryMode (502)
[2017.06.17-06.28.45:508][693]LogModuleManager: Shutting down and abandoning module TextureAlignMode (500)
[2017.06.17-06.28.45:508][693]LogModuleManager: Shutting down and abandoning module BspMode (498)
[2017.06.17-06.28.45:508][693]LogModuleManager: Shutting down and abandoning module HardwareSurvey (496)
[2017.06.17-06.28.45:508][693]LogModuleManager: Shutting down and abandoning module SequenceRecorderSections (494)
[2017.06.17-06.28.45:508][693]LogModuleManager: Shutting down and abandoning module AutomationWorker (492)
[2017.06.17-06.28.45:508][693]LogModuleManager: Shutting down and abandoning module MatineeToLevelSequence (490)
[2017.06.17-06.28.45:508][693]LogModuleManager: Shutting down and abandoning module LevelSequenceEditor (488)
[2017.06.17-06.28.45:508][693]LogModuleManager: Shutting down and abandoning module PlacementMode (487)
[2017.06.17-06.28.45:508][693]LogModuleManager: Shutting down and abandoning module WmfMediaFactory (484)
[2017.06.17-06.28.45:508][693]LogModuleManager: Shutting down and abandoning module WmfMediaEditor (482)
[2017.06.17-06.28.45:508][693]LogModuleManager: Shutting down and abandoning module AvfMediaFactory (480)
[2017.06.17-06.28.45:508][693]LogModuleManager: Shutting down and abandoning module AvfMediaEditor (478)
[2017.06.17-06.28.45:508][693]LogModuleManager: Shutting down and abandoning module AndroidMediaFactory (476)
[2017.06.17-06.28.45:508][693]LogModuleManager: Shutting down and abandoning module Media (475)
[2017.06.17-06.28.45:508][693]LogModuleManager: Shutting down and abandoning module AndroidMediaEditor (472)
[2017.06.17-06.28.45:508][693]LogModuleManager: Shutting down and abandoning module CharacterAI (470)
[2017.06.17-06.28.45:508][693]LogModuleManager: Shutting down and abandoning module AudioCapture (468)
[2017.06.17-06.28.45:508][693]LogModuleManager: Shutting down and abandoning module SequenceRecorder (467)
[2017.06.17-06.28.45:508][693]LogModuleManager: Shutting down and abandoning module SmartSnapping (464)
[2017.06.17-06.28.45:508][693]LogModuleManager: Shutting down and abandoning module SessionServices (462)
[2017.06.17-06.28.45:508][693]LogModuleManager: Shutting down and abandoning module ViewportSnapping (460)
[2017.06.17-06.28.45:508][693]LogModuleManager: Shutting down and abandoning module ViewportInteraction (458)
[2017.06.17-06.28.45:508][693]LogModuleManager: Shutting down and abandoning module ClothPainter (456)
[2017.06.17-06.28.45:508][693]LogModuleManager: Shutting down and abandoning module LogVisualizer (454)
[2017.06.17-06.28.45:509][693]LogModuleManager: Shutting down and abandoning module IntroTutorials (452)
[2017.06.17-06.28.45:509][693]LogModuleManager: Shutting down and abandoning module GameProjectGeneration (451)
[2017.06.17-06.28.45:509][693]LogModuleManager: Shutting down and abandoning module EditorLiveStreaming (448)
[2017.06.17-06.28.45:509][693]LogModuleManager: Shutting down and abandoning module IOSPlatformEditor (446)
[2017.06.17-06.28.45:509][693]LogModuleManager: Shutting down and abandoning module HTML5PlatformEditor (444)
[2017.06.17-06.28.45:509][693]LogModuleManager: Shutting down and abandoning module AndroidPlatformEditor (442)
[2017.06.17-06.28.45:509][693]LogModuleManager: Shutting down and abandoning module AndroidDeviceDetection (441)
[2017.06.17-06.28.46:474][693]LogModuleManager: Shutting down and abandoning module IOSRuntimeSettings (438)
[2017.06.17-06.28.46:474][693]LogModuleManager: Shutting down and abandoning module AndroidRuntimeSettings (436)
[2017.06.17-06.28.46:474][693]LogModuleManager: Shutting down and abandoning module InputBindingEditor (434)
[2017.06.17-06.28.46:474][693]LogModuleManager: Shutting down and abandoning module MergeActors (432)
[2017.06.17-06.28.46:474][693]LogModuleManager: Shutting down and abandoning module SizeMap (430)
[2017.06.17-06.28.46:474][693]LogModuleManager: Shutting down and abandoning module TreeMap (428)
[2017.06.17-06.28.46:474][693]LogModuleManager: Shutting down and abandoning module ReferenceViewer (426)
[2017.06.17-06.28.46:474][693]LogModuleManager: Shutting down and abandoning module LocalizationDashboard (424)
[2017.06.17-06.28.46:474][693]LogModuleManager: Shutting down and abandoning module LocalizationService (423)
[2017.06.17-06.28.46:474][693]LogModuleManager: Shutting down and abandoning module HardwareTargeting (420)
[2017.06.17-06.28.46:474][693]LogModuleManager: Shutting down and abandoning module DeviceProfileEditor (418)
[2017.06.17-06.28.46:474][693]LogModuleManager: Shutting down and abandoning module UndoHistory (416)
[2017.06.17-06.28.46:474][693]LogModuleManager: Shutting down and abandoning module UserFeedback (414)
[2017.06.17-06.28.46:474][693]LogModuleManager: Shutting down and abandoning module XmlParser (412)
[2017.06.17-06.28.46:474][693]LogModuleManager: Shutting down and abandoning module Blutility (410)
[2017.06.17-06.28.46:474][693]LogModuleManager: Shutting down and abandoning module ProjectSettingsViewer (408)
[2017.06.17-06.28.46:474][693]LogModuleManager: Shutting down and abandoning module ProjectTargetPlatformEditor (407)
[2017.06.17-06.28.46:474][693]LogModuleManager: Shutting down and abandoning module EditorSettingsViewer (404)
[2017.06.17-06.28.46:474][693]LogModuleManager: Shutting down and abandoning module SettingsEditor (402)
[2017.06.17-06.28.46:474][693]LogModuleManager: Shutting down and abandoning module ProjectLauncher (400)
[2017.06.17-06.28.46:474][693]LogModuleManager: Shutting down and abandoning module SessionFrontend (398)
[2017.06.17-06.28.46:474][693]LogModuleManager: Shutting down and abandoning module ProfilerClient (396)
[2017.06.17-06.28.46:474][693]LogModuleManager: Shutting down and abandoning module DeviceManager (394)
[2017.06.17-06.28.46:474][693]LogModuleManager: Shutting down and abandoning module TargetDeviceServices (393)
[2017.06.17-06.28.46:538][693]LogModuleManager: Shutting down and abandoning module AutomationController (390)
[2017.06.17-06.28.46:538][693]LogModuleManager: Shutting down and abandoning module AutomationWindow (388)
[2017.06.17-06.28.46:538][693]LogModuleManager: Shutting down and abandoning module Layers (386)
[2017.06.17-06.28.46:538][693]LogModuleManager: Shutting down and abandoning module ComponentVisualizers (384)
[2017.06.17-06.28.46:538][693]LogModuleManager: Shutting down and abandoning module DetailCustomizations (382)
[2017.06.17-06.28.46:538][693]LogModuleManager: Shutting down and abandoning module PackagesDialog (380)
[2017.06.17-06.28.46:538][693]LogModuleManager: Shutting down and abandoning module Persona (378)
[2017.06.17-06.28.46:538][693]LogModuleManager: Shutting down and abandoning module AdvancedPreviewScene (377)
[2017.06.17-06.28.46:538][693]LogModuleManager: Shutting down and abandoning module AnimGraph (375)
[2017.06.17-06.28.46:538][693]LogModuleManager: Shutting down and abandoning module Kismet (372)
[2017.06.17-06.28.46:538][693]LogModuleManager: Shutting down and abandoning module ClassViewer (370)
[2017.06.17-06.28.46:538][693]LogModuleManager: Shutting down and abandoning module Toolbox (368)
[2017.06.17-06.28.46:538][693]LogModuleManager: Shutting down and abandoning module ModuleUI (366)
[2017.06.17-06.28.46:538][693]LogModuleManager: Shutting down and abandoning module MovieSceneTools (364)
[2017.06.17-06.28.46:538][693]LogModuleManager: Shutting down and abandoning module OutputLog (362)
[2017.06.17-06.28.46:538][693]LogModuleManager: Shutting down and abandoning module GammaUI (360)
[2017.06.17-06.28.46:538][693]LogModuleManager: Shutting down and abandoning module Documentation (358)
[2017.06.17-06.28.46:538][693]LogModuleManager: Shutting down and abandoning module MovieSceneTracks (356)
[2017.06.17-06.28.46:538][693]LogModuleManager: Shutting down and abandoning module MovieScene (354)
[2017.06.17-06.28.46:538][693]LogModuleManager: Shutting down and abandoning module Niagara (352)
[2017.06.17-06.28.46:538][693]LogModuleManager: Shutting down and abandoning module NiagaraEditor (351)
[2017.06.17-06.28.46:538][693]LogModuleManager: Shutting down and abandoning module StreamingPauseRendering (348)
[2017.06.17-06.28.46:538][693]LogModuleManager: Shutting down and abandoning module AnalyticsET (346)
[2017.06.17-06.28.46:538][693]LogModuleManager: Shutting down and abandoning module PortalServices (344)
[2017.06.17-06.28.46:538][693]LogModuleManager: Shutting down and abandoning module PortalRpc (342)
[2017.06.17-06.28.46:538][693]LogModuleManager: Shutting down and abandoning module MessagingRpc (340)
[2017.06.17-06.28.46:538][693]LogModuleManager: Shutting down and abandoning module AIModule (338)
[2017.06.17-06.28.46:538][693]LogModuleManager: Shutting down and abandoning module GameplayDebugger (337)
[2017.06.17-06.28.46:538][693]LogModuleManager: Shutting down and abandoning module AITestSuite (335)
[2017.06.17-06.28.46:538][693]LogModuleManager: Shutting down and abandoning module ProfilerService (332)
[2017.06.17-06.28.46:562][693]LogModuleManager: Shutting down and abandoning module TaskGraph (330)
[2017.06.17-06.28.46:562][693]LogModuleManager: Shutting down and abandoning module SubstanceEditor (328)
[2017.06.17-06.28.46:562][693]LogModuleManager: Shutting down and abandoning module SteamVRController (326)
[2017.06.17-06.28.46:562][693]LogModuleManager: Shutting down and abandoning module SteamVR (324)
[2017.06.17-06.28.46:562][693]LogModuleManager: Shutting down and abandoning module ProceduralMeshComponentEditor (322)
[2017.06.17-06.28.46:562][693]LogModuleManager: Shutting down and abandoning module ProceduralMeshComponent (320)
[2017.06.17-06.28.46:562][693]LogModuleManager: Shutting down and abandoning module OculusLibrary (318)
[2017.06.17-06.28.46:562][693]LogModuleManager: Shutting down and abandoning module OculusInput (316)
[2017.06.17-06.28.46:562][693]LogModuleManager: Shutting down and abandoning module MobilePatchingUtils (314)
[2017.06.17-06.28.46:562][693]LogModuleManager: Shutting down and abandoning module CustomMeshComponent (312)
[2017.06.17-06.28.46:562][693]LogModuleManager: Shutting down and abandoning module CableComponent (310)
[2017.06.17-06.28.46:562][693]LogModuleManager: Shutting down and abandoning module ArchVisCharacter (308)
[2017.06.17-06.28.46:562][693]LogModuleManager: Shutting down and abandoning module AndroidPermission (306)
[2017.06.17-06.28.46:562][693]LogModuleManager: Shutting down and abandoning module MediaPlayerEditor (302)
[2017.06.17-06.28.46:562][693]LogModuleManager: Shutting down and abandoning module HTML5Networking (300)
[2017.06.17-06.28.46:562][693]LogModuleManager: Shutting down and abandoning module AlembicImporter (298)
[2017.06.17-06.28.46:562][693]LogModuleManager: Shutting down and abandoning module AlembicLibrary (297)
[2017.06.17-06.28.46:562][693]LogModuleManager: Shutting down and abandoning module GeometryCache (296)
[2017.06.17-06.28.46:562][693]LogModuleManager: Shutting down and abandoning module GeometryCacheEd (295)
[2017.06.17-06.28.46:562][693]LogModuleManager: Shutting down and abandoning module SuperSearchEditor (290)
[2017.06.17-06.28.46:562][693]LogModuleManager: Shutting down and abandoning module SuperSearch (289)
[2017.06.17-06.28.46:562][693]LogModuleManager: Shutting down and abandoning module SpeedTreeImporter (286)
[2017.06.17-06.28.46:562][693]LogModuleManager: Shutting down and abandoning module PluginBrowser (284)
[2017.06.17-06.28.46:562][693]LogModuleManager: Shutting down and abandoning module MobileLauncherProfileWizard (282)
[2017.06.17-06.28.46:562][693]LogModuleManager: Shutting down and abandoning module VisualStudioSourceCodeAccess (280)
[2017.06.17-06.28.46:562][693]LogModuleManager: Shutting down and abandoning module DesktopPlatform (279)
[2017.06.17-06.28.46:562][693]LogModuleManager: Shutting down and abandoning module UObjectPlugin (276)
[2017.06.17-06.28.46:562][693]LogModuleManager: Shutting down and abandoning module SubversionSourceControl (274)
[2017.06.17-06.28.46:562][693]LogModuleManager: Shutting down and abandoning module PerforceSourceControl (272)
[2017.06.17-06.28.46:562][693]LogModuleManager: Shutting down and abandoning module GitSourceControl (270)
[2017.06.17-06.28.46:562][693]LogModuleManager: Shutting down and abandoning module SourceControl (269)
[2017.06.17-06.28.46:562][693]LogModuleManager: Shutting down and abandoning module LightPropagationVolumeEditor (266)
[2017.06.17-06.28.46:562][693]LogModuleManager: Shutting down and abandoning module PaperTiledImporter (264)
[2017.06.17-06.28.46:562][693]LogModuleManager: Shutting down and abandoning module PaperSpriteSheetImporter (262)
[2017.06.17-06.28.46:562][693]LogModuleManager: Shutting down and abandoning module Paper2DEditor (260)
[2017.06.17-06.28.46:562][693]LogModuleManager: Shutting down and abandoning module MeshPaint (259)
[2017.06.17-06.28.46:563][693]LogModuleManager: Shutting down and abandoning module LevelEditor (257)
[2017.06.17-06.28.46:563][693]LogModuleManager: Shutting down and abandoning module PixelInspectorModule (256)
[2017.06.17-06.28.46:563][693]LogModuleManager: Shutting down and abandoning module MainFrame (254)
[2017.06.17-06.28.46:563][693]LogModuleManager: Shutting down and abandoning module HotReload (253)
[2017.06.17-06.28.46:563][693]LogModuleManager: Shutting down and abandoning module PhysXVehiclesEditor (248)
[2017.06.17-06.28.46:563][693]LogModuleManager: Shutting down and abandoning module PhysXVehicles (246)
[2017.06.17-06.28.46:563][693]LogModuleManager: Shutting down and abandoning module LocationServicesBPLibrary (244)
[2017.06.17-06.28.46:563][693]LogModuleManager: Shutting down and abandoning module ImmediatePhysicsEditor (242)
[2017.06.17-06.28.46:563][693]LogModuleManager: Shutting down and abandoning module ImmediatePhysics (240)
[2017.06.17-06.28.46:563][693]LogModuleManager: Shutting down and abandoning module UdpMessaging (238)
[2017.06.17-06.28.46:664][693]LogModuleManager: Shutting down and abandoning module TcpMessaging (236)
[2017.06.17-06.28.46:765][693]LogModuleManager: Shutting down and abandoning module SubstanceCore (234)
[2017.06.17-06.28.46:765][693]LogModuleManager: Shutting down and abandoning module GameplayTagsEditor (232)
[2017.06.17-06.28.46:765][693]LogModuleManager: Shutting down and abandoning module FacialAnimationEditor (230)
[2017.06.17-06.28.46:765][693]LogModuleManager: Shutting down and abandoning module FacialAnimation (228)
[2017.06.17-06.28.46:765][693]LogModuleManager: Shutting down and abandoning module AssetManagerEditor (226)
[2017.06.17-06.28.46:765][693]LogModuleManager: Shutting down and abandoning module GraphEditor (225)
[2017.06.17-06.28.46:765][693]LogModuleManager: Shutting down and abandoning module ContentBrowser (223)
[2017.06.17-06.28.46:765][693]LogModuleManager: Shutting down and abandoning module LightPropagationVolumeRuntime (220)
[2017.06.17-06.28.46:765][693]LogModuleManager: Shutting down and abandoning module Paper2D (218)
[2017.06.17-06.28.46:765][693]LogModuleManager: Shutting down and abandoning module WindowsMoviePlayer (216)
[2017.06.17-06.28.46:765][693]LogModuleManager: Shutting down and abandoning module WmfMedia (214)
[2017.06.17-06.28.46:765][693]LogModuleManager: Shutting down and abandoning module ClothingSystemEditor (212)
[2017.06.17-06.28.46:765][693]LogModuleManager: Shutting down and abandoning module ClothingSystemRuntime (210)
[2017.06.17-06.28.46:765][693]LogModuleManager: Shutting down and abandoning module MediaAssets (208)
[2017.06.17-06.28.46:765][693]LogModuleManager: Shutting down and abandoning module GameLiveStreaming (206)
[2017.06.17-06.28.46:765][693]LogModuleManager: Shutting down and abandoning module VREditor (204)
[2017.06.17-06.28.46:765][693]LogModuleManager: Shutting down and abandoning module StringTableEditor (202)
[2017.06.17-06.28.46:765][693]LogModuleManager: Shutting down and abandoning module GameplayTasksEditor (200)
[2017.06.17-06.28.46:765][693]LogModuleManager: Shutting down and abandoning module BehaviorTreeEditor (198)
[2017.06.17-06.28.46:765][693]LogModuleManager: Shutting down and abandoning module FunctionalTesting (196)
[2017.06.17-06.28.46:766][693]LogModuleManager: Shutting down and abandoning module CollisionAnalyzer (194)
[2017.06.17-06.28.46:766][693]LogModuleManager: Shutting down and abandoning module UMG (192)
[2017.06.17-06.28.46:766][693]LogModuleManager: Shutting down and abandoning module UMGEditor (191)
[2017.06.17-06.28.46:766][693]LogModuleManager: Shutting down and abandoning module Sequencer (190)
[2017.06.17-06.28.46:766][693]LogModuleManager: Shutting down and abandoning module AssetTools (188)
[2017.06.17-06.28.46:766][693]LogModuleManager: Shutting down and abandoning module MessageLog (187)
[2017.06.17-06.28.46:766][693]LogModuleManager: Shutting down and abandoning module WorkspaceMenuStructure (186)
[2017.06.17-06.28.46:766][693]LogModuleManager: Shutting down and abandoning module SlateReflector (180)
[2017.06.17-06.28.46:766][693]LogModuleManager: Shutting down and abandoning module Slate (178)
[2017.06.17-06.28.46:766][693]LogModuleManager: Shutting down and abandoning module EditorStyle (176)
[2017.06.17-06.28.46:767][693]LogModuleManager: Shutting down and abandoning module SourceCodeAccess (174)
[2017.06.17-06.28.46:767][693]LogModuleManager: Shutting down and abandoning module HeadMountedDisplay (172)
[2017.06.17-06.28.46:767][693]LogModuleManager: Shutting down and abandoning module XAudio2 (170)
[2017.06.17-06.28.46:767][693]LogModuleManager: Shutting down and abandoning module Networking (168)
[2017.06.17-06.28.46:767][693]LogModuleManager: Shutting down and abandoning module Core (164)
[2017.06.17-06.28.46:767][693]LogModuleManager: Shutting down and abandoning module AssetRegistry (162)
[2017.06.17-06.28.46:888][693]LogDirectoryWatcher: A directory notification for '../../../Engine/Content/' was aborted.
[2017.06.17-06.28.46:888][693]LogDirectoryWatcher: A directory notification for '../../../../../../Users/AzurePC Intel/Documents/GitHub/Enviro_2/Enviro_2/Content/' was aborted.
[2017.06.17-06.28.46:888][693]LogDirectoryWatcher: A directory notification for '../../../Engine/Plugins/2D/Paper2D/Content/' was aborted.
[2017.06.17-06.28.46:888][693]LogDirectoryWatcher: A directory notification for '../../../Engine/Plugins/Runtime/GearVR/Content/' was aborted.
[2017.06.17-06.28.46:890][693]LogModuleManager: Shutting down and abandoning module DirectoryWatcher (161)
[2017.06.17-06.28.46:892][693]LogModuleManager: Shutting down and abandoning module KismetCompiler (158)
[2017.06.17-06.28.46:892][693]LogModuleManager: Shutting down and abandoning module LevelSequence (156)
[2017.06.17-06.28.46:892][693]LogModuleManager: Shutting down and abandoning module PhysXFormats (154)
[2017.06.17-06.28.46:892][693]LogModuleManager: Shutting down and abandoning module MeshUtilities (152)
[2017.06.17-06.28.46:892][693]LogModuleManager: Shutting down and abandoning module SimplygonSwarm (151)
[2017.06.17-06.28.46:892][693]LogModuleManager: Shutting down and abandoning module SimplygonMeshReduction (149)
[2017.06.17-06.28.46:892][693]LogModuleManager: Shutting down and abandoning module QuadricMeshReduction (147)
[2017.06.17-06.28.46:892][693]LogModuleManager: Shutting down and abandoning module DerivedDataCache (144)
[2017.06.17-06.28.46:914][693]LogDerivedDataCache: Shutdown
[2017.06.17-06.28.46:914][693]LogModuleManager: Shutting down and abandoning module TargetPlatform (142)
[2017.06.17-06.28.46:914][693]LogModuleManager: Shutting down and abandoning module VulkanShaderFormat (141)
[2017.06.17-06.28.46:914][693]LogModuleManager: Shutting down and abandoning module ShaderFormatVectorVM (139)
[2017.06.17-06.28.46:914][693]LogModuleManager: Shutting down and abandoning module ShaderFormatOpenGL (137)
[2017.06.17-06.28.46:914][693]LogModuleManager: Shutting down and abandoning module ShaderFormatD3D (135)
[2017.06.17-06.28.46:914][693]LogModuleManager: Shutting down and abandoning module MetalShaderFormat (133)
[2017.06.17-06.28.46:914][693]LogModuleManager: Shutting down and abandoning module TextureFormatUncompressed (131)
[2017.06.17-06.28.46:914][693]LogModuleManager: Shutting down and abandoning module TextureFormatPVR (129)
[2017.06.17-06.28.46:914][693]LogModuleManager: Shutting down and abandoning module TextureFormatDXT (127)
[2017.06.17-06.28.46:914][693]LogModuleManager: Shutting down and abandoning module TextureFormatIntelISPCTexComp (125)
[2017.06.17-06.28.46:914][693]LogModuleManager: Shutting down and abandoning module TextureFormatASTC (123)
[2017.06.17-06.28.46:914][693]LogModuleManager: Shutting down and abandoning module ImageWrapper (122)
[2017.06.17-06.28.46:914][693]LogModuleManager: Shutting down and abandoning module TextureFormatAndroid (119)
[2017.06.17-06.28.46:914][693]LogModuleManager: Shutting down and abandoning module AudioFormatOpus (117)
[2017.06.17-06.28.46:914][693]LogModuleManager: Shutting down and abandoning module AudioFormatOgg (115)
[2017.06.17-06.28.46:914][693]LogModuleManager: Shutting down and abandoning module AudioFormatADPCM (113)
[2017.06.17-06.28.46:914][693]LogModuleManager: Shutting down and abandoning module LinuxTargetPlatform (111)
[2017.06.17-06.28.46:914][693]LogModuleManager: Shutting down and abandoning module LinuxServerTargetPlatform (109)
[2017.06.17-06.28.46:914][693]LogModuleManager: Shutting down and abandoning module LinuxNoEditorTargetPlatform (107)
[2017.06.17-06.28.46:914][693]LogModuleManager: Shutting down and abandoning module LinuxClientTargetPlatform (105)
[2017.06.17-06.28.46:914][693]LogModuleManager: Shutting down and abandoning module TVOSTargetPlatform (103)
[2017.06.17-06.28.46:914][693]LogModuleManager: Shutting down and abandoning module Messaging (101)
[2017.06.17-06.28.46:914][693]LogModuleManager: Shutting down and abandoning module IOSTargetPlatform (99)
[2017.06.17-06.28.46:914][693]LogModuleManager: Shutting down and abandoning module HTML5TargetPlatform (97)
[2017.06.17-06.28.46:914][693]LogModuleManager: Shutting down and abandoning module Android_PVRTCTargetPlatform (95)
[2017.06.17-06.28.46:914][693]LogModuleManager: Shutting down and abandoning module Android_MultiTargetPlatform (93)
[2017.06.17-06.28.46:914][693]LogModuleManager: Shutting down and abandoning module Android_ETC2TargetPlatform (91)
[2017.06.17-06.28.46:914][693]LogModuleManager: Shutting down and abandoning module Android_ETC1TargetPlatform (89)
[2017.06.17-06.28.46:914][693]LogModuleManager: Shutting down and abandoning module Android_DXTTargetPlatform (87)
[2017.06.17-06.28.46:914][693]LogModuleManager: Shutting down and abandoning module Android_ATCTargetPlatform (85)
[2017.06.17-06.28.46:914][693]LogModuleManager: Shutting down and abandoning module Android_ASTCTargetPlatform (83)
[2017.06.17-06.28.46:914][693]LogModuleManager: Shutting down and abandoning module AndroidTargetPlatform (81)
[2017.06.17-06.28.46:914][693]LogModuleManager: Shutting down and abandoning module WindowsTargetPlatform (79)
[2017.06.17-06.28.46:914][693]LogModuleManager: Shutting down and abandoning module WindowsServerTargetPlatform (77)
[2017.06.17-06.28.46:914][693]LogModuleManager: Shutting down and abandoning module WindowsNoEditorTargetPlatform (75)
[2017.06.17-06.28.46:914][693]LogModuleManager: Shutting down and abandoning module WindowsClientTargetPlatform (73)
[2017.06.17-06.28.46:914][693]LogModuleManager: Shutting down and abandoning module MacTargetPlatform (71)
[2017.06.17-06.28.46:914][693]LogModuleManager: Shutting down and abandoning module MacServerTargetPlatform (69)
[2017.06.17-06.28.46:914][693]LogModuleManager: Shutting down and abandoning module MacNoEditorTargetPlatform (67)
[2017.06.17-06.28.46:915][693]LogModuleManager: Shutting down and abandoning module MacClientTargetPlatform (65)
[2017.06.17-06.28.46:915][693]LogModuleManager: Shutting down and abandoning module AllDesktopTargetPlatform (63)
[2017.06.17-06.28.46:915][693]LogModuleManager: Shutting down and abandoning module InputCore (60)
[2017.06.17-06.28.46:915][693]LogModuleManager: Shutting down and abandoning module Settings (58)
[2017.06.17-06.28.46:915][693]LogModuleManager: Shutting down and abandoning module OculusRift (56)
[2017.06.17-06.28.46:915][693]LogModuleManager: Shutting down and abandoning module GearVRController (54)
[2017.06.17-06.28.46:915][693]LogModuleManager: Shutting down and abandoning module GearVR (52)
[2017.06.17-06.28.46:915][693]LogModuleManager: Shutting down and abandoning module ExampleDeviceProfileSelector (50)
[2017.06.17-06.28.46:915][693]LogModuleManager: Shutting down and abandoning module OnlineBlueprintSupport (48)
[2017.06.17-06.28.46:915][693]LogModuleManager: Shutting down and abandoning module OnlineSubsystem (44)
[2017.06.17-06.28.46:915][693]LogOnline:Display: Unloading online subsystem: NULL
[2017.06.17-06.28.46:915][693]LogModuleManager: Shutting down and abandoning module XMPP (43)
[2017.06.17-06.28.46:915][693]LogModuleManager: Shutting down and abandoning module HTTP (41)
[2017.06.17-06.28.46:915][693]LogHttp:Display: Http module shutting down, but needs to wait on 1 outstanding Http requests:
[2017.06.17-06.28.46:915][693]LogHttp:Display: 	verb=[POST] url=[https://datarouter.ol.epicgames.com/datarouter/api/v1/public/data?SessionID=%7B5724D7A7-4D2C-DD68-CD89-219DF9E6B238%7D&AppID=UEEditor.Rocket.Release&AppVersion=4.16.1-3466753%2B%2B%2BUE4%2BRelease-4.16&UserID=da2c64f64af90778841cdbb7a9e7271c%7C4e59904afcc6489195f8095de720415d%7Ce6cec269-2a62-4e13-9f24-3ef9e02a4e7c&AppEnvironment=datacollector-binary&UploadType=eteventstream] status=Processing
[2017.06.17-06.28.46:932][693]LogModuleManager: Shutting down and abandoning module SSL (40)
[2017.06.17-06.28.46:932][693]LogModuleManager: Shutting down and abandoning module HTTPChunkInstaller (36)
[2017.06.17-06.28.46:932][693]LogModuleManager: Shutting down and abandoning module AnimationModifiers (34)
[2017.06.17-06.28.46:933][693]LogModuleManager: Shutting down and abandoning module PropertyEditor (33)
[2017.06.17-06.28.46:933][693]LogModuleManager: Shutting down and abandoning module AudioEditor (30)
[2017.06.17-06.28.46:933][693]LogModuleManager: Shutting down and abandoning module TextureCompressor (28)
[2017.06.17-06.28.46:933][693]LogModuleManager: Shutting down and abandoning module ShaderCore (26)
[2017.06.17-06.28.46:933][693]LogModuleManager: Shutting down and abandoning module Landscape (24)
[2017.06.17-06.28.46:933][693]LogModuleManager: Shutting down and abandoning module SlateRHIRenderer (22)
[2017.06.17-06.28.46:933][693]LogModuleManager: Shutting down and abandoning module OpenGLDrv (20)
[2017.06.17-06.28.46:933][693]LogModuleManager: Shutting down and abandoning module D3D11RHI (18)
[2017.06.17-06.28.46:933][693]LogModuleManager: Shutting down and abandoning module AnimGraphRuntime (16)
[2017.06.17-06.28.46:933][693]LogModuleManager: Shutting down and abandoning module Renderer (14)
[2017.06.17-06.28.46:933][693]LogModuleManager: Shutting down and abandoning module Engine (12)
[2017.06.17-06.28.46:933][693]LogModuleManager: Shutting down and abandoning module CoreUObject (10)
[2017.06.17-06.28.46:933][693]LogModuleManager: Shutting down and abandoning module NetworkFile (8)
[2017.06.17-06.28.46:933][693]LogModuleManager: Shutting down and abandoning module StreamingFile (6)
[2017.06.17-06.28.46:933][693]LogModuleManager: Shutting down and abandoning module SandboxFile (4)
[2017.06.17-06.28.46:933][693]LogModuleManager: Shutting down and abandoning module PakFile (2)
[2017.06.17-06.28.46:934][693]LogExit: Exiting.
[2017.06.17-06.28.46:945][693]Log file closed, 06/17/17 00:28:46
